"../../../../../GameDev/StrongStyle/STR_StrongStyle_v2/Content/MAPS/Local_ArtTest_v1_BuiltData.uasset" 0
"../../../../../GameDev/StrongStyle/STR_StrongStyle_v2/Content/MAPS/Local_ArtTest_v2_BuiltData.uasset" 1
"../../../../../GameDev/StrongStyle/STR_StrongStyle_v2/Content/MAPS/ARCHIVE/Local_Multiplayer_BuiltData.uasset" 2
"../../../../../GameDev/StrongStyle/STR_StrongStyle_v2/Content/MAPS/ARCHIVE/MAP_Online_Multiplayer_BuiltData.uasset" 3
"../../../../../GameDev/StrongStyle/STR_StrongStyle_v2/Content/Main_UI_Test_BuiltData.uasset" 4
"../../../../../GameDev/StrongStyle/STR_StrongStyle_v2/Content/ASSETS/Sprites/sprite_UI_touchControls_stick_0000_pass-button.uasset" 5
"../../../../../GameDev/StrongStyle/STR_StrongStyle_v2/Content/ASSETS/Sprites/sprite_UI_touchControls_stick_0000_stick.uasset" 6
"../../../../../GameDev/StrongStyle/STR_StrongStyle_v2/Content/ASSETS/Sprites/sprite_UI_touchControls_stick_0001_jump-button.uasset" 7
"../../../../../GameDev/StrongStyle/STR_StrongStyle_v2/Content/ASSETS/Sprites/sprite_UI_touchControls_stick_0001_socket.uasset" 8
"../../../../../GameDev/StrongStyle/STR_StrongStyle_v2/Content/TouchInterface.uasset" 9
"../../../../../GameDev/StrongStyle/STR_StrongStyle_v2/Content/ASSETS/Audio/Turn_Up_Mode_instrumental.uasset" 10
"../../../../../GameDev/StrongStyle/STR_StrongStyle_v2/Content/ASSETS/Geometry/Meshes/CubeMaterial.uasset" 11
"../../../../../GameDev/StrongStyle/STR_StrongStyle_v2/Content/ASSETS/Geometry/Meshes/1M_Cube_Chamfer.uasset" 12
"../../../../../GameDev/StrongStyle/STR_StrongStyle_v2/Content/ASSETS/Geometry/Meshes/TemplateFloor.uasset" 13
"../../../../../GameDev/StrongStyle/STR_StrongStyle_v2/Content/ASSETS/Mannequin/Character/Mesh/SK_Mannequin_Skeleton.uasset" 14
"../../../../../GameDev/StrongStyle/STR_StrongStyle_v2/Content/ASSETS/Mannequin/Animations/ThirdPerson_Jump.uasset" 15
"../../../../../GameDev/StrongStyle/STR_StrongStyle_v2/Content/ASSETS/Mannequin/Character/Mesh/SK_Mannequin_PhysicsAsset.uasset" 16
"../../../Engine/Content/Functions/Engine_MaterialFunctions01/Opacity/CameraDepthFade.uasset" 17
"../../../Engine/Content/EngineMaterials/T_Default_Material_Grid_M.uasset" 18
"../../../Engine/Content/EngineMaterials/T_Default_Material_Grid_N.uasset" 19
"../../../Engine/Content/EngineMaterials/WorldGridMaterial.uasset" 20
"../../../../../GameDev/StrongStyle/STR_StrongStyle_v2/Content/ASSETS/Meshes/model_SET_BBall_Props_v0010_Backboard_v0010.uasset" 21
"../../../../../GameDev/StrongStyle/STR_StrongStyle_v2/Content/ASSETS/Meshes/model_SET_BBall_Props_v0010_Ball_v0010.uasset" 22
"../../../../../GameDev/StrongStyle/STR_StrongStyle_v2/Content/ASSETS/Meshes/model_SET_BBall_Props_v0010_Hoop_0010.uasset" 23
"../../../../../GameDev/StrongStyle/STR_StrongStyle_v2/Content/ASSETS/Meshes/model_SET_BBall_Props_v0020_Ball_v0010.uasset" 24
"../../../../../GameDev/StrongStyle/STR_StrongStyle_v2/Content/ASSETS/Meshes/model_SET_BBall_Props_v0020_Hoop_0020.uasset" 25
"../../../Engine/Content/BasicShapes/BasicShapeMaterial.uasset" 26
"../../../../../GameDev/StrongStyle/STR_StrongStyle_v2/Content/ASSETS/Meshes/PassingDummy.uasset" 27
"../../../../../GameDev/StrongStyle/STR_StrongStyle_v2/Content/BLUEPRINT/BBall_AIController_BP.uasset" 28
"../../../../../GameDev/StrongStyle/STR_StrongStyle_v2/Content/BLUEPRINT/BBall_BehaviorTree.uasset" 29
"../../../../../GameDev/StrongStyle/STR_StrongStyle_v2/Content/BLUEPRINT/BBall_BlackboardData.uasset" 30
"../../../../../GameDev/StrongStyle/STR_StrongStyle_v2/Content/ASSETS/Mannequin/Animations/ThirdPersonJump_End.uasset" 31
"../../../../../GameDev/StrongStyle/STR_StrongStyle_v2/Content/ASSETS/Mannequin/Animations/ThirdPersonJump_Loop.uasset" 32
"../../../../../GameDev/StrongStyle/STR_StrongStyle_v2/Content/ASSETS/Mannequin/Animations/ThirdPersonJump_Start.uasset" 33
"../../../../../GameDev/StrongStyle/STR_StrongStyle_v2/Content/ASSETS/Mannequin/Animations/ThirdPersonIdle.uasset" 34
"../../../../../GameDev/StrongStyle/STR_StrongStyle_v2/Content/ASSETS/Mannequin/Animations/ThirdPersonRun.uasset" 35
"../../../../../GameDev/StrongStyle/STR_StrongStyle_v2/Content/ASSETS/Mannequin/Animations/ThirdPersonWalk.uasset" 36
"../../../../../GameDev/StrongStyle/STR_StrongStyle_v2/Content/ASSETS/Mannequin/Animations/ThirdPerson_IdleRun_2D.uasset" 37
"../../../Engine/Content/EditorBlueprintResources/StandardMacros.uasset" 38
"../../../../../GameDev/StrongStyle/STR_StrongStyle_v2/Content/ASSETS/Mannequin/Animations/ThirdPerson_AnimBP.uasset" 39
"../../../Engine/Content/Functions/Engine_MaterialFunctions02/Utility/BlendAngleCorrectedNormals.uasset" 40
"../../../Engine/Content/Functions/MaterialLayerFunctions/MatLayerBlend_NormalBlend.uasset" 41
"../../../Engine/Content/Functions/MaterialLayerFunctions/MatLayerBlend_Simple.uasset" 42
"../../../../../GameDev/StrongStyle/STR_StrongStyle_v2/Content/ASSETS/Mannequin/Character/Materials/MaterialLayers/T_ML_Rubber_Blue_01_D.uasset" 43
"../../../../../GameDev/StrongStyle/STR_StrongStyle_v2/Content/ASSETS/Mannequin/Character/Materials/MaterialLayers/T_ML_Rubber_Blue_01_N.uasset" 44
"../../../../../GameDev/StrongStyle/STR_StrongStyle_v2/Content/ASSETS/Mannequin/Character/Materials/MaterialLayers/ML_GlossyBlack_Latex_UE4.uasset" 45
"../../../../../GameDev/StrongStyle/STR_StrongStyle_v2/Content/ASSETS/Mannequin/Character/Materials/MaterialLayers/ML_Plastic_Shiny_Beige.uasset" 46
"../../../../../GameDev/StrongStyle/STR_StrongStyle_v2/Content/ASSETS/Mannequin/Character/Textures/UE4_LOGO_CARD.uasset" 47
"../../../../../GameDev/StrongStyle/STR_StrongStyle_v2/Content/ASSETS/Mannequin/Character/Materials/MaterialLayers/ML_Plastic_Shiny_Beige_LOGO.uasset" 48
"../../../../../GameDev/StrongStyle/STR_StrongStyle_v2/Content/ASSETS/Mannequin/Character/Materials/MaterialLayers/T_ML_Aluminum01.uasset" 49
"../../../../../GameDev/StrongStyle/STR_StrongStyle_v2/Content/ASSETS/Mannequin/Character/Materials/MaterialLayers/T_ML_Aluminum01_N.uasset" 50
"../../../../../GameDev/StrongStyle/STR_StrongStyle_v2/Content/ASSETS/Mannequin/Character/Materials/MaterialLayers/ML_SoftMetal_UE4.uasset" 51
"../../../../../GameDev/StrongStyle/STR_StrongStyle_v2/Content/ASSETS/Mannequin/Character/Textures/T_UE4_Mannequin_Mobile_M.uasset" 52
"../../../../../GameDev/StrongStyle/STR_StrongStyle_v2/Content/ASSETS/Mannequin/Character/Textures/T_UE4_Mannequin_Mobile_N.uasset" 53
"../../../../../GameDev/StrongStyle/STR_StrongStyle_v2/Content/ASSETS/Mannequin/Character/Materials/M_UE4Man_Body.uasset" 54
"../../../../../GameDev/StrongStyle/STR_StrongStyle_v2/Content/ASSETS/Mannequin/Character/Textures/UE4Man_Logo_N.uasset" 55
"../../../../../GameDev/StrongStyle/STR_StrongStyle_v2/Content/ASSETS/Mannequin/Character/Materials/M_UE4Man_ChestLogo.uasset" 56
"../../../../../GameDev/StrongStyle/STR_StrongStyle_v2/Content/ASSETS/Mannequin/Character/Mesh/SK_Mannequin.uasset" 57
"../../../../../GameDev/StrongStyle/STR_StrongStyle_v2/Content/BLUEPRINT/ThirdPersonCharacter.uasset" 58
"../../../Engine/Content/EditorBlueprintResources/ActorMacros.uasset" 59
"../../../../../GameDev/StrongStyle/STR_StrongStyle_v2/Content/BLUEPRINT/BP_PlayerCameraManager.uasset" 60
"../../../../../GameDev/StrongStyle/STR_StrongStyle_v2/Content/BLUEPRINT/BP_Basketball_PlayerController.uasset" 61
"../../../../../GameDev/StrongStyle/STR_StrongStyle_v2/Content/BLUEPRINT/BP_GameCamera.uasset" 62
"../../../../../GameDev/StrongStyle/STR_StrongStyle_v2/Content/BLUEPRINT/GameTimeHolder_BP.uasset" 63
"../../../../../GameDev/StrongStyle/STR_StrongStyle_v2/Content/BLUEPRINT/WIDGETS/BPW_InGameUI.uasset" 64
"../../../../../GameDev/StrongStyle/STR_StrongStyle_v2/Content/E_NumberOfPlayers.uasset" 65
"../../../../../GameDev/StrongStyle/STR_StrongStyle_v2/Content/BasketBallGameMode.uasset" 66
"../../../../../GameDev/StrongStyle/STR_StrongStyle_v2/Content/ShotTable_UserDefinedStruct.uasset" 67
"../../../../../GameDev/StrongStyle/STR_StrongStyle_v2/Content/ShotTable.uasset" 68
"../../../../../GameDev/StrongStyle/STR_StrongStyle_v2/Content/ASSETS/Materials/M_Teams.uasset" 69
"../../../../../GameDev/StrongStyle/STR_StrongStyle_v2/Content/ASSETS/Materials/M_Teams_Blue.uasset" 70
"../../../../../GameDev/StrongStyle/STR_StrongStyle_v2/Content/ASSETS/Materials/M_Teams_Red.uasset" 71
"../../../../../GameDev/StrongStyle/STR_StrongStyle_v2/Content/BLUEPRINT/WIDGETS/BPW_SlotShot.uasset" 72
"../../../../../GameDev/StrongStyle/STR_StrongStyle_v2/Content/BLUEPRINT/PLAYERS/BP_BasketballPlayer_M.uasset" 73
"../../../../../GameDev/StrongStyle/STR_StrongStyle_v2/Content/Blueprints/BP_GameState.uasset" 74
"../../../../../GameDev/StrongStyle/STR_StrongStyle_v2/Content/BP_Camera_v2.uasset" 75
"../../../../../GameDev/StrongStyle/STR_StrongStyle_v2/Content/BLUEPRINT/WIDGETS/BPW_MenuMain.uasset" 76
"../../../../../GameDev/StrongStyle/STR_StrongStyle_v2/Content/BLUEPRINT/BP_GameInstance.uasset" 77
"../../../../../GameDev/StrongStyle/STR_StrongStyle_v2/Content/MobileStarterContent/Materials/M_Glass.uasset" 78
"../../../Engine/Content/EngineMaterials/DefaultMaterial.uasset" 79
"../../../Engine/Content/BasicShapes/Cylinder.uasset" 80
"../../../../../GameDev/StrongStyle/STR_StrongStyle_v2/Content/BLUEPRINT/GoalDetector_BP.uasset" 81
"../../../../../GameDev/StrongStyle/STR_StrongStyle_v2/Content/PhysicsMaterials/physM_Ball.uasset" 82
"../../../../../GameDev/StrongStyle/STR_StrongStyle_v2/Content/ASSETS/Materials/M_Ball.uasset" 83
"../../../../../GameDev/StrongStyle/STR_StrongStyle_v2/Content/ASSETS/Materials/M_Ball_v1.uasset" 84
"../../../../../GameDev/StrongStyle/STR_StrongStyle_v2/Content/ASSETS/Audio/SFX_Ball_Boune_TEMP.uasset" 85
"../../../../../GameDev/StrongStyle/STR_StrongStyle_v2/Content/ASSETS/Audio/SFX_Ball_Bounce_TEMP_Cue.uasset" 86
"../../../../../GameDev/StrongStyle/STR_StrongStyle_v2/Content/MobileStarterContent/Materials/M_Basic_Wall.uasset" 87
"../../../../../GameDev/StrongStyle/STR_StrongStyle_v2/Content/MobileStarterContent/Shapes/Shape_Sphere.uasset" 88
"../../../../../GameDev/StrongStyle/STR_StrongStyle_v2/Content/BLUEPRINT/Ball_BP.uasset" 89
"../../../../../GameDev/StrongStyle/STR_StrongStyle_v2/Content/BLUEPRINT/LOCAL/BP_Basketball_PlayerController_Local.uasset" 90
"../../../../../GameDev/StrongStyle/STR_StrongStyle_v2/Content/BasketBallGameMode_Local.uasset" 91
"../../../../../GameDev/StrongStyle/STR_StrongStyle_v2/Content/PassTable_UserDefinedStruct.uasset" 92
"../../../../../GameDev/StrongStyle/STR_StrongStyle_v2/Content/PassTable.uasset" 93
"../../../../../GameDev/StrongStyle/STR_StrongStyle_v2/Content/ASSETS/Materials/M_StealingMesh.uasset" 94
"../../../../../GameDev/StrongStyle/STR_StrongStyle_v2/Content/ASSETS/Materials/M_StealingMesh_Blocking.uasset" 95
"../../../../../GameDev/StrongStyle/STR_StrongStyle_v2/Content/NormalBlockMesh_v1.uasset" 96
"../../../../../GameDev/StrongStyle/STR_StrongStyle_v2/Content/NormalStealMesh_v1.uasset" 97
"../../../../../GameDev/StrongStyle/STR_StrongStyle_v2/Content/BLUEPRINT/LOCAL/BP_BasketballPlayer_Local.uasset" 98
"../../../../../GameDev/StrongStyle/STR_StrongStyle_v2/Content/Blueprints/BP_GameState_Local.uasset" 99
"../../../../../GameDev/StrongStyle/STR_StrongStyle_v2/Content/BP_Camera_LOCAL.uasset" 100
"../../../../../GameDev/StrongStyle/STR_StrongStyle_v2/Content/PhysicsMaterials/physM_Hoop.uasset" 101
"../../../../../GameDev/StrongStyle/STR_StrongStyle_v2/Content/ASSETS/Materials/M_Backboard.uasset" 102
"../../../../../GameDev/StrongStyle/STR_StrongStyle_v2/Content/ASSETS/Materials/M_Backboard_White.uasset" 103
"../../../../../GameDev/StrongStyle/STR_StrongStyle_v2/Content/ASSETS/Materials/M_Hoop.uasset" 104
"../../../../../GameDev/StrongStyle/STR_StrongStyle_v2/Content/ASSETS/Materials/M_Hoop_v1.uasset" 105
"../../../Engine/Content/BasicShapes/Cube.uasset" 106
"../../../../../GameDev/StrongStyle/STR_StrongStyle_v2/Content/ASSETS/Meshes/model_SET_BBall_Props_v0020_Backboard_v0010.uasset" 107
"../../../../../GameDev/StrongStyle/STR_StrongStyle_v2/Content/ASSETS/Meshes/model_SET_BBall_Props_v0020_Hoop_0010.uasset" 108
"../../../../../GameDev/StrongStyle/STR_StrongStyle_v2/Content/BLUEPRINT/Hoop_BP.uasset" 109
"../../../../../GameDev/StrongStyle/STR_StrongStyle_v2/Content/BLUEPRINT/ThirdPersonGameMode.uasset" 110
"../../../../../GameDev/StrongStyle/STR_StrongStyle_v2/Content/BLUEPRINT/LOCAL/BP_GameInstance_Local.uasset" 111
"../../../../../GameDev/StrongStyle/STR_StrongStyle_v2/Content/BLUEPRINT/LOCAL/BP_GameTimeHolder_Local.uasset" 112
"../../../../../GameDev/StrongStyle/STR_StrongStyle_v2/Content/BLUEPRINT/LOCAL/BP_PlayerCameraManager_Local.uasset" 113
"../../../../../GameDev/StrongStyle/STR_StrongStyle_v2/Content/BLUEPRINT/PLAYERS/BasketballPlayer5.uasset" 114
"../../../../../GameDev/StrongStyle/STR_StrongStyle_v2/Content/BLUEPRINT/PLAYERS/BasketballPlayer6.uasset" 115
"../../../../../GameDev/StrongStyle/STR_StrongStyle_v2/Content/BLUEPRINT/WIDGETS/BPW_MenuServerButton.uasset" 116
"../../../../../GameDev/StrongStyle/STR_StrongStyle_v2/Content/MobileStarterContent/Architecture/Pillar_50x500.uasset" 117
"../../../../../GameDev/StrongStyle/STR_StrongStyle_v2/Content/MobileStarterContent/Architecture/Wall_400x300.uasset" 118
"../../../../../GameDev/StrongStyle/STR_StrongStyle_v2/Content/MobileStarterContent/Architecture/Wall_400x400.uasset" 119
"../../../../../GameDev/StrongStyle/STR_StrongStyle_v2/Content/MobileStarterContent/Architecture/Wall_500x500.uasset" 120
"../../../../../GameDev/StrongStyle/STR_StrongStyle_v2/Content/MobileStarterContent/Architecture/Wall_Door_400x400.uasset" 121
"../../../../../GameDev/StrongStyle/STR_StrongStyle_v2/Content/MobileStarterContent/Architecture/Wall_Window_400x400.uasset" 122
"../../../../../GameDev/StrongStyle/STR_StrongStyle_v2/Content/MobileStarterContent/Audio/Light01.uasset" 123
"../../../../../GameDev/StrongStyle/STR_StrongStyle_v2/Content/MobileStarterContent/Audio/Light01_Cue.uasset" 124
"../../../../../GameDev/StrongStyle/STR_StrongStyle_v2/Content/MobileStarterContent/Audio/Light02.uasset" 125
"../../../../../GameDev/StrongStyle/STR_StrongStyle_v2/Content/MobileStarterContent/Audio/Light02_Cue.uasset" 126
"../../../../../GameDev/StrongStyle/STR_StrongStyle_v2/Content/MobileStarterContent/Audio/Steam01.uasset" 127
"../../../../../GameDev/StrongStyle/STR_StrongStyle_v2/Content/MobileStarterContent/Audio/Steam01_Cue.uasset" 128
"../../../../../GameDev/StrongStyle/STR_StrongStyle_v2/Content/MobileStarterContent/Audio/Explosion01.uasset" 129
"../../../../../GameDev/StrongStyle/STR_StrongStyle_v2/Content/MobileStarterContent/Audio/Explosion02.uasset" 130
"../../../../../GameDev/StrongStyle/STR_StrongStyle_v2/Content/MobileStarterContent/Audio/Explosion_Cue.uasset" 131
"../../../../../GameDev/StrongStyle/STR_StrongStyle_v2/Content/MobileStarterContent/Textures/T_Burst_M.uasset" 132
"../../../../../GameDev/StrongStyle/STR_StrongStyle_v2/Content/MobileStarterContent/Particles/Materials/M_Burst.uasset" 133
"../../../../../GameDev/StrongStyle/STR_StrongStyle_v2/Content/MobileStarterContent/Textures/T_Explosion_SubUV.uasset" 134
"../../../../../GameDev/StrongStyle/STR_StrongStyle_v2/Content/MobileStarterContent/Particles/Materials/M_explosion_subUV.uasset" 135
"../../../../../GameDev/StrongStyle/STR_StrongStyle_v2/Content/MobileStarterContent/Particles/Materials/m_flare_01.uasset" 136
"../../../Engine/Content/Functions/Engine_MaterialFunctions01/Gradient/RadialGradient.uasset" 137
"../../../../../GameDev/StrongStyle/STR_StrongStyle_v2/Content/MobileStarterContent/Particles/Materials/M_radial_ramp.uasset" 138
"../../../../../GameDev/StrongStyle/STR_StrongStyle_v2/Content/MobileStarterContent/Textures/T_Smoke_SubUV.uasset" 139
"../../../../../GameDev/StrongStyle/STR_StrongStyle_v2/Content/MobileStarterContent/Textures/T_Smoke_Tiled_D.uasset" 140
"../../../../../GameDev/StrongStyle/STR_StrongStyle_v2/Content/MobileStarterContent/Particles/Materials/M_smoke_subUV.uasset" 141
"../../../../../GameDev/StrongStyle/STR_StrongStyle_v2/Content/MobileStarterContent/Particles/P_Explosion.uasset" 142
"../../../../../GameDev/StrongStyle/STR_StrongStyle_v2/Content/MobileStarterContent/Blueprints/Blueprint_Effect_Explosion.uasset" 143
"../../../../../GameDev/StrongStyle/STR_StrongStyle_v2/Content/MobileStarterContent/Textures/T_Bush_D.uasset" 144
"../../../../../GameDev/StrongStyle/STR_StrongStyle_v2/Content/MobileStarterContent/Textures/T_Bush_N.uasset" 145
"../../../../../GameDev/StrongStyle/STR_StrongStyle_v2/Content/MobileStarterContent/Props/Materials/M_Bush.uasset" 146
"../../../../../GameDev/StrongStyle/STR_StrongStyle_v2/Content/MobileStarterContent/Props/SM_Bush.uasset" 147
"../../../../../GameDev/StrongStyle/STR_StrongStyle_v2/Content/MobileStarterContent/Textures/T_Chair_M.uasset" 148
"../../../../../GameDev/StrongStyle/STR_StrongStyle_v2/Content/MobileStarterContent/Textures/T_Chair_N.uasset" 149
"../../../../../GameDev/StrongStyle/STR_StrongStyle_v2/Content/MobileStarterContent/Props/Materials/M_Chair.uasset" 150
"../../../../../GameDev/StrongStyle/STR_StrongStyle_v2/Content/MobileStarterContent/Props/SM_Couch.uasset" 151
"../../../../../GameDev/StrongStyle/STR_StrongStyle_v2/Content/MobileStarterContent/Textures/T_Door_M.uasset" 152
"../../../../../GameDev/StrongStyle/STR_StrongStyle_v2/Content/MobileStarterContent/Textures/T_Door_N.uasset" 153
"../../../../../GameDev/StrongStyle/STR_StrongStyle_v2/Content/MobileStarterContent/Props/Materials/M_Door.uasset" 154
"../../../../../GameDev/StrongStyle/STR_StrongStyle_v2/Content/MobileStarterContent/Props/SM_Door.uasset" 155
"../../../../../GameDev/StrongStyle/STR_StrongStyle_v2/Content/MobileStarterContent/Props/Materials/M_MaterialSphere.uasset" 156
"../../../../../GameDev/StrongStyle/STR_StrongStyle_v2/Content/MobileStarterContent/Props/Materials/M_MaterialSphere_Plain.uasset" 157
"../../../../../GameDev/StrongStyle/STR_StrongStyle_v2/Content/MobileStarterContent/Props/SM_MatPreviewMesh_02.uasset" 158
"../../../../../GameDev/StrongStyle/STR_StrongStyle_v2/Content/MobileStarterContent/Textures/T_Rock_Basalt_D.uasset" 159
"../../../../../GameDev/StrongStyle/STR_StrongStyle_v2/Content/MobileStarterContent/Textures/T_RockMesh_M.uasset" 160
"../../../../../GameDev/StrongStyle/STR_StrongStyle_v2/Content/MobileStarterContent/Textures/T_RockMesh_N.uasset" 161
"../../../../../GameDev/StrongStyle/STR_StrongStyle_v2/Content/MobileStarterContent/Props/Materials/M_Rock.uasset" 162
"../../../../../GameDev/StrongStyle/STR_StrongStyle_v2/Content/MobileStarterContent/Props/SM_Rock.uasset" 163
"../../../../../GameDev/StrongStyle/STR_StrongStyle_v2/Content/MobileStarterContent/Textures/T_Shelf_M.uasset" 164
"../../../../../GameDev/StrongStyle/STR_StrongStyle_v2/Content/MobileStarterContent/Textures/T_Shelf_N.uasset" 165
"../../../../../GameDev/StrongStyle/STR_StrongStyle_v2/Content/MobileStarterContent/Props/Materials/M_Shelf.uasset" 166
"../../../../../GameDev/StrongStyle/STR_StrongStyle_v2/Content/MobileStarterContent/Props/SM_Shelf.uasset" 167
"../../../../../GameDev/StrongStyle/STR_StrongStyle_v2/Content/MobileStarterContent/Props/SM_Stairs.uasset" 168
"../../../../../GameDev/StrongStyle/STR_StrongStyle_v2/Content/MobileStarterContent/Shapes/Shape_Cone.uasset" 169
"../../../../../GameDev/StrongStyle/STR_StrongStyle_v2/Content/MobileStarterContent/Shapes/Shape_Cylinder.uasset" 170
"../../../../../GameDev/StrongStyle/STR_StrongStyle_v2/Content/MobileStarterContent/Shapes/Shape_NarrowCapsule.uasset" 171
"../../../../../GameDev/StrongStyle/STR_StrongStyle_v2/Content/MobileStarterContent/Shapes/Shape_Pipe.uasset" 172
"../../../../../GameDev/StrongStyle/STR_StrongStyle_v2/Content/MobileStarterContent/Shapes/Shape_Pipe_180.uasset" 173
"../../../../../GameDev/StrongStyle/STR_StrongStyle_v2/Content/MobileStarterContent/Shapes/Shape_Pipe_90.uasset" 174
"../../../../../GameDev/StrongStyle/STR_StrongStyle_v2/Content/MobileStarterContent/Shapes/Shape_Plane.uasset" 175
"../../../../../GameDev/StrongStyle/STR_StrongStyle_v2/Content/MobileStarterContent/Shapes/Shape_Torus.uasset" 176
"../../../../../GameDev/StrongStyle/STR_StrongStyle_v2/Content/MobileStarterContent/Shapes/Shape_Trim.uasset" 177
"../../../../../GameDev/StrongStyle/STR_StrongStyle_v2/Content/MobileStarterContent/Shapes/Shape_Trim_90_In.uasset" 178
"../../../../../GameDev/StrongStyle/STR_StrongStyle_v2/Content/MobileStarterContent/Shapes/Shape_Trim_90_Out.uasset" 179
"../../../../../GameDev/StrongStyle/STR_StrongStyle_v2/Content/MobileStarterContent/Shapes/Shape_TriPyramid.uasset" 180
"../../../../../GameDev/StrongStyle/STR_StrongStyle_v2/Content/MobileStarterContent/Shapes/Shape_Tube.uasset" 181
"../../../../../GameDev/StrongStyle/STR_StrongStyle_v2/Content/MobileStarterContent/Shapes/Shape_Wedge_A.uasset" 182
"../../../../../GameDev/StrongStyle/STR_StrongStyle_v2/Content/MobileStarterContent/Shapes/Shape_Wedge_B.uasset" 183
"../../../../../GameDev/StrongStyle/STR_StrongStyle_v2/Content/MobileStarterContent/Shapes/Shape_WideCapsule.uasset" 184
"../../../../../GameDev/StrongStyle/STR_StrongStyle_v2/Content/MobileStarterContent/Textures/T_CobbleStone_Pebble_M.uasset" 185
"../../../../../GameDev/StrongStyle/STR_StrongStyle_v2/Content/MobileStarterContent/Textures/T_Concrete_Tiles_Variation_M.uasset" 186
"../../../../../GameDev/StrongStyle/STR_StrongStyle_v2/Content/MobileStarterContent/Textures/T_Detail_Rocky_N.uasset" 187
"../../../../../GameDev/StrongStyle/STR_StrongStyle_v2/Content/MobileStarterContent/Textures/T_Gradinet_01.uasset" 188
"../../../../../GameDev/StrongStyle/STR_StrongStyle_v2/Content/MobileStarterContent/Textures/T_Perlin_Noise_M.uasset" 189
"../../../../../GameDev/StrongStyle/STR_StrongStyle_v2/Content/MobileStarterContent/Textures/T_Rock_Smooth_Granite_D.uasset" 190
"../../../../../GameDev/StrongStyle/STR_StrongStyle_v2/Content/ThirdPerson/Meshes/RampMaterial.uasset" 191
"../../../../../GameDev/StrongStyle/STR_StrongStyle_v2/Content/ThirdPerson/Meshes/Bump_StaticMesh.uasset" 192
"../../../../../GameDev/StrongStyle/STR_StrongStyle_v2/Content/ThirdPerson/Meshes/LeftArm_StaticMesh.uasset" 193
"../../../../../GameDev/StrongStyle/STR_StrongStyle_v2/Content/ThirdPerson/Meshes/Linear_Stair_StaticMesh.uasset" 194
"../../../../../GameDev/StrongStyle/STR_StrongStyle_v2/Content/ThirdPerson/Meshes/Ramp_StaticMesh.uasset" 195
"../../../../../GameDev/StrongStyle/STR_StrongStyle_v2/Content/ThirdPerson/Meshes/RightArm_StaticMesh.uasset" 196
"../../../Engine/Content/ArtTools/RenderToTexture/Meshes/S_1_Unit_Plane.uasset" 197
"../../../Engine/Content/BasicShapes/Cone.uasset" 198
"../../../Engine/Content/BasicShapes/Plane.uasset" 199
"../../../Engine/Content/BasicShapes/Sphere.uasset" 200
"../../../Engine/Content/EditorLandscapeResources/DataLayer.uasset" 201
"../../../Engine/Content/EditorMaterials/GizmoMaterial.uasset" 202
"../../../Engine/Content/EditorMaterials/MAT_Groups_Toggle.uasset" 203
"../../../Engine/Content/EditorMaterials/MAT_Groups_Visibility.uasset" 204
"../../../Engine/Content/EditorMaterials/PreviewShadowIndicator.uasset" 205
"../../../Engine/Content/EditorMaterials/PreviewShadowIndicatorMaterial.uasset" 206
"../../../Engine/Content/EditorMaterials/MatineeGroups/MAT_ColorTrack.uasset" 207
"../../../Engine/Content/EditorMaterials/MatineeGroups/MAT_Groups_Anim.uasset" 208
"../../../Engine/Content/EditorMaterials/MatineeGroups/MAT_Groups_AudioMaster.uasset" 209
"../../../Engine/Content/EditorMaterials/MatineeGroups/MAT_Groups_Director.uasset" 210
"../../../Engine/Content/EditorMaterials/MatineeGroups/MAT_Groups_Event.uasset" 211
"../../../Engine/Content/EditorMaterials/MatineeGroups/MAT_Groups_Fade.uasset" 212
"../../../Engine/Content/EditorMaterials/MatineeGroups/MAT_Groups_Float.uasset" 213
"../../../Engine/Content/EditorMaterials/MatineeGroups/MAT_Groups_Move.uasset" 214
"../../../Engine/Content/EditorMaterials/MatineeGroups/MAT_Groups_Slomo.uasset" 215
"../../../Engine/Content/EditorMaterials/MatineeGroups/MAT_Groups_Sound.uasset" 216
"../../../Engine/Content/EditorMaterials/MatineeGroups/MAT_Groups_Vector.uasset" 217
"../../../Engine/Content/EditorMaterials/ParticleSystems/PSysThumbnail_NoImage.uasset" 218
"../../../Engine/Content/EditorMaterials/ParticleSystems/PSysThumbnail_OOD.uasset" 219
"../../../Engine/Content/EditorMaterials/Camera/CineMat.uasset" 220
"../../../Engine/Content/EditorMaterials/Camera/MI_CineMat_Rig.uasset" 221
"../../../Engine/Content/EditorMeshes/Camera/SM_CraneRig_Arm.uasset" 222
"../../../Engine/Content/EditorMeshes/Camera/SM_CraneRig_Base.uasset" 223
"../../../Engine/Content/EditorMeshes/Camera/SM_CraneRig_Body.uasset" 224
"../../../Engine/Content/EditorMeshes/Camera/SM_CraneRig_Mount.uasset" 225
"../../../Engine/Content/EditorMeshes/Camera/SM_RailRig_Mount.uasset" 226
"../../../Engine/Content/EditorMeshes/Camera/SM_RailRig_Track.uasset" 227
"../../../Engine/Content/EditorResources/BSPVertex.uasset" 228
"../../../Engine/Content/EditorResources/EmptyActor.uasset" 229
"../../../Engine/Content/EditorResources/S_Actor.uasset" 230
"../../../Engine/Content/EditorResources/S_Trigger.uasset" 231
"../../../Engine/Content/EditorResources/AudioIcons/S_AudioComponent.uasset" 232
"../../../Engine/Content/EditorResources/AudioIcons/S_AudioComponent_AutoActivate.uasset" 233
"../../../Engine/Content/EditorResources/LightIcons/S_LightError.uasset" 234
"../../../Engine/Content/EditorResources/SequenceRecorder/Countdown.uasset" 235
"../../../Engine/Content/EditorResources/SequenceRecorder/RecordingIndicator.uasset" 236
"../../../Engine/Content/EditorSounds/Notifications/CompileFailed.uasset" 237
"../../../Engine/Content/EditorSounds/Notifications/CompileFailed_Cue.uasset" 238
"../../../Engine/Content/EditorSounds/Notifications/CompileSuccess.uasset" 239
"../../../Engine/Content/EditorSounds/Notifications/CompileStart_Cue.uasset" 240
"../../../Engine/Content/EditorSounds/Notifications/CompileSuccess_Cue.uasset" 241
"../../../Engine/Content/EngineDamageTypes/DmgTypeBP_Environmental.uasset" 242
"../../../Engine/Content/EngineDebugMaterials/HeatmapGradient.uasset" 243
"../../../Engine/Content/EngineDebugMaterials/BoneWeightMaterial.uasset" 244
"../../../Engine/Content/EngineDebugMaterials/ClothMaterial.uasset" 245
"../../../Engine/Content/EngineDebugMaterials/ClothMaterial_WF.uasset" 246
"../../../Engine/Content/EngineDebugMaterials/DebugEditorMaterial.uasset" 247
"../../../Engine/Content/EngineDebugMaterials/DebugMeshMaterial.uasset" 248
"../../../Engine/Content/EngineDebugMaterials/GeomMaterial.uasset" 249
"../../../Engine/Content/EngineDebugMaterials/M_SimpleTranslucent.uasset" 250
"../../../Engine/Content/EngineFonts/Faces/RobotoBold.uasset" 251
"../../../Engine/Content/EngineFonts/Faces/RobotoBoldItalic.uasset" 252
"../../../Engine/Content/EngineFonts/Faces/RobotoItalic.uasset" 253
"../../../Engine/Content/EngineFonts/Faces/RobotoLight.uasset" 254
"../../../Engine/Content/EngineFonts/Faces/RobotoRegular.uasset" 255
"../../../Engine/Content/EngineFonts/Roboto.uasset" 256
"../../../Engine/Content/EngineFonts/Faces/RobotoTiny.uasset" 257
"../../../Engine/Content/EngineFonts/RobotoTiny.uasset" 258
"../../../Engine/Content/EngineMaterials/BaseFlattenDiffuseMap.uasset" 259
"../../../Engine/Content/EngineMaterials/BaseFlattenEmissiveMap.uasset" 260
"../../../Engine/Content/EngineMaterials/BaseFlattenGrayscaleMap.uasset" 261
"../../../Engine/Content/EngineMaterials/BaseFlattenNormalMap.uasset" 262
"../../../Engine/Content/EngineMaterials/BaseFlattenMaterial.uasset" 263
"../../../Engine/Content/EngineMaterials/DefaultBloomKernel.uasset" 264
"../../../Engine/Content/EngineMaterials/DefaultBokeh.uasset" 265
"../../../Engine/Content/EngineMaterials/DefaultDiffuse.uasset" 266
"../../../Engine/Content/EngineMaterials/DefaultDeferredDecalMaterial.uasset" 267
"../../../Engine/Content/EngineMaterials/DefaultLightFunctionMaterial.uasset" 268
"../../../Engine/Content/EngineMaterials/DefaultPhysicalMaterial.uasset" 269
"../../../Engine/Content/Functions/Engine_MaterialFunctions02/Utility/BreakOutFloat2Components.uasset" 270
"../../../Engine/Content/EngineMaterials/DefaultPostProcessMaterial.uasset" 271
"../../../Engine/Content/EngineFonts/RobotoDistanceField.uasset" 272
"../../../Engine/Content/EngineMaterials/DefaultTextMaterialOpaque.uasset" 273
"../../../Engine/Content/EngineMaterials/DefaultWhiteGrid.uasset" 274
"../../../Engine/Content/EngineMaterials/EditorBrushMaterial.uasset" 275
"../../../Engine/Content/EngineMaterials/Good64x64TilingNoiseHighFreq.uasset" 276
"../../../Engine/Content/EngineMaterials/MiniFont.uasset" 277
"../../../Engine/Content/EngineMaterials/InvalidLightmapSettings.uasset" 278
"../../../Engine/Content/EngineMaterials/M_InvalidLightmapSettings.uasset" 279
"../../../Engine/Content/Functions/Engine_MaterialFunctions02/WorldPositionOffset/CameraOffset.uasset" 280
"../../../Engine/Content/EngineMaterials/PhAT_JointLimitMaterial.uasset" 281
"../../../Engine/Content/EngineMaterials/PreintegratedSkinBRDF.uasset" 282
"../../../Engine/Content/EngineMaterials/RemoveSurfaceMaterial.uasset" 283
"../../../Engine/Content/EngineMaterials/WeightMapPlaceholderTexture.uasset" 284
"../../../Engine/Content/EngineResources/WhiteSquareTexture.uasset" 285
"../../../Engine/Content/EngineMaterials/Widget3DPassThrough.uasset" 286
"../../../Engine/Content/EngineMaterials/Widget3DPassThrough_Masked.uasset" 287
"../../../Engine/Content/EngineMaterials/Widget3DPassThrough_Opaque.uasset" 288
"../../../Engine/Content/EngineMaterials/Widget3DPassThrough_Masked_OneSided.uasset" 289
"../../../Engine/Content/EngineMaterials/Widget3DPassThrough_Opaque_OneSided.uasset" 290
"../../../Engine/Content/EngineMaterials/Widget3DPassThrough_Translucent.uasset" 291
"../../../Engine/Content/EngineMaterials/Widget3DPassThrough_Translucent_OneSided.uasset" 292
"../../../Engine/Content/EngineMeshes/Cylinder.uasset" 293
"../../../Engine/Content/EngineMeshes/Sphere.uasset" 294
"../../../Engine/Content/EngineResources/Black.uasset" 295
"../../../Engine/Content/EngineResources/DefaultTexture.uasset" 296
"../../../Engine/Content/EngineResources/DefaultTextureCube.uasset" 297
"../../../Engine/Content/EngineResources/DefaultVolumeTexture2D.uasset" 298
"../../../Engine/Content/EngineResources/DefaultVolumeTexture.uasset" 299
"../../../Engine/Content/EngineResources/GradientTexture0.uasset" 300
"../../../Engine/Content/EngineSounds/Master.uasset" 301
"../../../Engine/Content/Functions/Engine_MaterialFunctions01/Shading/ConvertFromDiffSpec.uasset" 302
"../../../Engine/Content/Functions/Engine_MaterialFunctions01/Shading/PowerToRoughness.uasset" 303
"../../../Engine/Content/Maps/Templates/Thumbnails/Default.uasset" 304
"../../../Engine/Content/Maps/Templates/Thumbnails/VR-Basic.uasset" 305
"../../../Engine/Content/MobileResources/T_MobileControls_texture.uasset" 306
"../../../Engine/Content/MobileResources/T_MobileMenu2.uasset" 307
"../../../Engine/Content/MobileResources/HUD/AnalogHat.uasset" 308
"../../../Engine/Content/MobileResources/HUD/VirtualJoystick_Background.uasset" 309
"../../../Engine/Content/MobileResources/HUD/VirtualJoystick_Thumb.uasset" 310
"../../../Engine/Content/MobileResources/HUD/DefaultVirtualJoysticks.uasset" 311
"../../../Engine/Content/MobileResources/HUD/LeftVirtualJoystickOnly.uasset" 312
"../../../Engine/Content/MobileResources/HUD/MobileHUDButton1_off.uasset" 313
"../../../Engine/Content/MobileResources/HUD/MobileHUDButton1_on.uasset" 314
"../../../Engine/Content/MobileResources/HUD/MobileHUDButton2_off.uasset" 315
"../../../Engine/Content/MobileResources/HUD/MobileHUDButton2_on.uasset" 316
"../../../Engine/Content/MobileResources/HUD/MobileHUDButton3.uasset" 317
"../../../Engine/Content/MobileResources/HUD/MobileHUDButtonFire.uasset" 318
"../../../Engine/Content/MobileResources/HUD/MobileHUDDirectionPad.uasset" 319
"../../../Engine/Content/MobileResources/HUD/MobileHUDDirectionPad2.uasset" 320
"../../../Engine/Content/MobileResources/HUD/MobileHUDDirectionPad3.uasset" 321
"../../../Engine/Content/MobileResources/HUD/MobileHUDDirectionStick.uasset" 322
"../../../Engine/Content/MobileResources/HUD/T_Castle_ThumbstickInner.uasset" 323
"../../../Engine/Content/MobileResources/HUD/T_Castle_ThumbstickOutter.uasset" 324
"../../../Engine/Content/Tutorial/ContentIntroCurve.uasset" 325
"../../../Engine/Content/Tutorial/Basics/TutorialAssets/icon_tab_Levels_40x.uasset" 326
"../../../Engine/Content/Tutorial/BlueprintTutorials/TutorialAssets/Blueprint_64x.uasset" 327
"../../../Engine/Content/Tutorial/Landscape/TutorialAssets/Landscape.uasset" 328
"../../../Engine/Content/VREditor/LaserPointer/VR_LaserPower_01.uasset" 329
"../../../Engine/Content/VREditor/TransformGizmo/TransformGizmoMaterial.uasset" 330
"../../../Engine/Content/VREditor/TransformGizmo/TranslucentTransformGizmoMaterial.uasset" 331
"../../../Engine/Content/VREditor/TransformGizmo/BoundingBoxCorner.uasset" 332
"../../../Engine/Content/VREditor/TransformGizmo/BoundingBoxEdge.uasset" 333
"../../../Engine/Content/VREditor/TransformGizmo/PlaneTranslationHandle.uasset" 334
"../../../Engine/Content/VREditor/TransformGizmo/Main.uasset" 335
"../../../Engine/Content/VREditor/TransformGizmo/Xray.uasset" 336
"../../../Engine/Content/VREditor/TransformGizmo/SM_Sequencer_Key.uasset" 337
"../../../Engine/Content/VREditor/TransformGizmo/SM_Sequencer_Node.uasset" 338
"../../Plugins/2D/Paper2D/Content/PlaceholderTextures/DummySpriteTexture.uasset" 339
"../../Plugins/2D/Paper2D/Content/DummySprite.uasset" 340
"../../Plugins/2D/Paper2D/Content/DefaultPaperTerrainMaterial.uasset" 341
"../../Plugins/2D/Paper2D/Content/DefaultSpriteMaterial.uasset" 342
"../../Plugins/2D/Paper2D/Content/MaskedUnlitSpriteMaterial.uasset" 343
"../../Plugins/2D/Paper2D/Content/OpaqueUnlitSpriteMaterial.uasset" 344
"../../../Engine/Content/EngineSky/C_Sky_Cloud_Color.uasset" 345
"../../../Engine/Content/EngineSky/C_Sky_Horizon_Color.uasset" 346
"../../../Engine/Content/EngineSky/C_Sky_Zenith_Color.uasset" 347
"../../../Engine/Content/EngineSky/T_Sky_Blue.uasset" 348
"../../../Engine/Content/EngineSky/T_Sky_Clouds_M.uasset" 349
"../../../Engine/Content/EngineSky/T_Sky_Stars.uasset" 350
"../../../Engine/Content/EngineSky/M_Sky_Panning_Clouds2.uasset" 351
"../../../Engine/Content/EngineSky/SM_SkySphere.uasset" 352
"../../../Engine/Content/EngineSky/BP_Sky_Sphere.uasset" 353
"../../../../../GameDev/StrongStyle/STR_StrongStyle_v2/Content/BP_Camera.uasset" 354
"../../../../../GameDev/StrongStyle/STR_StrongStyle_v2/Content/BLUEPRINT/WIDGETS/BPW_Local_PauseMenu.uasset" 355
"../../../../../GameDev/StrongStyle/STR_StrongStyle_v2/Content/MAPS/Local_BuiltData.uasset" 356
"../../../../../GameDev/StrongStyle/STR_StrongStyle_v2/Content/ASSETS/Materials/Whitepaper_BBall_Court_v4.uasset" 357
"../../../../../GameDev/StrongStyle/STR_StrongStyle_v2/Content/MobileStarterContent/Textures/T_Concrete_Poured_D.uasset" 358
"../../../../../GameDev/StrongStyle/STR_StrongStyle_v2/Content/MobileStarterContent/Textures/T_Concrete_Poured_N.uasset" 359
"../../../../../GameDev/StrongStyle/STR_StrongStyle_v2/Content/ASSETS/Materials/M_Court.uasset" 360
"../../../../../GameDev/StrongStyle/STR_StrongStyle_v2/Content/ASSETS/Materials/M_Wall.uasset" 361
"../../../../../GameDev/StrongStyle/STR_StrongStyle_v2/Content/MobileStarterContent/Textures/T_Brick_Clay_New_D.uasset" 362
"../../../../../GameDev/StrongStyle/STR_StrongStyle_v2/Content/MobileStarterContent/Textures/T_Brick_Clay_New_M.uasset" 363
"../../../../../GameDev/StrongStyle/STR_StrongStyle_v2/Content/MobileStarterContent/Textures/T_Brick_Clay_New_N.uasset" 364
"../../../../../GameDev/StrongStyle/STR_StrongStyle_v2/Content/MobileStarterContent/Materials/M_Brick_Clay_New.uasset" 365
"../../../../../GameDev/StrongStyle/STR_StrongStyle_v2/Content/ASSETS/Audio/BGM_TurnUpMode_Instrumental.uasset" 366
"../../../../../GameDev/StrongStyle/STR_StrongStyle_v2/Content/ASSETS/Audio/BGM_InGame.uasset" 367
"../../../../../GameDev/StrongStyle/STR_StrongStyle_v2/Content/ASSETS/Geometry/Meshes/1M_Cube.uasset" 368
"../../../../../GameDev/StrongStyle/STR_StrongStyle_v2/Content/MobileStarterContent/Architecture/Wall_400x200.uasset" 369
"../../../../../GameDev/StrongStyle/STR_StrongStyle_v2/Content/MAPS/Local.umap" 370
"../../../../../GameDev/StrongStyle/STR_StrongStyle_v2/Content/MAPS/Local_SmallCourt_BuiltData.uasset" 371
"../../../../../GameDev/StrongStyle/STR_StrongStyle_v2/Content/MAPS/Local_SmallCourt.umap" 372
"../../../../../GameDev/StrongStyle/STR_StrongStyle_v2/Content/Blueprints/MenuGameMode.uasset" 373
"../../../../../GameDev/StrongStyle/STR_StrongStyle_v2/Content/MAPS/Menu_BuiltData.uasset" 374
"../../../../../GameDev/StrongStyle/STR_StrongStyle_v2/Content/MAPS/Menu.umap" 375
"../../../../../GameDev/StrongStyle/STR_StrongStyle_v2/Content/MAPS/MenuLocal_BuiltData.uasset" 376
"../../../../../GameDev/StrongStyle/STR_StrongStyle_v2/Content/MAPS/MenuLocal.umap" 377
"../../../../../GameDev/StrongStyle/STR_StrongStyle_v2/Content/MAPS/Online_BuiltData.uasset" 378
"../../../../../GameDev/StrongStyle/STR_StrongStyle_v2/Content/MAPS/Online.umap" 379
"../../../../../GameDev/StrongStyle/STR_StrongStyle_v2/Content/BLUEPRINT/PLAYERS/BasketballPlayer2.uasset" 380
"../../../../../GameDev/StrongStyle/STR_StrongStyle_v2/Content/BLUEPRINT/PLAYERS/BasketballPlayer3.uasset" 381
"../../../../../GameDev/StrongStyle/STR_StrongStyle_v2/Content/BLUEPRINT/PLAYERS/BasketballPlayer4.uasset" 382
"../../../../../GameDev/StrongStyle/STR_StrongStyle_v2/Content/MAPS/ARCHIVE/Local_Multiplayer.umap" 383
"../../../../../GameDev/StrongStyle/STR_StrongStyle_v2/Content/MAPS/ARCHIVE/MAP_Online_Multiplayer.umap" 384
"../../../../../GameDev/StrongStyle/STR_StrongStyle_v2/Content/MobileStarterContent/Maps/Minimal_Default_BuiltData.uasset" 385
"../../../../../GameDev/StrongStyle/STR_StrongStyle_v2/Content/MobileStarterContent/Materials/M_Basic_Floor.uasset" 386
"../../../../../GameDev/StrongStyle/STR_StrongStyle_v2/Content/MobileStarterContent/Architecture/Floor_400x400.uasset" 387
"../../../../../GameDev/StrongStyle/STR_StrongStyle_v2/Content/MobileStarterContent/Props/SM_Chair.uasset" 388
"../../../../../GameDev/StrongStyle/STR_StrongStyle_v2/Content/MobileStarterContent/Textures/T_Statue_M.uasset" 389
"../../../../../GameDev/StrongStyle/STR_StrongStyle_v2/Content/MobileStarterContent/Textures/T_Statue_N.uasset" 390
"../../../../../GameDev/StrongStyle/STR_StrongStyle_v2/Content/MobileStarterContent/Props/Materials/M_Statue.uasset" 391
"../../../../../GameDev/StrongStyle/STR_StrongStyle_v2/Content/MobileStarterContent/Props/Materials/M_StatueGlass.uasset" 392
"../../../../../GameDev/StrongStyle/STR_StrongStyle_v2/Content/MobileStarterContent/Props/SM_Statue.uasset" 393
"../../../../../GameDev/StrongStyle/STR_StrongStyle_v2/Content/MobileStarterContent/Textures/T_TableRound_M.uasset" 394
"../../../../../GameDev/StrongStyle/STR_StrongStyle_v2/Content/MobileStarterContent/Textures/T_TableRound_N.uasset" 395
"../../../../../GameDev/StrongStyle/STR_StrongStyle_v2/Content/MobileStarterContent/Props/Materials/M_TableRound.uasset" 396
"../../../../../GameDev/StrongStyle/STR_StrongStyle_v2/Content/MobileStarterContent/Props/SM_TableRound.uasset" 397
"../../../../../GameDev/StrongStyle/STR_StrongStyle_v2/Content/MobileStarterContent/Maps/Minimal_Default.umap" 398
"../../../../../GameDev/StrongStyle/STR_StrongStyle_v2/Content/MobileStarterContent/Audio/Fire01.uasset" 399
"../../../../../GameDev/StrongStyle/STR_StrongStyle_v2/Content/MobileStarterContent/Audio/Fire01_Cue.uasset" 400
"../../../../../GameDev/StrongStyle/STR_StrongStyle_v2/Content/MobileStarterContent/Textures/T_Fire_SubUV.uasset" 401
"../../../../../GameDev/StrongStyle/STR_StrongStyle_v2/Content/MobileStarterContent/Textures/T_Fire_Tiled_D.uasset" 402
"../../../../../GameDev/StrongStyle/STR_StrongStyle_v2/Content/MobileStarterContent/Particles/Materials/M_Fire_SubUV.uasset" 403
"../../../../../GameDev/StrongStyle/STR_StrongStyle_v2/Content/MobileStarterContent/Particles/Materials/M_Radial_Gradient.uasset" 404
"../../../../../GameDev/StrongStyle/STR_StrongStyle_v2/Content/MobileStarterContent/Particles/P_Fire.uasset" 405
"../../../../../GameDev/StrongStyle/STR_StrongStyle_v2/Content/MobileStarterContent/Blueprints/Blueprint_Effect_Fire.uasset" 406
"../../../../../GameDev/StrongStyle/STR_StrongStyle_v2/Content/MobileStarterContent/Audio/Smoke01.uasset" 407
"../../../../../GameDev/StrongStyle/STR_StrongStyle_v2/Content/MobileStarterContent/Audio/Smoke01_Cue.uasset" 408
"../../../../../GameDev/StrongStyle/STR_StrongStyle_v2/Content/MobileStarterContent/Particles/P_Smoke.uasset" 409
"../../../../../GameDev/StrongStyle/STR_StrongStyle_v2/Content/MobileStarterContent/Blueprints/Blueprint_Effect_Smoke.uasset" 410
"../../../../../GameDev/StrongStyle/STR_StrongStyle_v2/Content/MobileStarterContent/Audio/Fire_Sparks01.uasset" 411
"../../../../../GameDev/StrongStyle/STR_StrongStyle_v2/Content/MobileStarterContent/Audio/Fire_Sparks01_Cue.uasset" 412
"../../../../../GameDev/StrongStyle/STR_StrongStyle_v2/Content/MobileStarterContent/Textures/T_Spark_Core.uasset" 413
"../../../../../GameDev/StrongStyle/STR_StrongStyle_v2/Content/MobileStarterContent/Particles/Materials/M_Spark.uasset" 414
"../../../../../GameDev/StrongStyle/STR_StrongStyle_v2/Content/MobileStarterContent/Particles/P_Sparks.uasset" 415
"../../../../../GameDev/StrongStyle/STR_StrongStyle_v2/Content/MobileStarterContent/Blueprints/Blueprint_Effect_Sparks.uasset" 416
"../../../../../GameDev/StrongStyle/STR_StrongStyle_v2/Content/MobileStarterContent/Textures/T_Lamp_M.uasset" 417
"../../../../../GameDev/StrongStyle/STR_StrongStyle_v2/Content/MobileStarterContent/Textures/T_Lamp_N.uasset" 418
"../../../../../GameDev/StrongStyle/STR_StrongStyle_v2/Content/MobileStarterContent/Props/Materials/M_Lamp.uasset" 419
"../../../../../GameDev/StrongStyle/STR_StrongStyle_v2/Content/MobileStarterContent/Props/SM_Lamp_Ceiling.uasset" 420
"../../../../../GameDev/StrongStyle/STR_StrongStyle_v2/Content/MobileStarterContent/Blueprints/Blueprint_CeilingLight.uasset" 421
"../../../../../GameDev/StrongStyle/STR_StrongStyle_v2/Content/MobileStarterContent/Props/SM_Lamp_Wall.uasset" 422
"../../../../../GameDev/StrongStyle/STR_StrongStyle_v2/Content/MobileStarterContent/Blueprints/Blueprint_WallSconce.uasset" 423
"../../../../../GameDev/StrongStyle/STR_StrongStyle_v2/Content/MobileStarterContent/Maps/StarterMap_BuiltData.uasset" 424
"../../../../../GameDev/StrongStyle/STR_StrongStyle_v2/Content/MobileStarterContent/Textures/T_Brick_Clay_Beveled_D.uasset" 425
"../../../../../GameDev/StrongStyle/STR_StrongStyle_v2/Content/MobileStarterContent/Textures/T_Brick_Clay_Beveled_M.uasset" 426
"../../../../../GameDev/StrongStyle/STR_StrongStyle_v2/Content/MobileStarterContent/Textures/T_Brick_Clay_Beveled_N.uasset" 427
"../../../../../GameDev/StrongStyle/STR_StrongStyle_v2/Content/MobileStarterContent/Materials/M_Brick_Clay_Beveled.uasset" 428
"../../../../../GameDev/StrongStyle/STR_StrongStyle_v2/Content/MobileStarterContent/Textures/T_Brick_Clay_Old_D.uasset" 429
"../../../../../GameDev/StrongStyle/STR_StrongStyle_v2/Content/MobileStarterContent/Textures/T_Brick_Clay_Old_N.uasset" 430
"../../../../../GameDev/StrongStyle/STR_StrongStyle_v2/Content/MobileStarterContent/Materials/M_Brick_Clay_Old.uasset" 431
"../../../../../GameDev/StrongStyle/STR_StrongStyle_v2/Content/MobileStarterContent/Textures/T_Brick_Cut_Stone_D.uasset" 432
"../../../../../GameDev/StrongStyle/STR_StrongStyle_v2/Content/MobileStarterContent/Textures/T_Brick_Cut_Stone_N.uasset" 433
"../../../../../GameDev/StrongStyle/STR_StrongStyle_v2/Content/MobileStarterContent/Materials/M_Brick_Cut_Stone.uasset" 434
"../../../../../GameDev/StrongStyle/STR_StrongStyle_v2/Content/MobileStarterContent/Textures/T_Brick_Hewn_Stone_D.uasset" 435
"../../../../../GameDev/StrongStyle/STR_StrongStyle_v2/Content/MobileStarterContent/Textures/T_Brick_Hewn_Stone_M.uasset" 436
"../../../../../GameDev/StrongStyle/STR_StrongStyle_v2/Content/MobileStarterContent/Textures/T_Brick_Hewn_Stone_N.uasset" 437
"../../../../../GameDev/StrongStyle/STR_StrongStyle_v2/Content/MobileStarterContent/Materials/M_Brick_Hewn_Stone.uasset" 438
"../../../../../GameDev/StrongStyle/STR_StrongStyle_v2/Content/MobileStarterContent/Textures/T_Ceramic_Tile_M.uasset" 439
"../../../../../GameDev/StrongStyle/STR_StrongStyle_v2/Content/MobileStarterContent/Textures/T_Ceramic_Tile_N.uasset" 440
"../../../../../GameDev/StrongStyle/STR_StrongStyle_v2/Content/MobileStarterContent/Textures/T_Rock_Marble_Polished_D.uasset" 441
"../../../../../GameDev/StrongStyle/STR_StrongStyle_v2/Content/MobileStarterContent/Materials/M_Ceramic_Tile_Checker.uasset" 442
"../../../../../GameDev/StrongStyle/STR_StrongStyle_v2/Content/MobileStarterContent/Textures/T_CobbleStone_Pebble_D.uasset" 443
"../../../../../GameDev/StrongStyle/STR_StrongStyle_v2/Content/MobileStarterContent/Textures/T_CobbleStone_Pebble_N.uasset" 444
"../../../../../GameDev/StrongStyle/STR_StrongStyle_v2/Content/MobileStarterContent/Materials/M_CobbleStone_Pebble.uasset" 445
"../../../../../GameDev/StrongStyle/STR_StrongStyle_v2/Content/MobileStarterContent/Textures/T_CobbleStone_Rough_D.uasset" 446
"../../../../../GameDev/StrongStyle/STR_StrongStyle_v2/Content/MobileStarterContent/Textures/T_CobbleStone_Rough_N.uasset" 447
"../../../../../GameDev/StrongStyle/STR_StrongStyle_v2/Content/MobileStarterContent/Materials/M_CobbleStone_Rough.uasset" 448
"../../../../../GameDev/StrongStyle/STR_StrongStyle_v2/Content/MobileStarterContent/Textures/T_CobbleStone_Smooth_D.uasset" 449
"../../../../../GameDev/StrongStyle/STR_StrongStyle_v2/Content/MobileStarterContent/Textures/T_CobbleStone_Smooth_M.uasset" 450
"../../../../../GameDev/StrongStyle/STR_StrongStyle_v2/Content/MobileStarterContent/Textures/T_CobbleStone_Smooth_N.uasset" 451
"../../../../../GameDev/StrongStyle/STR_StrongStyle_v2/Content/MobileStarterContent/Materials/M_CobbleStone_Smooth.uasset" 452
"../../../../../GameDev/StrongStyle/STR_StrongStyle_v2/Content/MobileStarterContent/Textures/T_Concrete_Grime_D.uasset" 453
"../../../../../GameDev/StrongStyle/STR_StrongStyle_v2/Content/MobileStarterContent/Textures/T_Metal_Rust_N.uasset" 454
"../../../../../GameDev/StrongStyle/STR_StrongStyle_v2/Content/MobileStarterContent/Materials/M_Concrete_Grime.uasset" 455
"../../../../../GameDev/StrongStyle/STR_StrongStyle_v2/Content/MobileStarterContent/Textures/T_Concrete_Panels_D.uasset" 456
"../../../../../GameDev/StrongStyle/STR_StrongStyle_v2/Content/MobileStarterContent/Textures/T_Concrete_Panels_N.uasset" 457
"../../../../../GameDev/StrongStyle/STR_StrongStyle_v2/Content/MobileStarterContent/Materials/M_Concrete_Panels.uasset" 458
"../../../../../GameDev/StrongStyle/STR_StrongStyle_v2/Content/MobileStarterContent/Materials/M_Concrete_Poured.uasset" 459
"../../../../../GameDev/StrongStyle/STR_StrongStyle_v2/Content/MobileStarterContent/Textures/T_Concrete_Tiles_D.uasset" 460
"../../../../../GameDev/StrongStyle/STR_StrongStyle_v2/Content/MobileStarterContent/Textures/T_Concrete_Tiles_M.uasset" 461
"../../../../../GameDev/StrongStyle/STR_StrongStyle_v2/Content/MobileStarterContent/Textures/T_Concrete_Tiles_N.uasset" 462
"../../../../../GameDev/StrongStyle/STR_StrongStyle_v2/Content/MobileStarterContent/Materials/M_Concrete_Tiles.uasset" 463
"../../../../../GameDev/StrongStyle/STR_StrongStyle_v2/Content/MobileStarterContent/Textures/T_Ground_Grass_D.uasset" 464
"../../../../../GameDev/StrongStyle/STR_StrongStyle_v2/Content/MobileStarterContent/Textures/T_Ground_Grass_N.uasset" 465
"../../../../../GameDev/StrongStyle/STR_StrongStyle_v2/Content/MobileStarterContent/Materials/M_Ground_Grass.uasset" 466
"../../../../../GameDev/StrongStyle/STR_StrongStyle_v2/Content/MobileStarterContent/Textures/T_Ground_Gravel_D.uasset" 467
"../../../../../GameDev/StrongStyle/STR_StrongStyle_v2/Content/MobileStarterContent/Textures/T_Ground_Gravel_N.uasset" 468
"../../../../../GameDev/StrongStyle/STR_StrongStyle_v2/Content/MobileStarterContent/Materials/M_Ground_Gravel.uasset" 469
"../../../../../GameDev/StrongStyle/STR_StrongStyle_v2/Content/MobileStarterContent/Textures/T_ground_Moss_D.uasset" 470
"../../../../../GameDev/StrongStyle/STR_StrongStyle_v2/Content/MobileStarterContent/Textures/T_Ground_Moss_N.uasset" 471
"../../../../../GameDev/StrongStyle/STR_StrongStyle_v2/Content/MobileStarterContent/Materials/M_Ground_Moss.uasset" 472
"../../../../../GameDev/StrongStyle/STR_StrongStyle_v2/Content/MobileStarterContent/Textures/T_MacroVariation.uasset" 473
"../../../../../GameDev/StrongStyle/STR_StrongStyle_v2/Content/MobileStarterContent/Materials/M_Metal_Brushed_Nickel.uasset" 474
"../../../../../GameDev/StrongStyle/STR_StrongStyle_v2/Content/MobileStarterContent/Textures/T_Metal_Aluminum_D.uasset" 475
"../../../../../GameDev/StrongStyle/STR_StrongStyle_v2/Content/MobileStarterContent/Textures/T_Metal_Gold_N.uasset" 476
"../../../../../GameDev/StrongStyle/STR_StrongStyle_v2/Content/MobileStarterContent/Materials/M_Metal_Burnished_Steel.uasset" 477
"../../../../../GameDev/StrongStyle/STR_StrongStyle_v2/Content/MobileStarterContent/Materials/M_Metal_Chrome.uasset" 478
"../../../../../GameDev/StrongStyle/STR_StrongStyle_v2/Content/MobileStarterContent/Textures/T_Metal_Copper_D.uasset" 479
"../../../../../GameDev/StrongStyle/STR_StrongStyle_v2/Content/MobileStarterContent/Materials/M_Metal_Copper.uasset" 480
"../../../../../GameDev/StrongStyle/STR_StrongStyle_v2/Content/MobileStarterContent/Textures/T_Metal_Gold_D.uasset" 481
"../../../../../GameDev/StrongStyle/STR_StrongStyle_v2/Content/MobileStarterContent/Materials/M_Metal_Gold.uasset" 482
"../../../../../GameDev/StrongStyle/STR_StrongStyle_v2/Content/MobileStarterContent/Textures/T_Metal_Rust_D.uasset" 483
"../../../../../GameDev/StrongStyle/STR_StrongStyle_v2/Content/MobileStarterContent/Materials/M_Metal_Rust.uasset" 484
"../../../../../GameDev/StrongStyle/STR_StrongStyle_v2/Content/MobileStarterContent/Textures/T_Metal_Steel_D.uasset" 485
"../../../../../GameDev/StrongStyle/STR_StrongStyle_v2/Content/MobileStarterContent/Textures/T_Metal_Steel_N.uasset" 486
"../../../../../GameDev/StrongStyle/STR_StrongStyle_v2/Content/MobileStarterContent/Materials/M_Metal_Steel.uasset" 487
"../../../../../GameDev/StrongStyle/STR_StrongStyle_v2/Content/MobileStarterContent/Textures/T_Rock_Basalt_N.uasset" 488
"../../../../../GameDev/StrongStyle/STR_StrongStyle_v2/Content/MobileStarterContent/Materials/M_Rock_Basalt.uasset" 489
"../../../../../GameDev/StrongStyle/STR_StrongStyle_v2/Content/MobileStarterContent/Materials/M_Rock_Marble_Polished.uasset" 490
"../../../../../GameDev/StrongStyle/STR_StrongStyle_v2/Content/MobileStarterContent/Textures/T_Rock_Sandstone_D.uasset" 491
"../../../../../GameDev/StrongStyle/STR_StrongStyle_v2/Content/MobileStarterContent/Textures/T_Rock_Sandstone_N.uasset" 492
"../../../../../GameDev/StrongStyle/STR_StrongStyle_v2/Content/MobileStarterContent/Materials/M_Rock_Sandstone.uasset" 493
"../../../../../GameDev/StrongStyle/STR_StrongStyle_v2/Content/MobileStarterContent/Textures/T_Rock_Slate_D.uasset" 494
"../../../../../GameDev/StrongStyle/STR_StrongStyle_v2/Content/MobileStarterContent/Textures/T_Rock_Slate_N.uasset" 495
"../../../../../GameDev/StrongStyle/STR_StrongStyle_v2/Content/MobileStarterContent/Materials/M_Rock_Slate.uasset" 496
"../../../../../GameDev/StrongStyle/STR_StrongStyle_v2/Content/MobileStarterContent/Textures/T_Checker_Noise_M.uasset" 497
"../../../../../GameDev/StrongStyle/STR_StrongStyle_v2/Content/MobileStarterContent/Textures/T_Single_Tile_N.uasset" 498
"../../../../../GameDev/StrongStyle/STR_StrongStyle_v2/Content/MobileStarterContent/Textures/T_Tech_Dot_M.uasset" 499
"../../../../../GameDev/StrongStyle/STR_StrongStyle_v2/Content/MobileStarterContent/Textures/T_Tech_Dot_N.uasset" 500
"../../../../../GameDev/StrongStyle/STR_StrongStyle_v2/Content/MobileStarterContent/Materials/M_Tech_Checker_Dot.uasset" 501
"../../../../../GameDev/StrongStyle/STR_StrongStyle_v2/Content/MobileStarterContent/Textures/T_Tech_Hex_Tile_M.uasset" 502
"../../../../../GameDev/StrongStyle/STR_StrongStyle_v2/Content/MobileStarterContent/Textures/T_Tech_Hex_Tile_N.uasset" 503
"../../../../../GameDev/StrongStyle/STR_StrongStyle_v2/Content/MobileStarterContent/Materials/M_Tech_Hex_Tile.uasset" 504
"../../../../../GameDev/StrongStyle/STR_StrongStyle_v2/Content/MobileStarterContent/Materials/M_Tech_Hex_Tile_Pulse.uasset" 505
"../../../../../GameDev/StrongStyle/STR_StrongStyle_v2/Content/MobileStarterContent/Textures/T_Tech_Panel_M.uasset" 506
"../../../../../GameDev/StrongStyle/STR_StrongStyle_v2/Content/MobileStarterContent/Textures/T_Tech_Panel_N.uasset" 507
"../../../../../GameDev/StrongStyle/STR_StrongStyle_v2/Content/MobileStarterContent/Materials/M_Tech_Panel.uasset" 508
"../../../../../GameDev/StrongStyle/STR_StrongStyle_v2/Content/MobileStarterContent/Textures/T_Water_N.uasset" 509
"../../../../../GameDev/StrongStyle/STR_StrongStyle_v2/Content/MobileStarterContent/Materials/M_Water_Lake.uasset" 510
"../../../../../GameDev/StrongStyle/STR_StrongStyle_v2/Content/MobileStarterContent/Textures/T_Water_M.uasset" 511
"../../../../../GameDev/StrongStyle/STR_StrongStyle_v2/Content/MobileStarterContent/Materials/M_Water_Ocean.uasset" 512
"../../../../../GameDev/StrongStyle/STR_StrongStyle_v2/Content/MobileStarterContent/Textures/T_Wood_Floor_Walnut_D.uasset" 513
"../../../../../GameDev/StrongStyle/STR_StrongStyle_v2/Content/MobileStarterContent/Textures/T_Wood_Floor_Walnut_M.uasset" 514
"../../../../../GameDev/StrongStyle/STR_StrongStyle_v2/Content/MobileStarterContent/Textures/T_Wood_Floor_Walnut_N.uasset" 515
"../../../../../GameDev/StrongStyle/STR_StrongStyle_v2/Content/MobileStarterContent/Materials/M_Wood_Floor_Walnut_Polished.uasset" 516
"../../../../../GameDev/StrongStyle/STR_StrongStyle_v2/Content/MobileStarterContent/Materials/M_Wood_Floor_Walnut_Worn.uasset" 517
"../../../../../GameDev/StrongStyle/STR_StrongStyle_v2/Content/MobileStarterContent/Textures/T_Wood_Oak_D.uasset" 518
"../../../../../GameDev/StrongStyle/STR_StrongStyle_v2/Content/MobileStarterContent/Textures/T_Wood_Oak_N.uasset" 519
"../../../../../GameDev/StrongStyle/STR_StrongStyle_v2/Content/MobileStarterContent/Materials/M_Wood_Oak.uasset" 520
"../../../../../GameDev/StrongStyle/STR_StrongStyle_v2/Content/MobileStarterContent/Textures/T_Wood_Pine_D.uasset" 521
"../../../../../GameDev/StrongStyle/STR_StrongStyle_v2/Content/MobileStarterContent/Textures/T_Wood_Pine_N.uasset" 522
"../../../../../GameDev/StrongStyle/STR_StrongStyle_v2/Content/MobileStarterContent/Materials/M_Wood_Pine.uasset" 523
"../../../../../GameDev/StrongStyle/STR_StrongStyle_v2/Content/MobileStarterContent/Textures/T_Wood_Walnut_D.uasset" 524
"../../../../../GameDev/StrongStyle/STR_StrongStyle_v2/Content/MobileStarterContent/Textures/T_Wood_Walnut_N.uasset" 525
"../../../../../GameDev/StrongStyle/STR_StrongStyle_v2/Content/MobileStarterContent/Materials/M_Wood_Walnut.uasset" 526
"../../../../../GameDev/StrongStyle/STR_StrongStyle_v2/Content/MobileStarterContent/Architecture/Wall_Door_400x300.uasset" 527
"../../../../../GameDev/StrongStyle/STR_StrongStyle_v2/Content/MobileStarterContent/Architecture/Wall_Window_400x300.uasset" 528
"../../../../../GameDev/StrongStyle/STR_StrongStyle_v2/Content/MobileStarterContent/Audio/Collapse01.uasset" 529
"../../../../../GameDev/StrongStyle/STR_StrongStyle_v2/Content/MobileStarterContent/Audio/Collapse02.uasset" 530
"../../../../../GameDev/StrongStyle/STR_StrongStyle_v2/Content/MobileStarterContent/Audio/Collapse_Cue.uasset" 531
"../../../../../GameDev/StrongStyle/STR_StrongStyle_v2/Content/MobileStarterContent/Audio/Starter_Birds01.uasset" 532
"../../../../../GameDev/StrongStyle/STR_StrongStyle_v2/Content/MobileStarterContent/Audio/Starter_Wind05.uasset" 533
"../../../../../GameDev/StrongStyle/STR_StrongStyle_v2/Content/MobileStarterContent/Audio/Starter_Wind06.uasset" 534
"../../../../../GameDev/StrongStyle/STR_StrongStyle_v2/Content/MobileStarterContent/Audio/Starter_Background_Cue.uasset" 535
"../../../../../GameDev/StrongStyle/STR_StrongStyle_v2/Content/MobileStarterContent/Audio/Starter_Music01.uasset" 536
"../../../../../GameDev/StrongStyle/STR_StrongStyle_v2/Content/MobileStarterContent/Audio/Starter_Music_Cue.uasset" 537
"../../../../../GameDev/StrongStyle/STR_StrongStyle_v2/Content/MobileStarterContent/Textures/T_Dust_Particle_D.uasset" 538
"../../../../../GameDev/StrongStyle/STR_StrongStyle_v2/Content/MobileStarterContent/Particles/Materials/M_Dust_Particle.uasset" 539
"../../../../../GameDev/StrongStyle/STR_StrongStyle_v2/Content/MobileStarterContent/Particles/P_Ambient_Dust.uasset" 540
"../../../../../GameDev/StrongStyle/STR_StrongStyle_v2/Content/MobileStarterContent/Props/MaterialSphere.uasset" 541
"../../../../../GameDev/StrongStyle/STR_StrongStyle_v2/Content/MobileStarterContent/Textures/T_Frame_M.uasset" 542
"../../../../../GameDev/StrongStyle/STR_StrongStyle_v2/Content/MobileStarterContent/Textures/T_Frame_N.uasset" 543
"../../../../../GameDev/StrongStyle/STR_StrongStyle_v2/Content/MobileStarterContent/Props/Materials/M_Frame.uasset" 544
"../../../../../GameDev/StrongStyle/STR_StrongStyle_v2/Content/MobileStarterContent/Props/SM_CornerFrame.uasset" 545
"../../../../../GameDev/StrongStyle/STR_StrongStyle_v2/Content/MobileStarterContent/Props/SM_DoorFrame.uasset" 546
"../../../../../GameDev/StrongStyle/STR_StrongStyle_v2/Content/MobileStarterContent/Props/SM_GlassWindow.uasset" 547
"../../../../../GameDev/StrongStyle/STR_StrongStyle_v2/Content/MobileStarterContent/Props/SM_PillarFrame.uasset" 548
"../../../../../GameDev/StrongStyle/STR_StrongStyle_v2/Content/MobileStarterContent/Props/SM_PillarFrame300.uasset" 549
"../../../../../GameDev/StrongStyle/STR_StrongStyle_v2/Content/MobileStarterContent/Props/SM_WindowFrame.uasset" 550
"../../../../../GameDev/StrongStyle/STR_StrongStyle_v2/Content/MobileStarterContent/Shapes/Shape_Cube.uasset" 551
"../../../../../GameDev/StrongStyle/STR_StrongStyle_v2/Content/MobileStarterContent/Shapes/Shape_QuadPyramid.uasset" 552
"../../../../../GameDev/StrongStyle/STR_StrongStyle_v2/Content/MobileStarterContent/Maps/StarterMap.umap" 553
