Log file open, 12/19/18 18:46:16
LogWindows: Failed to load 'aqProf.dll' (GetLastError=126)
LogWindows: File 'aqProf.dll' does not exist
LogWindows: Failed to load 'VtuneApi.dll' (GetLastError=126)
LogWindows: File 'VtuneApi.dll' does not exist
LogWindows: Failed to load 'VtuneApi32e.dll' (GetLastError=126)
LogWindows: File 'VtuneApi32e.dll' does not exist
LogInit: Display: Running engine for game: STR_StrongStyle_v2
LogPlatformFile: Not using cached read wrapper
LogTaskGraph: Started task graph with 5 named threads and 14 total threads with 3 sets of task threads.
LogStats: Stats thread started at 0.246624
LogD3D11RHI: Loaded GFSDK_Aftermath_Lib.x64.dll
LogICUInternationalization: Display: ICU TimeZone Detection - Raw Offset: -8:00, Platform Override: ''
LogPluginManager: Mounting plugin Paper2D
LogPluginManager: Mounting plugin AISupport
LogPluginManager: Mounting plugin LightPropagationVolume
LogPluginManager: Mounting plugin CLionSourceCodeAccess
LogPluginManager: Mounting plugin CodeLiteSourceCodeAccess
LogPluginManager: Mounting plugin GitSourceControl
LogPluginManager: Mounting plugin KDevelopSourceCodeAccess
LogPluginManager: Mounting plugin NullSourceCodeAccess
LogPluginManager: Mounting plugin PerforceSourceControl
LogPluginManager: Mounting plugin SubversionSourceControl
LogPluginManager: Mounting plugin UObjectPlugin
LogPluginManager: Mounting plugin VisualStudioCodeSourceCodeAccess
LogPluginManager: Mounting plugin VisualStudioSourceCodeAccess
LogPluginManager: Mounting plugin XCodeSourceCodeAccess
LogPluginManager: Mounting plugin AssetManagerEditor
LogPluginManager: Mounting plugin CryptoKeys
LogPluginManager: Mounting plugin DataValidation
LogPluginManager: Mounting plugin FacialAnimation
LogPluginManager: Mounting plugin GameplayTagsEditor
LogPluginManager: Mounting plugin MacGraphicsSwitching
LogPluginManager: Mounting plugin MeshEditor
LogPluginManager: Mounting plugin MobileLauncherProfileWizard
LogPluginManager: Mounting plugin PluginBrowser
LogPluginManager: Mounting plugin SpeedTreeImporter
LogPluginManager: Mounting plugin DatasmithContent
LogPluginManager: Mounting plugin AlembicImporter
LogPluginManager: Mounting plugin AppleImageUtils
LogPluginManager: Mounting plugin AppleVision
LogPluginManager: Mounting plugin BackChannel
LogPluginManager: Mounting plugin CharacterAI
LogPluginManager: Mounting plugin GeometryCache
LogPluginManager: Mounting plugin HTML5Networking
LogPluginManager: Mounting plugin ProxyLODPlugin
LogPluginManager: Mounting plugin MagicLeap
LogPluginManager: Mounting plugin MagicLeapEmulator
LogPluginManager: Mounting plugin MagicLeapMedia
LogPluginManager: Mounting plugin AndroidMedia
LogPluginManager: Mounting plugin AvfMedia
LogPluginManager: Mounting plugin ImgMedia
LogPluginManager: Mounting plugin LinearTimecode
LogPluginManager: Mounting plugin MediaCompositing
LogPluginManager: Mounting plugin MediaPlayerEditor
LogPluginManager: Mounting plugin WmfMedia
LogPluginManager: Mounting plugin TcpMessaging
LogPluginManager: Mounting plugin UdpMessaging
LogPluginManager: Mounting plugin ActorSequence
LogPluginManager: Mounting plugin LevelSequenceEditor
LogPluginManager: Mounting plugin MatineeToLevelSequence
LogPluginManager: Mounting plugin NetcodeUnitTest
LogPluginManager: Mounting plugin NUTUnrealEngine4
LogPluginManager: Mounting plugin OnlineSubsystemGooglePlay
LogPluginManager: Mounting plugin OnlineSubsystemIOS
LogPluginManager: Mounting plugin OnlineSubsystem
LogPluginManager: Mounting plugin OnlineSubsystemNull
LogPluginManager: Mounting plugin OnlineSubsystemUtils
LogPluginManager: Mounting plugin LauncherChunkInstaller
LogPluginManager: Mounting plugin AndroidDeviceProfileSelector
LogPluginManager: Mounting plugin AndroidMoviePlayer
LogPluginManager: Mounting plugin AndroidPermission
LogPluginManager: Mounting plugin AppleMoviePlayer
LogPluginManager: Mounting plugin ArchVisCharacter
LogPluginManager: Mounting plugin AudioCapture
LogPluginManager: Mounting plugin CableComponent
LogPluginManager: Mounting plugin CustomMeshComponent
LogPluginManager: Mounting plugin EditableMesh
LogPluginManager: Mounting plugin ExampleDeviceProfileSelector
LogPluginManager: Mounting plugin GoogleCloudMessaging
LogPluginManager: Mounting plugin ImmediatePhysics
LogPluginManager: Mounting plugin IOSDeviceProfileSelector
LogPluginManager: Mounting plugin LinuxDeviceProfileSelector
LogPluginManager: Mounting plugin LocationServicesBPLibrary
LogPluginManager: Mounting plugin MobilePatchingUtils
LogPluginManager: Mounting plugin PhysXVehicles
LogPluginManager: Mounting plugin ProceduralMeshComponent
LogPluginManager: Mounting plugin RuntimePhysXCooking
LogPluginManager: Mounting plugin WindowsMoviePlayer
LogStreaming: Display: Took  0.130s to configure plugins.
LogInit: Using libcurl 7.55.1-DEV
LogInit:  - built for x86_64-pc-win32
LogInit:  - supports SSL with OpenSSL/1.0.2h
LogInit:  - supports HTTP deflate (compression) using libz 1.2.8
LogInit:  - other features:
LogInit:      CURL_VERSION_SSL
LogInit:      CURL_VERSION_LIBZ
LogInit:      CURL_VERSION_IPV6
LogInit:      CURL_VERSION_ASYNCHDNS
LogInit:      CURL_VERSION_LARGEFILE
LogInit:      CURL_VERSION_IDN
LogInit:  CurlRequestOptions (configurable via config and command line):
LogInit:  - bVerifyPeer = false  - Libcurl will NOT verify peer certificate
LogInit:  - bUseHttpProxy = false  - Libcurl will NOT use HTTP proxy
LogInit:  - bDontReuseConnections = false  - Libcurl will reuse connections
LogInit:  - CertBundlePath = nullptr  - Libcurl will use whatever was configured at build time.
LogInit:  - MaxHostConnections = 16  - Libcurl will limit the number of connections to a host
LogInit:  - LocalHostAddr = Default
LogInit:  - BufferSize = 65536
LogModuleManager: Warning: ModuleManager: Unable to load module 'OnlineSubsystemSteam'  - 0 instances of that module name found.
LogInit: WinSock: version 1.1 (2.2), MaxSocks=32767, MaxUdp=65467
LogInit: Build: ++UE4+Release-4.20-CL-4369336
LogInit: Engine Version: 4.20.3-4369336+++UE4+Release-4.20
LogInit: Compatible Engine Version: 4.20.0-4212847+++UE4+Release-4.20
LogInit: Net CL: 4212847
LogInit: OS: Windows 10 (), CPU: Intel(R) Core(TM) i5-4690K CPU @ 3.50GHz, GPU: NVIDIA GeForce GTX 1070
LogInit: Compiled (64-bit): Sep 17 2018 12:26:19
LogInit: Compiled with Visual C++: 19.13.26129.00
LogInit: Build Configuration: Development
LogInit: Branch Name: ++UE4+Release-4.20
LogInit: Command Line:  
LogInit: Base Directory: A:/Epic Games/UE_4.20/Engine/Binaries/Win64/
LogInit: Installed Engine Build: 1
LogDevObjectVersion: Number of dev versions registered: 20
LogDevObjectVersion:   Dev-Blueprints (B0D832E4-1F89-4F0D-ACCF-7EB736FD4AA2): 10
LogDevObjectVersion:   Dev-Build (E1C64328-A22C-4D53-A36C-8E866417BD8C): 0
LogDevObjectVersion:   Dev-Core (375EC13C-06E4-48FB-B500-84F0262A717E): 2
LogDevObjectVersion:   Dev-Editor (E4B068ED-F494-42E9-A231-DA0B2E46BB41): 24
LogDevObjectVersion:   Dev-Framework (CFFC743F-43B0-4480-9391-14DF171D2073): 34
LogDevObjectVersion:   Dev-Mobile (B02B49B5-BB20-44E9-A304-32B752E40360): 2
LogDevObjectVersion:   Dev-Networking (A4E4105C-59A1-49B5-A7C5-40C4547EDFEE): 0
LogDevObjectVersion:   Dev-Online (39C831C9-5AE6-47DC-9A44-9C173E1C8E7C): 0
LogDevObjectVersion:   Dev-Physics (78F01B33-EBEA-4F98-B9B4-84EACCB95AA2): 0
LogDevObjectVersion:   Dev-Platform (6631380F-2D4D-43E0-8009-CF276956A95A): 0
LogDevObjectVersion:   Dev-Rendering (12F88B9F-8875-4AFC-A67C-D90C383ABD29): 26
LogDevObjectVersion:   Dev-Sequencer (7B5AE74C-D270-4C10-A958-57980B212A5A): 9
LogDevObjectVersion:   Dev-VR (D7296918-1DD6-4BDD-9DE2-64A83CC13884): 2
LogDevObjectVersion:   Dev-LoadTimes (C2A15278-BFE7-4AFE-6C17-90FF531DF755): 1
LogDevObjectVersion:   Private-Geometry (6EACA3D4-40EC-4CC1-B786-8BED09428FC5): 3
LogDevObjectVersion:   Dev-AnimPhys (29E575DD-E0A3-4627-9D10-D276232CDCEA): 17
LogDevObjectVersion:   Dev-ReflectionCapture (6B266CEC-1EC7-4B8F-A30B-E4D90942FC07): 1
LogDevObjectVersion:   Dev-Automation (0DF73D61-A23F-47EA-B727-89E90C41499A): 1
LogDevObjectVersion:   FortniteMain (601D1886-AC64-4F84-AA16-D3DE0DEAC7D6): 12
LogDevObjectVersion:   Dev-Enterprise (9DFFBCD6-494F-0158-E221-12823C92A888): 1
LogStreaming: Display: Took  0.004s to delete old logs.
LogInit: Presizing for max 8388607 objects, including 0 objects not considered by GC, pre-allocating 0 bytes for permanent pool.
LogInit: Object subsystem initialized
[2018.12.20-02.46.16:594][  0]LogInit: Selected Device Profile: [Windows]
[2018.12.20-02.46.16:594][  0]LogInit: Applying CVar settings loaded from the selected device profile: [Windows]
[2018.12.20-02.46.16:603][  0]LogHAL: Display: Platform has ~ 16 GB [17114378240 / 17179869184 / 16], which maps to Larger [LargestMinGB=32, LargerMinGB=12, DefaultMinGB=8, SmallerMinGB=6, SmallestMinGB=0)
[2018.12.20-02.46.16:603][  0]LogInit: Setting Device Profile CVar: [[r.Vulkan.UseRealUBs:1]]
[2018.12.20-02.46.16:603][  0]LogInit: Going up to parent DeviceProfile []
[2018.12.20-02.46.16:603][  0]LogInit: Computer: MERTINS
[2018.12.20-02.46.16:603][  0]LogInit: User: DanLazar
[2018.12.20-02.46.16:603][  0]LogInit: CPU Page size=4096, Cores=4
[2018.12.20-02.46.16:603][  0]LogInit: High frequency timer resolution =3.415994 MHz
[2018.12.20-02.46.16:604][  0]LogMemory: Memory total: Physical=15.9GB (16GB approx)
[2018.12.20-02.46.16:604][  0]LogMemory: Platform Memory Stats for Windows
[2018.12.20-02.46.16:604][  0]LogMemory: Process Physical Memory: 102.46 MB used, 102.46 MB peak
[2018.12.20-02.46.16:604][  0]LogMemory: Process Virtual Memory: 102.28 MB used, 102.28 MB peak
[2018.12.20-02.46.16:604][  0]LogMemory: Physical Memory: 8961.26 MB used,  7360.28 MB free, 16321.54 MB total
[2018.12.20-02.46.16:604][  0]LogMemory: Virtual Memory: 4622.61 MB used,  7360.28 MB free, 134217728.00 MB total
[2018.12.20-02.46.16:692][  0]LogInit: Using OS detected language (en-US).
[2018.12.20-02.46.16:692][  0]LogInit: Using OS detected locale (en-US).
[2018.12.20-02.46.16:694][  0]LogTextLocalizationManager: No specific localization for 'en-US' exists, so the 'en' localization will be used.
[2018.12.20-02.46.17:098][  0]LogStreaming: Display: Took  0.407s to InitEngineTextLocalization.
[2018.12.20-02.46.17:098][  0]LogInit: Setting process to per monitor DPI aware
[2018.12.20-02.46.17:164][  0]LogSlate: New Slate User Created.  User Index 0, Is Virtual User: 0
[2018.12.20-02.46.17:164][  0]LogSlate: Slate User Registered.  User Index 0, Is Virtual User: 0
[2018.12.20-02.46.17:427][  0]LogD3D11RHI: D3D11 adapters:
[2018.12.20-02.46.17:521][  0]LogD3D11RHI:    0. 'NVIDIA GeForce GTX 1070' (Feature Level 11_0)
[2018.12.20-02.46.17:521][  0]LogD3D11RHI:       8088/0/8160 MB DedicatedVideo/DedicatedSystem/SharedSystem, Outputs:1, VendorId:0x10de
[2018.12.20-02.46.17:524][  0]LogD3D11RHI:    1. 'Microsoft Basic Render Driver' (Feature Level 11_0)
[2018.12.20-02.46.17:524][  0]LogD3D11RHI:       0/0/8160 MB DedicatedVideo/DedicatedSystem/SharedSystem, Outputs:0, VendorId:0x1414
[2018.12.20-02.46.17:524][  0]LogD3D11RHI: Chosen D3D11 Adapter: 0
[2018.12.20-02.46.17:539][  0]LogD3D11RHI: Creating new Direct3DDevice
[2018.12.20-02.46.17:539][  0]LogD3D11RHI:     GPU DeviceId: 0x1b81 (for the marketing name, search the web for "GPU Device Id")
[2018.12.20-02.46.17:539][  0]LogWindows: EnumDisplayDevices:
[2018.12.20-02.46.17:539][  0]LogWindows:    0. 'NVIDIA GeForce GTX 1070' (P:1 D:1)
[2018.12.20-02.46.17:539][  0]LogWindows:    1. 'NVIDIA GeForce GTX 1070' (P:0 D:0)
[2018.12.20-02.46.17:540][  0]LogWindows:    2. 'NVIDIA GeForce GTX 1070' (P:0 D:0)
[2018.12.20-02.46.17:540][  0]LogWindows:    3. 'NVIDIA GeForce GTX 1070' (P:0 D:0)
[2018.12.20-02.46.17:541][  0]LogWindows: DebugString: FoundDriverCount:4 
[2018.12.20-02.46.17:541][  0]LogD3D11RHI:     Adapter Name: NVIDIA GeForce GTX 1070
[2018.12.20-02.46.17:541][  0]LogD3D11RHI:   Driver Version: 417.22 (internal:25.21.14.1722, unified:417.22)
[2018.12.20-02.46.17:541][  0]LogD3D11RHI:      Driver Date: 11-29-2018
[2018.12.20-02.46.17:541][  0]LogRHI: Texture pool is 5661 MB (70% of 8088 MB)
[2018.12.20-02.46.17:598][  0]LogD3D11RHI: Async texture creation enabled
[2018.12.20-02.46.17:625][  0]LogD3D11RHI: GPU Timing Frequency: 1000.000000 (Debug: 2 2)
[2018.12.20-02.46.17:671][  0]LogShaderCompilers: Guid format shader working directory is -4 characters bigger than the processId version (../../../../../GameDev/StrongStyle/STR_StrongStyle_v2/Intermediate/Shaders/WorkingDirectory/15864/).
[2018.12.20-02.46.17:671][  0]LogShaderCompilers: Cleaned the shader compiler working directory 'C:/Users/Dan Lazar/AppData/Local/Temp/UnrealShaderWorkingDir/799B4026416B69DFFFC484A5ABEF4DAB/'.
[2018.12.20-02.46.18:166][  0]LogTemp: Display: Loaded TP AllDesktopTargetPlatform
[2018.12.20-02.46.18:186][  0]LogTemp: Display: Loaded TP MacClientTargetPlatform
[2018.12.20-02.46.18:207][  0]LogTemp: Display: Loaded TP MacNoEditorTargetPlatform
[2018.12.20-02.46.18:226][  0]LogTemp: Display: Loaded TP MacServerTargetPlatform
[2018.12.20-02.46.18:246][  0]LogTemp: Display: Loaded TP MacTargetPlatform
[2018.12.20-02.46.18:267][  0]LogTemp: Display: Loaded TP WindowsClientTargetPlatform
[2018.12.20-02.46.18:287][  0]LogTemp: Display: Loaded TP WindowsNoEditorTargetPlatform
[2018.12.20-02.46.18:307][  0]LogTemp: Display: Loaded TP WindowsServerTargetPlatform
[2018.12.20-02.46.18:319][  0]LogTemp: Display: Loaded TP WindowsTargetPlatform
[2018.12.20-02.46.18:411][  0]LogTemp: Display: Loaded TP AndroidTargetPlatform
[2018.12.20-02.46.18:411][  0]LogTemp: Display: Loaded TP AndroidTargetPlatform
[2018.12.20-02.46.18:411][  0]LogTemp: Display: Loaded TP AndroidTargetPlatform
[2018.12.20-02.46.18:411][  0]LogTemp: Display: Loaded TP AndroidTargetPlatform
[2018.12.20-02.46.18:411][  0]LogTemp: Display: Loaded TP AndroidTargetPlatform
[2018.12.20-02.46.18:411][  0]LogTemp: Display: Loaded TP AndroidTargetPlatform
[2018.12.20-02.46.18:411][  0]LogTemp: Display: Loaded TP AndroidTargetPlatform
[2018.12.20-02.46.18:411][  0]LogTemp: Display: Loaded TP AndroidTargetPlatform
[2018.12.20-02.46.18:411][  0]LogTemp: Display: Loaded TP AndroidTargetPlatform
[2018.12.20-02.46.18:411][  0]LogTemp: Display: Loaded TP AndroidTargetPlatform
[2018.12.20-02.46.18:411][  0]LogTemp: Display: Loaded TP AndroidTargetPlatform
[2018.12.20-02.46.18:411][  0]LogTemp: Display: Loaded TP AndroidTargetPlatform
[2018.12.20-02.46.18:411][  0]LogTemp: Display: Loaded TP AndroidTargetPlatform
[2018.12.20-02.46.18:411][  0]LogTemp: Display: Loaded TP AndroidTargetPlatform
[2018.12.20-02.46.18:411][  0]LogTemp: Display: Loaded TP AndroidTargetPlatform
[2018.12.20-02.46.18:411][  0]LogTemp: Display: Loaded TP AndroidTargetPlatform
[2018.12.20-02.46.18:411][  0]LogTemp: Display: Loaded TP AndroidTargetPlatform
[2018.12.20-02.46.18:411][  0]LogTemp: Display: Loaded TP AndroidTargetPlatform
[2018.12.20-02.46.18:417][  0]LogTemp: Display: Loaded TP HTML5TargetPlatform
[2018.12.20-02.46.18:495][  0]LogTemp: Display: Loaded TP IOSTargetPlatform
[2018.12.20-02.46.18:495][  0]LogTemp: Display: Loaded TP IOSTargetPlatform
[2018.12.20-02.46.18:527][  0]LogTemp: Display: Loaded TP TVOSTargetPlatform
[2018.12.20-02.46.18:527][  0]LogTemp: Display: Loaded TP TVOSTargetPlatform
[2018.12.20-02.46.18:546][  0]LogTemp: Display: Loaded TP LinuxClientTargetPlatform
[2018.12.20-02.46.18:564][  0]LogTemp: Display: Loaded TP LinuxNoEditorTargetPlatform
[2018.12.20-02.46.18:583][  0]LogTemp: Display: Loaded TP LinuxServerTargetPlatform
[2018.12.20-02.46.18:604][  0]LogTemp: Display: Loaded TP LinuxTargetPlatform
[2018.12.20-02.46.18:618][  0]LogTemp: Display: Loaded TP LuminTargetPlatform
[2018.12.20-02.46.18:618][  0]LogTargetPlatformManager: Display: Building Assets For Windows
[2018.12.20-02.46.18:840][  0]LogXGEController: Cleaning working directory: C:/Users/Dan Lazar/AppData/Local/Temp/UnrealXGEWorkingDir/
[2018.12.20-02.46.18:840][  0]LogXGEController: Cannot use XGE Controller as Incredibuild is not installed on this machine.
[2018.12.20-02.46.18:840][  0]LogShaderCompilers: Cannot use XGE Shader Compiler as Incredibuild is not installed on this machine.
[2018.12.20-02.46.18:840][  0]LogShaderCompilers: Display: Using Local Shader Compiler.
[2018.12.20-02.46.19:579][  0]LogDerivedDataCache: Display: Max Cache Size: 512 MB
[2018.12.20-02.46.19:655][  0]LogDerivedDataCache: Loaded boot cache 0.08s 68MB C:/Users/Dan Lazar/AppData/Local/UnrealEngine/4.20/DerivedDataCache/Boot.ddc.
[2018.12.20-02.46.19:656][  0]LogDerivedDataCache: Display: Loaded Boot cache: C:/Users/Dan Lazar/AppData/Local/UnrealEngine/4.20/DerivedDataCache/Boot.ddc
[2018.12.20-02.46.19:656][  0]LogDerivedDataCache: FDerivedDataBackendGraph:  Pak pak cache file ../../../../../GameDev/StrongStyle/STR_StrongStyle_v2/DerivedDataCache/DDC.ddp not found, will not use a pak cache.
[2018.12.20-02.46.19:656][  0]LogDerivedDataCache: Unable to find inner node Pak for hierarchical cache Hierarchy.
[2018.12.20-02.46.19:656][  0]LogDerivedDataCache: FDerivedDataBackendGraph:  CompressedPak pak cache file ../../../../../GameDev/StrongStyle/STR_StrongStyle_v2/DerivedDataCache/Compressed.ddp not found, will not use a pak cache.
[2018.12.20-02.46.19:656][  0]LogDerivedDataCache: Unable to find inner node CompressedPak for hierarchical cache Hierarchy.
[2018.12.20-02.46.19:669][  0]LogDerivedDataCache: Display: Pak cache opened for reading ../../../Engine/DerivedDataCache/Compressed.ddp.
[2018.12.20-02.46.19:682][  0]LogDerivedDataCache: Using Local data cache path C:/Users/Dan Lazar/AppData/Local/UnrealEngine/Common/DerivedDataCache: Writable
[2018.12.20-02.46.19:682][  0]LogDerivedDataCache: Shared data cache path not found in *engine.ini, will not use an Shared cache.
[2018.12.20-02.46.19:682][  0]LogDerivedDataCache: Unable to find inner node Shared for hierarchical cache Hierarchy.
[2018.12.20-02.46.19:701][  0]LogMaterial: Verifying Global Shaders for PCD3D_SM5
[2018.12.20-02.46.19:702][  0]LogSlate: Using FreeType 2.6.0
[2018.12.20-02.46.19:703][  0]LogSlate: SlateFontServices - WITH_FREETYPE: 1, WITH_HARFBUZZ: 1
[2018.12.20-02.46.19:797][  0]LogAssetRegistry: FAssetRegistry took 0.0264 seconds to start up
[2018.12.20-02.46.20:119][  0]LogInit: Selected Device Profile: [Windows]
[2018.12.20-02.46.20:316][  0]LogSimplygon: Simplygon DLL not present - disabling.
[2018.12.20-02.46.20:332][  0]LogMeshReduction: Using SimplygonSwarm for distributed automatic mesh merging
[2018.12.20-02.46.20:333][  0]LogMeshReduction: Using ProxyLODMeshReduction for automatic mesh merging
[2018.12.20-02.46.20:333][  0]LogMeshReduction: Using QuadricMeshReduction for automatic static mesh reduction
[2018.12.20-02.46.20:333][  0]LogMeshReduction: No automatic skeletal mesh reduction module available
[2018.12.20-02.46.20:356][  0]LogNetVersion: STR_StrongStyle_v2 1.0.0, NetCL: 4212847, EngineNetVer: 5, GameNetVer: 0 (Checksum: 3618140765)
[2018.12.20-02.46.20:947][  0]LogPackageLocalizationCache: Processed 9 localized package path(s) for 2 prioritized culture(s) in 0.089289 seconds
[2018.12.20-02.46.20:955][  0]LogUObjectArray: 37967 objects as part of root set at end of initial load.
[2018.12.20-02.46.20:955][  0]LogUObjectAllocator: 6605920 out of 0 bytes used by permanent object pool.
[2018.12.20-02.46.20:955][  0]LogUObjectArray: CloseDisregardForGC: 0/0 objects in disregard for GC pool
[2018.12.20-02.46.22:300][  0]LogTcpMessaging: Initializing TcpMessaging bridge
[2018.12.20-02.46.22:321][  0]LogUdpMessaging: Initializing bridge on interface 0.0.0.0:0 to multicast group 230.0.0.1:6666.
[2018.12.20-02.46.22:545][  0]SourceControl: Source control is disabled
[2018.12.20-02.46.22:545][  0]SourceControl: Source control is disabled
[2018.12.20-02.46.22:552][  0]SourceControl: Source control is disabled
[2018.12.20-02.46.22:559][  0]SourceControl: Source control is disabled
[2018.12.20-02.46.22:991][  0]LogAndroidPermission: UAndroidPermissionCallbackProxy::GetInstance
[2018.12.20-02.46.23:458][  0]LogEngine: Initializing Engine...
[2018.12.20-02.46.23:461][  0]LogStats: UGameplayTagsManager::ConstructGameplayTagTree: ImportINI prefixes -  0.000 s
[2018.12.20-02.46.23:461][  0]LogStats: UGameplayTagsManager::ConstructGameplayTagTree: Construct from data asset -  0.000 s
[2018.12.20-02.46.23:461][  0]LogStats: UGameplayTagsManager::ConstructGameplayTagTree: ImportINI -  0.000 s
[2018.12.20-02.46.23:461][  0]LogStats: UGameplayTagsManager::ConstructGameplayTagTree: GameplayTagTreeChangedEvent.Broadcast -  0.000 s
[2018.12.20-02.46.23:684][  0]LogInit: Initializing FReadOnlyCVARCache
[2018.12.20-02.46.23:709][  0]LogAIModule: Creating AISystem for world Untitled
[2018.12.20-02.46.23:888][  0]LogInit: XAudio2 using 'Speakers (Realtek High Definition Audio)' : 2 channels at 48 kHz using 32 bits per sample (channel mask 0x3)
[2018.12.20-02.46.23:930][  0]LogInit: FAudioDevice initialized.
[2018.12.20-02.46.23:930][  0]LogNetVersion: Set ProjectVersion to 1.0.0.0. Version Checksum will be recalculated on next use.
[2018.12.20-02.46.24:023][  0]LogDerivedDataCache: Saved boot cache 0.09s 68MB C:/Users/Dan Lazar/AppData/Local/UnrealEngine/4.20/DerivedDataCache/Boot.ddc.
[2018.12.20-02.46.24:023][  0]LogInit: Texture streaming: Enabled
[2018.12.20-02.46.24:066][  0]LogEngineSessionManager: EngineSessionManager initialized
[2018.12.20-02.46.24:092][  0]LogInit: Transaction tracking system initialized
[2018.12.20-02.46.24:153][  0]BlueprintLog: New page: Editor Load
[2018.12.20-02.46.24:417][  0]LocalizationService: Localization service is disabled
[2018.12.20-02.46.24:865][  0]LogCook: Display: Max memory allowance for cook 16384mb min free memory 0mb
[2018.12.20-02.46.24:865][  0]LogCook: Display: Mobile HDR setting 1
[2018.12.20-02.46.24:865][  0]LogGameplayTags: Display: UGameplayTagsManager::DoneAddingNativeTags. DelegateIsBound: 0
[2018.12.20-02.46.24:865][  0]LogStats: UGameplayTagsManager::ConstructGameplayTagTree: ImportINI prefixes -  0.000 s
[2018.12.20-02.46.24:865][  0]LogStats: UGameplayTagsManager::ConstructGameplayTagTree: Construct from data asset -  0.000 s
[2018.12.20-02.46.24:865][  0]LogStats: UGameplayTagsManager::ConstructGameplayTagTree: ImportINI -  0.000 s
[2018.12.20-02.46.24:865][  0]LogStats: UGameplayTagsManager::ConstructGameplayTagTree: GameplayTagTreeChangedEvent.Broadcast -  0.000 s
[2018.12.20-02.46.25:167][  0]LogFileCache: Scanning file cache for directory 'A:/GameDev/StrongStyle/STR_StrongStyle_v2/Content/' took 0.02s
[2018.12.20-02.46.25:167][  0]SourceControl: Source control is disabled
[2018.12.20-02.46.25:167][  0]Cmd: MAP LOAD FILE="../../../../../GameDev/StrongStyle/STR_StrongStyle_v2/Content/MAPS/Local.umap" TEMPLATE=0 SHOWPROGRESS=1 FEATURELEVEL=3
[2018.12.20-02.46.25:167][  0]LightingResults: New page: Lighting Build
[2018.12.20-02.46.25:171][  0]MapCheck: New page: Map Check
[2018.12.20-02.46.25:171][  0]LightingResults: New page: Lighting Build
[2018.12.20-02.46.25:451][  0]LogProperty: Error: UStructProperty::Serialize Loading: Property 'StructProperty /Game/BLUEPRINT/PLAYERS/BP_BasketballPlayer_M.BP_BasketballPlayer_M_C:ChangeShotType.CallFunc_GetDataTableRowFromName_OutRow'. Unknown structure.
[2018.12.20-02.46.25:910][  0]LogBlueprint: Error: [Compiler BPW_MenuMain] Spawn node  Create Widget  must have a class specified.
[2018.12.20-02.46.25:910][  0]LogBlueprint: Error: [Compiler BPW_MenuMain] Spawn node  Create Widget  must have a class specified.
[2018.12.20-02.46.26:100][  0]LogBlueprint: Warning: [Compiler BPW_MenuMain] [0012.57] Compile of BPW_MenuMain failed. 2 Fatal Issue(s) 0 Warning(s) [in 420 ms] (/Game/BLUEPRINT/WIDGETS/BPW_MenuMain.BPW_MenuMain)
[2018.12.20-02.46.27:072][  0]LogAIModule: Creating AISystem for world Local
[2018.12.20-02.46.27:082][  0]LogEditorServer: Finished looking for orphan Actors (0.000 secs)
[2018.12.20-02.46.27:113][  0]Cmd: MAP CHECKDEP NOCLEARLOG
[2018.12.20-02.46.27:221][  0]MapCheck: Map check complete: 0 Error(s), 0 Warning(s), took 108.164ms to complete.
[2018.12.20-02.46.27:221][  0]LogFileHelpers: Loading map 'Local' took 2.054
[2018.12.20-02.46.28:765][  0]LogSlate: Only BGRA pngs, bmps or icos are supported in by External Image Picker
[2018.12.20-02.46.28:857][  0]LogSlate: Took 0.000312 seconds to synchronously load lazily loaded font '../../../Engine/Content/Slate/Fonts/Roboto-Regular.ttf' (155K)
[2018.12.20-02.46.29:375][  0]LogTemp: Executing iPhonePackager certificates Engine -bundlename com.YourCompany.STRStrongStylev2
[2018.12.20-02.46.29:375][  0]LogTemp: CWD: A:\Epic Games\UE_4.20\Engine\Binaries\DotNET\IOS
[2018.12.20-02.46.29:375][  0]LogTemp: Initial Dir: A:\Epic Games\UE_4.20
[2018.12.20-02.46.29:375][  0]LogTemp: Env CWD: A:\Epic Games\UE_4.20\Engine\Binaries\DotNET\IOS
[2018.12.20-02.46.29:375][  0]LogTemp: BranchPath = MERTINS/A/Epic Games/UE_4.20/Engine/Binaries --- GameBranchPath = MERTINS/A/Epic Games/UE_4.20/Engine/Binaries
[2018.12.20-02.46.29:375][  0]LogTemp: IPP ERROR: Could not find provision directory 'C:\Users\Dan Lazar\AppData\Local/Apple Computer/MobileDevice/Provisioning Profiles/'.
[2018.12.20-02.46.29:375][  0]LogSlate: Updating window title bar state: overlay mode, drag disabled, window buttons hidden, title bar hidden
[2018.12.20-02.46.29:393][  0]LogCollectionManager: Loaded 0 collections in 0.002738 seconds
[2018.12.20-02.46.29:438][  0]LogFileCache: Scanning file cache for directory 'A:/GameDev/StrongStyle/STR_StrongStyle_v2/Saved/Collections/' took 0.01s
[2018.12.20-02.46.29:438][  0]LogFileCache: Scanning file cache for directory 'A:/GameDev/StrongStyle/STR_StrongStyle_v2/Content/Developers/DanLazar/Collections/' took 0.01s
[2018.12.20-02.46.29:438][  0]LogFileCache: Scanning file cache for directory 'A:/GameDev/StrongStyle/STR_StrongStyle_v2/Content/Collections/' took 0.01s
[2018.12.20-02.46.29:438][  0]LogCollectionManager: Rebuilt the GUID cache for 0 collections in 0.000000 seconds
[2018.12.20-02.46.29:447][  0]LogContentBrowser: Native class hierarchy populated in 0.0088 seconds. Added 2566 classes and 596 folders.
[2018.12.20-02.46.29:458][  0]LogContentBrowser: Native class hierarchy updated for 'WidgetCarousel' in 0.0002 seconds. Added 0 classes and 0 folders.
[2018.12.20-02.46.29:560][  0]LogContentBrowser: Native class hierarchy updated for 'AddContentDialog' in 0.0002 seconds. Added 0 classes and 0 folders.
[2018.12.20-02.46.29:624][  0]LogContentBrowser: Native class hierarchy updated for 'HierarchicalLODOutliner' in 0.0003 seconds. Added 0 classes and 0 folders.
[2018.12.20-02.46.29:624][  0]LogLoad: (Engine Initialization) Total time: 16.10 seconds
[2018.12.20-02.46.29:624][  0]LogLoad: (Engine Initialization) Total Blueprint compile time: 0.00 seconds
[2018.12.20-02.46.29:636][  0]LogWindowsTextInputMethodSystem: Display: IME system now deactivated.
[2018.12.20-02.46.30:178][  0]LogRenderer: Reallocating scene render targets to support 64x64 Format 10 NumSamples 1 (Frame:1).
[2018.12.20-02.46.30:178][  0]LogContentStreaming: Texture pool size now 1000 MB
[2018.12.20-02.46.30:184][  0]LogSlate: Took 0.000358 seconds to synchronously load lazily loaded font '../../../Engine/Content/Slate/Fonts/Roboto-Bold.ttf' (160K)
[2018.12.20-02.46.30:186][  0]LogSlate: Took 0.000377 seconds to synchronously load lazily loaded font '../../../Engine/Content/Editor/Slate/Fonts/FontAwesome.ttf' (139K)
[2018.12.20-02.46.30:288][  0]LogRenderer: Reallocating scene render targets to support 724x276 Format 10 NumSamples 1 (Frame:1).
[2018.12.20-02.46.30:288][  0]LogSlate: Took 0.000442 seconds to synchronously load lazily loaded font '../../../Engine/Content/Slate/Fonts/Roboto-Light.ttf' (167K)
[2018.12.20-02.46.30:351][  1]LogAssetRegistry: Asset discovery search completed in 10.5759 seconds
[2018.12.20-02.46.30:354][  1]LogCollectionManager: Rebuilt the object cache for 0 collections in 0.000001 seconds (found 0 objects)
[2018.12.20-02.46.30:354][  1]LogCollectionManager: Fixed up redirectors for 0 collections in 0.000111 seconds (updated 0 objects)
[2018.12.20-02.46.30:423][  3]LogRenderer: Reallocating scene render targets to support 724x328 Format 10 NumSamples 1 (Frame:1).
[2018.12.20-02.46.30:559][ 13]LogContentStreaming: Texture: "LightMapTexture2D /Game/MAPS/Local_BuiltData.Local_BuiltData:HQ_Lightmap0_1", ResidentMips: 7/11, RequestedMips: 11, WantedMips: 11, Boost: 0.2 (updated)
[2018.12.20-02.46.36:333][680]LogSlate: FSceneViewport::OnFocusLost() reason 0
[2018.12.20-02.47.06:339][956]LogSlate: Window 'Delete Assets' being destroyed
[2018.12.20-02.47.06:360][956]LogSlate: Took 0.000290 seconds to synchronously load lazily loaded font '../../../Engine/Content/Slate/Fonts/Roboto-Light.ttf' (167K)
[2018.12.20-02.47.11:462][436]Cmd: ACTOR SELECT ALL
[2018.12.20-02.47.16:191][980]LogAssetEditorManager: Opening Asset editor for Blueprint /Game/BLUEPRINT/GoalDetector_BP.GoalDetector_BP
[2018.12.20-02.47.16:643][980]LogContentBrowser: Native class hierarchy updated for 'BlueprintGraph' in 0.0006 seconds. Added 116 classes and 0 folders.
[2018.12.20-02.47.18:057][980]LogSlate: Took 0.000353 seconds to synchronously load lazily loaded font '../../../Engine/Content/Slate/Fonts/Roboto-BoldCondensed.ttf' (158K)
[2018.12.20-02.47.18:119][981]LogSlate: Took 0.000303 seconds to synchronously load lazily loaded font '../../../Engine/Content/Slate/Fonts/Roboto-Italic.ttf' (157K)
[2018.12.20-02.47.25:321][803]LogLinker: Warning: Can't find file '/Game/BP_Camera_v2'
[2018.12.20-02.47.25:322][803]LogLinker: Warning: Can't find file for asset '/Game/BP_Camera_v2' while loading ../../../../../GameDev/StrongStyle/STR_StrongStyle_v2/Content/Blueprints/BP_GameState.uasset.
[2018.12.20-02.47.25:322][803]LoadErrors: Error: /Game/Blueprints/BP_GameState : Can't find file for asset. /Game/BP_Camera_v2
[2018.12.20-02.47.25:324][803]LogLinker: Warning: Can't find file '/Game/BP_Camera_v2'
[2018.12.20-02.47.25:324][803]LogLinker: Warning: Can't find file for asset '/Game/BP_Camera_v2' while loading ../../../../../GameDev/StrongStyle/STR_StrongStyle_v2/Content/Blueprints/BP_GameState.uasset.
[2018.12.20-02.47.25:324][803]LogLinker: Warning: Can't find file '/Game/BP_Camera_v2'
[2018.12.20-02.47.25:324][803]LogLinker: Warning: Can't find file for asset '/Game/BP_Camera_v2' while loading ../../../../../GameDev/StrongStyle/STR_StrongStyle_v2/Content/BLUEPRINT/PLAYERS/BP_BasketballPlayer_M.uasset.
[2018.12.20-02.47.25:324][803]LoadErrors: Error: /Game/BLUEPRINT/PLAYERS/BP_BasketballPlayer_M : Can't find file for asset. /Game/BP_Camera_v2
[2018.12.20-02.47.25:329][803]LogLinker: Warning: Can't find file '/Game/BP_Camera_v2'
[2018.12.20-02.47.25:329][803]LogLinker: Warning: Can't find file for asset '/Game/BP_Camera_v2' while loading ../../../../../GameDev/StrongStyle/STR_StrongStyle_v2/Content/BLUEPRINT/PLAYERS/BP_BasketballPlayer_M.uasset.
[2018.12.20-02.47.25:342][803]LogLinker: Warning: Can't find file '/Game/BP_Camera_v2'
[2018.12.20-02.47.25:342][803]LogLinker: Warning: Can't find file for asset '/Game/BP_Camera_v2' while loading ../../../../../GameDev/StrongStyle/STR_StrongStyle_v2/Content/Blueprints/BP_GameState_Local.uasset.
[2018.12.20-02.47.25:342][803]LoadErrors: Error: /Game/Blueprints/BP_GameState_Local : Can't find file for asset. /Game/BP_Camera_v2
[2018.12.20-02.47.25:344][803]LogLinker: Warning: Can't find file '/Game/BP_Camera_v2'
[2018.12.20-02.47.25:344][803]LogLinker: Warning: Can't find file for asset '/Game/BP_Camera_v2' while loading ../../../../../GameDev/StrongStyle/STR_StrongStyle_v2/Content/Blueprints/BP_GameState_Local.uasset.
[2018.12.20-02.47.25:376][803]LogLinker: Warning: Can't find file '/Game/BP_Camera_v2'
[2018.12.20-02.47.25:376][803]LogLinker: Warning: Can't find file for asset '/Game/BP_Camera_v2' while loading ../../../../../GameDev/StrongStyle/STR_StrongStyle_v2/Content/BLUEPRINT/BP_GameInstance.uasset.
[2018.12.20-02.47.25:376][803]LoadErrors: Error: /Game/BLUEPRINT/BP_GameInstance : Can't find file for asset. /Game/BP_Camera_v2
[2018.12.20-02.47.25:379][803]LogLinker: Warning: Can't find file '/Game/BP_Camera_v2'
[2018.12.20-02.47.25:379][803]LogLinker: Warning: Can't find file for asset '/Game/BP_Camera_v2' while loading ../../../../../GameDev/StrongStyle/STR_StrongStyle_v2/Content/BLUEPRINT/BP_GameInstance.uasset.
[2018.12.20-02.47.25:398][803]LogLinker: Warning: Can't find file '/Game/BP_Camera_v2'
[2018.12.20-02.47.25:398][803]LogLinker: Warning: Can't find file for asset '/Game/BP_Camera_v2' while loading ../../../../../GameDev/StrongStyle/STR_StrongStyle_v2/Content/BLUEPRINT/BP_Basketball_PlayerController.uasset.
[2018.12.20-02.47.25:398][803]LoadErrors: Error: /Game/BLUEPRINT/BP_Basketball_PlayerController : Can't find file for asset. /Game/BP_Camera_v2
[2018.12.20-02.47.25:400][803]LogLinker: Warning: Can't find file '/Game/BP_Camera_v2'
[2018.12.20-02.47.25:400][803]LogLinker: Warning: Can't find file for asset '/Game/BP_Camera_v2' while loading ../../../../../GameDev/StrongStyle/STR_StrongStyle_v2/Content/BLUEPRINT/BP_Basketball_PlayerController.uasset.
[2018.12.20-02.47.25:400][803]LogLinker: Warning: Can't find file '/Game/BLUEPRINT/BP_GameCamera'
[2018.12.20-02.47.25:401][803]LogLinker: Warning: Can't find file for asset '/Game/BLUEPRINT/BP_GameCamera' while loading ../../../../../GameDev/StrongStyle/STR_StrongStyle_v2/Content/BasketBallGameMode.uasset.
[2018.12.20-02.47.25:401][803]LoadErrors: Error: /Game/BasketBallGameMode : Can't find file for asset. /Game/BLUEPRINT/BP_GameCamera
[2018.12.20-02.47.25:401][803]LogLinker: Warning: Can't find file '/Game/BP_Camera_v2'
[2018.12.20-02.47.25:401][803]LogLinker: Warning: Can't find file for asset '/Game/BP_Camera_v2' while loading ../../../../../GameDev/StrongStyle/STR_StrongStyle_v2/Content/BasketBallGameMode.uasset.
[2018.12.20-02.47.25:401][803]LoadErrors: Error: /Game/BasketBallGameMode : Can't find file for asset. /Game/BP_Camera_v2
[2018.12.20-02.47.25:405][803]LogLinker: Warning: Can't find file '/Game/BLUEPRINT/BP_GameCamera'
[2018.12.20-02.47.25:405][803]LogLinker: Warning: Can't find file for asset '/Game/BLUEPRINT/BP_GameCamera' while loading ../../../../../GameDev/StrongStyle/STR_StrongStyle_v2/Content/BasketBallGameMode.uasset.
[2018.12.20-02.47.25:406][803]LogLinker: Warning: Can't find file '/Game/BP_Camera_v2'
[2018.12.20-02.47.25:406][803]LogLinker: Warning: Can't find file for asset '/Game/BP_Camera_v2' while loading ../../../../../GameDev/StrongStyle/STR_StrongStyle_v2/Content/BasketBallGameMode.uasset.
[2018.12.20-02.47.25:407][803]LogLinker: Warning: Can't find file '/Game/BLUEPRINT/BP_GameCamera'
[2018.12.20-02.47.25:407][803]LogLinker: Warning: Can't find file for asset '/Game/BLUEPRINT/BP_GameCamera' while loading ../../../../../GameDev/StrongStyle/STR_StrongStyle_v2/Content/MAPS/Local_SmallCourt.umap.
[2018.12.20-02.47.25:407][803]LoadErrors: Error: /Game/MAPS/Local_SmallCourt : Can't find file for asset. /Game/BLUEPRINT/BP_GameCamera
[2018.12.20-02.47.25:408][803]LogLinker: Warning: Can't find file '/Game/BP_Camera'
[2018.12.20-02.47.25:408][803]LogLinker: Warning: Can't find file for asset '/Game/BP_Camera' while loading ../../../../../GameDev/StrongStyle/STR_StrongStyle_v2/Content/MAPS/Local_SmallCourt.umap.
[2018.12.20-02.47.25:408][803]LoadErrors: Error: /Game/MAPS/Local_SmallCourt : Can't find file for asset. /Game/BP_Camera
[2018.12.20-02.47.25:411][803]LogLinker: Warning: Can't find file '/Game/MAPS/Local_SmallCourt_BuiltData'
[2018.12.20-02.47.25:411][803]LogLinker: Warning: Can't find file for asset '/Game/MAPS/Local_SmallCourt_BuiltData' while loading ../../../../../GameDev/StrongStyle/STR_StrongStyle_v2/Content/MAPS/Local_SmallCourt.umap.
[2018.12.20-02.47.25:411][803]LoadErrors: Error: /Game/MAPS/Local_SmallCourt : Can't find file for asset. /Game/MAPS/Local_SmallCourt_BuiltData
[2018.12.20-02.47.25:441][803]LogLinker: Warning: Can't find file '/Game/BLUEPRINT/BP_GameCamera'
[2018.12.20-02.47.25:442][803]LogLinker: Warning: Can't find file for asset '/Game/BLUEPRINT/BP_GameCamera' while loading ../../../../../GameDev/StrongStyle/STR_StrongStyle_v2/Content/MAPS/Local_SmallCourt.umap.
[2018.12.20-02.47.25:443][803]LogLinker: Warning: Can't find file '/Game/BP_Camera'
[2018.12.20-02.47.25:443][803]LogLinker: Warning: Can't find file for asset '/Game/BP_Camera' while loading ../../../../../GameDev/StrongStyle/STR_StrongStyle_v2/Content/MAPS/Local_SmallCourt.umap.
[2018.12.20-02.47.25:443][803]LogLinker: Warning: Can't find file '/Game/MAPS/Local_SmallCourt_BuiltData'
[2018.12.20-02.47.25:443][803]LogLinker: Warning: Can't find file for asset '/Game/MAPS/Local_SmallCourt_BuiltData' while loading ../../../../../GameDev/StrongStyle/STR_StrongStyle_v2/Content/MAPS/Local_SmallCourt.umap.
[2018.12.20-02.47.25:447][803]LogLinker: Warning: Can't find file '/Game/BLUEPRINT/BP_GameCamera'
[2018.12.20-02.47.25:447][803]LogLinker: Warning: Can't find file for asset '/Game/BLUEPRINT/BP_GameCamera' while loading NULL.
[2018.12.20-02.47.25:447][803]LogLinker: Warning: Can't find file '/Game/BLUEPRINT/BP_GameCamera'
[2018.12.20-02.47.25:448][803]LogLinker: Warning: Can't find file for asset '/Game/BLUEPRINT/BP_GameCamera' while loading NULL.
[2018.12.20-02.47.25:448][803]LogLinker: Warning: Can't find file '/Game/BP_Camera'
[2018.12.20-02.47.25:448][803]LogLinker: Warning: Can't find file for asset '/Game/BP_Camera' while loading NULL.
[2018.12.20-02.47.25:448][803]LogLinker: Warning: Can't find file '/Game/MAPS/Local_SmallCourt_BuiltData'
[2018.12.20-02.47.25:448][803]LogLinker: Warning: Can't find file for asset '/Game/MAPS/Local_SmallCourt_BuiltData' while loading NULL.
[2018.12.20-02.47.25:448][803]LogLinker: Warning: Can't find file '/Game/BLUEPRINT/BP_GameCamera'
[2018.12.20-02.47.25:448][803]LogLinker: Warning: Can't find file for asset '/Game/BLUEPRINT/BP_GameCamera' while loading NULL.
[2018.12.20-02.47.25:449][803]LogLinker: Warning: Can't find file '/Game/BP_Camera'
[2018.12.20-02.47.25:449][803]LogLinker: Warning: Can't find file for asset '/Game/BP_Camera' while loading NULL.
[2018.12.20-02.47.25:449][803]LogLinker: Warning: Can't find file '/Game/MAPS/Local_SmallCourt_BuiltData'
[2018.12.20-02.47.25:449][803]LogLinker: Warning: Can't find file for asset '/Game/MAPS/Local_SmallCourt_BuiltData' while loading NULL.
[2018.12.20-02.47.25:449][803]LogLinker: Warning: Can't find file '/Game/BP_Camera'
[2018.12.20-02.47.25:449][803]LoadErrors: Failed to load /Game/BP_Camera.BP_Camera_C Referenced by Default__Local_SmallCourt_C
[2018.12.20-02.47.25:449][803]LogLinker: Warning: Can't find file for asset '/Game/BP_Camera' while loading NULL.
[2018.12.20-02.47.25:452][803]LogLinker: Warning: Can't find file '/Game/BLUEPRINT/BP_GameCamera'
[2018.12.20-02.47.25:453][803]LoadErrors: Failed to load /Game/BLUEPRINT/BP_GameCamera.BP_GameCamera_C Referenced by K2Node_CallFunction_7
[2018.12.20-02.47.25:453][803]LogLinker: Warning: Can't find file for asset '/Game/BLUEPRINT/BP_GameCamera' while loading NULL.
[2018.12.20-02.47.25:453][803]LogLinker: Warning: Can't find file '/Game/BLUEPRINT/BP_GameCamera'
[2018.12.20-02.47.25:453][803]LogLinker: Warning: Can't find file for asset '/Game/BLUEPRINT/BP_GameCamera' while loading NULL.
[2018.12.20-02.47.25:454][803]LogLinker: Warning: Can't find file '/Game/BLUEPRINT/BP_GameCamera'
[2018.12.20-02.47.25:454][803]LoadErrors: Failed to load /Game/BLUEPRINT/BP_GameCamera.BP_GameCamera_C Referenced by K2Node_DynamicCast_1
[2018.12.20-02.47.25:454][803]LogLinker: Warning: Can't find file for asset '/Game/BLUEPRINT/BP_GameCamera' while loading NULL.
[2018.12.20-02.47.25:454][803]LogLinker: Warning: Can't find file '/Game/BLUEPRINT/BP_GameCamera'
[2018.12.20-02.47.25:454][803]LogLinker: Warning: Can't find file for asset '/Game/BLUEPRINT/BP_GameCamera' while loading NULL.
[2018.12.20-02.47.25:460][803]LogBlueprint: Error: [Compiler PersistentLevel.Local_SmallCourt] COMPILER ERROR: failed building connection with 'This cast has an invalid target type (was the class deleted without a redirect?).' at  Get (a copy)
[2018.12.20-02.47.25:460][803]LogBlueprint: Error: [Compiler PersistentLevel.Local_SmallCourt] In use pin  As BP Game Camera  no longer exists on node  Bad cast node . Please refresh node or break links to remove pin.
[2018.12.20-02.47.25:462][803]LogBlueprint: Warning: [Compiler PersistentLevel.Local_SmallCourt] [0071.93] Compile of PersistentLevel.Local_SmallCourt failed. 2 Fatal Issue(s) 0 Warning(s) [in 7 ms] (/Game/MAPS/Local_SmallCourt.Local_SmallCourt:PersistentLevel.Local_SmallCourt)
[2018.12.20-02.47.25:474][803]LogLinker: Warning: Can't find file '/Game/MAPS/Local_SmallCourt_BuiltData'
[2018.12.20-02.47.25:474][803]LoadErrors: Failed to load /Game/MAPS/Local_SmallCourt_BuiltData.Local_SmallCourt_BuiltData Referenced by PersistentLevel
[2018.12.20-02.47.25:474][803]LogLinker: Warning: Can't find file for asset '/Game/MAPS/Local_SmallCourt_BuiltData' while loading NULL.
[2018.12.20-02.47.25:489][803]LogAIModule: Creating AISystem for world Local_SmallCourt
[2018.12.20-02.47.25:499][803]LogLinker: Warning: Can't find file '/Game/MAPS/Menu_BuiltData'
[2018.12.20-02.47.25:499][803]LogLinker: Warning: Can't find file for asset '/Game/MAPS/Menu_BuiltData' while loading ../../../../../GameDev/StrongStyle/STR_StrongStyle_v2/Content/MAPS/Menu.umap.
[2018.12.20-02.47.25:499][803]LoadErrors: Error: /Game/MAPS/Menu : Can't find file for asset. /Game/MAPS/Menu_BuiltData
[2018.12.20-02.47.25:501][803]LogLinker: Warning: Can't find file '/Game/MAPS/Menu_BuiltData'
[2018.12.20-02.47.25:501][803]LogLinker: Warning: Can't find file for asset '/Game/MAPS/Menu_BuiltData' while loading ../../../../../GameDev/StrongStyle/STR_StrongStyle_v2/Content/MAPS/Menu.umap.
[2018.12.20-02.47.25:502][803]LogLinker: Warning: Can't find file '/Game/MAPS/Menu_BuiltData'
[2018.12.20-02.47.25:502][803]LogLinker: Warning: Can't find file for asset '/Game/MAPS/Menu_BuiltData' while loading NULL.
[2018.12.20-02.47.25:502][803]LogLinker: Warning: Can't find file '/Game/MAPS/Menu_BuiltData'
[2018.12.20-02.47.25:502][803]LogLinker: Warning: Can't find file for asset '/Game/MAPS/Menu_BuiltData' while loading NULL.
[2018.12.20-02.47.25:507][803]LogLinker: Warning: Can't find file '/Game/MAPS/Menu_BuiltData'
[2018.12.20-02.47.25:507][803]LoadErrors: Failed to load /Game/MAPS/Menu_BuiltData.Menu_BuiltData Referenced by PersistentLevel
[2018.12.20-02.47.25:507][803]LogLinker: Warning: Can't find file for asset '/Game/MAPS/Menu_BuiltData' while loading NULL.
[2018.12.20-02.47.25:511][803]LogAIModule: Creating AISystem for world Menu
[2018.12.20-02.47.25:514][803]LogLinker: Warning: Can't find file '/Game/MAPS/MenuLocal_BuiltData'
[2018.12.20-02.47.25:514][803]LogLinker: Warning: Can't find file for asset '/Game/MAPS/MenuLocal_BuiltData' while loading ../../../../../GameDev/StrongStyle/STR_StrongStyle_v2/Content/MAPS/MenuLocal.umap.
[2018.12.20-02.47.25:514][803]LoadErrors: Error: /Game/MAPS/MenuLocal : Can't find file for asset. /Game/MAPS/MenuLocal_BuiltData
[2018.12.20-02.47.25:515][803]LogLinker: Warning: Can't find file '/Game/MAPS/MenuLocal_BuiltData'
[2018.12.20-02.47.25:515][803]LogLinker: Warning: Can't find file for asset '/Game/MAPS/MenuLocal_BuiltData' while loading ../../../../../GameDev/StrongStyle/STR_StrongStyle_v2/Content/MAPS/MenuLocal.umap.
[2018.12.20-02.47.25:516][803]LogLinker: Warning: Can't find file '/Game/MAPS/MenuLocal_BuiltData'
[2018.12.20-02.47.25:516][803]LogLinker: Warning: Can't find file for asset '/Game/MAPS/MenuLocal_BuiltData' while loading NULL.
[2018.12.20-02.47.25:516][803]LogLinker: Warning: Can't find file '/Game/MAPS/MenuLocal_BuiltData'
[2018.12.20-02.47.25:516][803]LogLinker: Warning: Can't find file for asset '/Game/MAPS/MenuLocal_BuiltData' while loading NULL.
[2018.12.20-02.47.25:520][803]LogLinker: Warning: Can't find file '/Game/MAPS/MenuLocal_BuiltData'
[2018.12.20-02.47.25:520][803]LoadErrors: Failed to load /Game/MAPS/MenuLocal_BuiltData.MenuLocal_BuiltData Referenced by PersistentLevel
[2018.12.20-02.47.25:520][803]LogLinker: Warning: Can't find file for asset '/Game/MAPS/MenuLocal_BuiltData' while loading NULL.
[2018.12.20-02.47.25:522][803]LogAIModule: Creating AISystem for world MenuLocal
[2018.12.20-02.47.25:526][803]LogLinker: Warning: Can't find file '/Game/BLUEPRINT/BP_GameCamera'
[2018.12.20-02.47.25:526][803]LogLinker: Warning: Can't find file for asset '/Game/BLUEPRINT/BP_GameCamera' while loading ../../../../../GameDev/StrongStyle/STR_StrongStyle_v2/Content/MAPS/Online.umap.
[2018.12.20-02.47.25:527][803]LoadErrors: Error: /Game/MAPS/Online : Can't find file for asset. /Game/BLUEPRINT/BP_GameCamera
[2018.12.20-02.47.25:529][803]LogLinker: Warning: Can't find file '/Game/BP_Camera'
[2018.12.20-02.47.25:529][803]LogLinker: Warning: Can't find file for asset '/Game/BP_Camera' while loading ../../../../../GameDev/StrongStyle/STR_StrongStyle_v2/Content/MAPS/Online.umap.
[2018.12.20-02.47.25:529][803]LoadErrors: Error: /Game/MAPS/Online : Can't find file for asset. /Game/BP_Camera
[2018.12.20-02.47.25:532][803]LogLinker: Warning: Can't find file '/Game/MAPS/Online_BuiltData'
[2018.12.20-02.47.25:532][803]LogLinker: Warning: Can't find file for asset '/Game/MAPS/Online_BuiltData' while loading ../../../../../GameDev/StrongStyle/STR_StrongStyle_v2/Content/MAPS/Online.umap.
[2018.12.20-02.47.25:532][803]LoadErrors: Error: /Game/MAPS/Online : Can't find file for asset. /Game/MAPS/Online_BuiltData
[2018.12.20-02.47.25:535][803]LogLinker: Warning: Can't find file '/Game/BLUEPRINT/BP_GameCamera'
[2018.12.20-02.47.25:535][803]LogLinker: Warning: Can't find file for asset '/Game/BLUEPRINT/BP_GameCamera' while loading ../../../../../GameDev/StrongStyle/STR_StrongStyle_v2/Content/MAPS/Online.umap.
[2018.12.20-02.47.25:536][803]LogLinker: Warning: Can't find file '/Game/BP_Camera'
[2018.12.20-02.47.25:536][803]LogLinker: Warning: Can't find file for asset '/Game/BP_Camera' while loading ../../../../../GameDev/StrongStyle/STR_StrongStyle_v2/Content/MAPS/Online.umap.
[2018.12.20-02.47.25:537][803]LogLinker: Warning: Can't find file '/Game/MAPS/Online_BuiltData'
[2018.12.20-02.47.25:537][803]LogLinker: Warning: Can't find file for asset '/Game/MAPS/Online_BuiltData' while loading ../../../../../GameDev/StrongStyle/STR_StrongStyle_v2/Content/MAPS/Online.umap.
[2018.12.20-02.47.25:539][803]LogLinker: Warning: Can't find file '/Game/BLUEPRINT/BP_GameCamera'
[2018.12.20-02.47.25:539][803]LogLinker: Warning: Can't find file for asset '/Game/BLUEPRINT/BP_GameCamera' while loading NULL.
[2018.12.20-02.47.25:539][803]LogLinker: Warning: Can't find file '/Game/BLUEPRINT/BP_GameCamera'
[2018.12.20-02.47.25:540][803]LogLinker: Warning: Can't find file for asset '/Game/BLUEPRINT/BP_GameCamera' while loading NULL.
[2018.12.20-02.47.25:540][803]LogLinker: Warning: Can't find file '/Game/BP_Camera'
[2018.12.20-02.47.25:540][803]LogLinker: Warning: Can't find file for asset '/Game/BP_Camera' while loading NULL.
[2018.12.20-02.47.25:540][803]LogLinker: Warning: Can't find file '/Game/MAPS/Online_BuiltData'
[2018.12.20-02.47.25:540][803]LogLinker: Warning: Can't find file for asset '/Game/MAPS/Online_BuiltData' while loading NULL.
[2018.12.20-02.47.25:540][803]LogLinker: Warning: Can't find file '/Game/BLUEPRINT/BP_GameCamera'
[2018.12.20-02.47.25:540][803]LogLinker: Warning: Can't find file for asset '/Game/BLUEPRINT/BP_GameCamera' while loading NULL.
[2018.12.20-02.47.25:540][803]LogLinker: Warning: Can't find file '/Game/BP_Camera'
[2018.12.20-02.47.25:541][803]LogLinker: Warning: Can't find file for asset '/Game/BP_Camera' while loading NULL.
[2018.12.20-02.47.25:541][803]LogLinker: Warning: Can't find file '/Game/MAPS/Online_BuiltData'
[2018.12.20-02.47.25:541][803]LogLinker: Warning: Can't find file for asset '/Game/MAPS/Online_BuiltData' while loading NULL.
[2018.12.20-02.47.25:541][803]LogLinker: Warning: Can't find file '/Game/BP_Camera'
[2018.12.20-02.47.25:541][803]LoadErrors: Failed to load /Game/BP_Camera.BP_Camera_C Referenced by Default__Online_C
[2018.12.20-02.47.25:541][803]LogLinker: Warning: Can't find file for asset '/Game/BP_Camera' while loading NULL.
[2018.12.20-02.47.25:544][803]LogLinker: Warning: Can't find file '/Game/BLUEPRINT/BP_GameCamera'
[2018.12.20-02.47.25:544][803]LogLinker: Warning: Can't find file for asset '/Game/BLUEPRINT/BP_GameCamera' while loading NULL.
[2018.12.20-02.47.25:544][803]LogLinker: Warning: Can't find file '/Game/BLUEPRINT/BP_GameCamera'
[2018.12.20-02.47.25:544][803]LogLinker: Warning: Can't find file for asset '/Game/BLUEPRINT/BP_GameCamera' while loading NULL.
[2018.12.20-02.47.25:545][803]LogLinker: Warning: Can't find file '/Game/BLUEPRINT/BP_GameCamera'
[2018.12.20-02.47.25:545][803]LogLinker: Warning: Can't find file for asset '/Game/BLUEPRINT/BP_GameCamera' while loading NULL.
[2018.12.20-02.47.25:545][803]LogLinker: Warning: Can't find file '/Game/BLUEPRINT/BP_GameCamera'
[2018.12.20-02.47.25:545][803]LogLinker: Warning: Can't find file for asset '/Game/BLUEPRINT/BP_GameCamera' while loading NULL.
[2018.12.20-02.47.25:551][803]LogBlueprint: Error: [Compiler PersistentLevel.Online] COMPILER ERROR: failed building connection with 'This cast has an invalid target type (was the class deleted without a redirect?).' at  Get (a copy)
[2018.12.20-02.47.25:551][803]LogBlueprint: Error: [Compiler PersistentLevel.Online] In use pin  As BP Game Camera  no longer exists on node  Bad cast node . Please refresh node or break links to remove pin.
[2018.12.20-02.47.25:553][803]LogBlueprint: Warning: [Compiler PersistentLevel.Online] [0072.02] Compile of PersistentLevel.Online failed. 2 Fatal Issue(s) 0 Warning(s) [in 7 ms] (/Game/MAPS/Online.Online:PersistentLevel.Online)
[2018.12.20-02.47.25:561][803]LogLinker: Warning: Can't find file '/Game/MAPS/Online_BuiltData'
[2018.12.20-02.47.25:561][803]LoadErrors: Failed to load /Game/MAPS/Online_BuiltData.Online_BuiltData Referenced by PersistentLevel
[2018.12.20-02.47.25:561][803]LogLinker: Warning: Can't find file for asset '/Game/MAPS/Online_BuiltData' while loading NULL.
[2018.12.20-02.47.25:574][803]LogAIModule: Creating AISystem for world Online
[2018.12.20-02.47.27:323][803]LogSlate: Window 'Delete Assets' being destroyed
[2018.12.20-02.47.28:579][910]LogSlate: Prevented a slow task dialog from being summoned while a context menu was open
[2018.12.20-02.47.28:601][910]LogLinker: Warning: Can't find file '/Game/BLUEPRINT/BP_GameCamera'
[2018.12.20-02.47.28:601][910]LogLinker: Warning: Can't find file for asset '/Game/BLUEPRINT/BP_GameCamera' while loading ../../../../../GameDev/StrongStyle/STR_StrongStyle_v2/Content/MAPS/ARCHIVE/Local_Multiplayer.umap.
[2018.12.20-02.47.28:601][910]LoadErrors: Error: /Game/MAPS/ARCHIVE/Local_Multiplayer : Can't find file for asset. /Game/BLUEPRINT/BP_GameCamera
[2018.12.20-02.47.28:602][910]LogLinker: Warning: Can't find file '/Game/BLUEPRINT/BP_GameCamera'
[2018.12.20-02.47.28:602][910]LogLinker: Warning: Can't find file for asset '/Game/BLUEPRINT/BP_GameCamera' while loading ../../../../../GameDev/StrongStyle/STR_StrongStyle_v2/Content/MAPS/ARCHIVE/Local_Multiplayer.umap.
[2018.12.20-02.47.28:603][910]LogLinker: Warning: Can't find file '/Game/BLUEPRINT/BP_GameCamera'
[2018.12.20-02.47.28:603][910]LogLinker: Warning: Can't find file for asset '/Game/BLUEPRINT/BP_GameCamera' while loading ../../../../../GameDev/StrongStyle/STR_StrongStyle_v2/Content/MAPS/ARCHIVE/Local_Multiplayer.umap.
[2018.12.20-02.47.28:609][910]LogLinker: Warning: Can't find file '/Game/BLUEPRINT/BP_GameCamera'
[2018.12.20-02.47.28:609][910]LogLinker: Warning: Can't find file for asset '/Game/BLUEPRINT/BP_GameCamera' while loading ../../../../../GameDev/StrongStyle/STR_StrongStyle_v2/Content/MAPS/ARCHIVE/Local_Multiplayer.umap.
[2018.12.20-02.47.28:611][910]LogLinker: Warning: Can't find file '/Game/BLUEPRINT/BP_GameCamera'
[2018.12.20-02.47.28:611][910]LogLinker: Warning: Can't find file for asset '/Game/BLUEPRINT/BP_GameCamera' while loading ../../../../../GameDev/StrongStyle/STR_StrongStyle_v2/Content/MAPS/ARCHIVE/Local_Multiplayer.umap.
[2018.12.20-02.47.28:613][910]LogLinker: Warning: Can't find file '/Game/BLUEPRINT/BP_GameCamera'
[2018.12.20-02.47.28:613][910]LogLinker: Warning: Can't find file for asset '/Game/BLUEPRINT/BP_GameCamera' while loading NULL.
[2018.12.20-02.47.28:614][910]LogLinker: Warning: Can't find file '/Game/BLUEPRINT/BP_GameCamera'
[2018.12.20-02.47.28:614][910]LogLinker: Warning: Can't find file for asset '/Game/BLUEPRINT/BP_GameCamera' while loading NULL.
[2018.12.20-02.47.28:614][910]LogLinker: Warning: Can't find file '/Game/BLUEPRINT/BP_GameCamera'
[2018.12.20-02.47.28:614][910]LogLinker: Warning: Can't find file for asset '/Game/BLUEPRINT/BP_GameCamera' while loading NULL.
[2018.12.20-02.47.28:614][910]LogLinker: Warning: Can't find file '/Game/BLUEPRINT/BP_GameCamera'
[2018.12.20-02.47.28:614][910]LogLinker: Warning: Can't find file for asset '/Game/BLUEPRINT/BP_GameCamera' while loading NULL.
[2018.12.20-02.47.28:614][910]LogLinker: Warning: Can't find file '/Game/BLUEPRINT/BP_GameCamera'
[2018.12.20-02.47.28:615][910]LogLinker: Warning: Can't find file for asset '/Game/BLUEPRINT/BP_GameCamera' while loading NULL.
[2018.12.20-02.47.28:615][910]LogLinker: Warning: Can't find file '/Game/BLUEPRINT/BP_GameCamera'
[2018.12.20-02.47.28:615][910]LogLinker: Warning: Can't find file for asset '/Game/BLUEPRINT/BP_GameCamera' while loading NULL.
[2018.12.20-02.47.28:615][910]LogLinker: Warning: Can't find file '/Game/BLUEPRINT/BP_GameCamera'
[2018.12.20-02.47.28:615][910]LoadErrors: Failed to load /Game/BLUEPRINT/BP_GameCamera.BP_GameCamera_C Referenced by Local_Multiplayer
[2018.12.20-02.47.28:615][910]LogLinker: Warning: Can't find file for asset '/Game/BLUEPRINT/BP_GameCamera' while loading NULL.
[2018.12.20-02.47.28:617][910]LogLinker: Warning: Can't find file '/Game/BLUEPRINT/BP_GameCamera'
[2018.12.20-02.47.28:617][910]LoadErrors: Failed to load /Game/BLUEPRINT/BP_GameCamera.BP_GameCamera_C Referenced by K2Node_CallFunction_6
[2018.12.20-02.47.28:617][910]LogLinker: Warning: Can't find file for asset '/Game/BLUEPRINT/BP_GameCamera' while loading NULL.
[2018.12.20-02.47.28:618][910]LogLinker: Warning: Can't find file '/Game/BLUEPRINT/BP_GameCamera'
[2018.12.20-02.47.28:618][910]LogLinker: Warning: Can't find file for asset '/Game/BLUEPRINT/BP_GameCamera' while loading NULL.
[2018.12.20-02.47.28:618][910]LogLinker: Warning: Can't find file '/Game/BLUEPRINT/BP_GameCamera'
[2018.12.20-02.47.28:618][910]LoadErrors: Failed to load /Game/BLUEPRINT/BP_GameCamera.BP_GameCamera_C Referenced by K2Node_SpawnActorFromClass_1
[2018.12.20-02.47.28:618][910]LogLinker: Warning: Can't find file for asset '/Game/BLUEPRINT/BP_GameCamera' while loading NULL.
[2018.12.20-02.47.28:619][910]LogLinker: Warning: Can't find file '/Game/BLUEPRINT/BP_GameCamera'
[2018.12.20-02.47.28:619][910]LogLinker: Warning: Can't find file for asset '/Game/BLUEPRINT/BP_GameCamera' while loading NULL.
[2018.12.20-02.47.28:619][910]LogLinker: Warning: Can't find file '/Game/BLUEPRINT/BP_GameCamera'
[2018.12.20-02.47.28:619][910]LoadErrors: Failed to load /Game/BLUEPRINT/BP_GameCamera.BP_GameCamera_C Referenced by K2Node_CallFunction_4
[2018.12.20-02.47.28:619][910]LogLinker: Warning: Can't find file for asset '/Game/BLUEPRINT/BP_GameCamera' while loading NULL.
[2018.12.20-02.47.28:619][910]LogLinker: Warning: Can't find file '/Game/BLUEPRINT/BP_GameCamera'
[2018.12.20-02.47.28:620][910]LogLinker: Warning: Can't find file for asset '/Game/BLUEPRINT/BP_GameCamera' while loading NULL.
[2018.12.20-02.47.28:620][910]LogLinker: Warning: Can't find file '/Game/BLUEPRINT/BP_GameCamera'
[2018.12.20-02.47.28:620][910]LoadErrors: Failed to load /Game/BLUEPRINT/BP_GameCamera.BP_GameCamera_C Referenced by K2Node_MacroInstance_0
[2018.12.20-02.47.28:620][910]LogLinker: Warning: Can't find file for asset '/Game/BLUEPRINT/BP_GameCamera' while loading NULL.
[2018.12.20-02.47.28:620][910]LogLinker: Warning: Can't find file '/Game/BLUEPRINT/BP_GameCamera'
[2018.12.20-02.47.28:620][910]LogLinker: Warning: Can't find file for asset '/Game/BLUEPRINT/BP_GameCamera' while loading NULL.
[2018.12.20-02.47.28:621][910]LogLinker: Warning: Can't find file '/Game/BLUEPRINT/BP_GameCamera'
[2018.12.20-02.47.28:621][910]LogLinker: Warning: Can't find file for asset '/Game/BLUEPRINT/BP_GameCamera' while loading NULL.
[2018.12.20-02.47.28:621][910]LogLinker: Warning: Can't find file '/Game/BLUEPRINT/BP_GameCamera'
[2018.12.20-02.47.28:621][910]LoadErrors: Failed to load /Game/BLUEPRINT/BP_GameCamera.BP_GameCamera_C Referenced by K2Node_VariableSet_8
[2018.12.20-02.47.28:621][910]LogLinker: Warning: Can't find file for asset '/Game/BLUEPRINT/BP_GameCamera' while loading NULL.
[2018.12.20-02.47.28:622][910]LogLinker: Warning: Can't find file '/Game/BLUEPRINT/BP_GameCamera'
[2018.12.20-02.47.28:622][910]LogLinker: Warning: Can't find file for asset '/Game/BLUEPRINT/BP_GameCamera' while loading NULL.
[2018.12.20-02.47.28:623][910]LogLinker: Warning: Can't find file '/Game/BLUEPRINT/BP_GameCamera'
[2018.12.20-02.47.28:623][910]LogLinker: Warning: Can't find file for asset '/Game/BLUEPRINT/BP_GameCamera' while loading NULL.
[2018.12.20-02.47.28:623][910]LogLinker: Warning: Can't find file '/Game/BLUEPRINT/BP_GameCamera'
[2018.12.20-02.47.28:623][910]LogLinker: Warning: Can't find file for asset '/Game/BLUEPRINT/BP_GameCamera' while loading NULL.
[2018.12.20-02.47.28:624][910]LogLinker: Warning: Can't find file '/Game/BLUEPRINT/BP_GameCamera'
[2018.12.20-02.47.28:624][910]LogLinker: Warning: Can't find file for asset '/Game/BLUEPRINT/BP_GameCamera' while loading NULL.
[2018.12.20-02.47.28:624][910]LogLinker: Warning: Can't find file '/Game/BLUEPRINT/BP_GameCamera'
[2018.12.20-02.47.28:624][910]LogLinker: Warning: Can't find file for asset '/Game/BLUEPRINT/BP_GameCamera' while loading NULL.
[2018.12.20-02.47.28:625][910]LogLinker: Warning: Can't find file '/Game/BLUEPRINT/BP_GameCamera'
[2018.12.20-02.47.28:625][910]LoadErrors: Failed to load /Game/BLUEPRINT/BP_GameCamera.BP_GameCamera_C Referenced by K2Node_VariableSet_6
[2018.12.20-02.47.28:625][910]LogLinker: Warning: Can't find file for asset '/Game/BLUEPRINT/BP_GameCamera' while loading NULL.
[2018.12.20-02.47.28:625][910]LogLinker: Warning: Can't find file '/Game/BLUEPRINT/BP_GameCamera'
[2018.12.20-02.47.28:625][910]LogLinker: Warning: Can't find file for asset '/Game/BLUEPRINT/BP_GameCamera' while loading NULL.
[2018.12.20-02.47.28:629][910]LogBlueprint: Error: [Compiler PersistentLevel.Local_Multiplayer] Spawn node  SpawnActor NONE  must have a  Class  specified.
[2018.12.20-02.47.28:631][910]LogBlueprint: Error: [Compiler PersistentLevel.Local_Multiplayer] COMPILER ERROR: failed building connection with 'Array of Object References is not compatible with Array of Actor Object References.' at  Get (a copy)
[2018.12.20-02.47.28:631][910]LogBlueprint: Error: [Compiler PersistentLevel.Local_Multiplayer] COMPILER ERROR: failed building connection with 'Object Reference is not compatible with Actor Object Reference.' at  Get (a copy)
[2018.12.20-02.47.28:631][910]LogBlueprint: Error: [Compiler PersistentLevel.Local_Multiplayer] In use pin  Game Camera  no longer exists on node  Set . Please refresh node or break links to remove pin.
[2018.12.20-02.47.28:631][910]LogBlueprint: Error: [Compiler PersistentLevel.Local_Multiplayer] In use pin  <Unnamed>  no longer exists on node  Set . Please refresh node or break links to remove pin.
[2018.12.20-02.47.28:631][910]LogBlueprint: Error: [Compiler PersistentLevel.Local_Multiplayer] Can't connect pins  Out Actors  and  Target Array : Array of Actor Object References is not compatible with Array of Object References.
[2018.12.20-02.47.28:632][910]LogBlueprint: Error: [Compiler PersistentLevel.Local_Multiplayer] Invalid pin connection from ' Out Actors ' to ' Target Array '. You may have changed the type after the connections were made.
[2018.12.20-02.47.28:632][910]LogBlueprint: Warning: [Compiler PersistentLevel.Local_Multiplayer] Input pin  Instigator  specifying non-default value no longer exists on node  SpawnActor NONE . Please refresh node or reset pin to default value to remove pin.
[2018.12.20-02.47.28:632][910]LogBlueprint: Error: [Compiler PersistentLevel.Local_Multiplayer] In use pin  <Unnamed>  no longer exists on node  Set Look at Target . Please refresh node or break links to remove pin.
[2018.12.20-02.47.28:632][910]LogBlueprint: Error: [Compiler PersistentLevel.Local_Multiplayer] In use pin  <Unnamed>  no longer exists on node  Set Look at Target . Please refresh node or break links to remove pin.
[2018.12.20-02.47.28:632][910]LogBlueprint: Error: [Compiler PersistentLevel.Local_Multiplayer] In use pin  Target  no longer exists on node  Set Look at Target . Please refresh node or break links to remove pin.
[2018.12.20-02.47.28:632][910]LogBlueprint: Error: [Compiler PersistentLevel.Local_Multiplayer] In use pin  New Look at Target  no longer exists on node  Set Look at Target . Please refresh node or break links to remove pin.
[2018.12.20-02.47.28:632][910]LogBlueprint: Error: [Compiler PersistentLevel.Local_Multiplayer] Could not find a function named "SetLookAtTarget" in 'Local_Multiplayer'.
Make sure 'Local_Multiplayer' has been compiled for  Set Look at Target
[2018.12.20-02.47.28:632][910]LogBlueprint: Error: [Compiler PersistentLevel.Local_Multiplayer] Can't connect pins  Target Array  and  Out Actors : Array of Object References is not compatible with Array of Actor Object References.
[2018.12.20-02.47.28:633][910]LogBlueprint: Error: [Compiler PersistentLevel.Local_Multiplayer] COMPILER ERROR: failed building connection with 'This cast has an invalid target type (was the class deleted without a redirect?).' at  Get (a copy)
[2018.12.20-02.47.28:633][910]LogBlueprint: Error: [Compiler PersistentLevel.Local_Multiplayer] In use pin  As BP Game Camera  no longer exists on node  Bad cast node . Please refresh node or break links to remove pin.
[2018.12.20-02.47.28:633][910]LogBlueprint: Error: [Compiler PersistentLevel.Local_Multiplayer] In use pin  Game Camera  no longer exists on node  Set . Please refresh node or break links to remove pin.
[2018.12.20-02.47.28:635][910]LogBlueprint: Warning: [Compiler PersistentLevel.Local_Multiplayer] [0075.11] Compile of PersistentLevel.Local_Multiplayer failed. 16 Fatal Issue(s) 1 Warning(s) [in 9 ms] (/Game/MAPS/ARCHIVE/Local_Multiplayer.Local_Multiplayer:PersistentLevel.Local_Multiplayer)
[2018.12.20-02.47.28:638][910]LogLinker: Warning: Can't find file '/Game/BLUEPRINT/BP_GameCamera'
[2018.12.20-02.47.28:638][910]LogLinker: Warning: Can't find file for asset '/Game/BLUEPRINT/BP_GameCamera' while loading NULL.
[2018.12.20-02.47.28:638][910]LogLinker: Warning: Can't find file '/Game/BLUEPRINT/BP_GameCamera'
[2018.12.20-02.47.28:639][910]LogLinker: Warning: Can't find file for asset '/Game/BLUEPRINT/BP_GameCamera' while loading NULL.
[2018.12.20-02.47.28:678][910]LogAIModule: Creating AISystem for world Local_Multiplayer
[2018.12.20-02.47.28:706][910]LogLinker: Warning: Can't find file '/Game/BLUEPRINT/BP_GameCamera'
[2018.12.20-02.47.28:706][910]LogLinker: Warning: Can't find file for asset '/Game/BLUEPRINT/BP_GameCamera' while loading ../../../../../GameDev/StrongStyle/STR_StrongStyle_v2/Content/MAPS/ARCHIVE/MAP_Online_Multiplayer.umap.
[2018.12.20-02.47.28:707][910]LoadErrors: Error: /Game/MAPS/ARCHIVE/MAP_Online_Multiplayer : Can't find file for asset. /Game/BLUEPRINT/BP_GameCamera
[2018.12.20-02.47.28:707][910]LogLinker: Warning: Can't find file '/Game/BLUEPRINT/BP_GameCamera'
[2018.12.20-02.47.28:707][910]LogLinker: Warning: Can't find file for asset '/Game/BLUEPRINT/BP_GameCamera' while loading ../../../../../GameDev/StrongStyle/STR_StrongStyle_v2/Content/MAPS/ARCHIVE/MAP_Online_Multiplayer.umap.
[2018.12.20-02.47.28:708][910]LogLinker: Warning: Can't find file '/Game/BLUEPRINT/BP_GameCamera'
[2018.12.20-02.47.28:708][910]LogLinker: Warning: Can't find file for asset '/Game/BLUEPRINT/BP_GameCamera' while loading ../../../../../GameDev/StrongStyle/STR_StrongStyle_v2/Content/MAPS/ARCHIVE/MAP_Online_Multiplayer.umap.
[2018.12.20-02.47.28:714][910]LogLinker: Warning: Can't find file '/Game/BLUEPRINT/BP_GameCamera'
[2018.12.20-02.47.28:714][910]LogLinker: Warning: Can't find file for asset '/Game/BLUEPRINT/BP_GameCamera' while loading ../../../../../GameDev/StrongStyle/STR_StrongStyle_v2/Content/MAPS/ARCHIVE/MAP_Online_Multiplayer.umap.
[2018.12.20-02.47.28:715][910]LogLinker: Warning: Can't find file '/Game/BLUEPRINT/BP_GameCamera'
[2018.12.20-02.47.28:716][910]LogLinker: Warning: Can't find file for asset '/Game/BLUEPRINT/BP_GameCamera' while loading ../../../../../GameDev/StrongStyle/STR_StrongStyle_v2/Content/MAPS/ARCHIVE/MAP_Online_Multiplayer.umap.
[2018.12.20-02.47.28:718][910]LogLinker: Warning: Can't find file '/Game/BLUEPRINT/BP_GameCamera'
[2018.12.20-02.47.28:718][910]LogLinker: Warning: Can't find file for asset '/Game/BLUEPRINT/BP_GameCamera' while loading NULL.
[2018.12.20-02.47.28:718][910]LogLinker: Warning: Can't find file '/Game/BLUEPRINT/BP_GameCamera'
[2018.12.20-02.47.28:719][910]LogLinker: Warning: Can't find file for asset '/Game/BLUEPRINT/BP_GameCamera' while loading NULL.
[2018.12.20-02.47.28:719][910]LogLinker: Warning: Can't find file '/Game/BLUEPRINT/BP_GameCamera'
[2018.12.20-02.47.28:719][910]LogLinker: Warning: Can't find file for asset '/Game/BLUEPRINT/BP_GameCamera' while loading NULL.
[2018.12.20-02.47.28:719][910]LogLinker: Warning: Can't find file '/Game/BLUEPRINT/BP_GameCamera'
[2018.12.20-02.47.28:719][910]LogLinker: Warning: Can't find file for asset '/Game/BLUEPRINT/BP_GameCamera' while loading NULL.
[2018.12.20-02.47.28:719][910]LogLinker: Warning: Can't find file '/Game/BLUEPRINT/BP_GameCamera'
[2018.12.20-02.47.28:719][910]LogLinker: Warning: Can't find file for asset '/Game/BLUEPRINT/BP_GameCamera' while loading NULL.
[2018.12.20-02.47.28:720][910]LogLinker: Warning: Can't find file '/Game/BLUEPRINT/BP_GameCamera'
[2018.12.20-02.47.28:720][910]LogLinker: Warning: Can't find file for asset '/Game/BLUEPRINT/BP_GameCamera' while loading NULL.
[2018.12.20-02.47.28:720][910]LogLinker: Warning: Can't find file '/Game/BLUEPRINT/BP_GameCamera'
[2018.12.20-02.47.28:720][910]LoadErrors: Failed to load /Game/BLUEPRINT/BP_GameCamera.BP_GameCamera_C Referenced by MAP_Online_Multiplayer
[2018.12.20-02.47.28:721][910]LogLinker: Warning: Can't find file for asset '/Game/BLUEPRINT/BP_GameCamera' while loading NULL.
[2018.12.20-02.47.28:723][910]LogLinker: Warning: Can't find file '/Game/BLUEPRINT/BP_GameCamera'
[2018.12.20-02.47.28:723][910]LogLinker: Warning: Can't find file for asset '/Game/BLUEPRINT/BP_GameCamera' while loading NULL.
[2018.12.20-02.47.28:723][910]LogLinker: Warning: Can't find file '/Game/BLUEPRINT/BP_GameCamera'
[2018.12.20-02.47.28:724][910]LogLinker: Warning: Can't find file for asset '/Game/BLUEPRINT/BP_GameCamera' while loading NULL.
[2018.12.20-02.47.28:724][910]LogLinker: Warning: Can't find file '/Game/BLUEPRINT/BP_GameCamera'
[2018.12.20-02.47.28:724][910]LogLinker: Warning: Can't find file for asset '/Game/BLUEPRINT/BP_GameCamera' while loading NULL.
[2018.12.20-02.47.28:724][910]LogLinker: Warning: Can't find file '/Game/BLUEPRINT/BP_GameCamera'
[2018.12.20-02.47.28:725][910]LogLinker: Warning: Can't find file for asset '/Game/BLUEPRINT/BP_GameCamera' while loading NULL.
[2018.12.20-02.47.28:725][910]LogLinker: Warning: Can't find file '/Game/BLUEPRINT/BP_GameCamera'
[2018.12.20-02.47.28:725][910]LogLinker: Warning: Can't find file for asset '/Game/BLUEPRINT/BP_GameCamera' while loading NULL.
[2018.12.20-02.47.28:725][910]LogLinker: Warning: Can't find file '/Game/BLUEPRINT/BP_GameCamera'
[2018.12.20-02.47.28:725][910]LogLinker: Warning: Can't find file for asset '/Game/BLUEPRINT/BP_GameCamera' while loading NULL.
[2018.12.20-02.47.28:726][910]LogLinker: Warning: Can't find file '/Game/BLUEPRINT/BP_GameCamera'
[2018.12.20-02.47.28:726][910]LogLinker: Warning: Can't find file for asset '/Game/BLUEPRINT/BP_GameCamera' while loading NULL.
[2018.12.20-02.47.28:726][910]LogLinker: Warning: Can't find file '/Game/BLUEPRINT/BP_GameCamera'
[2018.12.20-02.47.28:726][910]LogLinker: Warning: Can't find file for asset '/Game/BLUEPRINT/BP_GameCamera' while loading NULL.
[2018.12.20-02.47.28:726][910]LogLinker: Warning: Can't find file '/Game/BLUEPRINT/BP_GameCamera'
[2018.12.20-02.47.28:726][910]LogLinker: Warning: Can't find file for asset '/Game/BLUEPRINT/BP_GameCamera' while loading NULL.
[2018.12.20-02.47.28:727][910]LogLinker: Warning: Can't find file '/Game/BLUEPRINT/BP_GameCamera'
[2018.12.20-02.47.28:727][910]LogLinker: Warning: Can't find file for asset '/Game/BLUEPRINT/BP_GameCamera' while loading NULL.
[2018.12.20-02.47.28:727][910]LogLinker: Warning: Can't find file '/Game/BLUEPRINT/BP_GameCamera'
[2018.12.20-02.47.28:727][910]LogLinker: Warning: Can't find file for asset '/Game/BLUEPRINT/BP_GameCamera' while loading NULL.
[2018.12.20-02.47.28:728][910]LogLinker: Warning: Can't find file '/Game/BLUEPRINT/BP_GameCamera'
[2018.12.20-02.47.28:728][910]LogLinker: Warning: Can't find file for asset '/Game/BLUEPRINT/BP_GameCamera' while loading NULL.
[2018.12.20-02.47.28:728][910]LogLinker: Warning: Can't find file '/Game/BLUEPRINT/BP_GameCamera'
[2018.12.20-02.47.28:729][910]LogLinker: Warning: Can't find file for asset '/Game/BLUEPRINT/BP_GameCamera' while loading NULL.
[2018.12.20-02.47.28:729][910]LogLinker: Warning: Can't find file '/Game/BLUEPRINT/BP_GameCamera'
[2018.12.20-02.47.28:729][910]LogLinker: Warning: Can't find file for asset '/Game/BLUEPRINT/BP_GameCamera' while loading NULL.
[2018.12.20-02.47.28:729][910]LogLinker: Warning: Can't find file '/Game/BLUEPRINT/BP_GameCamera'
[2018.12.20-02.47.28:729][910]LogLinker: Warning: Can't find file for asset '/Game/BLUEPRINT/BP_GameCamera' while loading NULL.
[2018.12.20-02.47.28:730][910]LogLinker: Warning: Can't find file '/Game/BLUEPRINT/BP_GameCamera'
[2018.12.20-02.47.28:730][910]LogLinker: Warning: Can't find file for asset '/Game/BLUEPRINT/BP_GameCamera' while loading NULL.
[2018.12.20-02.47.28:730][910]LogLinker: Warning: Can't find file '/Game/BLUEPRINT/BP_GameCamera'
[2018.12.20-02.47.28:730][910]LogLinker: Warning: Can't find file for asset '/Game/BLUEPRINT/BP_GameCamera' while loading NULL.
[2018.12.20-02.47.28:735][910]LogBlueprint: Error: [Compiler PersistentLevel.MAP_Online_Multiplayer] Spawn node  SpawnActor NONE  must have a  Class  specified.
[2018.12.20-02.47.28:735][910]LogBlueprint: Error: [Compiler PersistentLevel.MAP_Online_Multiplayer] COMPILER ERROR: failed building connection with 'Array of Object References is not compatible with Array of Actor Object References.' at  Get (a copy)
[2018.12.20-02.47.28:735][910]LogBlueprint: Error: [Compiler PersistentLevel.MAP_Online_Multiplayer] COMPILER ERROR: failed building connection with 'Object Reference is not compatible with Actor Object Reference.' at  Get (a copy)
[2018.12.20-02.47.28:736][910]LogBlueprint: Error: [Compiler PersistentLevel.MAP_Online_Multiplayer] In use pin  Game Camera  no longer exists on node  Set . Please refresh node or break links to remove pin.
[2018.12.20-02.47.28:736][910]LogBlueprint: Error: [Compiler PersistentLevel.MAP_Online_Multiplayer] In use pin  <Unnamed>  no longer exists on node  Set . Please refresh node or break links to remove pin.
[2018.12.20-02.47.28:736][910]LogBlueprint: Error: [Compiler PersistentLevel.MAP_Online_Multiplayer] Can't connect pins  Out Actors  and  Target Array : Array of Actor Object References is not compatible with Array of Object References.
[2018.12.20-02.47.28:736][910]LogBlueprint: Error: [Compiler PersistentLevel.MAP_Online_Multiplayer] Invalid pin connection from ' Out Actors ' to ' Target Array '. You may have changed the type after the connections were made.
[2018.12.20-02.47.28:736][910]LogBlueprint: Warning: [Compiler PersistentLevel.MAP_Online_Multiplayer] Input pin  Instigator  specifying non-default value no longer exists on node  SpawnActor NONE . Please refresh node or reset pin to default value to remove pin.
[2018.12.20-02.47.28:736][910]LogBlueprint: Error: [Compiler PersistentLevel.MAP_Online_Multiplayer] In use pin  <Unnamed>  no longer exists on node  Set Look at Target . Please refresh node or break links to remove pin.
[2018.12.20-02.47.28:736][910]LogBlueprint: Error: [Compiler PersistentLevel.MAP_Online_Multiplayer] In use pin  <Unnamed>  no longer exists on node  Set Look at Target . Please refresh node or break links to remove pin.
[2018.12.20-02.47.28:736][910]LogBlueprint: Error: [Compiler PersistentLevel.MAP_Online_Multiplayer] In use pin  Target  no longer exists on node  Set Look at Target . Please refresh node or break links to remove pin.
[2018.12.20-02.47.28:736][910]LogBlueprint: Error: [Compiler PersistentLevel.MAP_Online_Multiplayer] In use pin  New Look at Target  no longer exists on node  Set Look at Target . Please refresh node or break links to remove pin.
[2018.12.20-02.47.28:736][910]LogBlueprint: Error: [Compiler PersistentLevel.MAP_Online_Multiplayer] Could not find a function named "SetLookAtTarget" in 'MAP_Online_Multiplayer'.
Make sure 'MAP_Online_Multiplayer' has been compiled for  Set Look at Target
[2018.12.20-02.47.28:737][910]LogBlueprint: Error: [Compiler PersistentLevel.MAP_Online_Multiplayer] Can't connect pins  Target Array  and  Out Actors : Array of Object References is not compatible with Array of Actor Object References.
[2018.12.20-02.47.28:738][910]LogBlueprint: Error: [Compiler PersistentLevel.MAP_Online_Multiplayer] COMPILER ERROR: failed building connection with 'This cast has an invalid target type (was the class deleted without a redirect?).' at  Get (a copy)
[2018.12.20-02.47.28:738][910]LogBlueprint: Error: [Compiler PersistentLevel.MAP_Online_Multiplayer] In use pin  As BP Game Camera  no longer exists on node  Bad cast node . Please refresh node or break links to remove pin.
[2018.12.20-02.47.28:738][910]LogBlueprint: Error: [Compiler PersistentLevel.MAP_Online_Multiplayer] In use pin  Game Camera  no longer exists on node  Set . Please refresh node or break links to remove pin.
[2018.12.20-02.47.28:740][910]LogBlueprint: Warning: [Compiler PersistentLevel.MAP_Online_Multiplayer] [0075.21] Compile of PersistentLevel.MAP_Online_Multiplayer failed. 16 Fatal Issue(s) 1 Warning(s) [in 9 ms] (/Game/MAPS/ARCHIVE/MAP_Online_Multiplayer.MAP_Online_Multiplayer:PersistentLevel.MAP_Online_Multiplayer)
[2018.12.20-02.47.28:745][910]LogLinker: Warning: Can't find file '/Game/BLUEPRINT/BP_GameCamera'
[2018.12.20-02.47.28:745][910]LogLinker: Warning: Can't find file for asset '/Game/BLUEPRINT/BP_GameCamera' while loading NULL.
[2018.12.20-02.47.28:745][910]LogLinker: Warning: Can't find file '/Game/BLUEPRINT/BP_GameCamera'
[2018.12.20-02.47.28:745][910]LogLinker: Warning: Can't find file for asset '/Game/BLUEPRINT/BP_GameCamera' while loading NULL.
[2018.12.20-02.47.28:775][910]LogAIModule: Creating AISystem for world MAP_Online_Multiplayer
[2018.12.20-02.47.30:091][910]LogSlate: Window 'Delete Assets' being destroyed
[2018.12.20-02.47.30:374][910]LoadErrors: Warning: CreateExport: Failed to load Outer for resource 'CameraComponent': BP_GameCamera_C /Game/MAPS/ARCHIVE/Local_Multiplayer.Local_Multiplayer:PersistentLevel.GameCamera_BP
[2018.12.20-02.47.30:374][910]LoadErrors: Warning: CreateExport: Failed to load Outer for resource 'SceneComponent': BP_GameCamera_C /Game/MAPS/ARCHIVE/Local_Multiplayer.Local_Multiplayer:PersistentLevel.GameCamera_BP
[2018.12.20-02.47.30:374][910]LoadErrors: Warning: CreateExport: Failed to load Outer for resource 'CameraComponent': BP_GameCamera_C /Game/MAPS/ARCHIVE/MAP_Online_Multiplayer.MAP_Online_Multiplayer:PersistentLevel.GameCamera_BP
[2018.12.20-02.47.30:374][910]LoadErrors: Warning: CreateExport: Failed to load Outer for resource 'SceneComponent': BP_GameCamera_C /Game/MAPS/ARCHIVE/MAP_Online_Multiplayer.MAP_Online_Multiplayer:PersistentLevel.GameCamera_BP
[2018.12.20-02.47.31:416][ 19]Cmd: OBJ SAVEPACKAGE PACKAGE="/Game/MAPS/Local" FILE="../../../../../GameDev/StrongStyle/STR_StrongStyle_v2/Content/MAPS/Local.umap" SILENT=true AUTOSAVING=false KEEPDIRTY=false
[2018.12.20-02.47.31:509][ 19]LogBlueprint: Error: [Compiler PersistentLevel.Local] COMPILER ERROR: failed building connection with 'This cast has an invalid target type (was the class deleted without a redirect?).' at  Get (a copy)
[2018.12.20-02.47.31:510][ 19]LogBlueprint: Error: [Compiler PersistentLevel.Local] Can't connect pins  As BP Game Camera  and  Game Camera : Object Reference is not compatible with Actor Object Reference.
[2018.12.20-02.47.31:510][ 19]LogBlueprint: Error: [Compiler PersistentLevel.Local] Can't connect pins  Game Camera  and  As BP Game Camera : Actor Object Reference is not compatible with Object Reference.
[2018.12.20-02.47.31:513][ 19]LogBlueprint: Warning: [Compiler PersistentLevel.Local] [0077.98] Compile of PersistentLevel.Local failed. 3 Fatal Issue(s) 0 Warning(s) [in 29 ms] (/Game/MAPS/Local.Local:PersistentLevel.Local)
[2018.12.20-02.47.31:774][ 19]LogSavePackage: Moving '../../../../../GameDev/StrongStyle/STR_StrongStyle_v2/Saved/Local80F0A4994774C6C9BB9F1998CA2C0927.tmp' to '../../../../../GameDev/StrongStyle/STR_StrongStyle_v2/Content/MAPS/Local.umap'
[2018.12.20-02.47.31:829][ 19]Cmd: OBJ SAVEPACKAGE PACKAGE="/Game/MAPS/Local_BuiltData" FILE="../../../../../GameDev/StrongStyle/STR_StrongStyle_v2/Content/MAPS/Local_BuiltData.uasset" SILENT=true
[2018.12.20-02.47.31:955][ 19]LogSavePackage: Moving '../../../../../GameDev/StrongStyle/STR_StrongStyle_v2/Saved/Local_BuiltDataB84CAB8B42B0A9D172B447944FFF79A2.tmp' to '../../../../../GameDev/StrongStyle/STR_StrongStyle_v2/Content/MAPS/Local_BuiltData.uasset'
[2018.12.20-02.47.33:925][ 78]LogSlate: Window 'Save Content' being destroyed
[2018.12.20-02.47.33:962][ 78]Cmd: OBJ SAVEPACKAGE PACKAGE="/Game/BasketBallGameMode" FILE="../../../../../GameDev/StrongStyle/STR_StrongStyle_v2/Content/BasketBallGameMode.uasset" SILENT=true
[2018.12.20-02.47.34:141][ 78]LogSavePackage: Moving '../../../../../GameDev/StrongStyle/STR_StrongStyle_v2/Saved/BasketBallGameMode9272E3B8426AB6C9F20937B4D209E09C.tmp' to '../../../../../GameDev/StrongStyle/STR_StrongStyle_v2/Content/BasketBallGameMode.uasset'
[2018.12.20-02.47.34:149][ 78]Cmd: OBJ SAVEPACKAGE PACKAGE="/Game/BLUEPRINT/BP_GameInstance" FILE="../../../../../GameDev/StrongStyle/STR_StrongStyle_v2/Content/BLUEPRINT/BP_GameInstance.uasset" SILENT=true
[2018.12.20-02.47.34:181][ 78]LogSavePackage: Moving '../../../../../GameDev/StrongStyle/STR_StrongStyle_v2/Saved/BP_GameInstanceD6340FA3496631F6782CF0AC0DB80BA1.tmp' to '../../../../../GameDev/StrongStyle/STR_StrongStyle_v2/Content/BLUEPRINT/BP_GameInstance.uasset'
[2018.12.20-02.47.34:204][ 78]Cmd: OBJ SAVEPACKAGE PACKAGE="/Game/BLUEPRINT/PLAYERS/BP_BasketballPlayer_M" FILE="../../../../../GameDev/StrongStyle/STR_StrongStyle_v2/Content/BLUEPRINT/PLAYERS/BP_BasketballPlayer_M.uasset" SILENT=true
[2018.12.20-02.47.34:521][ 78]LogSavePackage: Moving '../../../../../GameDev/StrongStyle/STR_StrongStyle_v2/Saved/BP_BasketballPlayer_M1FBF853A443037019ABA14A05E34F9F9.tmp' to '../../../../../GameDev/StrongStyle/STR_StrongStyle_v2/Content/BLUEPRINT/PLAYERS/BP_BasketballPlayer_M.uasset'
[2018.12.20-02.47.34:528][ 78]Cmd: OBJ SAVEPACKAGE PACKAGE="/Game/Blueprints/BP_GameState" FILE="../../../../../GameDev/StrongStyle/STR_StrongStyle_v2/Content/Blueprints/BP_GameState.uasset" SILENT=true
[2018.12.20-02.47.34:575][ 78]LogSavePackage: Moving '../../../../../GameDev/StrongStyle/STR_StrongStyle_v2/Saved/BP_GameState0E7DDD5049987932D32388894FFA74AD.tmp' to '../../../../../GameDev/StrongStyle/STR_StrongStyle_v2/Content/Blueprints/BP_GameState.uasset'
[2018.12.20-02.47.34:584][ 78]Cmd: OBJ SAVEPACKAGE PACKAGE="/Game/Blueprints/BP_GameState_Local" FILE="../../../../../GameDev/StrongStyle/STR_StrongStyle_v2/Content/Blueprints/BP_GameState_Local.uasset" SILENT=true
[2018.12.20-02.47.34:632][ 78]LogSavePackage: Moving '../../../../../GameDev/StrongStyle/STR_StrongStyle_v2/Saved/BP_GameState_LocalA233E0AF443863CEEB4ECE9402C9D13C.tmp' to '../../../../../GameDev/StrongStyle/STR_StrongStyle_v2/Content/Blueprints/BP_GameState_Local.uasset'
