Log file open, 12/20/18 13:48:44
LogWindows: Failed to load 'aqProf.dll' (GetLastError=126)
LogWindows: File 'aqProf.dll' does not exist
LogWindows: Failed to load 'VtuneApi.dll' (GetLastError=126)
LogWindows: File 'VtuneApi.dll' does not exist
LogWindows: Failed to load 'VtuneApi32e.dll' (GetLastError=126)
LogWindows: File 'VtuneApi32e.dll' does not exist
LogInit: Display: Running engine for game: STR_StrongStyle_v2
LogPlatformFile: Not using cached read wrapper
LogTaskGraph: Started task graph with 5 named threads and 14 total threads with 3 sets of task threads.
LogStats: Stats thread started at 0.700682
LogD3D11RHI: Loaded GFSDK_Aftermath_Lib.x64.dll
LogICUInternationalization: Display: ICU TimeZone Detection - Raw Offset: -8:00, Platform Override: ''
LogPluginManager: Mounting plugin Paper2D
LogPluginManager: Mounting plugin AISupport
LogPluginManager: Mounting plugin LightPropagationVolume
LogPluginManager: Mounting plugin CLionSourceCodeAccess
LogPluginManager: Mounting plugin CodeLiteSourceCodeAccess
LogPluginManager: Mounting plugin GitSourceControl
LogPluginManager: Mounting plugin KDevelopSourceCodeAccess
LogPluginManager: Mounting plugin NullSourceCodeAccess
LogPluginManager: Mounting plugin PerforceSourceControl
LogPluginManager: Mounting plugin SubversionSourceControl
LogPluginManager: Mounting plugin UObjectPlugin
LogPluginManager: Mounting plugin VisualStudioCodeSourceCodeAccess
LogPluginManager: Mounting plugin VisualStudioSourceCodeAccess
LogPluginManager: Mounting plugin XCodeSourceCodeAccess
LogPluginManager: Mounting plugin AssetManagerEditor
LogPluginManager: Mounting plugin CryptoKeys
LogPluginManager: Mounting plugin DataValidation
LogPluginManager: Mounting plugin FacialAnimation
LogPluginManager: Mounting plugin GameplayTagsEditor
LogPluginManager: Mounting plugin MacGraphicsSwitching
LogPluginManager: Mounting plugin MeshEditor
LogPluginManager: Mounting plugin MobileLauncherProfileWizard
LogPluginManager: Mounting plugin PluginBrowser
LogPluginManager: Mounting plugin SpeedTreeImporter
LogPluginManager: Mounting plugin DatasmithContent
LogPluginManager: Mounting plugin AlembicImporter
LogPluginManager: Mounting plugin AppleImageUtils
LogPluginManager: Mounting plugin AppleVision
LogPluginManager: Mounting plugin BackChannel
LogPluginManager: Mounting plugin CharacterAI
LogPluginManager: Mounting plugin GeometryCache
LogPluginManager: Mounting plugin HTML5Networking
LogPluginManager: Mounting plugin ProxyLODPlugin
LogPluginManager: Mounting plugin MagicLeap
LogPluginManager: Mounting plugin MagicLeapEmulator
LogPluginManager: Mounting plugin MagicLeapMedia
LogPluginManager: Mounting plugin AndroidMedia
LogPluginManager: Mounting plugin AvfMedia
LogPluginManager: Mounting plugin ImgMedia
LogPluginManager: Mounting plugin LinearTimecode
LogPluginManager: Mounting plugin MediaCompositing
LogPluginManager: Mounting plugin MediaPlayerEditor
LogPluginManager: Mounting plugin WmfMedia
LogPluginManager: Mounting plugin TcpMessaging
LogPluginManager: Mounting plugin UdpMessaging
LogPluginManager: Mounting plugin ActorSequence
LogPluginManager: Mounting plugin LevelSequenceEditor
LogPluginManager: Mounting plugin MatineeToLevelSequence
LogPluginManager: Mounting plugin NetcodeUnitTest
LogPluginManager: Mounting plugin NUTUnrealEngine4
LogPluginManager: Mounting plugin OnlineSubsystemGooglePlay
LogPluginManager: Mounting plugin OnlineSubsystemIOS
LogPluginManager: Mounting plugin OnlineSubsystem
LogPluginManager: Mounting plugin OnlineSubsystemNull
LogPluginManager: Mounting plugin OnlineSubsystemUtils
LogPluginManager: Mounting plugin LauncherChunkInstaller
LogPluginManager: Mounting plugin AndroidDeviceProfileSelector
LogPluginManager: Mounting plugin AndroidMoviePlayer
LogPluginManager: Mounting plugin AndroidPermission
LogPluginManager: Mounting plugin AppleMoviePlayer
LogPluginManager: Mounting plugin ArchVisCharacter
LogPluginManager: Mounting plugin AudioCapture
LogPluginManager: Mounting plugin CableComponent
LogPluginManager: Mounting plugin CustomMeshComponent
LogPluginManager: Mounting plugin EditableMesh
LogPluginManager: Mounting plugin ExampleDeviceProfileSelector
LogPluginManager: Mounting plugin GoogleCloudMessaging
LogPluginManager: Mounting plugin ImmediatePhysics
LogPluginManager: Mounting plugin IOSDeviceProfileSelector
LogPluginManager: Mounting plugin LinuxDeviceProfileSelector
LogPluginManager: Mounting plugin LocationServicesBPLibrary
LogPluginManager: Mounting plugin MobilePatchingUtils
LogPluginManager: Mounting plugin PhysXVehicles
LogPluginManager: Mounting plugin ProceduralMeshComponent
LogPluginManager: Mounting plugin RuntimePhysXCooking
LogPluginManager: Mounting plugin WindowsMoviePlayer
LogStreaming: Display: Took  0.139s to configure plugins.
LogInit: Using libcurl 7.55.1-DEV
LogInit:  - built for x86_64-pc-win32
LogInit:  - supports SSL with OpenSSL/1.0.2h
LogInit:  - supports HTTP deflate (compression) using libz 1.2.8
LogInit:  - other features:
LogInit:      CURL_VERSION_SSL
LogInit:      CURL_VERSION_LIBZ
LogInit:      CURL_VERSION_IPV6
LogInit:      CURL_VERSION_ASYNCHDNS
LogInit:      CURL_VERSION_LARGEFILE
LogInit:      CURL_VERSION_IDN
LogInit:  CurlRequestOptions (configurable via config and command line):
LogInit:  - bVerifyPeer = false  - Libcurl will NOT verify peer certificate
LogInit:  - bUseHttpProxy = false  - Libcurl will NOT use HTTP proxy
LogInit:  - bDontReuseConnections = false  - Libcurl will reuse connections
LogInit:  - CertBundlePath = nullptr  - Libcurl will use whatever was configured at build time.
LogInit:  - MaxHostConnections = 16  - Libcurl will limit the number of connections to a host
LogInit:  - LocalHostAddr = Default
LogInit:  - BufferSize = 65536
LogModuleManager: Warning: ModuleManager: Unable to load module 'OnlineSubsystemSteam'  - 0 instances of that module name found.
LogInit: WinSock: version 1.1 (2.2), MaxSocks=32767, MaxUdp=65467
LogInit: Build: ++UE4+Release-4.20-CL-4369336
LogInit: Engine Version: 4.20.3-4369336+++UE4+Release-4.20
LogInit: Compatible Engine Version: 4.20.0-4212847+++UE4+Release-4.20
LogInit: Net CL: 4212847
LogInit: OS: Windows 10 (), CPU: Intel(R) Core(TM) i5-4690K CPU @ 3.50GHz, GPU: NVIDIA GeForce GTX 1070
LogInit: Compiled (64-bit): Sep 17 2018 12:26:19
LogInit: Compiled with Visual C++: 19.13.26129.00
LogInit: Build Configuration: Development
LogInit: Branch Name: ++UE4+Release-4.20
LogInit: Command Line:  
LogInit: Base Directory: A:/Epic Games/UE_4.20/Engine/Binaries/Win64/
LogInit: Installed Engine Build: 1
LogDevObjectVersion: Number of dev versions registered: 20
LogDevObjectVersion:   Dev-Blueprints (B0D832E4-1F89-4F0D-ACCF-7EB736FD4AA2): 10
LogDevObjectVersion:   Dev-Build (E1C64328-A22C-4D53-A36C-8E866417BD8C): 0
LogDevObjectVersion:   Dev-Core (375EC13C-06E4-48FB-B500-84F0262A717E): 2
LogDevObjectVersion:   Dev-Editor (E4B068ED-F494-42E9-A231-DA0B2E46BB41): 24
LogDevObjectVersion:   Dev-Framework (CFFC743F-43B0-4480-9391-14DF171D2073): 34
LogDevObjectVersion:   Dev-Mobile (B02B49B5-BB20-44E9-A304-32B752E40360): 2
LogDevObjectVersion:   Dev-Networking (A4E4105C-59A1-49B5-A7C5-40C4547EDFEE): 0
LogDevObjectVersion:   Dev-Online (39C831C9-5AE6-47DC-9A44-9C173E1C8E7C): 0
LogDevObjectVersion:   Dev-Physics (78F01B33-EBEA-4F98-B9B4-84EACCB95AA2): 0
LogDevObjectVersion:   Dev-Platform (6631380F-2D4D-43E0-8009-CF276956A95A): 0
LogDevObjectVersion:   Dev-Rendering (12F88B9F-8875-4AFC-A67C-D90C383ABD29): 26
LogDevObjectVersion:   Dev-Sequencer (7B5AE74C-D270-4C10-A958-57980B212A5A): 9
LogDevObjectVersion:   Dev-VR (D7296918-1DD6-4BDD-9DE2-64A83CC13884): 2
LogDevObjectVersion:   Dev-LoadTimes (C2A15278-BFE7-4AFE-6C17-90FF531DF755): 1
LogDevObjectVersion:   Private-Geometry (6EACA3D4-40EC-4CC1-B786-8BED09428FC5): 3
LogDevObjectVersion:   Dev-AnimPhys (29E575DD-E0A3-4627-9D10-D276232CDCEA): 17
LogDevObjectVersion:   Dev-ReflectionCapture (6B266CEC-1EC7-4B8F-A30B-E4D90942FC07): 1
LogDevObjectVersion:   Dev-Automation (0DF73D61-A23F-47EA-B727-89E90C41499A): 1
LogDevObjectVersion:   FortniteMain (601D1886-AC64-4F84-AA16-D3DE0DEAC7D6): 12
LogDevObjectVersion:   Dev-Enterprise (9DFFBCD6-494F-0158-E221-12823C92A888): 1
LogStreaming: Display: Took  0.005s to delete old logs.
LogInit: Presizing for max 8388607 objects, including 0 objects not considered by GC, pre-allocating 0 bytes for permanent pool.
LogInit: Object subsystem initialized
[2018.12.20-21.48.44:804][  0]LogInit: Selected Device Profile: [Windows]
[2018.12.20-21.48.44:804][  0]LogInit: Applying CVar settings loaded from the selected device profile: [Windows]
[2018.12.20-21.48.44:813][  0]LogHAL: Display: Platform has ~ 16 GB [17114378240 / 17179869184 / 16], which maps to Larger [LargestMinGB=32, LargerMinGB=12, DefaultMinGB=8, SmallerMinGB=6, SmallestMinGB=0)
[2018.12.20-21.48.44:814][  0]LogInit: Setting Device Profile CVar: [[r.Vulkan.UseRealUBs:1]]
[2018.12.20-21.48.44:814][  0]LogInit: Going up to parent DeviceProfile []
[2018.12.20-21.48.44:816][  0]LogInit: Computer: MERTINS
[2018.12.20-21.48.44:816][  0]LogInit: User: DanLazar
[2018.12.20-21.48.44:816][  0]LogInit: CPU Page size=4096, Cores=4
[2018.12.20-21.48.44:816][  0]LogInit: High frequency timer resolution =3.415994 MHz
[2018.12.20-21.48.44:816][  0]LogMemory: Memory total: Physical=15.9GB (16GB approx)
[2018.12.20-21.48.44:816][  0]LogMemory: Platform Memory Stats for Windows
[2018.12.20-21.48.44:816][  0]LogMemory: Process Physical Memory: 100.83 MB used, 100.83 MB peak
[2018.12.20-21.48.44:816][  0]LogMemory: Process Virtual Memory: 84.75 MB used, 84.75 MB peak
[2018.12.20-21.48.44:816][  0]LogMemory: Physical Memory: 6443.51 MB used,  9878.03 MB free, 16321.54 MB total
[2018.12.20-21.48.44:816][  0]LogMemory: Virtual Memory: 4605.04 MB used,  9878.03 MB free, 134217728.00 MB total
[2018.12.20-21.48.44:925][  0]LogInit: Using OS detected language (en-US).
[2018.12.20-21.48.44:925][  0]LogInit: Using OS detected locale (en-US).
[2018.12.20-21.48.44:929][  0]LogTextLocalizationManager: No specific localization for 'en-US' exists, so the 'en' localization will be used.
[2018.12.20-21.48.45:352][  0]LogStreaming: Display: Took  0.426s to InitEngineTextLocalization.
[2018.12.20-21.48.45:352][  0]LogInit: Setting process to per monitor DPI aware
[2018.12.20-21.48.45:510][  0]LogSlate: New Slate User Created.  User Index 0, Is Virtual User: 0
[2018.12.20-21.48.45:510][  0]LogSlate: Slate User Registered.  User Index 0, Is Virtual User: 0
[2018.12.20-21.48.45:924][  0]LogD3D11RHI: D3D11 adapters:
[2018.12.20-21.48.46:083][  0]LogD3D11RHI:    0. 'NVIDIA GeForce GTX 1070' (Feature Level 11_0)
[2018.12.20-21.48.46:083][  0]LogD3D11RHI:       8088/0/8160 MB DedicatedVideo/DedicatedSystem/SharedSystem, Outputs:2, VendorId:0x10de
[2018.12.20-21.48.46:086][  0]LogD3D11RHI:    1. 'Microsoft Basic Render Driver' (Feature Level 11_0)
[2018.12.20-21.48.46:086][  0]LogD3D11RHI:       0/0/8160 MB DedicatedVideo/DedicatedSystem/SharedSystem, Outputs:0, VendorId:0x1414
[2018.12.20-21.48.46:086][  0]LogD3D11RHI: Chosen D3D11 Adapter: 0
[2018.12.20-21.48.46:100][  0]LogD3D11RHI: Creating new Direct3DDevice
[2018.12.20-21.48.46:100][  0]LogD3D11RHI:     GPU DeviceId: 0x1b81 (for the marketing name, search the web for "GPU Device Id")
[2018.12.20-21.48.46:100][  0]LogWindows: EnumDisplayDevices:
[2018.12.20-21.48.46:101][  0]LogWindows:    0. 'NVIDIA GeForce GTX 1070' (P:1 D:1)
[2018.12.20-21.48.46:101][  0]LogWindows:    1. 'NVIDIA GeForce GTX 1070' (P:0 D:1)
[2018.12.20-21.48.46:102][  0]LogWindows:    2. 'NVIDIA GeForce GTX 1070' (P:0 D:0)
[2018.12.20-21.48.46:102][  0]LogWindows:    3. 'NVIDIA GeForce GTX 1070' (P:0 D:0)
[2018.12.20-21.48.46:103][  0]LogWindows: DebugString: FoundDriverCount:4 
[2018.12.20-21.48.46:103][  0]LogD3D11RHI:     Adapter Name: NVIDIA GeForce GTX 1070
[2018.12.20-21.48.46:103][  0]LogD3D11RHI:   Driver Version: 417.22 (internal:25.21.14.1722, unified:417.22)
[2018.12.20-21.48.46:103][  0]LogD3D11RHI:      Driver Date: 11-29-2018
[2018.12.20-21.48.46:103][  0]LogRHI: Texture pool is 5661 MB (70% of 8088 MB)
[2018.12.20-21.48.46:160][  0]LogD3D11RHI: Async texture creation enabled
[2018.12.20-21.48.46:203][  0]LogD3D11RHI: GPU Timing Frequency: 1000.000000 (Debug: 2 2)
[2018.12.20-21.48.46:301][  0]LogShaderCompilers: Guid format shader working directory is -4 characters bigger than the processId version (../../../../../GameDev/StrongStyle/STR_StrongStyle_v2/Intermediate/Shaders/WorkingDirectory/28524/).
[2018.12.20-21.48.46:302][  0]LogShaderCompilers: Cleaned the shader compiler working directory 'C:/Users/Dan Lazar/AppData/Local/Temp/UnrealShaderWorkingDir/7D46688545F064985D75969CBEB5E4BB/'.
[2018.12.20-21.48.46:793][  0]LogTemp: Display: Loaded TP AllDesktopTargetPlatform
[2018.12.20-21.48.46:809][  0]LogTemp: Display: Loaded TP MacClientTargetPlatform
[2018.12.20-21.48.46:826][  0]LogTemp: Display: Loaded TP MacNoEditorTargetPlatform
[2018.12.20-21.48.46:842][  0]LogTemp: Display: Loaded TP MacServerTargetPlatform
[2018.12.20-21.48.46:859][  0]LogTemp: Display: Loaded TP MacTargetPlatform
[2018.12.20-21.48.46:876][  0]LogTemp: Display: Loaded TP WindowsClientTargetPlatform
[2018.12.20-21.48.46:893][  0]LogTemp: Display: Loaded TP WindowsNoEditorTargetPlatform
[2018.12.20-21.48.46:910][  0]LogTemp: Display: Loaded TP WindowsServerTargetPlatform
[2018.12.20-21.48.46:919][  0]LogTemp: Display: Loaded TP WindowsTargetPlatform
[2018.12.20-21.48.47:001][  0]LogTemp: Display: Loaded TP AndroidTargetPlatform
[2018.12.20-21.48.47:001][  0]LogTemp: Display: Loaded TP AndroidTargetPlatform
[2018.12.20-21.48.47:001][  0]LogTemp: Display: Loaded TP AndroidTargetPlatform
[2018.12.20-21.48.47:001][  0]LogTemp: Display: Loaded TP AndroidTargetPlatform
[2018.12.20-21.48.47:001][  0]LogTemp: Display: Loaded TP AndroidTargetPlatform
[2018.12.20-21.48.47:001][  0]LogTemp: Display: Loaded TP AndroidTargetPlatform
[2018.12.20-21.48.47:001][  0]LogTemp: Display: Loaded TP AndroidTargetPlatform
[2018.12.20-21.48.47:001][  0]LogTemp: Display: Loaded TP AndroidTargetPlatform
[2018.12.20-21.48.47:001][  0]LogTemp: Display: Loaded TP AndroidTargetPlatform
[2018.12.20-21.48.47:001][  0]LogTemp: Display: Loaded TP AndroidTargetPlatform
[2018.12.20-21.48.47:001][  0]LogTemp: Display: Loaded TP AndroidTargetPlatform
[2018.12.20-21.48.47:001][  0]LogTemp: Display: Loaded TP AndroidTargetPlatform
[2018.12.20-21.48.47:001][  0]LogTemp: Display: Loaded TP AndroidTargetPlatform
[2018.12.20-21.48.47:001][  0]LogTemp: Display: Loaded TP AndroidTargetPlatform
[2018.12.20-21.48.47:001][  0]LogTemp: Display: Loaded TP AndroidTargetPlatform
[2018.12.20-21.48.47:001][  0]LogTemp: Display: Loaded TP AndroidTargetPlatform
[2018.12.20-21.48.47:001][  0]LogTemp: Display: Loaded TP AndroidTargetPlatform
[2018.12.20-21.48.47:001][  0]LogTemp: Display: Loaded TP AndroidTargetPlatform
[2018.12.20-21.48.47:005][  0]LogTemp: Display: Loaded TP HTML5TargetPlatform
[2018.12.20-21.48.47:076][  0]LogTemp: Display: Loaded TP IOSTargetPlatform
[2018.12.20-21.48.47:076][  0]LogTemp: Display: Loaded TP IOSTargetPlatform
[2018.12.20-21.48.47:103][  0]LogTemp: Display: Loaded TP TVOSTargetPlatform
[2018.12.20-21.48.47:103][  0]LogTemp: Display: Loaded TP TVOSTargetPlatform
[2018.12.20-21.48.47:119][  0]LogTemp: Display: Loaded TP LinuxClientTargetPlatform
[2018.12.20-21.48.47:135][  0]LogTemp: Display: Loaded TP LinuxNoEditorTargetPlatform
[2018.12.20-21.48.47:152][  0]LogTemp: Display: Loaded TP LinuxServerTargetPlatform
[2018.12.20-21.48.47:169][  0]LogTemp: Display: Loaded TP LinuxTargetPlatform
[2018.12.20-21.48.47:180][  0]LogTemp: Display: Loaded TP LuminTargetPlatform
[2018.12.20-21.48.47:181][  0]LogTargetPlatformManager: Display: Building Assets For Windows
[2018.12.20-21.48.47:321][  0]LogXGEController: Cleaning working directory: C:/Users/Dan Lazar/AppData/Local/Temp/UnrealXGEWorkingDir/
[2018.12.20-21.48.47:322][  0]LogXGEController: Cannot use XGE Controller as Incredibuild is not installed on this machine.
[2018.12.20-21.48.47:322][  0]LogShaderCompilers: Cannot use XGE Shader Compiler as Incredibuild is not installed on this machine.
[2018.12.20-21.48.47:322][  0]LogShaderCompilers: Display: Using Local Shader Compiler.
[2018.12.20-21.48.48:176][  0]LogDerivedDataCache: Display: Max Cache Size: 512 MB
[2018.12.20-21.48.48:564][  0]LogDerivedDataCache: Loaded boot cache 0.39s 68MB C:/Users/Dan Lazar/AppData/Local/UnrealEngine/4.20/DerivedDataCache/Boot.ddc.
[2018.12.20-21.48.48:565][  0]LogDerivedDataCache: Display: Loaded Boot cache: C:/Users/Dan Lazar/AppData/Local/UnrealEngine/4.20/DerivedDataCache/Boot.ddc
[2018.12.20-21.48.48:565][  0]LogDerivedDataCache: FDerivedDataBackendGraph:  Pak pak cache file ../../../../../GameDev/StrongStyle/STR_StrongStyle_v2/DerivedDataCache/DDC.ddp not found, will not use a pak cache.
[2018.12.20-21.48.48:565][  0]LogDerivedDataCache: Unable to find inner node Pak for hierarchical cache Hierarchy.
[2018.12.20-21.48.48:566][  0]LogDerivedDataCache: FDerivedDataBackendGraph:  CompressedPak pak cache file ../../../../../GameDev/StrongStyle/STR_StrongStyle_v2/DerivedDataCache/Compressed.ddp not found, will not use a pak cache.
[2018.12.20-21.48.48:566][  0]LogDerivedDataCache: Unable to find inner node CompressedPak for hierarchical cache Hierarchy.
[2018.12.20-21.48.48:586][  0]LogDerivedDataCache: Display: Pak cache opened for reading ../../../Engine/DerivedDataCache/Compressed.ddp.
[2018.12.20-21.48.48:599][  0]LogDerivedDataCache: Using Local data cache path C:/Users/Dan Lazar/AppData/Local/UnrealEngine/Common/DerivedDataCache: Writable
[2018.12.20-21.48.48:599][  0]LogDerivedDataCache: Shared data cache path not found in *engine.ini, will not use an Shared cache.
[2018.12.20-21.48.48:599][  0]LogDerivedDataCache: Unable to find inner node Shared for hierarchical cache Hierarchy.
[2018.12.20-21.48.48:621][  0]LogMaterial: Verifying Global Shaders for PCD3D_SM5
[2018.12.20-21.48.48:626][  0]LogSlate: Using FreeType 2.6.0
[2018.12.20-21.48.48:630][  0]LogSlate: SlateFontServices - WITH_FREETYPE: 1, WITH_HARFBUZZ: 1
[2018.12.20-21.48.48:772][  0]LogAssetRegistry: FAssetRegistry took 0.0289 seconds to start up
[2018.12.20-21.48.49:155][  0]LogInit: Selected Device Profile: [Windows]
[2018.12.20-21.48.49:292][  0]LogSimplygon: Simplygon DLL not present - disabling.
[2018.12.20-21.48.49:312][  0]LogMeshReduction: Using SimplygonSwarm for distributed automatic mesh merging
[2018.12.20-21.48.49:312][  0]LogMeshReduction: Using ProxyLODMeshReduction for automatic mesh merging
[2018.12.20-21.48.49:313][  0]LogMeshReduction: Using QuadricMeshReduction for automatic static mesh reduction
[2018.12.20-21.48.49:313][  0]LogMeshReduction: No automatic skeletal mesh reduction module available
[2018.12.20-21.48.49:443][  0]LogNetVersion: STR_StrongStyle_v2 1.0.0, NetCL: 4212847, EngineNetVer: 5, GameNetVer: 0 (Checksum: 3618140765)
[2018.12.20-21.48.50:185][  0]LogPackageLocalizationCache: Processed 9 localized package path(s) for 2 prioritized culture(s) in 0.087590 seconds
[2018.12.20-21.48.50:193][  0]LogUObjectArray: 37967 objects as part of root set at end of initial load.
[2018.12.20-21.48.50:193][  0]LogUObjectAllocator: 6605920 out of 0 bytes used by permanent object pool.
[2018.12.20-21.48.50:193][  0]LogUObjectArray: CloseDisregardForGC: 0/0 objects in disregard for GC pool
[2018.12.20-21.48.52:085][  0]LogTcpMessaging: Initializing TcpMessaging bridge
[2018.12.20-21.48.52:101][  0]LogUdpMessaging: Initializing bridge on interface 0.0.0.0:0 to multicast group 230.0.0.1:6666.
[2018.12.20-21.48.52:299][  0]SourceControl: Source control is disabled
[2018.12.20-21.48.52:300][  0]SourceControl: Source control is disabled
[2018.12.20-21.48.52:310][  0]SourceControl: Source control is disabled
[2018.12.20-21.48.52:314][  0]SourceControl: Source control is disabled
[2018.12.20-21.48.52:604][  0]LogAndroidPermission: UAndroidPermissionCallbackProxy::GetInstance
[2018.12.20-21.48.53:117][  0]LogEngine: Initializing Engine...
[2018.12.20-21.48.53:121][  0]LogStats: UGameplayTagsManager::ConstructGameplayTagTree: ImportINI prefixes -  0.000 s
[2018.12.20-21.48.53:121][  0]LogStats: UGameplayTagsManager::ConstructGameplayTagTree: Construct from data asset -  0.000 s
[2018.12.20-21.48.53:122][  0]LogStats: UGameplayTagsManager::ConstructGameplayTagTree: ImportINI -  0.001 s
[2018.12.20-21.48.53:122][  0]LogStats: UGameplayTagsManager::ConstructGameplayTagTree: GameplayTagTreeChangedEvent.Broadcast -  0.000 s
[2018.12.20-21.48.53:382][  0]LogInit: Initializing FReadOnlyCVARCache
[2018.12.20-21.48.53:423][  0]LogAIModule: Creating AISystem for world Untitled
[2018.12.20-21.48.53:564][  0]LogInit: XAudio2 using 'Speakers (Realtek High Definition Audio)' : 2 channels at 48 kHz using 32 bits per sample (channel mask 0x3)
[2018.12.20-21.48.53:627][  0]LogInit: FAudioDevice initialized.
[2018.12.20-21.48.53:627][  0]LogNetVersion: Set ProjectVersion to 1.0.0.0. Version Checksum will be recalculated on next use.
[2018.12.20-21.48.53:714][  0]LogDerivedDataCache: Saved boot cache 0.09s 68MB C:/Users/Dan Lazar/AppData/Local/UnrealEngine/4.20/DerivedDataCache/Boot.ddc.
[2018.12.20-21.48.53:715][  0]LogInit: Texture streaming: Enabled
[2018.12.20-21.48.53:749][  0]LogEngineSessionManager: EngineSessionManager initialized
[2018.12.20-21.48.53:776][  0]LogInit: Transaction tracking system initialized
[2018.12.20-21.48.53:834][  0]BlueprintLog: New page: Editor Load
[2018.12.20-21.48.54:037][  0]LocalizationService: Localization service is disabled
[2018.12.20-21.48.54:569][  0]LogCook: Display: Max memory allowance for cook 16384mb min free memory 0mb
[2018.12.20-21.48.54:569][  0]LogCook: Display: Mobile HDR setting 1
[2018.12.20-21.48.54:570][  0]LogGameplayTags: Display: UGameplayTagsManager::DoneAddingNativeTags. DelegateIsBound: 0
[2018.12.20-21.48.54:570][  0]LogStats: UGameplayTagsManager::ConstructGameplayTagTree: ImportINI prefixes -  0.000 s
[2018.12.20-21.48.54:570][  0]LogStats: UGameplayTagsManager::ConstructGameplayTagTree: Construct from data asset -  0.000 s
[2018.12.20-21.48.54:570][  0]LogStats: UGameplayTagsManager::ConstructGameplayTagTree: ImportINI -  0.000 s
[2018.12.20-21.48.54:570][  0]LogStats: UGameplayTagsManager::ConstructGameplayTagTree: GameplayTagTreeChangedEvent.Broadcast -  0.000 s
[2018.12.20-21.48.54:797][  0]LogFileCache: Scanning file cache for directory 'A:/GameDev/StrongStyle/STR_StrongStyle_v2/Content/' took 0.02s
[2018.12.20-21.48.54:818][  0]SourceControl: Source control is disabled
[2018.12.20-21.48.54:819][  0]Cmd: MAP LOAD FILE="../../../../../GameDev/StrongStyle/STR_StrongStyle_v2/Content/MAPS/Local.umap" TEMPLATE=0 SHOWPROGRESS=1 FEATURELEVEL=3
[2018.12.20-21.48.54:819][  0]LightingResults: New page: Lighting Build
[2018.12.20-21.48.54:827][  0]MapCheck: New page: Map Check
[2018.12.20-21.48.54:827][  0]LightingResults: New page: Lighting Build
[2018.12.20-21.48.54:984][  0]LogBlueprint: Error: [Compiler GameTimeHolder_BP] Can't connect pins  Object  and  Return Value : This cast has an invalid target type (was the class deleted without a redirect?).
[2018.12.20-21.48.54:984][  0]LogBlueprint: Error: [Compiler GameTimeHolder_BP] In use pin  As BP Basketball Player M  no longer exists on node  Bad cast node . Please refresh node or break links to remove pin.
[2018.12.20-21.48.54:985][  0]LogBlueprint: Error: [Compiler GameTimeHolder_BP] Can't connect pins  Return Value  and  Object : This cast has an invalid target type (was the class deleted without a redirect?).
[2018.12.20-21.48.54:991][  0]LogBlueprint: Error: [Compiler GameTimeHolder_BP] StartMatchClock  : unable to determine expected signature - is the delegate pin connected?
[2018.12.20-21.48.54:991][  0]LogBlueprint: Error: [Compiler GameTimeHolder_BP] Event Dispatcher has no property  Bind Event to Dispatcher_GameStart
[2018.12.20-21.48.54:991][  0]LogBlueprint: Error: [Compiler GameTimeHolder_BP] Failed to create property K2Node_CreateDelegate_OutputDelegate from  <None>  due to a bad or unknown type (Delegate)
[2018.12.20-21.48.54:991][  0]LogBlueprint: Error: [Compiler GameTimeHolder_BP] StartMatchClock  Signature Error: Unable to determine expected signature - is the delegate pin connected?
[2018.12.20-21.48.54:997][  0]LogBlueprint: Warning: [Compiler GameTimeHolder_BP] [0014.34] Compile of GameTimeHolder_BP failed. 7 Fatal Issue(s) 0 Warning(s) [in 20 ms] (/Game/BLUEPRINT/GameTimeHolder_BP.GameTimeHolder_BP)
[2018.12.20-21.48.55:508][  0]LogBlueprint: Error: [Compiler BPW_MenuMain] Spawn node  Create Widget  must have a class specified.
[2018.12.20-21.48.55:508][  0]LogBlueprint: Error: [Compiler BPW_MenuMain] Spawn node  Create Widget  must have a class specified.
[2018.12.20-21.48.55:509][  0]LogBlueprint: Error: [Compiler BPW_SlotShot] Can't connect pins  Object  and  Return Value : This cast has an invalid target type (was the class deleted without a redirect?).
[2018.12.20-21.48.55:510][  0]LogBlueprint: Error: [Compiler BPW_SlotShot] In use pin  As BP Basketball Player M  no longer exists on node  Bad cast node . Please refresh node or break links to remove pin.
[2018.12.20-21.48.55:510][  0]LogBlueprint: Warning: [Compiler BPW_SlotShot] Could not find a variable named "CurrentShotName" in 'BPW_SlotShot'.
Make sure 'BPW_SlotShot' has been compiled for  Get CurrentShotName
[2018.12.20-21.48.55:510][  0]LogBlueprint: Error: [Compiler BPW_SlotShot] Can't connect pins  Return Value  and  Object : This cast has an invalid target type (was the class deleted without a redirect?).
[2018.12.20-21.48.55:608][  0]LogBlueprint: Warning: [Compiler BPW_MenuMain] [0014.95] Compile of BPW_MenuMain failed. 2 Fatal Issue(s) 0 Warning(s) [in 222 ms] (/Game/BLUEPRINT/WIDGETS/BPW_MenuMain.BPW_MenuMain)
[2018.12.20-21.48.55:608][  0]LogBlueprint: Warning: [Compiler BPW_SlotShot] [0014.95] Compile of BPW_SlotShot failed. 3 Fatal Issue(s) 1 Warning(s) [in 223 ms] (/Game/BLUEPRINT/WIDGETS/BPW_SlotShot.BPW_SlotShot)
[2018.12.20-21.48.56:308][  0]LogAIModule: Creating AISystem for world Local
[2018.12.20-21.48.56:327][  0]LogEditorServer: Finished looking for orphan Actors (0.000 secs)
[2018.12.20-21.48.56:359][  0]Cmd: MAP CHECKDEP NOCLEARLOG
[2018.12.20-21.48.56:460][  0]MapCheck: Map check complete: 0 Error(s), 0 Warning(s), took 100.432ms to complete.
[2018.12.20-21.48.56:460][  0]LogFileHelpers: Loading map 'Local' took 1.642
[2018.12.20-21.48.58:185][  0]LogSlate: Only BGRA pngs, bmps or icos are supported in by External Image Picker
[2018.12.20-21.48.58:286][  0]LogSlate: Took 0.001440 seconds to synchronously load lazily loaded font '../../../Engine/Content/Slate/Fonts/Roboto-Regular.ttf' (155K)
[2018.12.20-21.48.58:800][  0]LogTemp: Executing iPhonePackager certificates Engine -bundlename com.YourCompany.STRStrongStylev2
[2018.12.20-21.48.58:800][  0]LogTemp: CWD: A:\Epic Games\UE_4.20\Engine\Binaries\DotNET\IOS
[2018.12.20-21.48.58:800][  0]LogTemp: Initial Dir: A:\Epic Games\UE_4.20
[2018.12.20-21.48.58:800][  0]LogTemp: Env CWD: A:\Epic Games\UE_4.20\Engine\Binaries\DotNET\IOS
[2018.12.20-21.48.58:800][  0]LogTemp: BranchPath = MERTINS/A/Epic Games/UE_4.20/Engine/Binaries --- GameBranchPath = MERTINS/A/Epic Games/UE_4.20/Engine/Binaries
[2018.12.20-21.48.58:800][  0]LogTemp: IPP ERROR: Could not find provision directory 'C:\Users\Dan Lazar\AppData\Local/Apple Computer/MobileDevice/Provisioning Profiles/'.
[2018.12.20-21.48.58:800][  0]LogSlate: Updating window title bar state: overlay mode, drag disabled, window buttons hidden, title bar hidden
[2018.12.20-21.48.58:820][  0]LogCollectionManager: Loaded 0 collections in 0.002932 seconds
[2018.12.20-21.48.58:877][  0]LogFileCache: Scanning file cache for directory 'A:/GameDev/StrongStyle/STR_StrongStyle_v2/Saved/Collections/' took 0.01s
[2018.12.20-21.48.58:878][  0]LogFileCache: Scanning file cache for directory 'A:/GameDev/StrongStyle/STR_StrongStyle_v2/Content/Developers/DanLazar/Collections/' took 0.01s
[2018.12.20-21.48.58:878][  0]LogFileCache: Scanning file cache for directory 'A:/GameDev/StrongStyle/STR_StrongStyle_v2/Content/Collections/' took 0.01s
[2018.12.20-21.48.58:878][  0]LogCollectionManager: Rebuilt the GUID cache for 0 collections in 0.000000 seconds
[2018.12.20-21.48.58:890][  0]LogContentBrowser: Native class hierarchy populated in 0.0107 seconds. Added 2566 classes and 596 folders.
[2018.12.20-21.48.58:905][  0]LogContentBrowser: Native class hierarchy updated for 'WidgetCarousel' in 0.0003 seconds. Added 0 classes and 0 folders.
[2018.12.20-21.48.59:065][  0]LogContentBrowser: Native class hierarchy updated for 'AddContentDialog' in 0.0004 seconds. Added 0 classes and 0 folders.
[2018.12.20-21.48.59:145][  0]LogContentBrowser: Native class hierarchy updated for 'HierarchicalLODOutliner' in 0.0003 seconds. Added 0 classes and 0 folders.
[2018.12.20-21.48.59:146][  0]LogLoad: (Engine Initialization) Total time: 18.49 seconds
[2018.12.20-21.48.59:146][  0]LogLoad: (Engine Initialization) Total Blueprint compile time: 0.00 seconds
[2018.12.20-21.48.59:162][  0]LogWindowsTextInputMethodSystem: Display: IME system now deactivated.
[2018.12.20-21.48.59:721][  0]LogRenderer: Reallocating scene render targets to support 64x64 Format 10 NumSamples 1 (Frame:1).
[2018.12.20-21.48.59:721][  0]LogContentStreaming: Texture pool size now 1000 MB
[2018.12.20-21.48.59:733][  0]LogSlate: Took 0.005545 seconds to synchronously load lazily loaded font '../../../Engine/Content/Slate/Fonts/Roboto-Bold.ttf' (160K)
[2018.12.20-21.48.59:739][  0]LogSlate: Took 0.003594 seconds to synchronously load lazily loaded font '../../../Engine/Content/Editor/Slate/Fonts/FontAwesome.ttf' (139K)
[2018.12.20-21.48.59:874][  0]LogRenderer: Reallocating scene render targets to support 596x276 Format 10 NumSamples 1 (Frame:1).
[2018.12.20-21.48.59:874][  0]LogSlate: Took 0.010150 seconds to synchronously load lazily loaded font '../../../Engine/Content/Slate/Fonts/Roboto-Light.ttf' (167K)
[2018.12.20-21.48.59:920][  1]LogAssetRegistry: Asset discovery search completed in 11.1721 seconds
[2018.12.20-21.48.59:924][  1]LogCollectionManager: Rebuilt the object cache for 0 collections in 0.000000 seconds (found 0 objects)
[2018.12.20-21.48.59:925][  1]LogCollectionManager: Fixed up redirectors for 0 collections in 0.000104 seconds (updated 0 objects)
[2018.12.20-21.49.00:055][  3]LogRenderer: Reallocating scene render targets to support 596x328 Format 10 NumSamples 1 (Frame:16).
[2018.12.20-21.49.00:148][ 13]LogContentStreaming: Texture: "LightMapTexture2D /Game/MAPS/Local_BuiltData.Local_BuiltData:HQ_Lightmap0_1", ResidentMips: 7/11, RequestedMips: 10, WantedMips: 10, Boost: 0.2 (updated)
[2018.12.20-21.49.00:239][ 15]LogSlate: Took 0.000314 seconds to synchronously load lazily loaded font '../../../Engine/Content/Slate/Fonts/Roboto-Light.ttf' (167K)
[2018.12.20-21.49.02:688][284]LogSlate: FSceneViewport::OnFocusLost() reason 0
[2018.12.20-22.20.32:096][793]LogD3D11RHI: Timed out while waiting for GPU to catch up. (0.5 s)
[2018.12.20-22.20.34:096][794]LogD3D11RHI: Timed out while waiting for GPU to catch up. (0.5 s)
[2018.12.20-22.25.18:111][619]LogD3D11RHI: Timed out while waiting for GPU to catch up. (0.5 s)
[2018.12.20-22.25.20:112][620]LogD3D11RHI: Timed out while waiting for GPU to catch up. (0.5 s)
[2018.12.20-22.25.32:176][621]LogD3D11RHI: Timed out while waiting for GPU to catch up. (0.5 s)
[2018.12.20-22.25.32:176][621]LogD3D11RHI: Timed out while waiting for GPU to catch up. (500 ms)
[2018.12.20-22.25.32:176][621]LogD3D11RHI: Timed out while waiting for GPU to catch up. (2.0 s)
[2018.12.20-22.26.08:608][635]LogD3D11RHI: Timed out while waiting for GPU to catch up. (0.5 s)
[2018.12.20-22.27.30:438][821]LogD3D11RHI: Timed out while waiting for GPU to catch up. (0.5 s)
[2018.12.20-22.28.48:076][412]Cmd: SELECT NONE
[2018.12.20-22.28.48:556][433]Cmd: SELECT NONE
