Log file open, 12/07/18 13:57:28
LogWindows: Failed to load 'aqProf.dll' (GetLastError=126)
LogWindows: File 'aqProf.dll' does not exist
LogWindows: Failed to load 'VtuneApi.dll' (GetLastError=126)
LogWindows: File 'VtuneApi.dll' does not exist
LogWindows: Failed to load 'VtuneApi32e.dll' (GetLastError=126)
LogWindows: File 'VtuneApi32e.dll' does not exist
LogInit: Display: Running engine for game: STR_StrongStyle_v2
LogPlatformFile: Not using cached read wrapper
LogTaskGraph: Started task graph with 5 named threads and 14 total threads with 3 sets of task threads.
LogStats: Stats thread started at 0.722397
LogD3D11RHI: Loaded GFSDK_Aftermath_Lib.x64.dll
LogICUInternationalization: Display: ICU TimeZone Detection - Raw Offset: -8:00, Platform Override: ''
LogPluginManager: Mounting plugin Paper2D
LogPluginManager: Mounting plugin AdvancedSessions
LogPluginManager: Mounting plugin AdvancedSteamSessions
LogPluginManager: Mounting plugin AISupport
LogPluginManager: Mounting plugin LightPropagationVolume
LogPluginManager: Mounting plugin CLionSourceCodeAccess
LogPluginManager: Mounting plugin CodeLiteSourceCodeAccess
LogPluginManager: Mounting plugin GitSourceControl
LogPluginManager: Mounting plugin KDevelopSourceCodeAccess
LogPluginManager: Mounting plugin NullSourceCodeAccess
LogPluginManager: Mounting plugin PerforceSourceControl
LogPluginManager: Mounting plugin SubversionSourceControl
LogPluginManager: Mounting plugin UObjectPlugin
LogPluginManager: Mounting plugin VisualStudioCodeSourceCodeAccess
LogPluginManager: Mounting plugin VisualStudioSourceCodeAccess
LogPluginManager: Mounting plugin XCodeSourceCodeAccess
LogPluginManager: Mounting plugin AssetManagerEditor
LogPluginManager: Mounting plugin CryptoKeys
LogPluginManager: Mounting plugin DataValidation
LogPluginManager: Mounting plugin FacialAnimation
LogPluginManager: Mounting plugin GameplayTagsEditor
LogPluginManager: Mounting plugin MacGraphicsSwitching
LogPluginManager: Mounting plugin MeshEditor
LogPluginManager: Mounting plugin MobileLauncherProfileWizard
LogPluginManager: Mounting plugin PluginBrowser
LogPluginManager: Mounting plugin SpeedTreeImporter
LogPluginManager: Mounting plugin DatasmithContent
LogPluginManager: Mounting plugin AlembicImporter
LogPluginManager: Mounting plugin AppleImageUtils
LogPluginManager: Mounting plugin AppleVision
LogPluginManager: Mounting plugin BackChannel
LogPluginManager: Mounting plugin CharacterAI
LogPluginManager: Mounting plugin GeometryCache
LogPluginManager: Mounting plugin HTML5Networking
LogPluginManager: Mounting plugin ProxyLODPlugin
LogPluginManager: Mounting plugin MagicLeap
LogPluginManager: Mounting plugin MagicLeapEmulator
LogPluginManager: Mounting plugin MagicLeapMedia
LogPluginManager: Mounting plugin AndroidMedia
LogPluginManager: Mounting plugin AvfMedia
LogPluginManager: Mounting plugin ImgMedia
LogPluginManager: Mounting plugin LinearTimecode
LogPluginManager: Mounting plugin MediaCompositing
LogPluginManager: Mounting plugin MediaPlayerEditor
LogPluginManager: Mounting plugin WmfMedia
LogPluginManager: Mounting plugin TcpMessaging
LogPluginManager: Mounting plugin UdpMessaging
LogPluginManager: Mounting plugin ActorSequence
LogPluginManager: Mounting plugin LevelSequenceEditor
LogPluginManager: Mounting plugin MatineeToLevelSequence
LogPluginManager: Mounting plugin NetcodeUnitTest
LogPluginManager: Mounting plugin NUTUnrealEngine4
LogPluginManager: Mounting plugin OnlineSubsystemGooglePlay
LogPluginManager: Mounting plugin OnlineSubsystemIOS
LogPluginManager: Mounting plugin OnlineSubsystem
LogPluginManager: Mounting plugin OnlineSubsystemNull
LogPluginManager: Mounting plugin OnlineSubsystemSteam
LogPluginManager: Mounting plugin OnlineSubsystemUtils
LogPluginManager: Mounting plugin LauncherChunkInstaller
LogPluginManager: Mounting plugin AndroidDeviceProfileSelector
LogPluginManager: Mounting plugin AndroidMoviePlayer
LogPluginManager: Mounting plugin AndroidPermission
LogPluginManager: Mounting plugin AppleMoviePlayer
LogPluginManager: Mounting plugin ArchVisCharacter
LogPluginManager: Mounting plugin AudioCapture
LogPluginManager: Mounting plugin CableComponent
LogPluginManager: Mounting plugin CustomMeshComponent
LogPluginManager: Mounting plugin EditableMesh
LogPluginManager: Mounting plugin ExampleDeviceProfileSelector
LogPluginManager: Mounting plugin GoogleCloudMessaging
LogPluginManager: Mounting plugin ImmediatePhysics
LogPluginManager: Mounting plugin IOSDeviceProfileSelector
LogPluginManager: Mounting plugin LinuxDeviceProfileSelector
LogPluginManager: Mounting plugin LocationServicesBPLibrary
LogPluginManager: Mounting plugin MobilePatchingUtils
LogPluginManager: Mounting plugin PhysXVehicles
LogPluginManager: Mounting plugin ProceduralMeshComponent
LogPluginManager: Mounting plugin RuntimePhysXCooking
LogPluginManager: Mounting plugin WindowsMoviePlayer
LogStreaming: Display: Took  0.151s to configure plugins.
LogInit: Using libcurl 7.55.1-DEV
LogInit:  - built for x86_64-pc-win32
LogInit:  - supports SSL with OpenSSL/1.0.2h
LogInit:  - supports HTTP deflate (compression) using libz 1.2.8
LogInit:  - other features:
LogInit:      CURL_VERSION_SSL
LogInit:      CURL_VERSION_LIBZ
LogInit:      CURL_VERSION_IPV6
LogInit:      CURL_VERSION_ASYNCHDNS
LogInit:      CURL_VERSION_LARGEFILE
LogInit:      CURL_VERSION_IDN
LogInit:  CurlRequestOptions (configurable via config and command line):
LogInit:  - bVerifyPeer = false  - Libcurl will NOT verify peer certificate
LogInit:  - bUseHttpProxy = false  - Libcurl will NOT use HTTP proxy
LogInit:  - bDontReuseConnections = false  - Libcurl will reuse connections
LogInit:  - CertBundlePath = nullptr  - Libcurl will use whatever was configured at build time.
LogInit:  - MaxHostConnections = 16  - Libcurl will limit the number of connections to a host
LogInit:  - LocalHostAddr = Default
LogInit:  - BufferSize = 65536
LogOnline: Display: STEAM: Loading Steam SDK 1.39
LogOnline: Warning: STEAM: Steam API disabled!
LogOnline: Display: STEAM: OnlineSubsystemSteam::Shutdown()
LogInit: WinSock: version 1.1 (2.2), MaxSocks=32767, MaxUdp=65467
LogInit: Build: ++UE4+Release-4.20-CL-4369336
LogInit: Engine Version: 4.20.3-4369336+++UE4+Release-4.20
LogInit: Compatible Engine Version: 4.20.0-4212847+++UE4+Release-4.20
LogInit: Net CL: 4212847
LogInit: OS: Windows 10 (), CPU: Intel(R) Core(TM) i5-4690K CPU @ 3.50GHz, GPU: NVIDIA GeForce GTX 1070
LogInit: Compiled (64-bit): Sep 17 2018 12:26:19
LogInit: Compiled with Visual C++: 19.13.26129.00
LogInit: Build Configuration: Development
LogInit: Branch Name: ++UE4+Release-4.20
LogInit: Command Line:  
LogInit: Base Directory: A:/Epic Games/UE_4.20/Engine/Binaries/Win64/
LogInit: Installed Engine Build: 1
LogDevObjectVersion: Number of dev versions registered: 20
LogDevObjectVersion:   Dev-Blueprints (B0D832E4-1F89-4F0D-ACCF-7EB736FD4AA2): 10
LogDevObjectVersion:   Dev-Build (E1C64328-A22C-4D53-A36C-8E866417BD8C): 0
LogDevObjectVersion:   Dev-Core (375EC13C-06E4-48FB-B500-84F0262A717E): 2
LogDevObjectVersion:   Dev-Editor (E4B068ED-F494-42E9-A231-DA0B2E46BB41): 24
LogDevObjectVersion:   Dev-Framework (CFFC743F-43B0-4480-9391-14DF171D2073): 34
LogDevObjectVersion:   Dev-Mobile (B02B49B5-BB20-44E9-A304-32B752E40360): 2
LogDevObjectVersion:   Dev-Networking (A4E4105C-59A1-49B5-A7C5-40C4547EDFEE): 0
LogDevObjectVersion:   Dev-Online (39C831C9-5AE6-47DC-9A44-9C173E1C8E7C): 0
LogDevObjectVersion:   Dev-Physics (78F01B33-EBEA-4F98-B9B4-84EACCB95AA2): 0
LogDevObjectVersion:   Dev-Platform (6631380F-2D4D-43E0-8009-CF276956A95A): 0
LogDevObjectVersion:   Dev-Rendering (12F88B9F-8875-4AFC-A67C-D90C383ABD29): 26
LogDevObjectVersion:   Dev-Sequencer (7B5AE74C-D270-4C10-A958-57980B212A5A): 9
LogDevObjectVersion:   Dev-VR (D7296918-1DD6-4BDD-9DE2-64A83CC13884): 2
LogDevObjectVersion:   Dev-LoadTimes (C2A15278-BFE7-4AFE-6C17-90FF531DF755): 1
LogDevObjectVersion:   Private-Geometry (6EACA3D4-40EC-4CC1-B786-8BED09428FC5): 3
LogDevObjectVersion:   Dev-AnimPhys (29E575DD-E0A3-4627-9D10-D276232CDCEA): 17
LogDevObjectVersion:   Dev-ReflectionCapture (6B266CEC-1EC7-4B8F-A30B-E4D90942FC07): 1
LogDevObjectVersion:   Dev-Automation (0DF73D61-A23F-47EA-B727-89E90C41499A): 1
LogDevObjectVersion:   FortniteMain (601D1886-AC64-4F84-AA16-D3DE0DEAC7D6): 12
LogDevObjectVersion:   Dev-Enterprise (9DFFBCD6-494F-0158-E221-12823C92A888): 1
LogStreaming: Display: Took  0.001s to delete old logs.
LogInit: Presizing for max 8388607 objects, including 0 objects not considered by GC, pre-allocating 0 bytes for permanent pool.
LogInit: Object subsystem initialized
[2018.12.07-21.57.29:459][  0]LogInit: Selected Device Profile: [Windows]
[2018.12.07-21.57.29:459][  0]LogInit: Applying CVar settings loaded from the selected device profile: [Windows]
[2018.12.07-21.57.29:469][  0]LogHAL: Display: Platform has ~ 16 GB [17114378240 / 17179869184 / 16], which maps to Larger [LargestMinGB=32, LargerMinGB=12, DefaultMinGB=8, SmallerMinGB=6, SmallestMinGB=0)
[2018.12.07-21.57.29:469][  0]LogInit: Setting Device Profile CVar: [[r.Vulkan.UseRealUBs:1]]
[2018.12.07-21.57.29:469][  0]LogInit: Going up to parent DeviceProfile []
[2018.12.07-21.57.29:471][  0]LogInit: Computer: MERTINS
[2018.12.07-21.57.29:471][  0]LogInit: User: DanLazar
[2018.12.07-21.57.29:471][  0]LogInit: CPU Page size=4096, Cores=4
[2018.12.07-21.57.29:471][  0]LogInit: High frequency timer resolution =3.415992 MHz
[2018.12.07-21.57.29:471][  0]LogMemory: Memory total: Physical=15.9GB (16GB approx)
[2018.12.07-21.57.29:471][  0]LogMemory: Platform Memory Stats for Windows
[2018.12.07-21.57.29:471][  0]LogMemory: Process Physical Memory: 101.27 MB used, 101.27 MB peak
[2018.12.07-21.57.29:471][  0]LogMemory: Process Virtual Memory: 86.32 MB used, 86.32 MB peak
[2018.12.07-21.57.29:471][  0]LogMemory: Physical Memory: 6688.36 MB used,  9633.19 MB free, 16321.54 MB total
[2018.12.07-21.57.29:471][  0]LogMemory: Virtual Memory: 4607.56 MB used,  9633.19 MB free, 134217728.00 MB total
[2018.12.07-21.57.29:573][  0]LogInit: Using OS detected language (en-US).
[2018.12.07-21.57.29:573][  0]LogInit: Using OS detected locale (en-US).
[2018.12.07-21.57.29:577][  0]LogTextLocalizationManager: No specific localization for 'en-US' exists, so the 'en' localization will be used.
[2018.12.07-21.57.30:012][  0]LogStreaming: Display: Took  0.439s to InitEngineTextLocalization.
[2018.12.07-21.57.30:013][  0]LogInit: Setting process to per monitor DPI aware
[2018.12.07-21.57.30:078][  0]LogSlate: New Slate User Created.  User Index 0, Is Virtual User: 0
[2018.12.07-21.57.30:078][  0]LogSlate: Slate User Registered.  User Index 0, Is Virtual User: 0
[2018.12.07-21.57.30:508][  0]LogD3D11RHI: D3D11 adapters:
[2018.12.07-21.57.30:662][  0]LogD3D11RHI:    0. 'NVIDIA GeForce GTX 1070' (Feature Level 11_0)
[2018.12.07-21.57.30:662][  0]LogD3D11RHI:       8088/0/8160 MB DedicatedVideo/DedicatedSystem/SharedSystem, Outputs:1, VendorId:0x10de
[2018.12.07-21.57.30:665][  0]LogD3D11RHI:    1. 'Microsoft Basic Render Driver' (Feature Level 11_0)
[2018.12.07-21.57.30:666][  0]LogD3D11RHI:       0/0/8160 MB DedicatedVideo/DedicatedSystem/SharedSystem, Outputs:0, VendorId:0x1414
[2018.12.07-21.57.30:666][  0]LogD3D11RHI: Chosen D3D11 Adapter: 0
[2018.12.07-21.57.30:681][  0]LogD3D11RHI: Creating new Direct3DDevice
[2018.12.07-21.57.30:681][  0]LogD3D11RHI:     GPU DeviceId: 0x1b81 (for the marketing name, search the web for "GPU Device Id")
[2018.12.07-21.57.30:681][  0]LogWindows: EnumDisplayDevices:
[2018.12.07-21.57.30:681][  0]LogWindows:    0. 'NVIDIA GeForce GTX 1070' (P:1 D:1)
[2018.12.07-21.57.30:682][  0]LogWindows:    1. 'NVIDIA GeForce GTX 1070' (P:0 D:0)
[2018.12.07-21.57.30:682][  0]LogWindows:    2. 'NVIDIA GeForce GTX 1070' (P:0 D:0)
[2018.12.07-21.57.30:683][  0]LogWindows:    3. 'NVIDIA GeForce GTX 1070' (P:0 D:0)
[2018.12.07-21.57.30:683][  0]LogWindows: DebugString: FoundDriverCount:4 
[2018.12.07-21.57.30:683][  0]LogD3D11RHI:     Adapter Name: NVIDIA GeForce GTX 1070
[2018.12.07-21.57.30:684][  0]LogD3D11RHI:   Driver Version: 417.22 (internal:25.21.14.1722, unified:417.22)
[2018.12.07-21.57.30:684][  0]LogD3D11RHI:      Driver Date: 11-29-2018
[2018.12.07-21.57.30:684][  0]LogRHI: Texture pool is 5661 MB (70% of 8088 MB)
[2018.12.07-21.57.30:739][  0]LogD3D11RHI: Async texture creation enabled
[2018.12.07-21.57.30:778][  0]LogD3D11RHI: GPU Timing Frequency: 1000.000000 (Debug: 2 2)
[2018.12.07-21.57.30:826][  0]LogShaderCompilers: Guid format shader working directory is -4 characters bigger than the processId version (../../../../../GameDev/StrongStyle/STR_StrongStyle_v2/Intermediate/Shaders/WorkingDirectory/27324/).
[2018.12.07-21.57.30:826][  0]LogShaderCompilers: Cleaned the shader compiler working directory 'C:/Users/Dan Lazar/AppData/Local/Temp/UnrealShaderWorkingDir/8D8D42874C0C42E869E6FAA710B5DC91/'.
[2018.12.07-21.57.31:308][  0]LogTemp: Display: Loaded TP AllDesktopTargetPlatform
[2018.12.07-21.57.31:324][  0]LogTemp: Display: Loaded TP MacClientTargetPlatform
[2018.12.07-21.57.31:340][  0]LogTemp: Display: Loaded TP MacNoEditorTargetPlatform
[2018.12.07-21.57.31:355][  0]LogTemp: Display: Loaded TP MacServerTargetPlatform
[2018.12.07-21.57.31:372][  0]LogTemp: Display: Loaded TP MacTargetPlatform
[2018.12.07-21.57.31:389][  0]LogTemp: Display: Loaded TP WindowsClientTargetPlatform
[2018.12.07-21.57.31:405][  0]LogTemp: Display: Loaded TP WindowsNoEditorTargetPlatform
[2018.12.07-21.57.31:422][  0]LogTemp: Display: Loaded TP WindowsServerTargetPlatform
[2018.12.07-21.57.31:430][  0]LogTemp: Display: Loaded TP WindowsTargetPlatform
[2018.12.07-21.57.31:516][  0]LogTemp: Display: Loaded TP AndroidTargetPlatform
[2018.12.07-21.57.31:516][  0]LogTemp: Display: Loaded TP AndroidTargetPlatform
[2018.12.07-21.57.31:516][  0]LogTemp: Display: Loaded TP AndroidTargetPlatform
[2018.12.07-21.57.31:516][  0]LogTemp: Display: Loaded TP AndroidTargetPlatform
[2018.12.07-21.57.31:516][  0]LogTemp: Display: Loaded TP AndroidTargetPlatform
[2018.12.07-21.57.31:517][  0]LogTemp: Display: Loaded TP AndroidTargetPlatform
[2018.12.07-21.57.31:517][  0]LogTemp: Display: Loaded TP AndroidTargetPlatform
[2018.12.07-21.57.31:517][  0]LogTemp: Display: Loaded TP AndroidTargetPlatform
[2018.12.07-21.57.31:517][  0]LogTemp: Display: Loaded TP AndroidTargetPlatform
[2018.12.07-21.57.31:517][  0]LogTemp: Display: Loaded TP AndroidTargetPlatform
[2018.12.07-21.57.31:517][  0]LogTemp: Display: Loaded TP AndroidTargetPlatform
[2018.12.07-21.57.31:517][  0]LogTemp: Display: Loaded TP AndroidTargetPlatform
[2018.12.07-21.57.31:517][  0]LogTemp: Display: Loaded TP AndroidTargetPlatform
[2018.12.07-21.57.31:517][  0]LogTemp: Display: Loaded TP AndroidTargetPlatform
[2018.12.07-21.57.31:517][  0]LogTemp: Display: Loaded TP AndroidTargetPlatform
[2018.12.07-21.57.31:517][  0]LogTemp: Display: Loaded TP AndroidTargetPlatform
[2018.12.07-21.57.31:517][  0]LogTemp: Display: Loaded TP AndroidTargetPlatform
[2018.12.07-21.57.31:517][  0]LogTemp: Display: Loaded TP AndroidTargetPlatform
[2018.12.07-21.57.31:520][  0]LogTemp: Display: Loaded TP HTML5TargetPlatform
[2018.12.07-21.57.31:589][  0]LogTemp: Display: Loaded TP IOSTargetPlatform
[2018.12.07-21.57.31:589][  0]LogTemp: Display: Loaded TP IOSTargetPlatform
[2018.12.07-21.57.31:616][  0]LogTemp: Display: Loaded TP TVOSTargetPlatform
[2018.12.07-21.57.31:616][  0]LogTemp: Display: Loaded TP TVOSTargetPlatform
[2018.12.07-21.57.31:631][  0]LogTemp: Display: Loaded TP LinuxClientTargetPlatform
[2018.12.07-21.57.31:647][  0]LogTemp: Display: Loaded TP LinuxNoEditorTargetPlatform
[2018.12.07-21.57.31:662][  0]LogTemp: Display: Loaded TP LinuxServerTargetPlatform
[2018.12.07-21.57.31:679][  0]LogTemp: Display: Loaded TP LinuxTargetPlatform
[2018.12.07-21.57.31:689][  0]LogTemp: Display: Loaded TP LuminTargetPlatform
[2018.12.07-21.57.31:690][  0]LogTargetPlatformManager: Display: Building Assets For Windows
[2018.12.07-21.57.31:808][  0]LogXGEController: Cannot use XGE Controller as Incredibuild is not installed on this machine.
[2018.12.07-21.57.31:808][  0]LogShaderCompilers: Cannot use XGE Shader Compiler as Incredibuild is not installed on this machine.
[2018.12.07-21.57.31:808][  0]LogShaderCompilers: Display: Using Local Shader Compiler.
[2018.12.07-21.57.32:704][  0]LogDerivedDataCache: Display: Max Cache Size: 512 MB
[2018.12.07-21.57.33:091][  0]LogDerivedDataCache: Loaded boot cache 0.39s 68MB C:/Users/Dan Lazar/AppData/Local/UnrealEngine/4.20/DerivedDataCache/Boot.ddc.
[2018.12.07-21.57.33:092][  0]LogDerivedDataCache: Display: Loaded Boot cache: C:/Users/Dan Lazar/AppData/Local/UnrealEngine/4.20/DerivedDataCache/Boot.ddc
[2018.12.07-21.57.33:092][  0]LogDerivedDataCache: FDerivedDataBackendGraph:  Pak pak cache file ../../../../../GameDev/StrongStyle/STR_StrongStyle_v2/DerivedDataCache/DDC.ddp not found, will not use a pak cache.
[2018.12.07-21.57.33:092][  0]LogDerivedDataCache: Unable to find inner node Pak for hierarchical cache Hierarchy.
[2018.12.07-21.57.33:092][  0]LogDerivedDataCache: FDerivedDataBackendGraph:  CompressedPak pak cache file ../../../../../GameDev/StrongStyle/STR_StrongStyle_v2/DerivedDataCache/Compressed.ddp not found, will not use a pak cache.
[2018.12.07-21.57.33:092][  0]LogDerivedDataCache: Unable to find inner node CompressedPak for hierarchical cache Hierarchy.
[2018.12.07-21.57.33:111][  0]LogDerivedDataCache: Display: Pak cache opened for reading ../../../Engine/DerivedDataCache/Compressed.ddp.
[2018.12.07-21.57.33:124][  0]LogDerivedDataCache: Using Local data cache path C:/Users/Dan Lazar/AppData/Local/UnrealEngine/Common/DerivedDataCache: Writable
[2018.12.07-21.57.33:124][  0]LogDerivedDataCache: Shared data cache path not found in *engine.ini, will not use an Shared cache.
[2018.12.07-21.57.33:124][  0]LogDerivedDataCache: Unable to find inner node Shared for hierarchical cache Hierarchy.
[2018.12.07-21.57.33:147][  0]LogMaterial: Verifying Global Shaders for PCD3D_SM5
[2018.12.07-21.57.33:152][  0]LogSlate: Using FreeType 2.6.0
[2018.12.07-21.57.33:155][  0]LogSlate: SlateFontServices - WITH_FREETYPE: 1, WITH_HARFBUZZ: 1
[2018.12.07-21.57.33:309][  0]LogAssetRegistry: FAssetRegistry took 0.0288 seconds to start up
[2018.12.07-21.57.33:699][  0]LogInit: Selected Device Profile: [Windows]
[2018.12.07-21.57.33:833][  0]LogSimplygon: Simplygon DLL not present - disabling.
[2018.12.07-21.57.33:851][  0]LogMeshReduction: Using SimplygonSwarm for distributed automatic mesh merging
[2018.12.07-21.57.33:851][  0]LogMeshReduction: Using ProxyLODMeshReduction for automatic mesh merging
[2018.12.07-21.57.33:851][  0]LogMeshReduction: Using QuadricMeshReduction for automatic static mesh reduction
[2018.12.07-21.57.33:851][  0]LogMeshReduction: No automatic skeletal mesh reduction module available
[2018.12.07-21.57.33:975][  0]LogNetVersion: STR_StrongStyle_v2 1.0.0, NetCL: 4212847, EngineNetVer: 5, GameNetVer: 0 (Checksum: 3618140765)
[2018.12.07-21.57.34:766][  0]LogPackageLocalizationCache: Processed 9 localized package path(s) for 2 prioritized culture(s) in 0.088717 seconds
[2018.12.07-21.57.34:775][  0]LogUObjectArray: 37976 objects as part of root set at end of initial load.
[2018.12.07-21.57.34:775][  0]LogUObjectAllocator: 6616192 out of 0 bytes used by permanent object pool.
[2018.12.07-21.57.34:775][  0]LogUObjectArray: CloseDisregardForGC: 0/0 objects in disregard for GC pool
[2018.12.07-21.57.36:704][  0]LogTcpMessaging: Initializing TcpMessaging bridge
[2018.12.07-21.57.36:720][  0]LogUdpMessaging: Initializing bridge on interface 0.0.0.0:0 to multicast group 230.0.0.1:6666.
[2018.12.07-21.57.36:918][  0]SourceControl: Source control is disabled
[2018.12.07-21.57.36:919][  0]SourceControl: Source control is disabled
[2018.12.07-21.57.36:927][  0]SourceControl: Source control is disabled
[2018.12.07-21.57.36:931][  0]SourceControl: Source control is disabled
[2018.12.07-21.57.37:205][  0]LogAndroidPermission: UAndroidPermissionCallbackProxy::GetInstance
[2018.12.07-21.57.37:649][  0]LogEngine: Initializing Engine...
[2018.12.07-21.57.37:654][  0]LogStats: UGameplayTagsManager::ConstructGameplayTagTree: ImportINI prefixes -  0.000 s
[2018.12.07-21.57.37:654][  0]LogStats: UGameplayTagsManager::ConstructGameplayTagTree: Construct from data asset -  0.000 s
[2018.12.07-21.57.37:654][  0]LogStats: UGameplayTagsManager::ConstructGameplayTagTree: ImportINI -  0.001 s
[2018.12.07-21.57.37:654][  0]LogStats: UGameplayTagsManager::ConstructGameplayTagTree: GameplayTagTreeChangedEvent.Broadcast -  0.000 s
[2018.12.07-21.57.37:898][  0]LogInit: Initializing FReadOnlyCVARCache
[2018.12.07-21.57.37:937][  0]LogAIModule: Creating AISystem for world Untitled
[2018.12.07-21.57.38:134][  0]LogInit: XAudio2 using 'Speakers (Realtek High Definition Audio)' : 2 channels at 48 kHz using 32 bits per sample (channel mask 0x3)
[2018.12.07-21.57.38:184][  0]LogInit: FAudioDevice initialized.
[2018.12.07-21.57.38:184][  0]LogNetVersion: Set ProjectVersion to 1.0.0.0. Version Checksum will be recalculated on next use.
[2018.12.07-21.57.38:271][  0]LogDerivedDataCache: Saved boot cache 0.09s 68MB C:/Users/Dan Lazar/AppData/Local/UnrealEngine/4.20/DerivedDataCache/Boot.ddc.
[2018.12.07-21.57.38:271][  0]LogInit: Texture streaming: Enabled
[2018.12.07-21.57.38:304][  0]LogEngineSessionManager: EngineSessionManager initialized
[2018.12.07-21.57.38:330][  0]LogInit: Transaction tracking system initialized
[2018.12.07-21.57.38:390][  0]BlueprintLog: New page: Editor Load
[2018.12.07-21.57.38:578][  0]LocalizationService: Localization service is disabled
[2018.12.07-21.57.38:960][  0]LogCook: Display: Max memory allowance for cook 16384mb min free memory 0mb
[2018.12.07-21.57.38:960][  0]LogCook: Display: Mobile HDR setting 1
[2018.12.07-21.57.38:961][  0]LogGameplayTags: Display: UGameplayTagsManager::DoneAddingNativeTags. DelegateIsBound: 0
[2018.12.07-21.57.38:961][  0]LogStats: UGameplayTagsManager::ConstructGameplayTagTree: ImportINI prefixes -  0.000 s
[2018.12.07-21.57.38:961][  0]LogStats: UGameplayTagsManager::ConstructGameplayTagTree: Construct from data asset -  0.000 s
[2018.12.07-21.57.38:961][  0]LogStats: UGameplayTagsManager::ConstructGameplayTagTree: ImportINI -  0.000 s
[2018.12.07-21.57.38:961][  0]LogStats: UGameplayTagsManager::ConstructGameplayTagTree: GameplayTagTreeChangedEvent.Broadcast -  0.000 s
[2018.12.07-21.57.39:205][  0]LogFileCache: Scanning file cache for directory 'A:/GameDev/StrongStyle/STR_StrongStyle_v2/Content/' took 0.02s
[2018.12.07-21.57.39:205][  0]SourceControl: Source control is disabled
[2018.12.07-21.57.39:206][  0]Cmd: MAP LOAD FILE="../../../../../GameDev/StrongStyle/STR_StrongStyle_v2/Content/MAPS/Local.umap" TEMPLATE=0 SHOWPROGRESS=1 FEATURELEVEL=3
[2018.12.07-21.57.39:208][  0]LightingResults: New page: Lighting Build
[2018.12.07-21.57.39:217][  0]MapCheck: New page: Map Check
[2018.12.07-21.57.39:217][  0]LightingResults: New page: Lighting Build
[2018.12.07-21.57.39:473][  0]LogProperty: Error: UStructProperty::Serialize Loading: Property 'StructProperty /Game/BLUEPRINT/PLAYERS/BP_BasketballPlayer_M.BP_BasketballPlayer_M_C:ChangeShotType.CallFunc_GetDataTableRowFromName_OutRow'. Unknown structure.
[2018.12.07-21.57.41:220][  0]LogAIModule: Creating AISystem for world Local
[2018.12.07-21.57.41:239][  0]LogEditorServer: Finished looking for orphan Actors (0.000 secs)
[2018.12.07-21.57.41:277][  0]Cmd: MAP CHECKDEP NOCLEARLOG
[2018.12.07-21.57.41:377][  0]MapCheck: Map check complete: 0 Error(s), 0 Warning(s), took 99.635ms to complete.
[2018.12.07-21.57.41:377][  0]LogFileHelpers: Loading map 'Local' took 2.171
[2018.12.07-21.57.43:020][  0]LogSlate: Only BGRA pngs, bmps or icos are supported in by External Image Picker
[2018.12.07-21.57.43:126][  0]LogTemp: Executing iPhonePackager certificates Engine -bundlename com.YourCompany.STRStrongStylev2
[2018.12.07-21.57.43:126][  0]LogTemp: CWD: A:\Epic Games\UE_4.20\Engine\Binaries\DotNET\IOS
[2018.12.07-21.57.43:126][  0]LogTemp: Initial Dir: A:\Epic Games\UE_4.20
[2018.12.07-21.57.43:126][  0]LogTemp: Env CWD: A:\Epic Games\UE_4.20\Engine\Binaries\DotNET\IOS
[2018.12.07-21.57.43:126][  0]LogTemp: BranchPath = MERTINS/A/Epic Games/UE_4.20/Engine/Binaries --- GameBranchPath = MERTINS/A/Epic Games/UE_4.20/Engine/Binaries
[2018.12.07-21.57.43:126][  0]LogSlate: Updating window title bar state: overlay mode, drag disabled, window buttons hidden, title bar hidden
[2018.12.07-21.57.43:146][  0]LogTemp: IPP ERROR: Could not find provision directory 'C:\Users\Dan Lazar\AppData\Local/Apple Computer/MobileDevice/Provisioning Profiles/'.
[2018.12.07-21.57.43:146][  0]LogCollectionManager: Loaded 0 collections in 0.002907 seconds
[2018.12.07-21.57.43:199][  0]LogFileCache: Scanning file cache for directory 'A:/GameDev/StrongStyle/STR_StrongStyle_v2/Saved/Collections/' took 0.01s
[2018.12.07-21.57.43:199][  0]LogFileCache: Scanning file cache for directory 'A:/GameDev/StrongStyle/STR_StrongStyle_v2/Content/Developers/DanLazar/Collections/' took 0.01s
[2018.12.07-21.57.43:199][  0]LogFileCache: Scanning file cache for directory 'A:/GameDev/StrongStyle/STR_StrongStyle_v2/Content/Collections/' took 0.01s
[2018.12.07-21.57.43:200][  0]LogCollectionManager: Rebuilt the GUID cache for 0 collections in 0.000000 seconds
[2018.12.07-21.57.43:210][  0]LogContentBrowser: Native class hierarchy populated in 0.0104 seconds. Added 2592 classes and 606 folders.
[2018.12.07-21.57.43:224][  0]LogContentBrowser: Native class hierarchy updated for 'WidgetCarousel' in 0.0003 seconds. Added 0 classes and 0 folders.
[2018.12.07-21.57.43:383][  0]LogContentBrowser: Native class hierarchy updated for 'AddContentDialog' in 0.0003 seconds. Added 0 classes and 0 folders.
[2018.12.07-21.57.43:446][  0]LogContentBrowser: Native class hierarchy updated for 'HierarchicalLODOutliner' in 0.0003 seconds. Added 0 classes and 0 folders.
[2018.12.07-21.57.43:446][  0]LogLoad: (Engine Initialization) Total time: 18.18 seconds
[2018.12.07-21.57.43:446][  0]LogLoad: (Engine Initialization) Total Blueprint compile time: 0.00 seconds
[2018.12.07-21.57.43:457][  0]LogWindowsTextInputMethodSystem: Display: IME system now deactivated.
[2018.12.07-21.57.43:490][  0]LogContentStreaming: Texture pool size now 1000 MB
[2018.12.07-21.57.43:494][  0]LogSlate: Took 0.001243 seconds to synchronously load lazily loaded font '../../../Engine/Content/Slate/Fonts/Roboto-Regular.ttf' (155K)
[2018.12.07-21.57.43:500][  0]LogSlate: Took 0.001351 seconds to synchronously load lazily loaded font '../../../Engine/Content/Slate/Fonts/Roboto-Bold.ttf' (160K)
[2018.12.07-21.57.43:505][  0]LogRenderer: Reallocating scene render targets to support 64x64 Format 10 NumSamples 1 (Frame:1).
[2018.12.07-21.57.43:505][  0]LogSlate: Took 0.001370 seconds to synchronously load lazily loaded font '../../../Engine/Content/Editor/Slate/Fonts/FontAwesome.ttf' (139K)
[2018.12.07-21.57.43:606][  0]LogRenderer: Reallocating scene render targets to support 500x320 Format 10 NumSamples 1 (Frame:1).
[2018.12.07-21.57.43:606][  0]LogSlate: Took 0.001406 seconds to synchronously load lazily loaded font '../../../Engine/Content/Slate/Fonts/Roboto-Light.ttf' (167K)
[2018.12.07-21.57.43:694][  1]LogAssetRegistry: Asset discovery search completed in 10.4073 seconds
[2018.12.07-21.57.43:698][  1]LogCollectionManager: Rebuilt the object cache for 0 collections in 0.000000 seconds (found 0 objects)
[2018.12.07-21.57.43:699][  1]LogCollectionManager: Fixed up redirectors for 0 collections in 0.000110 seconds (updated 0 objects)
[2018.12.07-21.57.44:483][ 87]LogSlate: Took 0.000302 seconds to synchronously load lazily loaded font '../../../Engine/Content/Slate/Fonts/Roboto-Light.ttf' (167K)
[2018.12.07-21.57.52:687][ 67]LogSlate: FSceneViewport::OnFocusLost() reason 0
[2018.12.07-21.57.52:893][ 86]LogRenderer: Reallocating scene render targets to support 512x320 Format 10 NumSamples 1 (Frame:1071).
[2018.12.07-21.57.52:935][ 87]LogRenderer: Reallocating scene render targets to support 532x320 Format 10 NumSamples 1 (Frame:1073).
[2018.12.07-21.57.52:980][ 88]LogRenderer: Reallocating scene render targets to support 568x320 Format 10 NumSamples 1 (Frame:1075).
[2018.12.07-21.57.53:025][ 89]LogRenderer: Reallocating scene render targets to support 608x320 Format 10 NumSamples 1 (Frame:1077).
[2018.12.07-21.57.53:069][ 90]LogRenderer: Reallocating scene render targets to support 636x320 Format 10 NumSamples 1 (Frame:1079).
[2018.12.07-21.57.53:112][ 91]LogRenderer: Reallocating scene render targets to support 652x320 Format 10 NumSamples 1 (Frame:1081).
[2018.12.07-21.57.53:154][ 92]LogRenderer: Reallocating scene render targets to support 668x320 Format 10 NumSamples 1 (Frame:1083).
[2018.12.07-21.57.53:193][ 93]LogRenderer: Reallocating scene render targets to support 676x320 Format 10 NumSamples 1 (Frame:1085).
[2018.12.07-21.57.53:232][ 94]LogRenderer: Reallocating scene render targets to support 680x320 Format 10 NumSamples 1 (Frame:1087).
[2018.12.07-21.58.04:278][383]LogAssetEditorManager: Opening Asset editor for Blueprint /Game/BLUEPRINT/LOCAL/BP_Basketball_PlayerController_Local.BP_Basketball_PlayerController_Local
[2018.12.07-21.58.04:757][383]LogContentBrowser: Native class hierarchy updated for 'BlueprintGraph' in 0.0006 seconds. Added 116 classes and 0 folders.
[2018.12.07-21.58.05:647][383]LogSlate: Took 0.001170 seconds to synchronously load lazily loaded font '../../../Engine/Content/Slate/Fonts/Roboto-BoldCondensed.ttf' (158K)
[2018.12.07-21.59.21:618][107]LogRenderer: Reallocating scene render targets to support 684x320 Format 10 NumSamples 1 (Frame:3389).
[2018.12.07-21.59.21:659][108]LogRenderer: Reallocating scene render targets to support 688x320 Format 10 NumSamples 1 (Frame:3391).
[2018.12.07-21.59.21:702][109]LogRenderer: Reallocating scene render targets to support 700x320 Format 10 NumSamples 1 (Frame:3393).
[2018.12.07-21.59.21:742][110]LogRenderer: Reallocating scene render targets to support 724x320 Format 10 NumSamples 1 (Frame:3395).
[2018.12.07-21.59.21:783][111]LogRenderer: Reallocating scene render targets to support 748x320 Format 10 NumSamples 1 (Frame:3397).
[2018.12.07-21.59.21:822][112]LogRenderer: Reallocating scene render targets to support 772x320 Format 10 NumSamples 1 (Frame:3399).
[2018.12.07-21.59.21:862][113]LogRenderer: Reallocating scene render targets to support 788x320 Format 10 NumSamples 1 (Frame:3401).
[2018.12.07-21.59.21:903][114]LogRenderer: Reallocating scene render targets to support 804x320 Format 10 NumSamples 1 (Frame:3403).
[2018.12.07-21.59.21:943][115]LogRenderer: Reallocating scene render targets to support 816x320 Format 10 NumSamples 1 (Frame:3405).
[2018.12.07-21.59.21:982][116]LogRenderer: Reallocating scene render targets to support 820x320 Format 10 NumSamples 1 (Frame:3407).
[2018.12.07-21.59.22:023][117]LogRenderer: Reallocating scene render targets to support 824x320 Format 10 NumSamples 1 (Frame:3409).
[2018.12.07-21.59.26:476][585]LogRenderer: Reallocating scene render targets to support 824x324 Format 10 NumSamples 1 (Frame:3755).
[2018.12.07-21.59.26:517][586]LogRenderer: Reallocating scene render targets to support 824x328 Format 10 NumSamples 1 (Frame:3757).
[2018.12.07-21.59.26:558][587]LogRenderer: Reallocating scene render targets to support 824x340 Format 10 NumSamples 1 (Frame:3759).
[2018.12.07-21.59.26:599][588]LogRenderer: Reallocating scene render targets to support 824x348 Format 10 NumSamples 1 (Frame:3761).
[2018.12.07-21.59.26:839][610]LogRenderer: Reallocating scene render targets to support 824x352 Format 10 NumSamples 1 (Frame:3765).
[2018.12.07-22.00.01:725][763]LogAssetEditorManager: Opening Asset editor for Blueprint /Game/BLUEPRINT/LOCAL/BP_BasketballPlayer_Local.BP_BasketballPlayer_Local
[2018.12.07-22.00.02:492][764]LogSlate: Took 0.001388 seconds to synchronously load lazily loaded font '../../../Engine/Content/Slate/Fonts/Roboto-Italic.ttf' (157K)
[2018.12.07-22.03.38:248][427]LogSlate: FSceneViewport::OnFocusLost() reason 0
[2018.12.07-22.04.01:692][205]LogSlate: FSceneViewport::OnFocusLost() reason 0
[2018.12.07-22.04.51:208][ 55]LogSlate: FSceneViewport::OnFocusLost() reason 2
[2018.12.07-22.04.55:830][603]LogSlate: FSceneViewport::OnFocusLost() reason 2
[2018.12.07-22.05.22:805][799]LogEditorTransaction: Undo Modify Component(s)
[2018.12.07-22.05.25:331][ 86]LogSlate: FSceneViewport::OnFocusLost() reason 0
[2018.12.07-22.05.38:663][647]LogSlate: FSceneViewport::OnFocusLost() reason 0
[2018.12.07-22.07.13:468][816]LogSavePackage: Moving '../../../../../GameDev/StrongStyle/STR_StrongStyle_v2/Saved/BP_BasketballPlayer_LocalF593178944FB2D2D7E4544BDAAAE621F.tmp' to '../../../../../GameDev/StrongStyle/STR_StrongStyle_v2/Content/BLUEPRINT/LOCAL/BP_BasketballPlayer_Local.uasset'
[2018.12.07-22.07.16:496][175]LogSlate: FSceneViewport::OnFocusLost() reason 2
[2018.12.07-22.07.42:131][202]LogSlate: FSceneViewport::OnFocusLost() reason 0
[2018.12.07-22.08.07:176][137]LogSlate: FSceneViewport::OnFocusLost() reason 2
[2018.12.07-22.08.35:362][445]LogSlate: FSceneViewport::OnFocusLost() reason 0
[2018.12.07-22.09.20:525][774]LogSlate: FSceneViewport::OnFocusLost() reason 2
[2018.12.07-22.09.20:950][774]LogSavePackage: Moving '../../../../../GameDev/StrongStyle/STR_StrongStyle_v2/Saved/BP_BasketballPlayer_Local6C02286A4F2042E0AE1146808C563662.tmp' to '../../../../../GameDev/StrongStyle/STR_StrongStyle_v2/Content/BLUEPRINT/LOCAL/BP_BasketballPlayer_Local.uasset'
[2018.12.07-22.09.22:972][965]LogSavePackage: Moving '../../../../../GameDev/StrongStyle/STR_StrongStyle_v2/Saved/BP_BasketballPlayer_LocalE68107F3433C70092DE8D0881AFFD404.tmp' to '../../../../../GameDev/StrongStyle/STR_StrongStyle_v2/Content/BLUEPRINT/LOCAL/BP_BasketballPlayer_Local.uasset'
[2018.12.07-22.09.54:103][631]LogSlate: FSceneViewport::OnFocusLost() reason 0
[2018.12.07-22.09.59:270][247]LogSlate: FSceneViewport::OnFocusLost() reason 0
[2018.12.07-22.10.32:835][145]LogSlate: FSceneViewport::OnFocusLost() reason 0
[2018.12.07-22.10.51:357][322]LogSlate: FSceneViewport::OnFocusLost() reason 0
[2018.12.07-22.10.56:706][957]LogSlate: FSceneViewport::OnFocusLost() reason 0
[2018.12.07-22.11.05:804][ 41]LogSlate: FSceneViewport::OnFocusLost() reason 0
[2018.12.07-22.11.16:243][279]LogSlate: FSceneViewport::OnFocusLost() reason 0
[2018.12.07-22.11.31:658][101]LogSlate: FSceneViewport::OnFocusLost() reason 0
[2018.12.07-22.12.08:676][ 71]LogFileHelpers: Editor autosave (incl. sublevels) for '/Game/MAPS/Local' took 0.222
[2018.12.07-22.12.08:679][ 71]OBJ SavePackage: Generating thumbnails for [1] asset(s) in package [/Game/BLUEPRINT/LOCAL/BP_BasketballPlayer_Local] ([1] browsable assets)...
[2018.12.07-22.12.08:694][ 71]OBJ SavePackage:     Rendered thumbnail for [Blueprint /Game/BLUEPRINT/LOCAL/BP_BasketballPlayer_Local.BP_BasketballPlayer_Local]
[2018.12.07-22.12.08:694][ 71]OBJ SavePackage: Finished generating thumbnails for package [/Game/BLUEPRINT/LOCAL/BP_BasketballPlayer_Local]
[2018.12.07-22.12.09:143][ 71]LogSavePackage: Moving '../../../../../GameDev/StrongStyle/STR_StrongStyle_v2/Saved/BP_BasketballPlayer_Local_Auto163D49F7B4C06323777E211B4F0AC911B.tmp' to '../../../../../GameDev/StrongStyle/STR_StrongStyle_v2/Saved/Autosaves/Game/BLUEPRINT/LOCAL/BP_BasketballPlayer_Local_Auto1.uasset'
[2018.12.07-22.12.09:148][ 71]LogFileHelpers: Auto-saving content packages took 0.471
[2018.12.07-22.13.01:044][209]LogSlate: FSceneViewport::OnFocusLost() reason 0
[2018.12.07-22.13.35:649][293]LogSlate: FSceneViewport::OnFocusLost() reason 0
[2018.12.07-22.14.05:545][753]LogSlate: FSceneViewport::OnFocusLost() reason 0
[2018.12.07-22.14.22:211][697]LogSlate: FSceneViewport::OnFocusLost() reason 0
[2018.12.07-22.15.10:157][ 85]LogSlate: FSceneViewport::OnFocusLost() reason 0
[2018.12.07-22.15.19:135][135]LogEditorTransaction: Undo Set Location
[2018.12.07-22.15.19:144][135]LogActorComponent: ~FComponentReregisterContext: (/Engine/Transient.World_4:PersistentLevel.BP_BasketballPlayer_Local_C_0.Arrow) Component already registered.
[2018.12.07-22.15.19:146][135]LogActorComponent: ~FComponentReregisterContext: (/Engine/Transient.World_4:PersistentLevel.BP_BasketballPlayer_Local_C_0.CharMoveComp) Component already registered.
[2018.12.07-22.15.19:147][135]LogActorComponent: ~FComponentReregisterContext: (/Engine/Transient.World_4:PersistentLevel.BP_BasketballPlayer_Local_C_0.CharacterMesh0) Component already registered.
[2018.12.07-22.15.21:295][362]LogSlate: FSceneViewport::OnFocusLost() reason 0
[2018.12.07-22.15.42:543][794]LogEditorTransaction: Undo Set Location
[2018.12.07-22.15.42:552][794]LogActorComponent: ~FComponentReregisterContext: (/Engine/Transient.World_4:PersistentLevel.BP_BasketballPlayer_Local_C_0.Arrow) Component already registered.
[2018.12.07-22.15.42:553][794]LogActorComponent: ~FComponentReregisterContext: (/Engine/Transient.World_4:PersistentLevel.BP_BasketballPlayer_Local_C_0.CharMoveComp) Component already registered.
[2018.12.07-22.15.42:554][794]LogActorComponent: ~FComponentReregisterContext: (/Engine/Transient.World_4:PersistentLevel.BP_BasketballPlayer_Local_C_0.CharacterMesh0) Component already registered.
[2018.12.07-22.15.44:722][ 39]LogSlate: FSceneViewport::OnFocusLost() reason 0
[2018.12.07-22.16.01:312][967]LogSlate: FSceneViewport::OnFocusLost() reason 0
[2018.12.07-22.16.11:043][ 98]LogSlate: FSceneViewport::OnFocusLost() reason 0
[2018.12.07-22.16.22:703][403]LogSlate: FSceneViewport::OnFocusLost() reason 0
[2018.12.07-22.16.45:453][ 38]LogSlate: FSceneViewport::OnFocusLost() reason 0
[2018.12.07-22.17.15:749][564]LogSlate: FSceneViewport::OnFocusLost() reason 0
[2018.12.07-22.17.27:111][909]LogSlate: FSceneViewport::OnFocusLost() reason 0
[2018.12.07-22.17.31:116][373]LogEditorTransaction: Undo Modify Component(s)
[2018.12.07-22.17.33:870][688]LogSlate: FSceneViewport::OnFocusLost() reason 0
[2018.12.07-22.17.46:440][150]LogSlate: FSceneViewport::OnFocusLost() reason 0
[2018.12.07-22.18.01:606][903]LogSlate: FSceneViewport::OnFocusLost() reason 0
[2018.12.07-22.18.05:210][285]LogEditorTransaction: Undo Modify Component(s)
[2018.12.07-22.18.09:566][780]LogSlate: FSceneViewport::OnFocusLost() reason 0
[2018.12.07-22.18.11:054][941]LogAssetEditorManager: Opening Asset editor for Blueprint /Game/BLUEPRINT/LOCAL/BP_BasketballPlayer_Local.BP_BasketballPlayer_Local
[2018.12.07-22.18.28:023][819]LogSlate: FSceneViewport::OnFocusLost() reason 0
[2018.12.07-22.18.41:675][361]LogSlate: FSceneViewport::OnFocusLost() reason 0
[2018.12.07-22.18.49:887][312]LogSlate: FSceneViewport::OnFocusLost() reason 0
[2018.12.07-22.18.50:021][322]LogRenderer: Reallocating scene render targets to support 824x360 Format 10 NumSamples 1 (Frame:4088).
[2018.12.07-22.18.50:064][323]LogRenderer: Reallocating scene render targets to support 824x376 Format 10 NumSamples 1 (Frame:4090).
[2018.12.07-22.18.50:107][324]LogRenderer: Reallocating scene render targets to support 824x384 Format 10 NumSamples 1 (Frame:4092).
[2018.12.07-22.18.50:149][325]LogRenderer: Reallocating scene render targets to support 824x388 Format 10 NumSamples 1 (Frame:4094).
[2018.12.07-22.18.50:190][326]LogRenderer: Reallocating scene render targets to support 824x392 Format 10 NumSamples 1 (Frame:4096).
[2018.12.07-22.18.50:230][327]LogRenderer: Reallocating scene render targets to support 824x396 Format 10 NumSamples 1 (Frame:4098).
[2018.12.07-22.18.50:269][328]LogRenderer: Reallocating scene render targets to support 824x404 Format 10 NumSamples 1 (Frame:4100).
[2018.12.07-22.18.50:308][329]LogRenderer: Reallocating scene render targets to support 824x416 Format 10 NumSamples 1 (Frame:4102).
[2018.12.07-22.19.04:129][947]LogSlate: FSceneViewport::OnFocusLost() reason 0
[2018.12.07-22.19.30:795][ 73]LogSlate: FSceneViewport::OnFocusLost() reason 0
[2018.12.07-22.19.30:903][ 86]Cmd: MODE SCALEGRID=0
[2018.12.07-22.19.36:879][789]LogSlate: FSceneViewport::OnFocusLost() reason 0
[2018.12.07-22.19.36:987][802]Cmd: MODE SCALEGRID=1
[2018.12.07-22.19.45:132][764]Cmd: MODE GRID=0
[2018.12.07-22.19.48:553][152]LogEditorTransaction: Undo Modify Component(s)
[2018.12.07-22.20.03:396][890]LogSlate: FSceneViewport::OnFocusLost() reason 0
[2018.12.07-22.20.13:075][979]LogSlate: FSceneViewport::OnFocusLost() reason 2
[2018.12.07-22.20.27:028][557]LogSlate: FSceneViewport::OnFocusLost() reason 0
[2018.12.07-22.21.13:275][941]LogSlate: FSceneViewport::OnFocusLost() reason 2
[2018.12.07-22.21.26:052][386]LogSlate: FSceneViewport::OnFocusLost() reason 0
[2018.12.07-22.21.41:705][140]LogSlate: FSceneViewport::OnFocusLost() reason 0
[2018.12.07-22.21.44:728][488]LogSlate: FSceneViewport::OnFocusLost() reason 0
[2018.12.07-22.21.54:473][611]LogSlate: FSceneViewport::OnFocusLost() reason 2
[2018.12.07-22.21.59:748][203]LogSlate: FSceneViewport::OnFocusLost() reason 0
[2018.12.07-22.22.10:993][451]LogSlate: FSceneViewport::OnFocusLost() reason 0
[2018.12.07-22.22.23:804][929]LogSlate: FSceneViewport::OnFocusLost() reason 0
[2018.12.07-22.22.38:610][603]LogSlate: FSceneViewport::OnFocusLost() reason 0
[2018.12.07-22.23.06:842][216]LogFileHelpers: Editor autosave (incl. sublevels) for '/Game/MAPS/Local' took 0.244
[2018.12.07-22.23.06:846][216]OBJ SavePackage: Generating thumbnails for [1] asset(s) in package [/Game/BLUEPRINT/LOCAL/BP_BasketballPlayer_Local] ([1] browsable assets)...
[2018.12.07-22.23.06:861][216]OBJ SavePackage:     Rendered thumbnail for [Blueprint /Game/BLUEPRINT/LOCAL/BP_BasketballPlayer_Local.BP_BasketballPlayer_Local]
[2018.12.07-22.23.06:861][216]OBJ SavePackage: Finished generating thumbnails for package [/Game/BLUEPRINT/LOCAL/BP_BasketballPlayer_Local]
[2018.12.07-22.23.07:326][216]LogSavePackage: Moving '../../../../../GameDev/StrongStyle/STR_StrongStyle_v2/Saved/BP_BasketballPlayer_Local_Auto2AE8CC3E64C3341DF8EF2788BF9ED51CF.tmp' to '../../../../../GameDev/StrongStyle/STR_StrongStyle_v2/Saved/Autosaves/Game/BLUEPRINT/LOCAL/BP_BasketballPlayer_Local_Auto2.uasset'
[2018.12.07-22.23.07:332][216]LogFileHelpers: Auto-saving content packages took 0.489
[2018.12.07-22.23.11:359][229]LogSlate: FSceneViewport::OnFocusLost() reason 2
[2018.12.07-22.23.14:480][589]LogSlate: FSceneViewport::OnFocusLost() reason 2
[2018.12.07-22.23.14:900][589]LogSavePackage: Moving '../../../../../GameDev/StrongStyle/STR_StrongStyle_v2/Saved/BP_BasketballPlayer_Local0C7ECAED4CFB34872502B9A059194D41.tmp' to '../../../../../GameDev/StrongStyle/STR_StrongStyle_v2/Content/BLUEPRINT/LOCAL/BP_BasketballPlayer_Local.uasset'
[2018.12.07-22.23.19:697][148]LogSlate: FSceneViewport::OnFocusLost() reason 0
[2018.12.07-22.23.44:436][971]LogSavePackage: Moving '../../../../../GameDev/StrongStyle/STR_StrongStyle_v2/Saved/BP_BasketballPlayer_LocalDBF7AE3641495A008C4909B708124DB4.tmp' to '../../../../../GameDev/StrongStyle/STR_StrongStyle_v2/Content/BLUEPRINT/LOCAL/BP_BasketballPlayer_Local.uasset'
[2018.12.07-22.29.29:975][975]LogSlate: Window 'New Profile' being destroyed
[2018.12.07-22.29.51:112][271]LogSlate: Window 'New Channel' being destroyed
[2018.12.07-22.30.49:515][684]LogSlate: Window 'Edit Profile' being destroyed
[2018.12.07-22.30.55:082][744]LogSlate: Window 'Edit Profile' being destroyed
[2018.12.07-22.30.58:090][814]LogSlate: Window 'Edit Profile' being destroyed
[2018.12.07-22.31.01:548][859]LogSlate: Window 'Edit Profile' being destroyed
[2018.12.07-22.31.39:041][268]LogSlate: FSceneViewport::OnFocusLost() reason 0
[2018.12.07-22.32.31:014][241]LogSavePackage: Moving '../../../../../GameDev/StrongStyle/STR_StrongStyle_v2/Saved/BP_BasketballPlayer_Local86B6AD8547CF29EACE2E368FFAFCA78A.tmp' to '../../../../../GameDev/StrongStyle/STR_StrongStyle_v2/Content/BLUEPRINT/LOCAL/BP_BasketballPlayer_Local.uasset'
[2018.12.07-22.33.57:304][366]LogFileHelpers: Editor autosave (incl. sublevels) for '/Game/MAPS/Local' took 0.046
[2018.12.07-22.33.57:307][366]OBJ SavePackage: Generating thumbnails for [1] asset(s) in package [/Game/BLUEPRINT/LOCAL/BP_BasketballPlayer_Local] ([1] browsable assets)...
[2018.12.07-22.33.57:329][366]OBJ SavePackage:     Rendered thumbnail for [Blueprint /Game/BLUEPRINT/LOCAL/BP_BasketballPlayer_Local.BP_BasketballPlayer_Local]
[2018.12.07-22.33.57:329][366]OBJ SavePackage: Finished generating thumbnails for package [/Game/BLUEPRINT/LOCAL/BP_BasketballPlayer_Local]
[2018.12.07-22.33.57:771][366]LogSavePackage: Moving '../../../../../GameDev/StrongStyle/STR_StrongStyle_v2/Saved/BP_BasketballPlayer_Local_Auto3EC22D12D48DF90E7C93098805FFA6792.tmp' to '../../../../../GameDev/StrongStyle/STR_StrongStyle_v2/Saved/Autosaves/Game/BLUEPRINT/LOCAL/BP_BasketballPlayer_Local_Auto3.uasset'
[2018.12.07-22.33.57:776][366]LogFileHelpers: Auto-saving content packages took 0.472
[2018.12.07-22.38.56:445][749]LogSlate: Window 'Widget Reflector' being destroyed
[2018.12.07-22.38.56:455][749]LogSlate: Window 'Widget Reflector' being destroyed
[2018.12.07-22.39.03:595][556]LogEditorTransaction: Undo Align Center
[2018.12.07-22.39.09:886][167]LogEditorTransaction: Undo Align Middle
[2018.12.07-22.39.16:830][799]LogSavePackage: Moving '../../../../../GameDev/StrongStyle/STR_StrongStyle_v2/Saved/BP_BasketballPlayer_Local518FFB434F2D8F3ABD5C4B9583EFD1BC.tmp' to '../../../../../GameDev/StrongStyle/STR_StrongStyle_v2/Content/BLUEPRINT/LOCAL/BP_BasketballPlayer_Local.uasset'
[2018.12.07-22.44.17:733][ 40]LogEditorTransaction: Undo Move Nodes
[2018.12.07-22.45.42:197][104]LogSavePackage: Moving '../../../../../GameDev/StrongStyle/STR_StrongStyle_v2/Saved/BP_BasketballPlayer_Local5CEAAD4B44CC3457CE10CD9B706DCFF6.tmp' to '../../../../../GameDev/StrongStyle/STR_StrongStyle_v2/Content/BLUEPRINT/LOCAL/BP_BasketballPlayer_Local.uasset'
[2018.12.07-22.47.21:710][603]LogEditorTransaction: Undo Move Node
[2018.12.07-22.48.25:934][866]LogEditorTransaction: Undo Align Right
[2018.12.07-22.50.47:779][822]LogEditorTransaction: Undo Distribute Vertically
[2018.12.07-22.52.06:877][517]LogFileHelpers: Editor autosave (incl. sublevels) for '/Game/MAPS/Local' took 0.079
[2018.12.07-22.52.06:880][517]OBJ SavePackage: Generating thumbnails for [1] asset(s) in package [/Game/BLUEPRINT/LOCAL/BP_BasketballPlayer_Local] ([1] browsable assets)...
[2018.12.07-22.52.06:892][517]OBJ SavePackage:     Rendered thumbnail for [Blueprint /Game/BLUEPRINT/LOCAL/BP_BasketballPlayer_Local.BP_BasketballPlayer_Local]
[2018.12.07-22.52.06:892][517]OBJ SavePackage: Finished generating thumbnails for package [/Game/BLUEPRINT/LOCAL/BP_BasketballPlayer_Local]
[2018.12.07-22.52.07:381][517]LogSavePackage: Moving '../../../../../GameDev/StrongStyle/STR_StrongStyle_v2/Saved/BP_BasketballPlayer_Local_Auto4C8D97F8D46361E5386501F87F60C8FBA.tmp' to '../../../../../GameDev/StrongStyle/STR_StrongStyle_v2/Saved/Autosaves/Game/BLUEPRINT/LOCAL/BP_BasketballPlayer_Local_Auto4.uasset'
[2018.12.07-22.52.07:387][517]LogFileHelpers: Auto-saving content packages took 0.510
[2018.12.07-23.03.54:150][599]LogSavePackage: Moving '../../../../../GameDev/StrongStyle/STR_StrongStyle_v2/Saved/BP_BasketballPlayer_Local02F133FB4E8D4106E8DC39B7FB07A5EF.tmp' to '../../../../../GameDev/StrongStyle/STR_StrongStyle_v2/Content/BLUEPRINT/LOCAL/BP_BasketballPlayer_Local.uasset'
[2018.12.07-23.06.07:803][406]LogEditorTransaction: Undo Delete current selection
[2018.12.07-23.06.11:996][710]LogEditorTransaction: Undo Delete current selection
[2018.12.07-23.07.40:704][945]LogEditorTransaction: Undo Delete current selection
[2018.12.07-23.09.56:742][773]LogEditorTransaction: Undo Align Right
[2018.12.07-23.11.18:356][336]LogEditorTransaction: Undo Move Node
[2018.12.07-23.13.06:575][871]LogEditorTransaction: Undo Straighten Connection(s)
[2018.12.07-23.13.07:710][928]LogEditorTransaction: Undo Promote To Variable
[2018.12.07-23.13.28:850][461]LogSavePackage: Moving '../../../../../GameDev/StrongStyle/STR_StrongStyle_v2/Saved/BP_BasketballPlayer_Local9F19B5F74A159E33FBA07981D1D68ABB.tmp' to '../../../../../GameDev/StrongStyle/STR_StrongStyle_v2/Content/BLUEPRINT/LOCAL/BP_BasketballPlayer_Local.uasset'
[2018.12.07-23.14.04:936][302]LogEditorTransaction: Undo Paste clipboard contents
[2018.12.07-23.14.16:249][166]LogUObjectHash: Warning: Ambiguous search, could be EdGraphNode_Comment /Game/BLUEPRINT/LOCAL/BP_BasketballPlayer_Local.BP_BasketballPlayer_Local:EventGraph.EdGraphNode_Comment_33 or EdGraphNode_Comment /Game/BLUEPRINT/LOCAL/BP_BasketballPlayer_Local.BP_BasketballPlayer_Local:EventGraph.EdGraphNode_Comment_33
[2018.12.07-23.15.34:161][250]LogEditorTransaction: Undo Distribute Vertically
[2018.12.07-23.15.49:798][415]LogEditorTransaction: Undo Move Node
[2018.12.07-23.17.46:223][157]LogSavePackage: Moving '../../../../../GameDev/StrongStyle/STR_StrongStyle_v2/Saved/BP_BasketballPlayer_Local5EAB76A8487FD0E127B83A939A090CFA.tmp' to '../../../../../GameDev/StrongStyle/STR_StrongStyle_v2/Content/BLUEPRINT/LOCAL/BP_BasketballPlayer_Local.uasset'
[2018.12.07-23.20.34:606][352]LogSavePackage: Moving '../../../../../GameDev/StrongStyle/STR_StrongStyle_v2/Saved/BP_BasketballPlayer_LocalD9AC0B1B4E7A070D9C47C88569B0004B.tmp' to '../../../../../GameDev/StrongStyle/STR_StrongStyle_v2/Content/BLUEPRINT/LOCAL/BP_BasketballPlayer_Local.uasset'
[2018.12.07-23.23.07:316][ 36]LogSavePackage: Moving '../../../../../GameDev/StrongStyle/STR_StrongStyle_v2/Saved/BP_BasketballPlayer_Local7FD1FE3B431D7C141392F8A2256F0889.tmp' to '../../../../../GameDev/StrongStyle/STR_StrongStyle_v2/Content/BLUEPRINT/LOCAL/BP_BasketballPlayer_Local.uasset'
[2018.12.07-23.23.44:049][212]LogSavePackage: Moving '../../../../../GameDev/StrongStyle/STR_StrongStyle_v2/Saved/BP_BasketballPlayer_Local227A0E0741C4E60F23BBA48DDA6273A5.tmp' to '../../../../../GameDev/StrongStyle/STR_StrongStyle_v2/Content/BLUEPRINT/LOCAL/BP_BasketballPlayer_Local.uasset'
[2018.12.07-23.23.44:709][268]BlueprintLog: New page: Compile BP_BasketballPlayer_Local
[2018.12.07-23.25.37:414][ 54]LogSavePackage: Moving '../../../../../GameDev/StrongStyle/STR_StrongStyle_v2/Saved/BP_BasketballPlayer_LocalC53754154E8304BF4ABD59860A9C51E9.tmp' to '../../../../../GameDev/StrongStyle/STR_StrongStyle_v2/Content/BLUEPRINT/LOCAL/BP_BasketballPlayer_Local.uasset'
[2018.12.07-23.25.48:880][854]LogSavePackage: Moving '../../../../../GameDev/StrongStyle/STR_StrongStyle_v2/Saved/BP_BasketballPlayer_Local6B28A4CE43E6D937B391BBA5B3BCFE69.tmp' to '../../../../../GameDev/StrongStyle/STR_StrongStyle_v2/Content/BLUEPRINT/LOCAL/BP_BasketballPlayer_Local.uasset'
[2018.12.07-23.28.13:913][163]LogSavePackage: Moving '../../../../../GameDev/StrongStyle/STR_StrongStyle_v2/Saved/BP_BasketballPlayer_Local3026E39449A814919337F8B1C254517F.tmp' to '../../../../../GameDev/StrongStyle/STR_StrongStyle_v2/Content/BLUEPRINT/LOCAL/BP_BasketballPlayer_Local.uasset'
[2018.12.07-23.29.42:111][168]LogSavePackage: Moving '../../../../../GameDev/StrongStyle/STR_StrongStyle_v2/Saved/BP_BasketballPlayer_LocalE15721A54E3F693E9458C9B3674FA2F3.tmp' to '../../../../../GameDev/StrongStyle/STR_StrongStyle_v2/Content/BLUEPRINT/LOCAL/BP_BasketballPlayer_Local.uasset'
[2018.12.07-23.30.21:696][481]LogSavePackage: Moving '../../../../../GameDev/StrongStyle/STR_StrongStyle_v2/Saved/BP_BasketballPlayer_Local4930210043321B47DC1393A16A04EF15.tmp' to '../../../../../GameDev/StrongStyle/STR_StrongStyle_v2/Content/BLUEPRINT/LOCAL/BP_BasketballPlayer_Local.uasset'
[2018.12.07-23.30.47:843][943]LogEditorTransaction: Undo Move Node
[2018.12.07-23.31.34:288][689]LogEditorTransaction: Undo Move Nodes
[2018.12.07-23.32.41:785][122]LogFileHelpers: Editor autosave (incl. sublevels) for '/Game/MAPS/Local' took 0.057
[2018.12.07-23.32.41:787][122]OBJ SavePackage: Generating thumbnails for [1] asset(s) in package [/Game/BLUEPRINT/LOCAL/BP_BasketballPlayer_Local] ([1] browsable assets)...
[2018.12.07-23.32.41:803][122]OBJ SavePackage:     Rendered thumbnail for [Blueprint /Game/BLUEPRINT/LOCAL/BP_BasketballPlayer_Local.BP_BasketballPlayer_Local]
[2018.12.07-23.32.41:803][122]OBJ SavePackage: Finished generating thumbnails for package [/Game/BLUEPRINT/LOCAL/BP_BasketballPlayer_Local]
[2018.12.07-23.32.42:283][122]LogSavePackage: Moving '../../../../../GameDev/StrongStyle/STR_StrongStyle_v2/Saved/BP_BasketballPlayer_Local_Auto5462142B74B1A61A3FAB8979BA39528C1.tmp' to '../../../../../GameDev/StrongStyle/STR_StrongStyle_v2/Saved/Autosaves/Game/BLUEPRINT/LOCAL/BP_BasketballPlayer_Local_Auto5.uasset'
[2018.12.07-23.32.42:288][122]LogFileHelpers: Auto-saving content packages took 0.502
[2018.12.07-23.36.57:842][ 69]LogSavePackage: Moving '../../../../../GameDev/StrongStyle/STR_StrongStyle_v2/Saved/BP_BasketballPlayer_Local2544031B43C1A2001ACC728DC0ECE5C3.tmp' to '../../../../../GameDev/StrongStyle/STR_StrongStyle_v2/Content/BLUEPRINT/LOCAL/BP_BasketballPlayer_Local.uasset'
[2018.12.07-23.39.31:167][423]LogSavePackage: Moving '../../../../../GameDev/StrongStyle/STR_StrongStyle_v2/Saved/BP_BasketballPlayer_LocalD7B02A9C409B8F4E2CF070A6AA6474DC.tmp' to '../../../../../GameDev/StrongStyle/STR_StrongStyle_v2/Content/BLUEPRINT/LOCAL/BP_BasketballPlayer_Local.uasset'
[2018.12.07-23.46.09:021][101]LogSavePackage: Moving '../../../../../GameDev/StrongStyle/STR_StrongStyle_v2/Saved/BP_BasketballPlayer_LocalFCEE92EF43357D95F3C60BA7C96FC2BD.tmp' to '../../../../../GameDev/StrongStyle/STR_StrongStyle_v2/Content/BLUEPRINT/LOCAL/BP_BasketballPlayer_Local.uasset'
[2018.12.07-23.46.10:794][188]LogSlate: Window 'STR_StrongStyle_v2 - Unreal Editor' being destroyed
[2018.12.07-23.46.10:797][188]LogWindowsTextInputMethodSystem: Display: IME system now deactivated.
[2018.12.07-23.46.11:295][189]Cmd: QUIT_EDITOR
[2018.12.07-23.46.11:383][189]LogExit: Preparing to exit.
[2018.12.07-23.46.12:203][189]LogExit: Editor shut down
[2018.12.07-23.46.12:204][189]LogExit: Transaction tracking system shut down
[2018.12.07-23.46.13:235][189]LogExit: Object subsystem successfully closed.
[2018.12.07-23.46.13:260][189]LogShaderCompilers: Display: Shaders left to compile 0
[2018.12.07-23.46.13:272][189]LogD3D11RHI: Shutdown
[2018.12.07-23.46.13:272][189]LogD3D11RHI: CleanupD3DDevice
[2018.12.07-23.46.13:305][189]LogD3D11RHI: ~FD3D11DynamicRHI
[2018.12.07-23.46.13:332][189]LogModuleManager: Shutting down and abandoning module BlueprintGraph (610)
[2018.12.07-23.46.13:332][189]LogModuleManager: Shutting down and abandoning module HierarchicalLODOutliner (608)
[2018.12.07-23.46.13:332][189]LogModuleManager: Shutting down and abandoning module AddContentDialog (606)
[2018.12.07-23.46.13:338][189]LogModuleManager: Shutting down and abandoning module WidgetCarousel (605)
[2018.12.07-23.46.13:338][189]LogModuleManager: Shutting down and abandoning module EditorWidgets (602)
[2018.12.07-23.46.13:338][189]LogModuleManager: Shutting down and abandoning module CollectionManager (600)
[2018.12.07-23.46.13:339][189]LogModuleManager: Shutting down and abandoning module SceneOutliner (598)
[2018.12.07-23.46.13:339][189]LogModuleManager: Shutting down and abandoning module ExternalImagePicker (596)
[2018.12.07-23.46.13:339][189]LogModuleManager: Shutting down and abandoning module StatsViewer (594)
[2018.12.07-23.46.13:339][189]LogModuleManager: Shutting down and abandoning module FoliageEdit (592)
[2018.12.07-23.46.13:339][189]LogModuleManager: Shutting down and abandoning module LandscapeEditor (590)
[2018.12.07-23.46.13:340][189]LogModuleManager: Shutting down and abandoning module MeshPaintMode (588)
[2018.12.07-23.46.13:340][189]LogModuleManager: Shutting down and abandoning module SceneDepthPickerMode (586)
[2018.12.07-23.46.13:340][189]LogModuleManager: Shutting down and abandoning module ActorPickerMode (584)
[2018.12.07-23.46.13:340][189]LogModuleManager: Shutting down and abandoning module GeometryMode (582)
[2018.12.07-23.46.13:340][189]LogModuleManager: Shutting down and abandoning module TextureAlignMode (580)
[2018.12.07-23.46.13:340][189]LogModuleManager: Shutting down and abandoning module BspMode (578)
[2018.12.07-23.46.13:340][189]LogModuleManager: Shutting down and abandoning module PIEPreviewDeviceProfileSelector (576)
[2018.12.07-23.46.13:340][189]LogModuleManager: Shutting down and abandoning module SequenceRecorderSections (574)
[2018.12.07-23.46.13:340][189]LogModuleManager: Shutting down and abandoning module AutomationWorker (572)
[2018.12.07-23.46.13:340][189]LogModuleManager: Shutting down and abandoning module AudioCaptureEditor (570)
[2018.12.07-23.46.13:340][189]LogModuleManager: Shutting down and abandoning module SequenceRecorder (569)
[2018.12.07-23.46.13:340][189]LogModuleManager: Shutting down and abandoning module MatineeToLevelSequence (566)
[2018.12.07-23.46.13:340][189]LogModuleManager: Shutting down and abandoning module LevelSequenceEditor (564)
[2018.12.07-23.46.13:341][189]LogModuleManager: Shutting down and abandoning module PlacementMode (563)
[2018.12.07-23.46.13:341][189]LogModuleManager: Shutting down and abandoning module MaterialEditor (562)
[2018.12.07-23.46.13:342][189]LogModuleManager: Shutting down and abandoning module WmfMediaFactory (558)
[2018.12.07-23.46.13:342][189]LogModuleManager: Shutting down and abandoning module WmfMediaEditor (556)
[2018.12.07-23.46.13:342][189]LogModuleManager: Shutting down and abandoning module MediaPlayerEditor (554)
[2018.12.07-23.46.13:342][189]LogModuleManager: Shutting down and abandoning module OpenExrWrapper (552)
[2018.12.07-23.46.13:342][189]LogModuleManager: Shutting down and abandoning module ImgMediaFactory (550)
[2018.12.07-23.46.13:342][189]LogModuleManager: Shutting down and abandoning module ImgMediaEditor (548)
[2018.12.07-23.46.13:342][189]LogModuleManager: Shutting down and abandoning module AvfMediaFactory (546)
[2018.12.07-23.46.13:342][189]LogModuleManager: Shutting down and abandoning module AvfMediaEditor (544)
[2018.12.07-23.46.13:342][189]LogModuleManager: Shutting down and abandoning module AndroidMediaFactory (542)
[2018.12.07-23.46.13:343][189]LogModuleManager: Shutting down and abandoning module AndroidMediaEditor (540)
[2018.12.07-23.46.13:343][189]LogModuleManager: Shutting down and abandoning module MagicLeapCameraPreviewFactory (538)
[2018.12.07-23.46.13:343][189]LogModuleManager: Shutting down and abandoning module MagicLeapMediaFactory (536)
[2018.12.07-23.46.13:343][189]LogModuleManager: Shutting down and abandoning module MagicLeapMediaEditor (534)
[2018.12.07-23.46.13:343][189]LogModuleManager: Shutting down and abandoning module CharacterAI (532)
[2018.12.07-23.46.13:343][189]LogModuleManager: Shutting down and abandoning module SmartSnapping (530)
[2018.12.07-23.46.13:343][189]LogModuleManager: Shutting down and abandoning module SessionServices (528)
[2018.12.07-23.46.13:343][189]LogModuleManager: Shutting down and abandoning module ViewportSnapping (526)
[2018.12.07-23.46.13:343][189]LogModuleManager: Shutting down and abandoning module ViewportInteraction (524)
[2018.12.07-23.46.13:343][189]LogModuleManager: Shutting down and abandoning module ClothPainter (522)
[2018.12.07-23.46.13:344][189]LogModuleManager: Shutting down and abandoning module SkeletalMeshEditor (521)
[2018.12.07-23.46.13:345][189]LogModuleManager: Shutting down and abandoning module LogVisualizer (518)
[2018.12.07-23.46.13:345][189]LogModuleManager: Shutting down and abandoning module IntroTutorials (516)
[2018.12.07-23.46.13:346][189]LogModuleManager: Shutting down and abandoning module GameProjectGeneration (515)
[2018.12.07-23.46.13:346][189]LogModuleManager: Shutting down and abandoning module LuminPlatformEditor (512)
[2018.12.07-23.46.13:346][189]LogModuleManager: Shutting down and abandoning module IOSPlatformEditor (510)
[2018.12.07-23.46.13:346][189]LogModuleManager: Shutting down and abandoning module HTML5PlatformEditor (508)
[2018.12.07-23.46.13:346][189]LogModuleManager: Shutting down and abandoning module AndroidPlatformEditor (506)
[2018.12.07-23.46.13:346][189]LogModuleManager: Shutting down and abandoning module AndroidDeviceDetection (505)
[2018.12.07-23.46.15:038][189]LogModuleManager: Shutting down and abandoning module WindowsPlatformEditor (502)
[2018.12.07-23.46.15:038][189]LogModuleManager: Shutting down and abandoning module LuminRuntimeSettings (500)
[2018.12.07-23.46.15:038][189]LogModuleManager: Shutting down and abandoning module IOSRuntimeSettings (498)
[2018.12.07-23.46.15:038][189]LogModuleManager: Shutting down and abandoning module AndroidRuntimeSettings (496)
[2018.12.07-23.46.15:038][189]LogModuleManager: Shutting down and abandoning module InputBindingEditor (494)
[2018.12.07-23.46.15:038][189]LogModuleManager: Shutting down and abandoning module MergeActors (492)
[2018.12.07-23.46.15:038][189]LogModuleManager: Shutting down and abandoning module LocalizationDashboard (490)
[2018.12.07-23.46.15:041][189]LogModuleManager: Shutting down and abandoning module LocalizationService (489)
[2018.12.07-23.46.15:041][189]LogModuleManager: Shutting down and abandoning module HardwareTargeting (486)
[2018.12.07-23.46.15:041][189]LogModuleManager: Shutting down and abandoning module DeviceProfileEditor (484)
[2018.12.07-23.46.15:041][189]LogModuleManager: Shutting down and abandoning module UndoHistory (482)
[2018.12.07-23.46.15:041][189]LogModuleManager: Shutting down and abandoning module XmlParser (480)
[2018.12.07-23.46.15:041][189]LogModuleManager: Shutting down and abandoning module Blutility (478)
[2018.12.07-23.46.15:041][189]LogModuleManager: Shutting down and abandoning module ProjectSettingsViewer (476)
[2018.12.07-23.46.15:041][189]LogModuleManager: Shutting down and abandoning module ProjectTargetPlatformEditor (475)
[2018.12.07-23.46.15:042][189]LogModuleManager: Shutting down and abandoning module EditorSettingsViewer (472)
[2018.12.07-23.46.15:042][189]LogModuleManager: Shutting down and abandoning module SettingsEditor (470)
[2018.12.07-23.46.15:042][189]LogModuleManager: Shutting down and abandoning module ProjectLauncher (468)
[2018.12.07-23.46.15:042][189]LogModuleManager: Shutting down and abandoning module SessionFrontend (466)
[2018.12.07-23.46.15:042][189]LogModuleManager: Shutting down and abandoning module ProfilerClient (464)
[2018.12.07-23.46.15:043][189]LogModuleManager: Shutting down and abandoning module DeviceManager (462)
[2018.12.07-23.46.15:043][189]LogModuleManager: Shutting down and abandoning module TargetDeviceServices (461)
[2018.12.07-23.46.15:109][189]LogModuleManager: Shutting down and abandoning module AutomationController (458)
[2018.12.07-23.46.15:109][189]LogModuleManager: Shutting down and abandoning module AutomationWindow (456)
[2018.12.07-23.46.15:109][189]LogModuleManager: Shutting down and abandoning module Layers (454)
[2018.12.07-23.46.15:111][189]LogModuleManager: Shutting down and abandoning module ComponentVisualizers (452)
[2018.12.07-23.46.15:111][189]LogModuleManager: Shutting down and abandoning module DetailCustomizations (450)
[2018.12.07-23.46.15:111][189]LogModuleManager: Shutting down and abandoning module PackagesDialog (448)
[2018.12.07-23.46.15:112][189]LogModuleManager: Shutting down and abandoning module Persona (446)
[2018.12.07-23.46.15:113][189]LogModuleManager: Shutting down and abandoning module AdvancedPreviewScene (445)
[2018.12.07-23.46.15:113][189]LogModuleManager: Shutting down and abandoning module AnimGraph (443)
[2018.12.07-23.46.15:113][189]LogModuleManager: Shutting down and abandoning module Kismet (440)
[2018.12.07-23.46.15:125][189]LogModuleManager: Shutting down and abandoning module GraphEditor (438)
[2018.12.07-23.46.15:125][189]LogModuleManager: Shutting down and abandoning module ClassViewer (436)
[2018.12.07-23.46.15:125][189]LogModuleManager: Shutting down and abandoning module Toolbox (434)
[2018.12.07-23.46.15:125][189]LogModuleManager: Shutting down and abandoning module ModuleUI (432)
[2018.12.07-23.46.15:125][189]LogModuleManager: Shutting down and abandoning module MovieSceneTools (430)
[2018.12.07-23.46.15:125][189]LogModuleManager: Shutting down and abandoning module OutputLog (428)
[2018.12.07-23.46.15:126][189]LogModuleManager: Shutting down and abandoning module GammaUI (426)
[2018.12.07-23.46.15:126][189]LogModuleManager: Shutting down and abandoning module Documentation (424)
[2018.12.07-23.46.15:126][189]LogModuleManager: Shutting down and abandoning module MovieSceneTracks (422)
[2018.12.07-23.46.15:126][189]LogModuleManager: Shutting down and abandoning module MovieScene (420)
[2018.12.07-23.46.15:126][189]LogModuleManager: Shutting down and abandoning module StreamingPauseRendering (418)
[2018.12.07-23.46.15:126][189]LogModuleManager: Shutting down and abandoning module LauncherPlatform (416)
[2018.12.07-23.46.15:126][189]LogModuleManager: Shutting down and abandoning module AnalyticsET (414)
[2018.12.07-23.46.15:126][189]LogModuleManager: Shutting down and abandoning module PortalServices (412)
[2018.12.07-23.46.15:126][189]LogModuleManager: Shutting down and abandoning module PortalRpc (410)
[2018.12.07-23.46.15:126][189]LogModuleManager: Shutting down and abandoning module MessagingRpc (408)
[2018.12.07-23.46.15:126][189]LogModuleManager: Shutting down and abandoning module AIModule (406)
[2018.12.07-23.46.15:127][189]LogModuleManager: Shutting down and abandoning module GameplayDebugger (405)
[2018.12.07-23.46.15:127][189]LogModuleManager: Shutting down and abandoning module AITestSuite (403)
[2018.12.07-23.46.15:127][189]LogModuleManager: Shutting down and abandoning module NavigationSystem (401)
[2018.12.07-23.46.15:127][189]LogModuleManager: Shutting down and abandoning module DesktopPlatform (398)
[2018.12.07-23.46.15:127][189]LogModuleManager: Shutting down and abandoning module ProfilerService (396)
[2018.12.07-23.46.15:278][189]LogModuleManager: Shutting down and abandoning module TaskGraph (394)
[2018.12.07-23.46.15:278][189]LogModuleManager: Shutting down and abandoning module ProceduralMeshComponentEditor (392)
[2018.12.07-23.46.15:278][189]LogModuleManager: Shutting down and abandoning module ProceduralMeshComponent (390)
[2018.12.07-23.46.15:278][189]LogModuleManager: Shutting down and abandoning module MobilePatchingUtils (388)
[2018.12.07-23.46.15:278][189]LogModuleManager: Shutting down and abandoning module EditableMesh (386)
[2018.12.07-23.46.15:278][189]LogModuleManager: Shutting down and abandoning module CustomMeshComponent (384)
[2018.12.07-23.46.15:278][189]LogModuleManager: Shutting down and abandoning module CableComponent (382)
[2018.12.07-23.46.15:278][189]LogModuleManager: Shutting down and abandoning module AudioCapture (380)
[2018.12.07-23.46.15:278][189]LogModuleManager: Shutting down and abandoning module ArchVisCharacter (378)
[2018.12.07-23.46.15:279][189]LogModuleManager: Shutting down and abandoning module AndroidPermission (376)
[2018.12.07-23.46.15:279][189]LogModuleManager: Shutting down and abandoning module NUTUnrealEngine4 (374)
[2018.12.07-23.46.15:279][189]LogModuleManager: Shutting down and abandoning module NetcodeUnitTest (372)
[2018.12.07-23.46.15:279][189]LogModuleManager: Shutting down and abandoning module MediaCompositingEditor (370)
[2018.12.07-23.46.15:279][189]LogModuleManager: Shutting down and abandoning module MediaCompositing (368)
[2018.12.07-23.46.15:279][189]LogModuleManager: Shutting down and abandoning module LinearTimecode (366)
[2018.12.07-23.46.15:279][189]LogModuleManager: Shutting down and abandoning module ImgMedia (364)
[2018.12.07-23.46.15:284][189]LogModuleManager: Shutting down and abandoning module HTML5Networking (362)
[2018.12.07-23.46.15:284][189]LogModuleManager: Shutting down and abandoning module GeometryCacheTracks (360)
[2018.12.07-23.46.15:284][189]LogModuleManager: Shutting down and abandoning module GeometryCacheSequencer (358)
[2018.12.07-23.46.15:284][189]LogModuleManager: Shutting down and abandoning module BackChannel (356)
[2018.12.07-23.46.15:284][189]LogModuleManager: Shutting down and abandoning module AppleVision (354)
[2018.12.07-23.46.15:284][189]LogModuleManager: Shutting down and abandoning module AppleImageUtils (352)
[2018.12.07-23.46.15:284][189]LogModuleManager: Shutting down and abandoning module AlembicImporter (350)
[2018.12.07-23.46.15:284][189]LogModuleManager: Shutting down and abandoning module AlembicLibrary (349)
[2018.12.07-23.46.15:284][189]LogModuleManager: Shutting down and abandoning module GeometryCache (348)
[2018.12.07-23.46.15:284][189]LogModuleManager: Shutting down and abandoning module GeometryCacheEd (347)
[2018.12.07-23.46.15:284][189]LogModuleManager: Shutting down and abandoning module DatasmithContentEditor (342)
[2018.12.07-23.46.15:284][189]LogModuleManager: Shutting down and abandoning module DatasmithContent (340)
[2018.12.07-23.46.15:285][189]LogModuleManager: Shutting down and abandoning module SpeedTreeImporter (338)
[2018.12.07-23.46.15:285][189]LogModuleManager: Shutting down and abandoning module PluginBrowser (336)
[2018.12.07-23.46.15:285][189]LogModuleManager: Shutting down and abandoning module MobileLauncherProfileWizard (334)
[2018.12.07-23.46.15:286][189]LogModuleManager: Shutting down and abandoning module PolygonModeling (332)
[2018.12.07-23.46.15:286][189]LogModuleManager: Shutting down and abandoning module MeshEditor (330)
[2018.12.07-23.46.15:286][189]LogModuleManager: Shutting down and abandoning module CryptoKeysOpenSSL (328)
[2018.12.07-23.46.15:286][189]LogModuleManager: Shutting down and abandoning module CryptoKeys (326)
[2018.12.07-23.46.15:286][189]LogModuleManager: Shutting down and abandoning module VisualStudioSourceCodeAccess (324)
[2018.12.07-23.46.15:286][189]LogModuleManager: Shutting down and abandoning module VisualStudioCodeSourceCodeAccess (322)
[2018.12.07-23.46.15:286][189]LogModuleManager: Shutting down and abandoning module UObjectPlugin (320)
[2018.12.07-23.46.15:286][189]LogModuleManager: Shutting down and abandoning module SubversionSourceControl (318)
[2018.12.07-23.46.15:286][189]LogModuleManager: Shutting down and abandoning module PerforceSourceControl (316)
[2018.12.07-23.46.15:286][189]LogModuleManager: Shutting down and abandoning module GitSourceControl (314)
[2018.12.07-23.46.15:286][189]LogModuleManager: Shutting down and abandoning module SourceControl (313)
[2018.12.07-23.46.15:287][189]LogModuleManager: Shutting down and abandoning module CLionSourceCodeAccess (310)
[2018.12.07-23.46.15:287][189]LogModuleManager: Shutting down and abandoning module LightPropagationVolumeEditor (308)
[2018.12.07-23.46.15:287][189]LogModuleManager: Shutting down and abandoning module PaperTiledImporter (306)
[2018.12.07-23.46.15:287][189]LogModuleManager: Shutting down and abandoning module PaperSpriteSheetImporter (304)
[2018.12.07-23.46.15:287][189]LogModuleManager: Shutting down and abandoning module Paper2DEditor (302)
[2018.12.07-23.46.15:288][189]LogModuleManager: Shutting down and abandoning module MeshPaint (301)
[2018.12.07-23.46.15:288][189]LogModuleManager: Shutting down and abandoning module RuntimePhysXCooking (298)
[2018.12.07-23.46.15:288][189]LogModuleManager: Shutting down and abandoning module PhysXVehiclesEditor (296)
[2018.12.07-23.46.15:288][189]LogModuleManager: Shutting down and abandoning module PhysXVehicles (294)
[2018.12.07-23.46.15:288][189]LogModuleManager: Shutting down and abandoning module LocationServicesBPLibrary (292)
[2018.12.07-23.46.15:288][189]LogModuleManager: Shutting down and abandoning module ImmediatePhysicsEditor (290)
[2018.12.07-23.46.15:288][189]LogModuleManager: Shutting down and abandoning module ImmediatePhysics (288)
[2018.12.07-23.46.15:288][189]LogModuleManager: Shutting down and abandoning module ActorSequence (286)
[2018.12.07-23.46.15:288][189]LogModuleManager: Shutting down and abandoning module UdpMessaging (284)
[2018.12.07-23.46.15:389][189]LogModuleManager: Shutting down and abandoning module TcpMessaging (282)
[2018.12.07-23.46.15:490][189]LogModuleManager: Shutting down and abandoning module MagicLeapAudio (280)
[2018.12.07-23.46.15:490][189]LogModuleManager: Shutting down and abandoning module GameplayTagsEditor (278)
[2018.12.07-23.46.15:490][189]LogModuleManager: Shutting down and abandoning module FacialAnimationEditor (276)
[2018.12.07-23.46.15:490][189]LogModuleManager: Shutting down and abandoning module FacialAnimation (274)
[2018.12.07-23.46.15:490][189]LogModuleManager: Shutting down and abandoning module DataValidation (272)
[2018.12.07-23.46.15:490][189]LogModuleManager: Shutting down and abandoning module AssetManagerEditor (270)
[2018.12.07-23.46.15:490][189]LogModuleManager: Shutting down and abandoning module LevelEditor (269)
[2018.12.07-23.46.15:493][189]LogModuleManager: Shutting down and abandoning module PixelInspectorModule (268)
[2018.12.07-23.46.15:493][189]LogModuleManager: Shutting down and abandoning module CommonMenuExtensions (266)
[2018.12.07-23.46.15:493][189]LogModuleManager: Shutting down and abandoning module MainFrame (264)
[2018.12.07-23.46.15:493][189]LogModuleManager: Shutting down and abandoning module HotReload (263)
[2018.12.07-23.46.15:493][189]LogModuleManager: Shutting down and abandoning module ContentBrowser (259)
[2018.12.07-23.46.15:496][189]LogModuleManager: Shutting down and abandoning module TreeMap (257)
[2018.12.07-23.46.15:496][189]LogModuleManager: Shutting down and abandoning module LightPropagationVolumeRuntime (254)
[2018.12.07-23.46.15:496][189]LogModuleManager: Shutting down and abandoning module AISupportModule (252)
[2018.12.07-23.46.15:496][189]LogModuleManager: Shutting down and abandoning module AdvancedSteamSessions (250)
[2018.12.07-23.46.15:496][189]LogModuleManager: Shutting down and abandoning module AdvancedSessions (248)
[2018.12.07-23.46.15:496][189]LogModuleManager: Shutting down and abandoning module Paper2D (246)
[2018.12.07-23.46.15:496][189]LogModuleManager: Shutting down and abandoning module WindowsMoviePlayer (244)
[2018.12.07-23.46.15:496][189]LogModuleManager: Shutting down and abandoning module WmfMedia (242)
[2018.12.07-23.46.15:498][189]LogModuleManager: Shutting down and abandoning module Media (241)
[2018.12.07-23.46.15:504][189]LogModuleManager: Shutting down and abandoning module PacketHandler (238)
[2018.12.07-23.46.15:504][189]LogModuleManager: Shutting down and abandoning module ClothingSystemEditor (236)
[2018.12.07-23.46.15:504][189]LogModuleManager: Shutting down and abandoning module ClothingSystemRuntime (234)
[2018.12.07-23.46.15:505][189]LogModuleManager: Shutting down and abandoning module MediaAssets (232)
[2018.12.07-23.46.15:505][189]LogModuleManager: Shutting down and abandoning module Overlay (230)
[2018.12.07-23.46.15:505][189]LogModuleManager: Shutting down and abandoning module OverlayEditor (229)
[2018.12.07-23.46.15:505][189]LogModuleManager: Shutting down and abandoning module VREditor (226)
[2018.12.07-23.46.15:505][189]LogModuleManager: Shutting down and abandoning module StringTableEditor (224)
[2018.12.07-23.46.15:506][189]LogModuleManager: Shutting down and abandoning module GameplayTasksEditor (222)
[2018.12.07-23.46.15:506][189]LogModuleManager: Shutting down and abandoning module BehaviorTreeEditor (220)
[2018.12.07-23.46.15:506][189]LogModuleManager: Shutting down and abandoning module FunctionalTesting (218)
[2018.12.07-23.46.15:506][189]LogModuleManager: Shutting down and abandoning module CollisionAnalyzer (216)
[2018.12.07-23.46.15:506][189]LogModuleManager: Shutting down and abandoning module WorkspaceMenuStructure (215)
[2018.12.07-23.46.15:506][189]LogModuleManager: Shutting down and abandoning module UMG (212)
[2018.12.07-23.46.15:506][189]LogModuleManager: Shutting down and abandoning module UMGEditor (211)
[2018.12.07-23.46.15:506][189]LogModuleManager: Shutting down and abandoning module Sequencer (210)
[2018.12.07-23.46.15:507][189]LogModuleManager: Shutting down and abandoning module MessageLog (207)
[2018.12.07-23.46.15:507][189]LogModuleManager: Shutting down and abandoning module SlateReflector (202)
[2018.12.07-23.46.15:507][189]LogModuleManager: Shutting down and abandoning module Slate (200)
[2018.12.07-23.46.15:507][189]LogModuleManager: Shutting down and abandoning module EditorStyle (198)
[2018.12.07-23.46.15:511][189]LogModuleManager: Shutting down and abandoning module MRMesh (196)
[2018.12.07-23.46.15:511][189]LogModuleManager: Shutting down and abandoning module SourceCodeAccess (194)
[2018.12.07-23.46.15:512][189]LogModuleManager: Shutting down and abandoning module HeadMountedDisplay (192)
[2018.12.07-23.46.15:512][189]LogModuleManager: Shutting down and abandoning module XAudio2 (190)
[2018.12.07-23.46.15:512][189]LogModuleManager: Shutting down and abandoning module Networking (188)
[2018.12.07-23.46.15:512][189]LogModuleManager: Shutting down and abandoning module Core (186)
[2018.12.07-23.46.15:512][189]LogModuleManager: Shutting down and abandoning module LevelSequence (184)
[2018.12.07-23.46.15:512][189]LogModuleManager: Shutting down and abandoning module KismetCompiler (182)
[2018.12.07-23.46.15:512][189]LogModuleManager: Shutting down and abandoning module MeshUtilities (180)
[2018.12.07-23.46.15:512][189]LogModuleManager: Shutting down and abandoning module MeshMergeUtilities (179)
[2018.12.07-23.46.15:512][189]LogModuleManager: Shutting down and abandoning module MeshReductionInterface (178)
[2018.12.07-23.46.15:512][189]LogModuleManager: Shutting down and abandoning module SimplygonSwarm (177)
[2018.12.07-23.46.15:512][189]LogModuleManager: Shutting down and abandoning module ProxyLODMeshReduction (175)
[2018.12.07-23.46.15:513][189]LogModuleManager: Shutting down and abandoning module SimplygonMeshReduction (173)
[2018.12.07-23.46.15:513][189]LogModuleManager: Shutting down and abandoning module QuadricMeshReduction (171)
[2018.12.07-23.46.15:513][189]LogModuleManager: Shutting down and abandoning module MaterialBaking (167)
[2018.12.07-23.46.15:513][189]LogModuleManager: Shutting down and abandoning module DirectoryWatcher (163)
[2018.12.07-23.46.15:514][189]LogModuleManager: Shutting down and abandoning module DerivedDataCache (160)
[2018.12.07-23.46.15:519][189]LogDerivedDataCache: Shutdown
[2018.12.07-23.46.15:519][189]LogModuleManager: Shutting down and abandoning module XGEController (158)
[2018.12.07-23.46.15:520][189]LogModuleManager: Shutting down and abandoning module TargetPlatform (156)
[2018.12.07-23.46.15:520][189]LogModuleManager: Shutting down and abandoning module VulkanShaderFormat (155)
[2018.12.07-23.46.15:520][189]LogModuleManager: Shutting down and abandoning module ShaderFormatVectorVM (153)
[2018.12.07-23.46.15:520][189]LogModuleManager: Shutting down and abandoning module ShaderFormatOpenGL (151)
[2018.12.07-23.46.15:520][189]LogModuleManager: Shutting down and abandoning module ShaderFormatD3D (149)
[2018.12.07-23.46.15:520][189]LogModuleManager: Shutting down and abandoning module MetalShaderFormat (147)
[2018.12.07-23.46.15:521][189]LogModuleManager: Shutting down and abandoning module TextureFormatUncompressed (145)
[2018.12.07-23.46.15:521][189]LogModuleManager: Shutting down and abandoning module TextureFormatPVR (143)
[2018.12.07-23.46.15:521][189]LogModuleManager: Shutting down and abandoning module TextureFormatDXT (141)
[2018.12.07-23.46.15:521][189]LogModuleManager: Shutting down and abandoning module TextureFormatIntelISPCTexComp (139)
[2018.12.07-23.46.15:521][189]LogModuleManager: Shutting down and abandoning module TextureFormatASTC (137)
[2018.12.07-23.46.15:521][189]LogModuleManager: Shutting down and abandoning module ImageWrapper (136)
[2018.12.07-23.46.15:521][189]LogModuleManager: Shutting down and abandoning module TextureFormatAndroid (133)
[2018.12.07-23.46.15:521][189]LogModuleManager: Shutting down and abandoning module AudioFormatOpus (131)
[2018.12.07-23.46.15:521][189]LogModuleManager: Shutting down and abandoning module AudioFormatOgg (129)
[2018.12.07-23.46.15:521][189]LogModuleManager: Shutting down and abandoning module AudioFormatADPCM (127)
[2018.12.07-23.46.15:521][189]LogModuleManager: Shutting down and abandoning module LuminTargetPlatform (125)
[2018.12.07-23.46.15:521][189]LogModuleManager: Shutting down and abandoning module LinuxTargetPlatform (123)
[2018.12.07-23.46.15:521][189]LogModuleManager: Shutting down and abandoning module LinuxServerTargetPlatform (121)
[2018.12.07-23.46.15:521][189]LogModuleManager: Shutting down and abandoning module LinuxNoEditorTargetPlatform (119)
[2018.12.07-23.46.15:521][189]LogModuleManager: Shutting down and abandoning module LinuxClientTargetPlatform (117)
[2018.12.07-23.46.15:521][189]LogModuleManager: Shutting down and abandoning module TVOSTargetPlatform (115)
[2018.12.07-23.46.15:527][189]LogModuleManager: Shutting down and abandoning module Messaging (113)
[2018.12.07-23.46.15:527][189]LogModuleManager: Shutting down and abandoning module IOSTargetPlatform (111)
[2018.12.07-23.46.15:531][189]LogModuleManager: Shutting down and abandoning module HTML5TargetPlatform (109)
[2018.12.07-23.46.15:531][189]LogModuleManager: Shutting down and abandoning module AndroidTargetPlatform (107)
[2018.12.07-23.46.15:595][189]LogModuleManager: Shutting down and abandoning module WindowsTargetPlatform (105)
[2018.12.07-23.46.15:595][189]LogModuleManager: Shutting down and abandoning module WindowsServerTargetPlatform (103)
[2018.12.07-23.46.15:595][189]LogModuleManager: Shutting down and abandoning module WindowsNoEditorTargetPlatform (101)
[2018.12.07-23.46.15:595][189]LogModuleManager: Shutting down and abandoning module WindowsClientTargetPlatform (99)
[2018.12.07-23.46.15:595][189]LogModuleManager: Shutting down and abandoning module MacTargetPlatform (97)
[2018.12.07-23.46.15:595][189]LogModuleManager: Shutting down and abandoning module MacServerTargetPlatform (95)
[2018.12.07-23.46.15:595][189]LogModuleManager: Shutting down and abandoning module MacNoEditorTargetPlatform (93)
[2018.12.07-23.46.15:595][189]LogModuleManager: Shutting down and abandoning module MacClientTargetPlatform (91)
[2018.12.07-23.46.15:595][189]LogModuleManager: Shutting down and abandoning module AllDesktopTargetPlatform (89)
[2018.12.07-23.46.15:595][189]LogModuleManager: Shutting down and abandoning module InputCore (86)
[2018.12.07-23.46.15:595][189]LogModuleManager: Shutting down and abandoning module Settings (84)
[2018.12.07-23.46.15:595][189]LogModuleManager: Shutting down and abandoning module PhysXCooking (82)
[2018.12.07-23.46.15:595][189]LogModuleManager: Shutting down and abandoning module ExampleDeviceProfileSelector (80)
[2018.12.07-23.46.15:595][189]LogModuleManager: Shutting down and abandoning module LauncherChunkInstaller (78)
[2018.12.07-23.46.15:595][189]LogModuleManager: Shutting down and abandoning module OnlineBlueprintSupport (76)
[2018.12.07-23.46.15:595][189]LogModuleManager: Shutting down and abandoning module OnlineSubsystem (72)
[2018.12.07-23.46.15:598][189]LogModuleManager: Shutting down and abandoning module XMPP (65)
[2018.12.07-23.46.15:598][189]LogModuleManager: Shutting down and abandoning module WebSockets (64)
[2018.12.07-23.46.15:604][189]LogModuleManager: Shutting down and abandoning module HTTP (61)
[2018.12.07-23.46.15:604][189]LogHttp: Display: Http module shutting down, but needs to wait on 2 outstanding Http requests:
[2018.12.07-23.46.15:604][189]LogHttp: Display: 	verb=[POST] url=[https://datarouter.ol.epicgames.com/datarouter/api/v1/public/data?SessionID=%7BC274300D-4D9C-2841-C513-08BD09C92349%7D&AppID=UEEditor.Rocket.Release&AppVersion=4.20.3-4369336%2B%2B%2BUE4%2BRelease-4.20&UserID=c06cffe2427963cc256537a200600ecc%7Cbbe8701702744966854a6a3e84aa1e68%7C054e31ef-f3fa-4184-ab48-735426d25462&AppEnvironment=datacollector-binary&UploadType=eteventstream] status=Processing
[2018.12.07-23.46.15:604][189]LogHttp: Display: 	verb=[POST] url=[https://datarouter.ol.epicgames.com/datarouter/api/v1/public/data?SessionID=%7BC274300D-4D9C-2841-C513-08BD09C92349%7D&AppID=UEEditor.Rocket.Release&AppVersion=4.20.3-4369336%2B%2B%2BUE4%2BRelease-4.20&UserID=c06cffe2427963cc256537a200600ecc%7Cbbe8701702744966854a6a3e84aa1e68%7C054e31ef-f3fa-4184-ab48-735426d25462&AppEnvironment=datacollector-binary&UploadType=eteventstream] status=Processing
[2018.12.07-23.46.15:638][189]LogModuleManager: Shutting down and abandoning module SSL (60)
[2018.12.07-23.46.15:641][189]LogModuleManager: Shutting down and abandoning module MagicLeapEmulator (56)
[2018.12.07-23.46.15:641][189]LogModuleManager: Shutting down and abandoning module MagicLeapPrivileges (54)
[2018.12.07-23.46.15:641][189]LogModuleManager: Shutting down and abandoning module MagicLeapIdentity (52)
[2018.12.07-23.46.15:641][189]LogModuleManager: Shutting down and abandoning module MagicLeapHelperVulkan (50)
[2018.12.07-23.46.15:641][189]LogModuleManager: Shutting down and abandoning module MagicLeapHelperOpenGL (48)
[2018.12.07-23.46.15:641][189]LogModuleManager: Shutting down and abandoning module MagicLeapSecureStorage (46)
[2018.12.07-23.46.15:641][189]LogModuleManager: Shutting down and abandoning module MagicLeapGestures (44)
[2018.12.07-23.46.15:641][189]LogModuleManager: Shutting down and abandoning module MagicLeapEyeTracker (42)
[2018.12.07-23.46.15:641][189]LogModuleManager: Shutting down and abandoning module MagicLeapController (40)
[2018.12.07-23.46.15:642][189]LogSlate: Slate User Destroyed.  User Index 0, Is Virtual User: 0
[2018.12.07-23.46.15:642][189]LogModuleManager: Shutting down and abandoning module MagicLeap (38)
[2018.12.07-23.46.15:642][189]LogModuleManager: Shutting down and abandoning module AnimationModifiers (36)
[2018.12.07-23.46.15:643][189]LogModuleManager: Shutting down and abandoning module PropertyEditor (35)
[2018.12.07-23.46.15:643][189]LogModuleManager: Shutting down and abandoning module AudioEditor (32)
[2018.12.07-23.46.15:643][189]LogModuleManager: Shutting down and abandoning module TextureCompressor (30)
[2018.12.07-23.46.15:643][189]LogModuleManager: Shutting down and abandoning module ShaderCore (28)
[2018.12.07-23.46.15:643][189]LogModuleManager: Shutting down and abandoning module Landscape (26)
[2018.12.07-23.46.15:643][189]LogModuleManager: Shutting down and abandoning module SlateRHIRenderer (24)
[2018.12.07-23.46.15:650][189]LogModuleManager: Shutting down and abandoning module OpenGLDrv (22)
[2018.12.07-23.46.15:650][189]LogModuleManager: Shutting down and abandoning module D3D11RHI (20)
[2018.12.07-23.46.15:651][189]LogModuleManager: Shutting down and abandoning module AnimGraphRuntime (18)
[2018.12.07-23.46.15:651][189]LogModuleManager: Shutting down and abandoning module Renderer (16)
[2018.12.07-23.46.15:651][189]LogModuleManager: Shutting down and abandoning module Engine (14)
[2018.12.07-23.46.15:651][189]LogModuleManager: Shutting down and abandoning module CoreUObject (12)
[2018.12.07-23.46.15:651][189]LogModuleManager: Shutting down and abandoning module NetworkFile (10)
[2018.12.07-23.46.15:651][189]LogModuleManager: Shutting down and abandoning module CookedIterativeFile (8)
[2018.12.07-23.46.15:651][189]LogModuleManager: Shutting down and abandoning module StreamingFile (6)
[2018.12.07-23.46.15:651][189]LogModuleManager: Shutting down and abandoning module SandboxFile (4)
[2018.12.07-23.46.15:651][189]LogModuleManager: Shutting down and abandoning module PakFile (2)
[2018.12.07-23.46.15:655][189]LogExit: Exiting.
[2018.12.07-23.46.15:677][189]Log file closed, 12/07/18 15:46:15
