Log file open, 12/20/18 15:06:45
LogWindows: Failed to load 'aqProf.dll' (GetLastError=126)
LogWindows: File 'aqProf.dll' does not exist
LogWindows: Failed to load 'VtuneApi.dll' (GetLastError=126)
LogWindows: File 'VtuneApi.dll' does not exist
LogWindows: Failed to load 'VtuneApi32e.dll' (GetLastError=126)
LogWindows: File 'VtuneApi32e.dll' does not exist
LogInit: Display: Running engine for game: STR_StrongStyle_v2
LogPlatformFile: Not using cached read wrapper
LogTaskGraph: Started task graph with 5 named threads and 14 total threads with 3 sets of task threads.
LogStats: Stats thread started at 0.565028
LogD3D11RHI: Loaded GFSDK_Aftermath_Lib.x64.dll
LogICUInternationalization: Display: ICU TimeZone Detection - Raw Offset: -8:00, Platform Override: ''
LogPluginManager: Mounting plugin Paper2D
LogPluginManager: Mounting plugin AISupport
LogPluginManager: Mounting plugin LightPropagationVolume
LogPluginManager: Mounting plugin CLionSourceCodeAccess
LogPluginManager: Mounting plugin CodeLiteSourceCodeAccess
LogPluginManager: Mounting plugin GitSourceControl
LogPluginManager: Mounting plugin KDevelopSourceCodeAccess
LogPluginManager: Mounting plugin NullSourceCodeAccess
LogPluginManager: Mounting plugin PerforceSourceControl
LogPluginManager: Mounting plugin SubversionSourceControl
LogPluginManager: Mounting plugin UObjectPlugin
LogPluginManager: Mounting plugin VisualStudioCodeSourceCodeAccess
LogPluginManager: Mounting plugin VisualStudioSourceCodeAccess
LogPluginManager: Mounting plugin XCodeSourceCodeAccess
LogPluginManager: Mounting plugin AssetManagerEditor
LogPluginManager: Mounting plugin CryptoKeys
LogPluginManager: Mounting plugin DataValidation
LogPluginManager: Mounting plugin FacialAnimation
LogPluginManager: Mounting plugin GameplayTagsEditor
LogPluginManager: Mounting plugin MacGraphicsSwitching
LogPluginManager: Mounting plugin MeshEditor
LogPluginManager: Mounting plugin MobileLauncherProfileWizard
LogPluginManager: Mounting plugin PluginBrowser
LogPluginManager: Mounting plugin SpeedTreeImporter
LogPluginManager: Mounting plugin DatasmithContent
LogPluginManager: Mounting plugin AlembicImporter
LogPluginManager: Mounting plugin AppleImageUtils
LogPluginManager: Mounting plugin AppleVision
LogPluginManager: Mounting plugin BackChannel
LogPluginManager: Mounting plugin CharacterAI
LogPluginManager: Mounting plugin GeometryCache
LogPluginManager: Mounting plugin HTML5Networking
LogPluginManager: Mounting plugin ProxyLODPlugin
LogPluginManager: Mounting plugin MagicLeap
LogPluginManager: Mounting plugin MagicLeapEmulator
LogPluginManager: Mounting plugin MagicLeapMedia
LogPluginManager: Mounting plugin AndroidMedia
LogPluginManager: Mounting plugin AvfMedia
LogPluginManager: Mounting plugin ImgMedia
LogPluginManager: Mounting plugin LinearTimecode
LogPluginManager: Mounting plugin MediaCompositing
LogPluginManager: Mounting plugin MediaPlayerEditor
LogPluginManager: Mounting plugin WmfMedia
LogPluginManager: Mounting plugin TcpMessaging
LogPluginManager: Mounting plugin UdpMessaging
LogPluginManager: Mounting plugin ActorSequence
LogPluginManager: Mounting plugin LevelSequenceEditor
LogPluginManager: Mounting plugin MatineeToLevelSequence
LogPluginManager: Mounting plugin NetcodeUnitTest
LogPluginManager: Mounting plugin NUTUnrealEngine4
LogPluginManager: Mounting plugin OnlineSubsystemGooglePlay
LogPluginManager: Mounting plugin OnlineSubsystemIOS
LogPluginManager: Mounting plugin OnlineSubsystem
LogPluginManager: Mounting plugin OnlineSubsystemNull
LogPluginManager: Mounting plugin OnlineSubsystemUtils
LogPluginManager: Mounting plugin LauncherChunkInstaller
LogPluginManager: Mounting plugin AndroidDeviceProfileSelector
LogPluginManager: Mounting plugin AndroidMoviePlayer
LogPluginManager: Mounting plugin AndroidPermission
LogPluginManager: Mounting plugin AppleMoviePlayer
LogPluginManager: Mounting plugin ArchVisCharacter
LogPluginManager: Mounting plugin AudioCapture
LogPluginManager: Mounting plugin CableComponent
LogPluginManager: Mounting plugin CustomMeshComponent
LogPluginManager: Mounting plugin EditableMesh
LogPluginManager: Mounting plugin ExampleDeviceProfileSelector
LogPluginManager: Mounting plugin GoogleCloudMessaging
LogPluginManager: Mounting plugin ImmediatePhysics
LogPluginManager: Mounting plugin IOSDeviceProfileSelector
LogPluginManager: Mounting plugin LinuxDeviceProfileSelector
LogPluginManager: Mounting plugin LocationServicesBPLibrary
LogPluginManager: Mounting plugin MobilePatchingUtils
LogPluginManager: Mounting plugin PhysXVehicles
LogPluginManager: Mounting plugin ProceduralMeshComponent
LogPluginManager: Mounting plugin RuntimePhysXCooking
LogPluginManager: Mounting plugin WindowsMoviePlayer
LogStreaming: Display: Took  0.142s to configure plugins.
LogInit: Using libcurl 7.55.1-DEV
LogInit:  - built for x86_64-pc-win32
LogInit:  - supports SSL with OpenSSL/1.0.2h
LogInit:  - supports HTTP deflate (compression) using libz 1.2.8
LogInit:  - other features:
LogInit:      CURL_VERSION_SSL
LogInit:      CURL_VERSION_LIBZ
LogInit:      CURL_VERSION_IPV6
LogInit:      CURL_VERSION_ASYNCHDNS
LogInit:      CURL_VERSION_LARGEFILE
LogInit:      CURL_VERSION_IDN
LogInit:  CurlRequestOptions (configurable via config and command line):
LogInit:  - bVerifyPeer = false  - Libcurl will NOT verify peer certificate
LogInit:  - bUseHttpProxy = false  - Libcurl will NOT use HTTP proxy
LogInit:  - bDontReuseConnections = false  - Libcurl will reuse connections
LogInit:  - CertBundlePath = nullptr  - Libcurl will use whatever was configured at build time.
LogInit:  - MaxHostConnections = 16  - Libcurl will limit the number of connections to a host
LogInit:  - LocalHostAddr = Default
LogInit:  - BufferSize = 65536
LogModuleManager: Warning: ModuleManager: Unable to load module 'OnlineSubsystemSteam'  - 0 instances of that module name found.
LogInit: WinSock: version 1.1 (2.2), MaxSocks=32767, MaxUdp=65467
LogInit: Build: ++UE4+Release-4.20-CL-4369336
LogInit: Engine Version: 4.20.3-4369336+++UE4+Release-4.20
LogInit: Compatible Engine Version: 4.20.0-4212847+++UE4+Release-4.20
LogInit: Net CL: 4212847
LogInit: OS: Windows 10 (), CPU: Intel(R) Core(TM) i5-4690K CPU @ 3.50GHz, GPU: NVIDIA GeForce GTX 1070
LogInit: Compiled (64-bit): Sep 17 2018 12:26:19
LogInit: Compiled with Visual C++: 19.13.26129.00
LogInit: Build Configuration: Development
LogInit: Branch Name: ++UE4+Release-4.20
LogInit: Command Line:  
LogInit: Base Directory: A:/Epic Games/UE_4.20/Engine/Binaries/Win64/
LogInit: Installed Engine Build: 1
LogDevObjectVersion: Number of dev versions registered: 20
LogDevObjectVersion:   Dev-Blueprints (B0D832E4-1F89-4F0D-ACCF-7EB736FD4AA2): 10
LogDevObjectVersion:   Dev-Build (E1C64328-A22C-4D53-A36C-8E866417BD8C): 0
LogDevObjectVersion:   Dev-Core (375EC13C-06E4-48FB-B500-84F0262A717E): 2
LogDevObjectVersion:   Dev-Editor (E4B068ED-F494-42E9-A231-DA0B2E46BB41): 24
LogDevObjectVersion:   Dev-Framework (CFFC743F-43B0-4480-9391-14DF171D2073): 34
LogDevObjectVersion:   Dev-Mobile (B02B49B5-BB20-44E9-A304-32B752E40360): 2
LogDevObjectVersion:   Dev-Networking (A4E4105C-59A1-49B5-A7C5-40C4547EDFEE): 0
LogDevObjectVersion:   Dev-Online (39C831C9-5AE6-47DC-9A44-9C173E1C8E7C): 0
LogDevObjectVersion:   Dev-Physics (78F01B33-EBEA-4F98-B9B4-84EACCB95AA2): 0
LogDevObjectVersion:   Dev-Platform (6631380F-2D4D-43E0-8009-CF276956A95A): 0
LogDevObjectVersion:   Dev-Rendering (12F88B9F-8875-4AFC-A67C-D90C383ABD29): 26
LogDevObjectVersion:   Dev-Sequencer (7B5AE74C-D270-4C10-A958-57980B212A5A): 9
LogDevObjectVersion:   Dev-VR (D7296918-1DD6-4BDD-9DE2-64A83CC13884): 2
LogDevObjectVersion:   Dev-LoadTimes (C2A15278-BFE7-4AFE-6C17-90FF531DF755): 1
LogDevObjectVersion:   Private-Geometry (6EACA3D4-40EC-4CC1-B786-8BED09428FC5): 3
LogDevObjectVersion:   Dev-AnimPhys (29E575DD-E0A3-4627-9D10-D276232CDCEA): 17
LogDevObjectVersion:   Dev-ReflectionCapture (6B266CEC-1EC7-4B8F-A30B-E4D90942FC07): 1
LogDevObjectVersion:   Dev-Automation (0DF73D61-A23F-47EA-B727-89E90C41499A): 1
LogDevObjectVersion:   FortniteMain (601D1886-AC64-4F84-AA16-D3DE0DEAC7D6): 12
LogDevObjectVersion:   Dev-Enterprise (9DFFBCD6-494F-0158-E221-12823C92A888): 1
LogStreaming: Display: Took  0.005s to delete old logs.
LogInit: Presizing for max 8388607 objects, including 0 objects not considered by GC, pre-allocating 0 bytes for permanent pool.
LogInit: Object subsystem initialized
[2018.12.20-23.06.45:969][  0]LogInit: Selected Device Profile: [Windows]
[2018.12.20-23.06.45:969][  0]LogInit: Applying CVar settings loaded from the selected device profile: [Windows]
[2018.12.20-23.06.45:979][  0]LogHAL: Display: Platform has ~ 16 GB [17114378240 / 17179869184 / 16], which maps to Larger [LargestMinGB=32, LargerMinGB=12, DefaultMinGB=8, SmallerMinGB=6, SmallestMinGB=0)
[2018.12.20-23.06.45:979][  0]LogInit: Setting Device Profile CVar: [[r.Vulkan.UseRealUBs:1]]
[2018.12.20-23.06.45:979][  0]LogInit: Going up to parent DeviceProfile []
[2018.12.20-23.06.45:981][  0]LogInit: Computer: MERTINS
[2018.12.20-23.06.45:981][  0]LogInit: User: DanLazar
[2018.12.20-23.06.45:981][  0]LogInit: CPU Page size=4096, Cores=4
[2018.12.20-23.06.45:981][  0]LogInit: High frequency timer resolution =3.415986 MHz
[2018.12.20-23.06.45:981][  0]LogMemory: Memory total: Physical=15.9GB (16GB approx)
[2018.12.20-23.06.45:981][  0]LogMemory: Platform Memory Stats for Windows
[2018.12.20-23.06.45:981][  0]LogMemory: Process Physical Memory: 102.61 MB used, 102.61 MB peak
[2018.12.20-23.06.45:981][  0]LogMemory: Process Virtual Memory: 102.43 MB used, 102.43 MB peak
[2018.12.20-23.06.45:981][  0]LogMemory: Physical Memory: 7813.15 MB used,  8508.39 MB free, 16321.54 MB total
[2018.12.20-23.06.45:981][  0]LogMemory: Virtual Memory: 4622.61 MB used,  8508.39 MB free, 134217728.00 MB total
[2018.12.20-23.06.46:159][  0]LogInit: Using OS detected language (en-US).
[2018.12.20-23.06.46:159][  0]LogInit: Using OS detected locale (en-US).
[2018.12.20-23.06.46:164][  0]LogTextLocalizationManager: No specific localization for 'en-US' exists, so the 'en' localization will be used.
[2018.12.20-23.06.46:589][  0]LogStreaming: Display: Took  0.428s to InitEngineTextLocalization.
[2018.12.20-23.06.46:589][  0]LogInit: Setting process to per monitor DPI aware
[2018.12.20-23.06.46:642][  0]LogSlate: New Slate User Created.  User Index 0, Is Virtual User: 0
[2018.12.20-23.06.46:642][  0]LogSlate: Slate User Registered.  User Index 0, Is Virtual User: 0
[2018.12.20-23.06.47:038][  0]LogD3D11RHI: D3D11 adapters:
[2018.12.20-23.06.47:150][  0]LogD3D11RHI:    0. 'NVIDIA GeForce GTX 1070' (Feature Level 11_0)
[2018.12.20-23.06.47:150][  0]LogD3D11RHI:       8088/0/8160 MB DedicatedVideo/DedicatedSystem/SharedSystem, Outputs:2, VendorId:0x10de
[2018.12.20-23.06.47:153][  0]LogD3D11RHI:    1. 'Microsoft Basic Render Driver' (Feature Level 11_0)
[2018.12.20-23.06.47:153][  0]LogD3D11RHI:       0/0/8160 MB DedicatedVideo/DedicatedSystem/SharedSystem, Outputs:0, VendorId:0x1414
[2018.12.20-23.06.47:153][  0]LogD3D11RHI: Chosen D3D11 Adapter: 0
[2018.12.20-23.06.47:169][  0]LogD3D11RHI: Creating new Direct3DDevice
[2018.12.20-23.06.47:169][  0]LogD3D11RHI:     GPU DeviceId: 0x1b81 (for the marketing name, search the web for "GPU Device Id")
[2018.12.20-23.06.47:170][  0]LogWindows: EnumDisplayDevices:
[2018.12.20-23.06.47:170][  0]LogWindows:    0. 'NVIDIA GeForce GTX 1070' (P:0 D:1)
[2018.12.20-23.06.47:170][  0]LogWindows:    1. 'NVIDIA GeForce GTX 1070' (P:1 D:1)
[2018.12.20-23.06.47:171][  0]LogWindows:    2. 'NVIDIA GeForce GTX 1070' (P:0 D:0)
[2018.12.20-23.06.47:171][  0]LogWindows:    3. 'NVIDIA GeForce GTX 1070' (P:0 D:0)
[2018.12.20-23.06.47:172][  0]LogWindows: DebugString: FoundDriverCount:4 
[2018.12.20-23.06.47:172][  0]LogD3D11RHI:     Adapter Name: NVIDIA GeForce GTX 1070
[2018.12.20-23.06.47:172][  0]LogD3D11RHI:   Driver Version: 417.22 (internal:25.21.14.1722, unified:417.22)
[2018.12.20-23.06.47:172][  0]LogD3D11RHI:      Driver Date: 11-29-2018
[2018.12.20-23.06.47:172][  0]LogRHI: Texture pool is 5661 MB (70% of 8088 MB)
[2018.12.20-23.06.47:234][  0]LogD3D11RHI: Async texture creation enabled
[2018.12.20-23.06.47:277][  0]LogD3D11RHI: GPU Timing Frequency: 1000.000000 (Debug: 2 2)
[2018.12.20-23.06.47:367][  0]LogShaderCompilers: Guid format shader working directory is -4 characters bigger than the processId version (../../../../../GameDev/StrongStyle/STR_StrongStyle_v2/Intermediate/Shaders/WorkingDirectory/21540/).
[2018.12.20-23.06.47:367][  0]LogShaderCompilers: Cleaned the shader compiler working directory 'C:/Users/Dan Lazar/AppData/Local/Temp/UnrealShaderWorkingDir/57FC2CBA47028263F7D062857055FF56/'.
[2018.12.20-23.06.47:827][  0]LogTemp: Display: Loaded TP AllDesktopTargetPlatform
[2018.12.20-23.06.47:847][  0]LogTemp: Display: Loaded TP MacClientTargetPlatform
[2018.12.20-23.06.47:867][  0]LogTemp: Display: Loaded TP MacNoEditorTargetPlatform
[2018.12.20-23.06.47:888][  0]LogTemp: Display: Loaded TP MacServerTargetPlatform
[2018.12.20-23.06.47:911][  0]LogTemp: Display: Loaded TP MacTargetPlatform
[2018.12.20-23.06.47:932][  0]LogTemp: Display: Loaded TP WindowsClientTargetPlatform
[2018.12.20-23.06.47:954][  0]LogTemp: Display: Loaded TP WindowsNoEditorTargetPlatform
[2018.12.20-23.06.47:974][  0]LogTemp: Display: Loaded TP WindowsServerTargetPlatform
[2018.12.20-23.06.47:988][  0]LogTemp: Display: Loaded TP WindowsTargetPlatform
[2018.12.20-23.06.48:077][  0]LogTemp: Display: Loaded TP AndroidTargetPlatform
[2018.12.20-23.06.48:077][  0]LogTemp: Display: Loaded TP AndroidTargetPlatform
[2018.12.20-23.06.48:077][  0]LogTemp: Display: Loaded TP AndroidTargetPlatform
[2018.12.20-23.06.48:077][  0]LogTemp: Display: Loaded TP AndroidTargetPlatform
[2018.12.20-23.06.48:077][  0]LogTemp: Display: Loaded TP AndroidTargetPlatform
[2018.12.20-23.06.48:077][  0]LogTemp: Display: Loaded TP AndroidTargetPlatform
[2018.12.20-23.06.48:077][  0]LogTemp: Display: Loaded TP AndroidTargetPlatform
[2018.12.20-23.06.48:077][  0]LogTemp: Display: Loaded TP AndroidTargetPlatform
[2018.12.20-23.06.48:077][  0]LogTemp: Display: Loaded TP AndroidTargetPlatform
[2018.12.20-23.06.48:077][  0]LogTemp: Display: Loaded TP AndroidTargetPlatform
[2018.12.20-23.06.48:077][  0]LogTemp: Display: Loaded TP AndroidTargetPlatform
[2018.12.20-23.06.48:077][  0]LogTemp: Display: Loaded TP AndroidTargetPlatform
[2018.12.20-23.06.48:077][  0]LogTemp: Display: Loaded TP AndroidTargetPlatform
[2018.12.20-23.06.48:077][  0]LogTemp: Display: Loaded TP AndroidTargetPlatform
[2018.12.20-23.06.48:077][  0]LogTemp: Display: Loaded TP AndroidTargetPlatform
[2018.12.20-23.06.48:077][  0]LogTemp: Display: Loaded TP AndroidTargetPlatform
[2018.12.20-23.06.48:077][  0]LogTemp: Display: Loaded TP AndroidTargetPlatform
[2018.12.20-23.06.48:077][  0]LogTemp: Display: Loaded TP AndroidTargetPlatform
[2018.12.20-23.06.48:086][  0]LogTemp: Display: Loaded TP HTML5TargetPlatform
[2018.12.20-23.06.48:169][  0]LogTemp: Display: Loaded TP IOSTargetPlatform
[2018.12.20-23.06.48:169][  0]LogTemp: Display: Loaded TP IOSTargetPlatform
[2018.12.20-23.06.48:202][  0]LogTemp: Display: Loaded TP TVOSTargetPlatform
[2018.12.20-23.06.48:202][  0]LogTemp: Display: Loaded TP TVOSTargetPlatform
[2018.12.20-23.06.48:223][  0]LogTemp: Display: Loaded TP LinuxClientTargetPlatform
[2018.12.20-23.06.48:244][  0]LogTemp: Display: Loaded TP LinuxNoEditorTargetPlatform
[2018.12.20-23.06.48:264][  0]LogTemp: Display: Loaded TP LinuxServerTargetPlatform
[2018.12.20-23.06.48:288][  0]LogTemp: Display: Loaded TP LinuxTargetPlatform
[2018.12.20-23.06.48:304][  0]LogTemp: Display: Loaded TP LuminTargetPlatform
[2018.12.20-23.06.48:304][  0]LogTargetPlatformManager: Display: Building Assets For Windows
[2018.12.20-23.06.48:612][  0]LogXGEController: Cleaning working directory: C:/Users/Dan Lazar/AppData/Local/Temp/UnrealXGEWorkingDir/
[2018.12.20-23.06.48:613][  0]LogXGEController: Cannot use XGE Controller as Incredibuild is not installed on this machine.
[2018.12.20-23.06.48:613][  0]LogShaderCompilers: Cannot use XGE Shader Compiler as Incredibuild is not installed on this machine.
[2018.12.20-23.06.48:613][  0]LogShaderCompilers: Display: Using Local Shader Compiler.
[2018.12.20-23.06.49:512][  0]LogDerivedDataCache: Display: Max Cache Size: 512 MB
[2018.12.20-23.06.49:922][  0]LogDerivedDataCache: Loaded boot cache 0.41s 68MB C:/Users/Dan Lazar/AppData/Local/UnrealEngine/4.20/DerivedDataCache/Boot.ddc.
[2018.12.20-23.06.49:923][  0]LogDerivedDataCache: Display: Loaded Boot cache: C:/Users/Dan Lazar/AppData/Local/UnrealEngine/4.20/DerivedDataCache/Boot.ddc
[2018.12.20-23.06.49:923][  0]LogDerivedDataCache: FDerivedDataBackendGraph:  Pak pak cache file ../../../../../GameDev/StrongStyle/STR_StrongStyle_v2/DerivedDataCache/DDC.ddp not found, will not use a pak cache.
[2018.12.20-23.06.49:923][  0]LogDerivedDataCache: Unable to find inner node Pak for hierarchical cache Hierarchy.
[2018.12.20-23.06.49:923][  0]LogDerivedDataCache: FDerivedDataBackendGraph:  CompressedPak pak cache file ../../../../../GameDev/StrongStyle/STR_StrongStyle_v2/DerivedDataCache/Compressed.ddp not found, will not use a pak cache.
[2018.12.20-23.06.49:923][  0]LogDerivedDataCache: Unable to find inner node CompressedPak for hierarchical cache Hierarchy.
[2018.12.20-23.06.49:941][  0]LogDerivedDataCache: Display: Pak cache opened for reading ../../../Engine/DerivedDataCache/Compressed.ddp.
[2018.12.20-23.06.49:953][  0]LogDerivedDataCache: Using Local data cache path C:/Users/Dan Lazar/AppData/Local/UnrealEngine/Common/DerivedDataCache: Writable
[2018.12.20-23.06.49:953][  0]LogDerivedDataCache: Shared data cache path not found in *engine.ini, will not use an Shared cache.
[2018.12.20-23.06.49:953][  0]LogDerivedDataCache: Unable to find inner node Shared for hierarchical cache Hierarchy.
[2018.12.20-23.06.49:975][  0]LogMaterial: Verifying Global Shaders for PCD3D_SM5
[2018.12.20-23.06.49:977][  0]LogSlate: Using FreeType 2.6.0
[2018.12.20-23.06.49:980][  0]LogSlate: SlateFontServices - WITH_FREETYPE: 1, WITH_HARFBUZZ: 1
[2018.12.20-23.06.50:134][  0]LogAssetRegistry: FAssetRegistry took 0.0288 seconds to start up
[2018.12.20-23.06.50:507][  0]LogInit: Selected Device Profile: [Windows]
[2018.12.20-23.06.50:856][  0]LogSimplygon: Simplygon DLL not present - disabling.
[2018.12.20-23.06.50:889][  0]LogMeshReduction: Using SimplygonSwarm for distributed automatic mesh merging
[2018.12.20-23.06.50:890][  0]LogMeshReduction: Using ProxyLODMeshReduction for automatic mesh merging
[2018.12.20-23.06.50:890][  0]LogMeshReduction: Using QuadricMeshReduction for automatic static mesh reduction
[2018.12.20-23.06.50:890][  0]LogMeshReduction: No automatic skeletal mesh reduction module available
[2018.12.20-23.06.50:939][  0]LogNetVersion: STR_StrongStyle_v2 1.0.0, NetCL: 4212847, EngineNetVer: 5, GameNetVer: 0 (Checksum: 3618140765)
[2018.12.20-23.06.51:737][  0]LogPackageLocalizationCache: Processed 9 localized package path(s) for 2 prioritized culture(s) in 0.088620 seconds
[2018.12.20-23.06.51:747][  0]LogUObjectArray: 37967 objects as part of root set at end of initial load.
[2018.12.20-23.06.51:747][  0]LogUObjectAllocator: 6605920 out of 0 bytes used by permanent object pool.
[2018.12.20-23.06.51:747][  0]LogUObjectArray: CloseDisregardForGC: 0/0 objects in disregard for GC pool
[2018.12.20-23.06.53:905][  0]LogTcpMessaging: Initializing TcpMessaging bridge
[2018.12.20-23.06.53:926][  0]LogUdpMessaging: Initializing bridge on interface 0.0.0.0:0 to multicast group 230.0.0.1:6666.
[2018.12.20-23.06.54:214][  0]SourceControl: Source control is disabled
[2018.12.20-23.06.54:214][  0]SourceControl: Source control is disabled
[2018.12.20-23.06.54:227][  0]SourceControl: Source control is disabled
[2018.12.20-23.06.54:237][  0]SourceControl: Source control is disabled
[2018.12.20-23.06.54:811][  0]LogAndroidPermission: UAndroidPermissionCallbackProxy::GetInstance
[2018.12.20-23.06.55:346][  0]LogEngine: Initializing Engine...
[2018.12.20-23.06.55:350][  0]LogStats: UGameplayTagsManager::ConstructGameplayTagTree: ImportINI prefixes -  0.000 s
[2018.12.20-23.06.55:350][  0]LogStats: UGameplayTagsManager::ConstructGameplayTagTree: Construct from data asset -  0.000 s
[2018.12.20-23.06.55:351][  0]LogStats: UGameplayTagsManager::ConstructGameplayTagTree: ImportINI -  0.000 s
[2018.12.20-23.06.55:351][  0]LogStats: UGameplayTagsManager::ConstructGameplayTagTree: GameplayTagTreeChangedEvent.Broadcast -  0.000 s
[2018.12.20-23.06.55:626][  0]LogInit: Initializing FReadOnlyCVARCache
[2018.12.20-23.06.55:675][  0]LogAIModule: Creating AISystem for world Untitled
[2018.12.20-23.06.55:892][  0]LogInit: XAudio2 using 'Speakers (Realtek High Definition Audio)' : 2 channels at 48 kHz using 32 bits per sample (channel mask 0x3)
[2018.12.20-23.06.55:960][  0]LogInit: FAudioDevice initialized.
[2018.12.20-23.06.55:961][  0]LogNetVersion: Set ProjectVersion to 1.0.0.0. Version Checksum will be recalculated on next use.
[2018.12.20-23.06.56:047][  0]LogDerivedDataCache: Saved boot cache 0.09s 68MB C:/Users/Dan Lazar/AppData/Local/UnrealEngine/4.20/DerivedDataCache/Boot.ddc.
[2018.12.20-23.06.56:048][  0]LogInit: Texture streaming: Enabled
[2018.12.20-23.06.56:103][  0]LogEngineSessionManager: EngineSessionManager initialized
[2018.12.20-23.06.56:103][  0]LogEngineSessionManager: EngineSessionManager sent abnormal shutdown report. Type=AbnormalShutdown, SessionId={1F10B612-4A21-E6B5-84A5-419B4C4DC2E1}
[2018.12.20-23.06.56:133][  0]LogInit: Transaction tracking system initialized
[2018.12.20-23.06.56:220][  0]BlueprintLog: New page: Editor Load
[2018.12.20-23.06.56:643][  0]LocalizationService: Localization service is disabled
[2018.12.20-23.06.57:296][  0]LogCook: Display: Max memory allowance for cook 16384mb min free memory 0mb
[2018.12.20-23.06.57:296][  0]LogCook: Display: Mobile HDR setting 1
[2018.12.20-23.06.57:296][  0]LogGameplayTags: Display: UGameplayTagsManager::DoneAddingNativeTags. DelegateIsBound: 0
[2018.12.20-23.06.57:296][  0]LogStats: UGameplayTagsManager::ConstructGameplayTagTree: ImportINI prefixes -  0.000 s
[2018.12.20-23.06.57:296][  0]LogStats: UGameplayTagsManager::ConstructGameplayTagTree: Construct from data asset -  0.000 s
[2018.12.20-23.06.57:296][  0]LogStats: UGameplayTagsManager::ConstructGameplayTagTree: ImportINI -  0.000 s
[2018.12.20-23.06.57:296][  0]LogStats: UGameplayTagsManager::ConstructGameplayTagTree: GameplayTagTreeChangedEvent.Broadcast -  0.000 s
[2018.12.20-23.06.57:510][  0]LogFileCache: Scanning file cache for directory 'A:/GameDev/StrongStyle/STR_StrongStyle_v2/Content/' took 0.02s
[2018.12.20-23.06.57:774][  0]SourceControl: Source control is disabled
[2018.12.20-23.06.57:775][  0]Cmd: MAP LOAD FILE="../../../../../GameDev/StrongStyle/STR_StrongStyle_v2/Content/MAPS/Local.umap" TEMPLATE=0 SHOWPROGRESS=1 FEATURELEVEL=3
[2018.12.20-23.06.57:778][  0]LightingResults: New page: Lighting Build
[2018.12.20-23.06.57:785][  0]MapCheck: New page: Map Check
[2018.12.20-23.06.57:785][  0]LightingResults: New page: Lighting Build
[2018.12.20-23.06.58:163][  0]LogBlueprint: Error: [Compiler GameTimeHolder_BP] Can't connect pins  Object  and  Return Value : This cast has an invalid target type (was the class deleted without a redirect?).
[2018.12.20-23.06.58:164][  0]LogBlueprint: Error: [Compiler GameTimeHolder_BP] In use pin  As BP Basketball Player M  no longer exists on node  Bad cast node . Please refresh node or break links to remove pin.
[2018.12.20-23.06.58:164][  0]LogBlueprint: Error: [Compiler GameTimeHolder_BP] Can't connect pins  Return Value  and  Object : This cast has an invalid target type (was the class deleted without a redirect?).
[2018.12.20-23.06.58:170][  0]LogBlueprint: Error: [Compiler GameTimeHolder_BP] StartMatchClock  : unable to determine expected signature - is the delegate pin connected?
[2018.12.20-23.06.58:170][  0]LogBlueprint: Error: [Compiler GameTimeHolder_BP] Event Dispatcher has no property  Bind Event to Dispatcher_GameStart
[2018.12.20-23.06.58:170][  0]LogBlueprint: Error: [Compiler GameTimeHolder_BP] Failed to create property K2Node_CreateDelegate_OutputDelegate from  <None>  due to a bad or unknown type (Delegate)
[2018.12.20-23.06.58:170][  0]LogBlueprint: Error: [Compiler GameTimeHolder_BP] StartMatchClock  Signature Error: Unable to determine expected signature - is the delegate pin connected?
[2018.12.20-23.06.58:174][  0]LogBlueprint: Warning: [Compiler GameTimeHolder_BP] [0016.48] Compile of GameTimeHolder_BP failed. 7 Fatal Issue(s) 0 Warning(s) [in 17 ms] (/Game/BLUEPRINT/GameTimeHolder_BP.GameTimeHolder_BP)
[2018.12.20-23.06.58:707][  0]LogBlueprint: Error: [Compiler BPW_MenuMain] Spawn node  Create Widget  must have a class specified.
[2018.12.20-23.06.58:707][  0]LogBlueprint: Error: [Compiler BPW_MenuMain] Spawn node  Create Widget  must have a class specified.
[2018.12.20-23.06.58:708][  0]LogBlueprint: Error: [Compiler BPW_SlotShot] Can't connect pins  Object  and  Return Value : This cast has an invalid target type (was the class deleted without a redirect?).
[2018.12.20-23.06.58:708][  0]LogBlueprint: Error: [Compiler BPW_SlotShot] In use pin  As BP Basketball Player M  no longer exists on node  Bad cast node . Please refresh node or break links to remove pin.
[2018.12.20-23.06.58:708][  0]LogBlueprint: Warning: [Compiler BPW_SlotShot] Could not find a variable named "CurrentShotName" in 'BPW_SlotShot'.
Make sure 'BPW_SlotShot' has been compiled for  Get CurrentShotName
[2018.12.20-23.06.58:708][  0]LogBlueprint: Error: [Compiler BPW_SlotShot] Can't connect pins  Return Value  and  Object : This cast has an invalid target type (was the class deleted without a redirect?).
[2018.12.20-23.06.58:808][  0]LogBlueprint: Warning: [Compiler BPW_MenuMain] [0017.12] Compile of BPW_MenuMain failed. 2 Fatal Issue(s) 0 Warning(s) [in 227 ms] (/Game/BLUEPRINT/WIDGETS/BPW_MenuMain.BPW_MenuMain)
[2018.12.20-23.06.58:808][  0]LogBlueprint: Warning: [Compiler BPW_SlotShot] [0017.12] Compile of BPW_SlotShot failed. 3 Fatal Issue(s) 1 Warning(s) [in 227 ms] (/Game/BLUEPRINT/WIDGETS/BPW_SlotShot.BPW_SlotShot)
[2018.12.20-23.06.59:663][  0]LogAIModule: Creating AISystem for world Local
[2018.12.20-23.06.59:686][  0]LogEditorServer: Finished looking for orphan Actors (0.000 secs)
[2018.12.20-23.06.59:744][  0]Cmd: MAP CHECKDEP NOCLEARLOG
[2018.12.20-23.06.59:858][  0]MapCheck: Map check complete: 0 Error(s), 0 Warning(s), took 113.992ms to complete.
[2018.12.20-23.06.59:858][  0]LogFileHelpers: Loading map 'Local' took 2.084
[2018.12.20-23.07.01:584][  0]LogSlate: Only BGRA pngs, bmps or icos are supported in by External Image Picker
[2018.12.20-23.07.01:677][  0]LogTemp: Executing iPhonePackager certificates Engine -bundlename com.YourCompany.STRStrongStylev2
[2018.12.20-23.07.01:677][  0]LogTemp: CWD: A:\Epic Games\UE_4.20\Engine\Binaries\DotNET\IOS
[2018.12.20-23.07.01:677][  0]LogTemp: Initial Dir: A:\Epic Games\UE_4.20
[2018.12.20-23.07.01:677][  0]LogTemp: Env CWD: A:\Epic Games\UE_4.20\Engine\Binaries\DotNET\IOS
[2018.12.20-23.07.01:677][  0]LogSlate: Took 0.001274 seconds to synchronously load lazily loaded font '../../../Engine/Content/Slate/Fonts/Roboto-Regular.ttf' (155K)
[2018.12.20-23.07.02:213][  0]LogTemp: BranchPath = MERTINS/A/Epic Games/UE_4.20/Engine/Binaries --- GameBranchPath = MERTINS/A/Epic Games/UE_4.20/Engine/Binaries
[2018.12.20-23.07.02:213][  0]LogTemp: IPP ERROR: Could not find provision directory 'C:\Users\Dan Lazar\AppData\Local/Apple Computer/MobileDevice/Provisioning Profiles/'.
[2018.12.20-23.07.02:213][  0]LogSlate: Updating window title bar state: overlay mode, drag disabled, window buttons hidden, title bar hidden
[2018.12.20-23.07.02:239][  0]LogCollectionManager: Loaded 0 collections in 0.002725 seconds
[2018.12.20-23.07.02:304][  0]LogFileCache: Scanning file cache for directory 'A:/GameDev/StrongStyle/STR_StrongStyle_v2/Saved/Collections/' took 0.01s
[2018.12.20-23.07.02:304][  0]LogFileCache: Scanning file cache for directory 'A:/GameDev/StrongStyle/STR_StrongStyle_v2/Content/Developers/DanLazar/Collections/' took 0.01s
[2018.12.20-23.07.02:304][  0]LogFileCache: Scanning file cache for directory 'A:/GameDev/StrongStyle/STR_StrongStyle_v2/Content/Collections/' took 0.01s
[2018.12.20-23.07.02:304][  0]LogCollectionManager: Rebuilt the GUID cache for 0 collections in 0.000000 seconds
[2018.12.20-23.07.02:317][  0]LogContentBrowser: Native class hierarchy populated in 0.0116 seconds. Added 2566 classes and 596 folders.
[2018.12.20-23.07.02:333][  0]LogContentBrowser: Native class hierarchy updated for 'WidgetCarousel' in 0.0003 seconds. Added 0 classes and 0 folders.
[2018.12.20-23.07.02:493][  0]LogContentBrowser: Native class hierarchy updated for 'AddContentDialog' in 0.0002 seconds. Added 0 classes and 0 folders.
[2018.12.20-23.07.02:568][  0]LogContentBrowser: Native class hierarchy updated for 'HierarchicalLODOutliner' in 0.0003 seconds. Added 0 classes and 0 folders.
[2018.12.20-23.07.02:568][  0]LogLoad: (Engine Initialization) Total time: 20.88 seconds
[2018.12.20-23.07.02:568][  0]LogLoad: (Engine Initialization) Total Blueprint compile time: 0.00 seconds
[2018.12.20-23.07.03:197][  0]LogRenderer: Reallocating scene render targets to support 64x64 Format 10 NumSamples 1 (Frame:1).
[2018.12.20-23.07.03:197][  0]LogContentStreaming: Texture pool size now 1000 MB
[2018.12.20-23.07.03:208][  0]LogSlate: Took 0.001194 seconds to synchronously load lazily loaded font '../../../Engine/Content/Slate/Fonts/Roboto-Bold.ttf' (160K)
[2018.12.20-23.07.03:212][  0]LogSlate: Took 0.001209 seconds to synchronously load lazily loaded font '../../../Engine/Content/Editor/Slate/Fonts/FontAwesome.ttf' (139K)
[2018.12.20-23.07.03:348][  0]LogRenderer: Reallocating scene render targets to support 596x276 Format 10 NumSamples 1 (Frame:1).
[2018.12.20-23.07.03:348][  0]LogSlate: Took 0.001225 seconds to synchronously load lazily loaded font '../../../Engine/Content/Slate/Fonts/Roboto-Light.ttf' (167K)
[2018.12.20-23.07.03:409][  1]LogAssetRegistry: Asset discovery search completed in 13.2989 seconds
[2018.12.20-23.07.03:414][  1]LogCollectionManager: Rebuilt the object cache for 0 collections in 0.000000 seconds (found 0 objects)
[2018.12.20-23.07.03:415][  1]LogCollectionManager: Fixed up redirectors for 0 collections in 0.000136 seconds (updated 0 objects)
[2018.12.20-23.07.03:750][  3]LogRenderer: Reallocating scene render targets to support 596x328 Format 10 NumSamples 1 (Frame:16).
[2018.12.20-23.07.07:410][ 13]LogContentStreaming: Texture: "LightMapTexture2D /Game/MAPS/Local_BuiltData.Local_BuiltData:HQ_Lightmap0_1", ResidentMips: 7/11, RequestedMips: 9, WantedMips: 9, Boost: 0.2 (updated)
[2018.12.20-23.19.23:359][183]LogContentStreaming: Texture: "LightMapTexture2D /Game/MAPS/Local_BuiltData.Local_BuiltData:HQ_Lightmap0_1", ResidentMips: 9/11, RequestedMips: 10, WantedMips: 10, Boost: 0.2 (updated)
[2018.12.20-23.20.04:244][359]LogSlate: FSceneViewport::OnFocusLost() reason 0
[2018.12.20-23.20.04:858][420]LogRenderer: Reallocating scene render targets to support 600x328 Format 10 NumSamples 1 (Frame:120).
[2018.12.20-23.20.04:906][421]LogRenderer: Reallocating scene render targets to support 632x328 Format 10 NumSamples 1 (Frame:122).
[2018.12.20-23.20.04:954][422]LogRenderer: Reallocating scene render targets to support 668x328 Format 10 NumSamples 1 (Frame:124).
[2018.12.20-23.20.05:017][423]LogRenderer: Reallocating scene render targets to support 688x328 Format 10 NumSamples 1 (Frame:126).
[2018.12.20-23.20.05:063][424]LogRenderer: Reallocating scene render targets to support 704x328 Format 10 NumSamples 1 (Frame:128).
[2018.12.20-23.20.05:111][428]LogContentStreaming: Texture: "LightMapTexture2D /Game/MAPS/Local_BuiltData.Local_BuiltData:HQ_Lightmap0_1", ResidentMips: 10/11, RequestedMips: 11, WantedMips: 11, Boost: 0.2 (updated)
[2018.12.20-23.21.58:553][619]LogSlate: Took 0.000266 seconds to synchronously load lazily loaded font '../../../Engine/Content/Slate/Fonts/Roboto-Light.ttf' (167K)
[2018.12.20-23.21.58:633][619]Cmd: OBJ SAVEPACKAGE PACKAGE="/Game/ASSETS/Meshes/NormalBlockMesh_v1" FILE="../../../../../GameDev/StrongStyle/STR_StrongStyle_v2/Content/ASSETS/Meshes/NormalBlockMesh_v1.uasset" SILENT=true
[2018.12.20-23.21.58:653][619]LogSavePackage: Moving '../../../../../GameDev/StrongStyle/STR_StrongStyle_v2/Saved/NormalBlockMesh_v180D39DC94E265F8114145AA4B1DDDF0A.tmp' to '../../../../../GameDev/StrongStyle/STR_StrongStyle_v2/Content/ASSETS/Meshes/NormalBlockMesh_v1.uasset'
[2018.12.20-23.21.58:672][619]Cmd: OBJ SAVEPACKAGE PACKAGE="/Game/ASSETS/Meshes/NormalStealMesh_v1" FILE="../../../../../GameDev/StrongStyle/STR_StrongStyle_v2/Content/ASSETS/Meshes/NormalStealMesh_v1.uasset" SILENT=true
[2018.12.20-23.21.58:685][619]LogSavePackage: Moving '../../../../../GameDev/StrongStyle/STR_StrongStyle_v2/Saved/NormalStealMesh_v13B939E0C4443F9D4191B9EB2849959A2.tmp' to '../../../../../GameDev/StrongStyle/STR_StrongStyle_v2/Content/ASSETS/Meshes/NormalStealMesh_v1.uasset'
[2018.12.20-23.21.59:461][619]LogSavePackage: Moving '../../../../../GameDev/StrongStyle/STR_StrongStyle_v2/Saved/BP_BasketballPlayer_Local89EBEF3D4ED290236A6ED39D269139BC.tmp' to '../../../../../GameDev/StrongStyle/STR_StrongStyle_v2/Content/BLUEPRINT/LOCAL/BP_BasketballPlayer_Local.uasset'
[2018.12.20-23.22.32:333][277]LogSlate: Window 'Delete Assets' being destroyed
[2018.12.20-23.24.05:251][443]LogSlate: Window 'Delete Assets' being destroyed
[2018.12.20-23.24.13:870][463]LogLinker: Warning: Can't find file '/Game/BLUEPRINT/PLAYERS/BP_BasketballPlayer_M'
[2018.12.20-23.24.13:871][463]LogLinker: Warning: Can't find file for asset '/Game/BLUEPRINT/PLAYERS/BP_BasketballPlayer_M' while loading ../../../../../GameDev/StrongStyle/STR_StrongStyle_v2/Content/BLUEPRINT/ThirdPersonGameMode.uasset.
[2018.12.20-23.24.13:871][463]LoadErrors: Error: /Game/BLUEPRINT/ThirdPersonGameMode : Can't find file for asset. /Game/BLUEPRINT/PLAYERS/BP_BasketballPlayer_M
[2018.12.20-23.24.13:872][463]LogLinker: Warning: Can't find file '/Game/BLUEPRINT/PLAYERS/BP_BasketballPlayer_M'
[2018.12.20-23.24.13:872][463]LogLinker: Warning: Can't find file for asset '/Game/BLUEPRINT/PLAYERS/BP_BasketballPlayer_M' while loading ../../../../../GameDev/StrongStyle/STR_StrongStyle_v2/Content/BLUEPRINT/ThirdPersonGameMode.uasset.
[2018.12.20-23.24.13:873][463]LogLinker: Warning: Can't find file '/Game/BLUEPRINT/PLAYERS/BP_BasketballPlayer_M'
[2018.12.20-23.24.13:873][463]LogLinker: Warning: Can't find file for asset '/Game/BLUEPRINT/PLAYERS/BP_BasketballPlayer_M' while loading ../../../../../GameDev/StrongStyle/STR_StrongStyle_v2/Content/BLUEPRINT/ThirdPersonGameMode.uasset.
[2018.12.20-23.24.13:874][463]LogLinker: Warning: Can't find file '/Game/BLUEPRINT/PLAYERS/BP_BasketballPlayer_M'
[2018.12.20-23.24.13:874][463]LogLinker: Warning: Can't find file for asset '/Game/BLUEPRINT/PLAYERS/BP_BasketballPlayer_M' while loading NULL.
[2018.12.20-23.24.13:874][463]LogLinker: Warning: Can't find file '/Game/BLUEPRINT/PLAYERS/BP_BasketballPlayer_M'
[2018.12.20-23.24.13:874][463]LogLinker: Warning: Can't find file for asset '/Game/BLUEPRINT/PLAYERS/BP_BasketballPlayer_M' while loading NULL.
[2018.12.20-23.24.13:874][463]LogLinker: Warning: Can't find file '/Game/BLUEPRINT/PLAYERS/BP_BasketballPlayer_M'
[2018.12.20-23.24.13:875][463]LogLinker: Warning: Can't find file for asset '/Game/BLUEPRINT/PLAYERS/BP_BasketballPlayer_M' while loading NULL.
[2018.12.20-23.24.13:875][463]LogLinker: Warning: Can't find file '/Game/BLUEPRINT/PLAYERS/BP_BasketballPlayer_M'
[2018.12.20-23.24.13:875][463]LogLinker: Warning: Can't find file for asset '/Game/BLUEPRINT/PLAYERS/BP_BasketballPlayer_M' while loading NULL.
[2018.12.20-23.24.13:875][463]LogLinker: Warning: Can't find file '/Game/BLUEPRINT/PLAYERS/BP_BasketballPlayer_M'
[2018.12.20-23.24.13:875][463]LoadErrors: Failed to load /Game/BLUEPRINT/PLAYERS/BP_BasketballPlayer_M.BP_BasketballPlayer_M_C Referenced by Default__ThirdPersonGameMode_C
[2018.12.20-23.24.13:875][463]LogLinker: Warning: Can't find file for asset '/Game/BLUEPRINT/PLAYERS/BP_BasketballPlayer_M' while loading NULL.
[2018.12.20-23.24.13:879][463]LogLinker: Warning: Can't find file '/Game/BLUEPRINT/PLAYERS/BP_BasketballPlayer_M'
[2018.12.20-23.24.13:879][463]LoadErrors: Failed to load /Game/BLUEPRINT/PLAYERS/BP_BasketballPlayer_M.BP_BasketballPlayer_M_C Referenced by K2Node_DynamicCast_2
[2018.12.20-23.24.13:879][463]LogLinker: Warning: Can't find file for asset '/Game/BLUEPRINT/PLAYERS/BP_BasketballPlayer_M' while loading NULL.
[2018.12.20-23.24.13:880][463]LogLinker: Warning: Can't find file '/Game/BLUEPRINT/PLAYERS/BP_BasketballPlayer_M'
[2018.12.20-23.24.13:880][463]LogLinker: Warning: Can't find file for asset '/Game/BLUEPRINT/PLAYERS/BP_BasketballPlayer_M' while loading NULL.
[2018.12.20-23.24.13:880][463]LogLinker: Warning: Can't find file '/Game/BLUEPRINT/PLAYERS/BP_BasketballPlayer_M'
[2018.12.20-23.24.13:880][463]LoadErrors: Failed to load /Game/BLUEPRINT/PLAYERS/BP_BasketballPlayer_M.BP_BasketballPlayer_M_C Referenced by K2Node_VariableGet_3
[2018.12.20-23.24.13:880][463]LogLinker: Warning: Can't find file for asset '/Game/BLUEPRINT/PLAYERS/BP_BasketballPlayer_M' while loading NULL.
[2018.12.20-23.24.13:880][463]LogLinker: Warning: Can't find file '/Game/BLUEPRINT/PLAYERS/BP_BasketballPlayer_M'
[2018.12.20-23.24.13:881][463]LogLinker: Warning: Can't find file for asset '/Game/BLUEPRINT/PLAYERS/BP_BasketballPlayer_M' while loading NULL.
[2018.12.20-23.24.13:890][463]LogBlueprint: Error: [Compiler ThirdPersonGameMode] COMPILER ERROR: failed building connection with 'This cast has an invalid target type (was the class deleted without a redirect?).' at  Get (a copy)
[2018.12.20-23.24.13:890][463]LogBlueprint: Warning: [Compiler ThirdPersonGameMode] Could not find a variable named "MyTeam" in 'ThirdPersonGameMode'.
Make sure 'ThirdPersonGameMode' has been compiled for  Get MyTeam
[2018.12.20-23.24.13:890][463]LogBlueprint: Error: [Compiler ThirdPersonGameMode] In use pin  As BP Basketball Player M  no longer exists on node  Bad cast node . Please refresh node or break links to remove pin.
[2018.12.20-23.24.13:893][463]LogBlueprint: Error: [Compiler ThirdPersonGameMode] The property associated with  My Team  could not be found in '/Game/BLUEPRINT/ThirdPersonGameMode.ThirdPersonGameMode_C'
[2018.12.20-23.24.13:895][463]LogBlueprint: Warning: [Compiler ThirdPersonGameMode] [1052.21] Compile of ThirdPersonGameMode failed. 3 Fatal Issue(s) 1 Warning(s) [in 12 ms] (/Game/BLUEPRINT/ThirdPersonGameMode.ThirdPersonGameMode)
[2018.12.20-23.24.15:653][463]LogSlate: Window 'Delete Assets' being destroyed
[2018.12.20-23.24.19:114][856]LogTemp: Repeating last play command: Selected Viewport
[2018.12.20-23.24.19:142][856]LogBlueprintUserMessages: Early PlayInEditor Detection: Level '/Game/MAPS/Local.Local:PersistentLevel' has LevelScriptBlueprint '/Game/MAPS/Local.Local:PersistentLevel.Local' with GeneratedClass '/Game/MAPS/Local.Local_C' with ClassGeneratedBy '/Game/MAPS/Local.Local:PersistentLevel.Local'
[2018.12.20-23.24.19:143][856]BlueprintLog: New page: Pre-Play auto-recompile
[2018.12.20-23.24.19:314][856]LogPlayLevel: [PlayLevel] Compiling BP_BasketballPlayer_Local before play...
[2018.12.20-23.24.19:635][856]LogPlayLevel: PlayLevel: Blueprint regeneration took 491 ms (1 blueprints)
[2018.12.20-23.24.21:298][856]LogSlate: Window 'Message' being destroyed
[2018.12.20-23.24.21:347][856]LogModuleManager: Warning: ModuleManager: Unable to load module 'OnlineSubsystemSteam'  - 0 instances of that module name found.
[2018.12.20-23.24.21:361][856]PIE: New page: PIE session: Local (Dec 20, 2018, 7:24:21 AM)
[2018.12.20-23.24.21:361][856]LogPlayLevel: Creating play world package: /Game/MAPS/UEDPIE_0_Local
[2018.12.20-23.24.21:371][856]LogPlayLevel: PIE: StaticDuplicateObject took: (0.009483s)
[2018.12.20-23.24.21:371][856]LogAIModule: Creating AISystem for world Local
[2018.12.20-23.24.21:372][856]LogPlayLevel: PIE: World Init took: (0.000868s)
[2018.12.20-23.24.21:372][856]LogPlayLevel: PIE: Created PIE world by copying editor world from /Game/MAPS/Local.Local to /Game/MAPS/UEDPIE_0_Local.Local (0.010792s)
[2018.12.20-23.24.21:507][856]LogInit: XAudio2 using 'Speakers (Realtek High Definition Audio)' : 2 channels at 48 kHz using 32 bits per sample (channel mask 0x3)
[2018.12.20-23.24.21:541][856]LogInit: FAudioDevice initialized.
[2018.12.20-23.24.21:584][856]LogLoad: Game class is 'BasketBallGameMode_Local_C'
[2018.12.20-23.24.21:590][856]LogWorld: Bringing World /Game/MAPS/UEDPIE_0_Local.Local up for play (max tick rate 0) at 2018.12.20-15.24.21
[2018.12.20-23.24.21:594][856]LogWorld: Bringing up level for play took: 0.004850
[2018.12.20-23.24.21:621][856]LogContentBrowser: Native class hierarchy updated for 'MovieSceneCapture' in 0.0004 seconds. Added 10 classes and 0 folders.
[2018.12.20-23.24.21:623][856]LogBlueprintUserMessages: [BasketBallGameMode_Local_C_0] GAMEMODE > POST LOGIN: BP_Basketball_PlayerController_Localhas joined!
[2018.12.20-23.24.21:624][856]LogGameMode: Display: Match State Changed from EnteringMap to WaitingToStart
[2018.12.20-23.24.21:624][856]LogGameState: Match State Changed from EnteringMap to WaitingToStart
[2018.12.20-23.24.21:624][856]LogGameMode: Display: Match State Changed from WaitingToStart to InProgress
[2018.12.20-23.24.21:627][856]LogBlueprintUserMessages: [BasketBallGameMode_Local_C_0] GAMEMODE > ON HOST LEVEL CALLED, STARTING GAMEMODE
[2018.12.20-23.24.21:627][856]LogBlueprintUserMessages: [BasketBallGameMode_Local_C_0] GAMEMODE > HOOPS POPULATED
[2018.12.20-23.24.21:627][856]LogBlueprintUserMessages: [BasketBallGameMode_Local_C_0] GAMEMODE > HOOPS SET
[2018.12.20-23.24.21:628][856]LogBlueprintUserMessages: [BasketBallGameMode_Local_C_0] GAMEMODE > PLAYER START POINTS ACQUIRED
[2018.12.20-23.24.21:628][856]LogBlueprintUserMessages: [BasketBallGameMode_Local_C_0] GAMEMODE > LOCAL GAME DETECTED, SPAWNING PLAYERS
[2018.12.20-23.24.21:628][856]LogPlayerManagement: Error: Failed to Create Player: A local player already exists for controller ID 0,
[2018.12.20-23.24.21:628][856]LogBlueprintUserMessages: [BasketBallGameMode_Local_C_0] GAMEMODE > CREATING PLAYER: for ID 0
[2018.12.20-23.24.21:637][856]LogBlueprintUserMessages: [BP_BasketballPlayer_Local_C_0] PLAYER > BEGIN PLAY: for BP_BasketballPlayer_Local
[2018.12.20-23.24.21:637][856]LogBlueprintUserMessages: [BP_GameState_Local_C_0] GAMESTATE > REFRESH PLAYER ARRAY RESULTS: , BP_BasketballPlayer_Local
[2018.12.20-23.24.21:638][856]LogBlueprintUserMessages: [BP_BasketballPlayer_Local_C_0] PLAYER > NO LOCAL CAMERA, SPAWNING
[2018.12.20-23.24.21:638][856]LogBlueprintUserMessages: [BP_Camera_LOCAL_C_0] CAMERA: Initial Camera Setup
[2018.12.20-23.24.21:638][856]LogBlueprintUserMessages: [BP_BasketballPlayer_Local_C_0] PLAYER > MP CAMERA: BP_Camera_LOCAL SPAWNED ON: BP_BasketballPlayer_Local
[2018.12.20-23.24.21:638][856]LogBlueprintUserMessages: [BP_Camera_LOCAL_C_0] CAMERA: BP_Camera_LOCAL_C_0running Class Setup
[2018.12.20-23.24.21:639][856]LogBlueprintUserMessages: [BP_GameState_Local_C_0] GAMESTATE > LOCAL CAMERAS UPDATED
[2018.12.20-23.24.21:639][856]LogBlueprintUserMessages: [BP_BasketballPlayer_Local_C_0] PLAYER > CHANGING TEAM MATERIAL
[2018.12.20-23.24.21:639][856]LogBlueprintUserMessages: [BP_BasketballPlayer_Local_C_0] PLAYER > INITIAL SPECIAL SHOT: Granny Shot AKA Granny
[2018.12.20-23.24.21:639][856]LogBlueprintUserMessages: [BasketBallGameMode_Local_C_0] GAMEMODE > POSSESSING PLAYER:ID 0
[2018.12.20-23.24.21:641][856]LogBlueprintUserMessages: [BP_BasketballPlayer_Local_C_0] PLAYER > CHANGING TEAM MATERIAL
[2018.12.20-23.24.21:641][856]LogBlueprintUserMessages: [BP_BasketballPlayer_Local_C_0] PLAYER > CHANGING TEAM MATERIAL
[2018.12.20-23.24.21:641][856]LogSlate: New Slate User Created.  User Index 1, Is Virtual User: 0
[2018.12.20-23.24.21:641][856]LogSlate: Slate User Registered.  User Index 1, Is Virtual User: 0
[2018.12.20-23.24.21:643][856]LogBlueprintUserMessages: [BasketBallGameMode_Local_C_0] GAMEMODE > POST LOGIN: BP_Basketball_PlayerController_Local1has joined!
[2018.12.20-23.24.21:644][856]LogBlueprintUserMessages: [BasketBallGameMode_Local_C_0] GAMEMODE > CREATING PLAYER: for ID 1
[2018.12.20-23.24.21:645][856]LogBlueprintUserMessages: [BP_BasketballPlayer_Local_C_1] PLAYER > BEGIN PLAY: for BP_BasketballPlayer_Local1
[2018.12.20-23.24.21:645][856]LogBlueprintUserMessages: [BP_GameState_Local_C_0] GAMESTATE > REFRESH PLAYER ARRAY RESULTS: , BP_BasketballPlayer_Local, BP_BasketballPlayer_Local1
[2018.12.20-23.24.21:645][856]LogBlueprintUserMessages: [BP_BasketballPlayer_Local_C_1] PLAYER > CHANGING TEAM MATERIAL
[2018.12.20-23.24.21:645][856]LogBlueprintUserMessages: [BP_BasketballPlayer_Local_C_1] PLAYER > INITIAL SPECIAL SHOT: Granny Shot AKA Granny
[2018.12.20-23.24.21:645][856]LogBlueprintUserMessages: [BasketBallGameMode_Local_C_0] GAMEMODE > POSSESSING PLAYER:ID 1
[2018.12.20-23.24.21:645][856]LogBlueprintUserMessages: [BP_BasketballPlayer_Local_C_1] PLAYER > CHANGING TEAM MATERIAL
[2018.12.20-23.24.21:645][856]LogSlate: New Slate User Created.  User Index 2, Is Virtual User: 0
[2018.12.20-23.24.21:645][856]LogSlate: Slate User Registered.  User Index 2, Is Virtual User: 0
[2018.12.20-23.24.21:646][856]LogBlueprintUserMessages: [BasketBallGameMode_Local_C_0] GAMEMODE > POST LOGIN: BP_Basketball_PlayerController_Local2has joined!
[2018.12.20-23.24.21:647][856]LogBlueprintUserMessages: [BasketBallGameMode_Local_C_0] GAMEMODE > CREATING PLAYER: for ID 2
[2018.12.20-23.24.21:648][856]LogBlueprintUserMessages: [BP_BasketballPlayer_Local_C_2] PLAYER > BEGIN PLAY: for BP_BasketballPlayer_Local2
[2018.12.20-23.24.21:648][856]LogBlueprintUserMessages: [BP_GameState_Local_C_0] GAMESTATE > REFRESH PLAYER ARRAY RESULTS: , BP_BasketballPlayer_Local, BP_BasketballPlayer_Local1, BP_BasketballPlayer_Local2
[2018.12.20-23.24.21:648][856]LogBlueprintUserMessages: [BP_BasketballPlayer_Local_C_2] PLAYER > CHANGING TEAM MATERIAL
[2018.12.20-23.24.21:648][856]LogBlueprintUserMessages: [BP_BasketballPlayer_Local_C_2] PLAYER > INITIAL SPECIAL SHOT: Granny Shot AKA Granny
[2018.12.20-23.24.21:648][856]LogBlueprintUserMessages: [BasketBallGameMode_Local_C_0] GAMEMODE > POSSESSING PLAYER:ID 2
[2018.12.20-23.24.21:648][856]LogBlueprintUserMessages: [BP_BasketballPlayer_Local_C_2] PLAYER > CHANGING TEAM MATERIAL
[2018.12.20-23.24.21:648][856]LogBlueprintUserMessages: [BP_BasketballPlayer_Local_C_2] PLAYER > CHANGING TEAM MATERIAL
[2018.12.20-23.24.21:648][856]LogSlate: New Slate User Created.  User Index 3, Is Virtual User: 0
[2018.12.20-23.24.21:648][856]LogSlate: Slate User Registered.  User Index 3, Is Virtual User: 0
[2018.12.20-23.24.21:650][856]LogBlueprintUserMessages: [BasketBallGameMode_Local_C_0] GAMEMODE > POST LOGIN: BP_Basketball_PlayerController_Local3has joined!
[2018.12.20-23.24.21:650][856]LogBlueprintUserMessages: [BasketBallGameMode_Local_C_0] GAMEMODE > CREATING PLAYER: for ID 3
[2018.12.20-23.24.21:651][856]LogBlueprintUserMessages: [BP_BasketballPlayer_Local_C_3] PLAYER > BEGIN PLAY: for BP_BasketballPlayer_Local3
[2018.12.20-23.24.21:651][856]LogBlueprintUserMessages: [BP_GameState_Local_C_0] GAMESTATE > REFRESH PLAYER ARRAY RESULTS: , BP_BasketballPlayer_Local, BP_BasketballPlayer_Local1, BP_BasketballPlayer_Local2, BP_BasketballPlayer_Local3
[2018.12.20-23.24.21:651][856]LogBlueprintUserMessages: [BP_BasketballPlayer_Local_C_3] PLAYER > CHANGING TEAM MATERIAL
[2018.12.20-23.24.21:651][856]LogBlueprintUserMessages: [BP_BasketballPlayer_Local_C_3] PLAYER > INITIAL SPECIAL SHOT: Granny Shot AKA Granny
[2018.12.20-23.24.21:651][856]LogBlueprintUserMessages: [BasketBallGameMode_Local_C_0] GAMEMODE > POSSESSING PLAYER:ID 3
[2018.12.20-23.24.21:652][856]LogBlueprintUserMessages: [BP_BasketballPlayer_Local_C_3] PLAYER > CHANGING TEAM MATERIAL
[2018.12.20-23.24.21:652][856]LogBlueprintUserMessages: [BasketBallGameMode_Local_C_0] GAMEMODE > SPAWNING BALL
[2018.12.20-23.24.21:657][856]LogBlueprintUserMessages: [BasketBallGameMode_Local_C_0] GAMEMODE > PHASE UPDATE COMPLETE
[2018.12.20-23.24.21:657][856]Cmd: r.SetRes 1920x1080w
[2018.12.20-23.24.21:659][856]r.SetRes = "1920x1080w"
[2018.12.20-23.24.21:661][856]LogGameState: Match State Changed from WaitingToStart to InProgress
[2018.12.20-23.24.21:661][856]PIE: Play in editor start time for /Game/MAPS/UEDPIE_0_Local 2.49
[2018.12.20-23.24.21:662][856]LogBlueprintUserMessages: Late PlayInEditor Detection: Level '/Game/MAPS/Local.Local:PersistentLevel' has LevelScriptBlueprint '/Game/MAPS/Local.Local:PersistentLevel.Local' with GeneratedClass '/Game/MAPS/Local.Local_C' with ClassGeneratedBy '/Game/MAPS/Local.Local:PersistentLevel.Local'
[2018.12.20-23.24.21:727][857]LogBlueprintUserMessages: [BP_Camera_LOCAL_C_0] Clearing game Cameras onBP_Camera_LOCAL_C_0
[2018.12.20-23.24.21:727][857]LogBlueprintUserMessages: [BP_Camera_LOCAL_C_0] Camera CameraActor destroyed
[2018.12.20-23.24.21:727][857]LogBlueprintUserMessages: [BP_Camera_LOCAL_C_0] Camera CameraActor1 destroyed
[2018.12.20-23.24.21:727][857]LogBlueprintUserMessages: [BP_Camera_LOCAL_C_0] Camera CameraActor2 destroyed
[2018.12.20-23.24.21:727][857]LogBlueprintUserMessages: [BP_Camera_LOCAL_C_0] Camera CameraActor3 destroyed
[2018.12.20-23.24.21:727][857]LogBlueprintUserMessages: [BP_Camera_LOCAL_C_0] CAMERA: Cameras Destroyed
[2018.12.20-23.24.21:727][857]LogBlueprintUserMessages: [BP_Camera_LOCAL_C_0] CAMERA: BP_Camera_LOCAL_C_0running Class Setup
[2018.12.20-23.24.21:744][858]LogBlueprintUserMessages: [BP_Camera_LOCAL_C_0] CAMERA: First update
[2018.12.20-23.24.24:556][192]LogBlueprintUserMessages: Early EndPlayMap Detection: Level '/Game/MAPS/Local.Local:PersistentLevel' has LevelScriptBlueprint '/Game/MAPS/Local.Local:PersistentLevel.Local' with GeneratedClass '/Game/MAPS/Local.Local_C' with ClassGeneratedBy '/Game/MAPS/Local.Local:PersistentLevel.Local'
[2018.12.20-23.24.24:557][192]LogSlate: Updating window title bar state: overlay mode, drag disabled, window buttons hidden, title bar hidden
[2018.12.20-23.24.24:591][192]LogPlayLevel: Display: Shutting down PIE online subsystems
[2018.12.20-23.24.24:591][192]LogBlueprintUserMessages: Late EndPlayMap Detection: Level '/Game/MAPS/Local.Local:PersistentLevel' has LevelScriptBlueprint '/Game/MAPS/Local.Local:PersistentLevel.Local' with GeneratedClass '/Game/MAPS/Local.Local_C' with ClassGeneratedBy '/Game/MAPS/Local.Local:PersistentLevel.Local'
[2018.12.20-23.24.24:614][192]LogSlate: Updating window title bar state: overlay mode, drag disabled, window buttons hidden, title bar hidden
[2018.12.20-23.24.24:662][196]LogPlayLevel: Display: Destroying online subsystem :Context_5
[2018.12.20-23.24.25:713][321]LogTemp: Repeating last play command: Selected Viewport
[2018.12.20-23.24.25:738][321]LogBlueprintUserMessages: Early PlayInEditor Detection: Level '/Game/MAPS/Local.Local:PersistentLevel' has LevelScriptBlueprint '/Game/MAPS/Local.Local:PersistentLevel.Local' with GeneratedClass '/Game/MAPS/Local.Local_C' with ClassGeneratedBy '/Game/MAPS/Local.Local:PersistentLevel.Local'
[2018.12.20-23.24.25:738][321]LogPlayLevel: PlayLevel: No blueprints needed recompiling
[2018.12.20-23.24.25:738][321]PIE: New page: PIE session: Local (Dec 20, 2018, 7:24:25 AM)
[2018.12.20-23.24.25:739][321]LogPlayLevel: Creating play world package: /Game/MAPS/UEDPIE_0_Local
[2018.12.20-23.24.25:747][321]LogPlayLevel: PIE: StaticDuplicateObject took: (0.007984s)
[2018.12.20-23.24.25:747][321]LogAIModule: Creating AISystem for world Local
[2018.12.20-23.24.25:748][321]LogPlayLevel: PIE: World Init took: (0.000872s)
[2018.12.20-23.24.25:748][321]LogPlayLevel: PIE: Created PIE world by copying editor world from /Game/MAPS/Local.Local to /Game/MAPS/UEDPIE_0_Local.Local (0.009143s)
[2018.12.20-23.24.25:881][321]LogInit: XAudio2 using 'Speakers (Realtek High Definition Audio)' : 2 channels at 48 kHz using 32 bits per sample (channel mask 0x3)
[2018.12.20-23.24.25:911][321]LogInit: FAudioDevice initialized.
[2018.12.20-23.24.25:944][321]LogLoad: Game class is 'BasketBallGameMode_Local_C'
[2018.12.20-23.24.25:946][321]LogWorld: Bringing World /Game/MAPS/UEDPIE_0_Local.Local up for play (max tick rate 0) at 2018.12.20-15.24.25
[2018.12.20-23.24.25:947][321]LogWorld: Bringing up level for play took: 0.002176
[2018.12.20-23.24.25:959][321]LogBlueprintUserMessages: [BasketBallGameMode_Local_C_0] GAMEMODE > POST LOGIN: BP_Basketball_PlayerController_Localhas joined!
[2018.12.20-23.24.25:959][321]LogGameMode: Display: Match State Changed from EnteringMap to WaitingToStart
[2018.12.20-23.24.25:959][321]LogGameState: Match State Changed from EnteringMap to WaitingToStart
[2018.12.20-23.24.25:960][321]LogGameMode: Display: Match State Changed from WaitingToStart to InProgress
[2018.12.20-23.24.25:960][321]LogBlueprintUserMessages: [BasketBallGameMode_Local_C_0] GAMEMODE > ON HOST LEVEL CALLED, STARTING GAMEMODE
[2018.12.20-23.24.25:960][321]LogBlueprintUserMessages: [BasketBallGameMode_Local_C_0] GAMEMODE > HOOPS POPULATED
[2018.12.20-23.24.25:960][321]LogBlueprintUserMessages: [BasketBallGameMode_Local_C_0] GAMEMODE > HOOPS SET
[2018.12.20-23.24.25:960][321]LogBlueprintUserMessages: [BasketBallGameMode_Local_C_0] GAMEMODE > PLAYER START POINTS ACQUIRED
[2018.12.20-23.24.25:960][321]LogBlueprintUserMessages: [BasketBallGameMode_Local_C_0] GAMEMODE > LOCAL GAME DETECTED, SPAWNING PLAYERS
[2018.12.20-23.24.25:960][321]LogPlayerManagement: Error: Failed to Create Player: A local player already exists for controller ID 0,
[2018.12.20-23.24.25:960][321]LogBlueprintUserMessages: [BasketBallGameMode_Local_C_0] GAMEMODE > CREATING PLAYER: for ID 0
[2018.12.20-23.24.25:961][321]LogBlueprintUserMessages: [BP_BasketballPlayer_Local_C_0] PLAYER > BEGIN PLAY: for BP_BasketballPlayer_Local
[2018.12.20-23.24.25:961][321]LogBlueprintUserMessages: [BP_GameState_Local_C_0] GAMESTATE > REFRESH PLAYER ARRAY RESULTS: , BP_BasketballPlayer_Local
[2018.12.20-23.24.25:961][321]LogBlueprintUserMessages: [BP_BasketballPlayer_Local_C_0] PLAYER > NO LOCAL CAMERA, SPAWNING
[2018.12.20-23.24.25:962][321]LogBlueprintUserMessages: [BP_Camera_LOCAL_C_0] CAMERA: Initial Camera Setup
[2018.12.20-23.24.25:962][321]LogBlueprintUserMessages: [BP_BasketballPlayer_Local_C_0] PLAYER > MP CAMERA: BP_Camera_LOCAL SPAWNED ON: BP_BasketballPlayer_Local
[2018.12.20-23.24.25:962][321]LogBlueprintUserMessages: [BP_Camera_LOCAL_C_0] CAMERA: BP_Camera_LOCAL_C_0running Class Setup
[2018.12.20-23.24.25:962][321]LogBlueprintUserMessages: [BP_GameState_Local_C_0] GAMESTATE > LOCAL CAMERAS UPDATED
[2018.12.20-23.24.25:962][321]LogBlueprintUserMessages: [BP_BasketballPlayer_Local_C_0] PLAYER > CHANGING TEAM MATERIAL
[2018.12.20-23.24.25:962][321]LogBlueprintUserMessages: [BP_BasketballPlayer_Local_C_0] PLAYER > INITIAL SPECIAL SHOT: Granny Shot AKA Granny
[2018.12.20-23.24.25:962][321]LogBlueprintUserMessages: [BasketBallGameMode_Local_C_0] GAMEMODE > POSSESSING PLAYER:ID 0
[2018.12.20-23.24.25:962][321]LogBlueprintUserMessages: [BP_BasketballPlayer_Local_C_0] PLAYER > CHANGING TEAM MATERIAL
[2018.12.20-23.24.25:962][321]LogBlueprintUserMessages: [BP_BasketballPlayer_Local_C_0] PLAYER > CHANGING TEAM MATERIAL
[2018.12.20-23.24.25:964][321]LogBlueprintUserMessages: [BasketBallGameMode_Local_C_0] GAMEMODE > POST LOGIN: BP_Basketball_PlayerController_Local1has joined!
[2018.12.20-23.24.25:964][321]LogBlueprintUserMessages: [BasketBallGameMode_Local_C_0] GAMEMODE > CREATING PLAYER: for ID 1
[2018.12.20-23.24.25:965][321]LogBlueprintUserMessages: [BP_BasketballPlayer_Local_C_1] PLAYER > BEGIN PLAY: for BP_BasketballPlayer_Local1
[2018.12.20-23.24.25:965][321]LogBlueprintUserMessages: [BP_GameState_Local_C_0] GAMESTATE > REFRESH PLAYER ARRAY RESULTS: , BP_BasketballPlayer_Local, BP_BasketballPlayer_Local1
[2018.12.20-23.24.25:965][321]LogBlueprintUserMessages: [BP_BasketballPlayer_Local_C_1] PLAYER > CHANGING TEAM MATERIAL
[2018.12.20-23.24.25:965][321]LogBlueprintUserMessages: [BP_BasketballPlayer_Local_C_1] PLAYER > INITIAL SPECIAL SHOT: Granny Shot AKA Granny
[2018.12.20-23.24.25:965][321]LogBlueprintUserMessages: [BasketBallGameMode_Local_C_0] GAMEMODE > POSSESSING PLAYER:ID 1
[2018.12.20-23.24.25:965][321]LogBlueprintUserMessages: [BP_BasketballPlayer_Local_C_1] PLAYER > CHANGING TEAM MATERIAL
[2018.12.20-23.24.25:966][321]LogBlueprintUserMessages: [BasketBallGameMode_Local_C_0] GAMEMODE > POST LOGIN: BP_Basketball_PlayerController_Local2has joined!
[2018.12.20-23.24.25:967][321]LogBlueprintUserMessages: [BasketBallGameMode_Local_C_0] GAMEMODE > CREATING PLAYER: for ID 2
[2018.12.20-23.24.25:968][321]LogBlueprintUserMessages: [BP_BasketballPlayer_Local_C_2] PLAYER > BEGIN PLAY: for BP_BasketballPlayer_Local2
[2018.12.20-23.24.25:968][321]LogBlueprintUserMessages: [BP_GameState_Local_C_0] GAMESTATE > REFRESH PLAYER ARRAY RESULTS: , BP_BasketballPlayer_Local, BP_BasketballPlayer_Local1, BP_BasketballPlayer_Local2
[2018.12.20-23.24.25:968][321]LogBlueprintUserMessages: [BP_BasketballPlayer_Local_C_2] PLAYER > CHANGING TEAM MATERIAL
[2018.12.20-23.24.25:968][321]LogBlueprintUserMessages: [BP_BasketballPlayer_Local_C_2] PLAYER > INITIAL SPECIAL SHOT: Granny Shot AKA Granny
[2018.12.20-23.24.25:968][321]LogBlueprintUserMessages: [BasketBallGameMode_Local_C_0] GAMEMODE > POSSESSING PLAYER:ID 2
[2018.12.20-23.24.25:968][321]LogBlueprintUserMessages: [BP_BasketballPlayer_Local_C_2] PLAYER > CHANGING TEAM MATERIAL
[2018.12.20-23.24.25:968][321]LogBlueprintUserMessages: [BP_BasketballPlayer_Local_C_2] PLAYER > CHANGING TEAM MATERIAL
[2018.12.20-23.24.25:969][321]LogBlueprintUserMessages: [BasketBallGameMode_Local_C_0] GAMEMODE > POST LOGIN: BP_Basketball_PlayerController_Local3has joined!
[2018.12.20-23.24.25:970][321]LogBlueprintUserMessages: [BasketBallGameMode_Local_C_0] GAMEMODE > CREATING PLAYER: for ID 3
[2018.12.20-23.24.25:971][321]LogBlueprintUserMessages: [BP_BasketballPlayer_Local_C_3] PLAYER > BEGIN PLAY: for BP_BasketballPlayer_Local3
[2018.12.20-23.24.25:971][321]LogBlueprintUserMessages: [BP_GameState_Local_C_0] GAMESTATE > REFRESH PLAYER ARRAY RESULTS: , BP_BasketballPlayer_Local, BP_BasketballPlayer_Local1, BP_BasketballPlayer_Local2, BP_BasketballPlayer_Local3
[2018.12.20-23.24.25:971][321]LogBlueprintUserMessages: [BP_BasketballPlayer_Local_C_3] PLAYER > CHANGING TEAM MATERIAL
[2018.12.20-23.24.25:971][321]LogBlueprintUserMessages: [BP_BasketballPlayer_Local_C_3] PLAYER > INITIAL SPECIAL SHOT: Granny Shot AKA Granny
[2018.12.20-23.24.25:971][321]LogBlueprintUserMessages: [BasketBallGameMode_Local_C_0] GAMEMODE > POSSESSING PLAYER:ID 3
[2018.12.20-23.24.25:971][321]LogBlueprintUserMessages: [BP_BasketballPlayer_Local_C_3] PLAYER > CHANGING TEAM MATERIAL
[2018.12.20-23.24.25:971][321]LogBlueprintUserMessages: [BasketBallGameMode_Local_C_0] GAMEMODE > SPAWNING BALL
[2018.12.20-23.24.25:972][321]LogBlueprintUserMessages: [BasketBallGameMode_Local_C_0] GAMEMODE > PHASE UPDATE COMPLETE
[2018.12.20-23.24.25:972][321]Cmd: r.SetRes 1920x1080w
[2018.12.20-23.24.25:972][321]r.SetRes = "1920x1080w"
[2018.12.20-23.24.25:973][321]LogGameState: Match State Changed from WaitingToStart to InProgress
[2018.12.20-23.24.25:973][321]PIE: Play in editor start time for /Game/MAPS/UEDPIE_0_Local 0.803
[2018.12.20-23.24.25:973][321]LogBlueprintUserMessages: Late PlayInEditor Detection: Level '/Game/MAPS/Local.Local:PersistentLevel' has LevelScriptBlueprint '/Game/MAPS/Local.Local:PersistentLevel.Local' with GeneratedClass '/Game/MAPS/Local.Local_C' with ClassGeneratedBy '/Game/MAPS/Local.Local:PersistentLevel.Local'
[2018.12.20-23.24.25:998][322]LogBlueprintUserMessages: [BP_Camera_LOCAL_C_0] Clearing game Cameras onBP_Camera_LOCAL_C_0
[2018.12.20-23.24.25:998][322]LogBlueprintUserMessages: [BP_Camera_LOCAL_C_0] Camera CameraActor destroyed
[2018.12.20-23.24.25:998][322]LogBlueprintUserMessages: [BP_Camera_LOCAL_C_0] Camera CameraActor1 destroyed
[2018.12.20-23.24.25:998][322]LogBlueprintUserMessages: [BP_Camera_LOCAL_C_0] Camera CameraActor2 destroyed
[2018.12.20-23.24.25:998][322]LogBlueprintUserMessages: [BP_Camera_LOCAL_C_0] Camera CameraActor3 destroyed
[2018.12.20-23.24.25:998][322]LogBlueprintUserMessages: [BP_Camera_LOCAL_C_0] CAMERA: Cameras Destroyed
[2018.12.20-23.24.25:998][322]LogBlueprintUserMessages: [BP_Camera_LOCAL_C_0] CAMERA: BP_Camera_LOCAL_C_0running Class Setup
[2018.12.20-23.24.26:009][323]LogBlueprintUserMessages: [BP_Camera_LOCAL_C_0] CAMERA: First update
[2018.12.20-23.24.27:317][478]LogBlueprintUserMessages: Early EndPlayMap Detection: Level '/Game/MAPS/Local.Local:PersistentLevel' has LevelScriptBlueprint '/Game/MAPS/Local.Local:PersistentLevel.Local' with GeneratedClass '/Game/MAPS/Local.Local_C' with ClassGeneratedBy '/Game/MAPS/Local.Local:PersistentLevel.Local'
[2018.12.20-23.24.27:318][478]LogSlate: Updating window title bar state: overlay mode, drag disabled, window buttons hidden, title bar hidden
[2018.12.20-23.24.27:354][478]LogPlayLevel: Display: Shutting down PIE online subsystems
[2018.12.20-23.24.27:355][478]LogBlueprintUserMessages: Late EndPlayMap Detection: Level '/Game/MAPS/Local.Local:PersistentLevel' has LevelScriptBlueprint '/Game/MAPS/Local.Local:PersistentLevel.Local' with GeneratedClass '/Game/MAPS/Local.Local_C' with ClassGeneratedBy '/Game/MAPS/Local.Local:PersistentLevel.Local'
[2018.12.20-23.24.27:377][478]LogSlate: Updating window title bar state: overlay mode, drag disabled, window buttons hidden, title bar hidden
[2018.12.20-23.24.27:419][481]LogPlayLevel: Display: Destroying online subsystem :Context_6
[2018.12.20-23.24.36:128][507]LogAssetEditorManager: Opening Asset editor for Blueprint /Game/BLUEPRINT/LOCAL/BasketBallGameMode_Local.BasketBallGameMode_Local
[2018.12.20-23.24.36:603][507]LogContentBrowser: Native class hierarchy updated for 'BlueprintGraph' in 0.0008 seconds. Added 116 classes and 0 folders.
[2018.12.20-23.24.38:087][507]LogSlate: Took 0.001354 seconds to synchronously load lazily loaded font '../../../Engine/Content/Slate/Fonts/Roboto-BoldCondensed.ttf' (158K)
[2018.12.20-23.24.38:362][508]LogSlate: Took 0.001311 seconds to synchronously load lazily loaded font '../../../Engine/Content/Slate/Fonts/Roboto-Italic.ttf' (157K)
[2018.12.20-23.26.01:908][582]LogFileHelpers: Editor autosave (incl. sublevels) for '/Game/MAPS/Local' took 0.034
[2018.12.20-23.26.01:911][582]OBJ SavePackage: Generating thumbnails for [0] asset(s) in package [/Game/BLUEPRINT/LOCAL/BasketBallGameMode_Local] ([1] browsable assets)...
[2018.12.20-23.26.01:911][582]OBJ SavePackage: Finished generating thumbnails for package [/Game/BLUEPRINT/LOCAL/BasketBallGameMode_Local]
[2018.12.20-23.26.02:072][582]LogSavePackage: Moving '../../../../../GameDev/StrongStyle/STR_StrongStyle_v2/Saved/BasketBallGameMode_Local_Auto119354D16494F17F1F7BC1BB15B6FB3E5.tmp' to '../../../../../GameDev/StrongStyle/STR_StrongStyle_v2/Saved/Autosaves/Game/BLUEPRINT/LOCAL/BasketBallGameMode_Local_Auto1.uasset'
[2018.12.20-23.26.02:073][582]LogFileHelpers: Auto-saving content packages took 0.164
[2018.12.20-23.29.39:499][445]LogSlate: Window 'Delete Assets' being destroyed
[2018.12.20-23.29.41:964][716]LogSavePackage: Moving '../../../../../GameDev/StrongStyle/STR_StrongStyle_v2/Saved/BasketBallGameMode_Local7AC87E204CD41F4985ADB192EE5173DF.tmp' to '../../../../../GameDev/StrongStyle/STR_StrongStyle_v2/Content/BLUEPRINT/LOCAL/BasketBallGameMode_Local.uasset'
[2018.12.20-23.29.42:798][809]BlueprintLog: New page: Compile BasketBallGameMode_Local
[2018.12.20-23.29.46:910][985]LogSlate: Window 'Delete Assets' being destroyed
[2018.12.20-23.29.48:095][994]LogContentStreaming: Texture: "LightMapTexture2D /Game/MAPS/Local_BuiltData.Local_BuiltData:HQ_Lightmap0_1", ResidentMips: 7/11, RequestedMips: 10, WantedMips: 10, Boost: 0.2 (updated)
[2018.12.20-23.29.52:447][381]LogSlate: Window 'Save Content' being destroyed
[2018.12.20-23.29.52:626][381]LogSavePackage: Moving '../../../../../GameDev/StrongStyle/STR_StrongStyle_v2/Saved/BasketBallGameMode_LocalE082682D4838D5B8A05809AE6DCA8700.tmp' to '../../../../../GameDev/StrongStyle/STR_StrongStyle_v2/Content/BLUEPRINT/LOCAL/BasketBallGameMode_Local.uasset'
