Log file open, 12/11/18 13:29:04
LogWindows: Failed to load 'aqProf.dll' (GetLastError=126)
LogWindows: File 'aqProf.dll' does not exist
LogWindows: Failed to load 'VtuneApi.dll' (GetLastError=126)
LogWindows: File 'VtuneApi.dll' does not exist
LogWindows: Failed to load 'VtuneApi32e.dll' (GetLastError=126)
LogWindows: File 'VtuneApi32e.dll' does not exist
LogInit: Display: Running engine for game: STR_StrongStyle_v2
LogPlatformFile: Not using cached read wrapper
LogTaskGraph: Started task graph with 5 named threads and 14 total threads with 3 sets of task threads.
LogStats: Stats thread started at 0.811865
LogD3D11RHI: Loaded GFSDK_Aftermath_Lib.x64.dll
LogICUInternationalization: Display: ICU TimeZone Detection - Raw Offset: -8:00, Platform Override: ''
LogPluginManager: Mounting plugin Paper2D
LogPluginManager: Mounting plugin AdvancedSessions
LogPluginManager: Mounting plugin AdvancedSteamSessions
LogPluginManager: Mounting plugin AISupport
LogPluginManager: Mounting plugin LightPropagationVolume
LogPluginManager: Mounting plugin CLionSourceCodeAccess
LogPluginManager: Mounting plugin CodeLiteSourceCodeAccess
LogPluginManager: Mounting plugin GitSourceControl
LogPluginManager: Mounting plugin KDevelopSourceCodeAccess
LogPluginManager: Mounting plugin NullSourceCodeAccess
LogPluginManager: Mounting plugin PerforceSourceControl
LogPluginManager: Mounting plugin SubversionSourceControl
LogPluginManager: Mounting plugin UObjectPlugin
LogPluginManager: Mounting plugin VisualStudioCodeSourceCodeAccess
LogPluginManager: Mounting plugin VisualStudioSourceCodeAccess
LogPluginManager: Mounting plugin XCodeSourceCodeAccess
LogPluginManager: Mounting plugin AssetManagerEditor
LogPluginManager: Mounting plugin CryptoKeys
LogPluginManager: Mounting plugin DataValidation
LogPluginManager: Mounting plugin FacialAnimation
LogPluginManager: Mounting plugin GameplayTagsEditor
LogPluginManager: Mounting plugin MacGraphicsSwitching
LogPluginManager: Mounting plugin MeshEditor
LogPluginManager: Mounting plugin MobileLauncherProfileWizard
LogPluginManager: Mounting plugin PluginBrowser
LogPluginManager: Mounting plugin SpeedTreeImporter
LogPluginManager: Mounting plugin DatasmithContent
LogPluginManager: Mounting plugin AlembicImporter
LogPluginManager: Mounting plugin AppleImageUtils
LogPluginManager: Mounting plugin AppleVision
LogPluginManager: Mounting plugin BackChannel
LogPluginManager: Mounting plugin CharacterAI
LogPluginManager: Mounting plugin GeometryCache
LogPluginManager: Mounting plugin HTML5Networking
LogPluginManager: Mounting plugin ProxyLODPlugin
LogPluginManager: Mounting plugin MagicLeap
LogPluginManager: Mounting plugin MagicLeapEmulator
LogPluginManager: Mounting plugin MagicLeapMedia
LogPluginManager: Mounting plugin AndroidMedia
LogPluginManager: Mounting plugin AvfMedia
LogPluginManager: Mounting plugin ImgMedia
LogPluginManager: Mounting plugin LinearTimecode
LogPluginManager: Mounting plugin MediaCompositing
LogPluginManager: Mounting plugin MediaPlayerEditor
LogPluginManager: Mounting plugin WmfMedia
LogPluginManager: Mounting plugin TcpMessaging
LogPluginManager: Mounting plugin UdpMessaging
LogPluginManager: Mounting plugin ActorSequence
LogPluginManager: Mounting plugin LevelSequenceEditor
LogPluginManager: Mounting plugin MatineeToLevelSequence
LogPluginManager: Mounting plugin NetcodeUnitTest
LogPluginManager: Mounting plugin NUTUnrealEngine4
LogPluginManager: Mounting plugin OnlineSubsystemGooglePlay
LogPluginManager: Mounting plugin OnlineSubsystemIOS
LogPluginManager: Mounting plugin OnlineSubsystem
LogPluginManager: Mounting plugin OnlineSubsystemNull
LogPluginManager: Mounting plugin OnlineSubsystemSteam
LogPluginManager: Mounting plugin OnlineSubsystemUtils
LogPluginManager: Mounting plugin LauncherChunkInstaller
LogPluginManager: Mounting plugin AndroidDeviceProfileSelector
LogPluginManager: Mounting plugin AndroidMoviePlayer
LogPluginManager: Mounting plugin AndroidPermission
LogPluginManager: Mounting plugin AppleMoviePlayer
LogPluginManager: Mounting plugin ArchVisCharacter
LogPluginManager: Mounting plugin AudioCapture
LogPluginManager: Mounting plugin CableComponent
LogPluginManager: Mounting plugin CustomMeshComponent
LogPluginManager: Mounting plugin EditableMesh
LogPluginManager: Mounting plugin ExampleDeviceProfileSelector
LogPluginManager: Mounting plugin GoogleCloudMessaging
LogPluginManager: Mounting plugin ImmediatePhysics
LogPluginManager: Mounting plugin IOSDeviceProfileSelector
LogPluginManager: Mounting plugin LinuxDeviceProfileSelector
LogPluginManager: Mounting plugin LocationServicesBPLibrary
LogPluginManager: Mounting plugin MobilePatchingUtils
LogPluginManager: Mounting plugin PhysXVehicles
LogPluginManager: Mounting plugin ProceduralMeshComponent
LogPluginManager: Mounting plugin RuntimePhysXCooking
LogPluginManager: Mounting plugin WindowsMoviePlayer
LogStreaming: Display: Took  0.174s to configure plugins.
LogInit: Using libcurl 7.55.1-DEV
LogInit:  - built for x86_64-pc-win32
LogInit:  - supports SSL with OpenSSL/1.0.2h
LogInit:  - supports HTTP deflate (compression) using libz 1.2.8
LogInit:  - other features:
LogInit:      CURL_VERSION_SSL
LogInit:      CURL_VERSION_LIBZ
LogInit:      CURL_VERSION_IPV6
LogInit:      CURL_VERSION_ASYNCHDNS
LogInit:      CURL_VERSION_LARGEFILE
LogInit:      CURL_VERSION_IDN
LogInit:  CurlRequestOptions (configurable via config and command line):
LogInit:  - bVerifyPeer = false  - Libcurl will NOT verify peer certificate
LogInit:  - bUseHttpProxy = false  - Libcurl will NOT use HTTP proxy
LogInit:  - bDontReuseConnections = false  - Libcurl will reuse connections
LogInit:  - CertBundlePath = nullptr  - Libcurl will use whatever was configured at build time.
LogInit:  - MaxHostConnections = 16  - Libcurl will limit the number of connections to a host
LogInit:  - LocalHostAddr = Default
LogInit:  - BufferSize = 65536
LogOnline: Display: STEAM: Loading Steam SDK 1.39
LogOnline: Warning: STEAM: Steam API disabled!
LogOnline: Display: STEAM: OnlineSubsystemSteam::Shutdown()
LogInit: WinSock: version 1.1 (2.2), MaxSocks=32767, MaxUdp=65467
LogInit: Build: ++UE4+Release-4.20-CL-4369336
LogInit: Engine Version: 4.20.3-4369336+++UE4+Release-4.20
LogInit: Compatible Engine Version: 4.20.0-4212847+++UE4+Release-4.20
LogInit: Net CL: 4212847
LogInit: OS: Windows 10 (), CPU: Intel(R) Core(TM) i5-4690K CPU @ 3.50GHz, GPU: NVIDIA GeForce GTX 1070
LogInit: Compiled (64-bit): Sep 17 2018 12:26:19
LogInit: Compiled with Visual C++: 19.13.26129.00
LogInit: Build Configuration: Development
LogInit: Branch Name: ++UE4+Release-4.20
LogInit: Command Line:  
LogInit: Base Directory: A:/Epic Games/UE_4.20/Engine/Binaries/Win64/
LogInit: Installed Engine Build: 1
LogDevObjectVersion: Number of dev versions registered: 20
LogDevObjectVersion:   Dev-Blueprints (B0D832E4-1F89-4F0D-ACCF-7EB736FD4AA2): 10
LogDevObjectVersion:   Dev-Build (E1C64328-A22C-4D53-A36C-8E866417BD8C): 0
LogDevObjectVersion:   Dev-Core (375EC13C-06E4-48FB-B500-84F0262A717E): 2
LogDevObjectVersion:   Dev-Editor (E4B068ED-F494-42E9-A231-DA0B2E46BB41): 24
LogDevObjectVersion:   Dev-Framework (CFFC743F-43B0-4480-9391-14DF171D2073): 34
LogDevObjectVersion:   Dev-Mobile (B02B49B5-BB20-44E9-A304-32B752E40360): 2
LogDevObjectVersion:   Dev-Networking (A4E4105C-59A1-49B5-A7C5-40C4547EDFEE): 0
LogDevObjectVersion:   Dev-Online (39C831C9-5AE6-47DC-9A44-9C173E1C8E7C): 0
LogDevObjectVersion:   Dev-Physics (78F01B33-EBEA-4F98-B9B4-84EACCB95AA2): 0
LogDevObjectVersion:   Dev-Platform (6631380F-2D4D-43E0-8009-CF276956A95A): 0
LogDevObjectVersion:   Dev-Rendering (12F88B9F-8875-4AFC-A67C-D90C383ABD29): 26
LogDevObjectVersion:   Dev-Sequencer (7B5AE74C-D270-4C10-A958-57980B212A5A): 9
LogDevObjectVersion:   Dev-VR (D7296918-1DD6-4BDD-9DE2-64A83CC13884): 2
LogDevObjectVersion:   Dev-LoadTimes (C2A15278-BFE7-4AFE-6C17-90FF531DF755): 1
LogDevObjectVersion:   Private-Geometry (6EACA3D4-40EC-4CC1-B786-8BED09428FC5): 3
LogDevObjectVersion:   Dev-AnimPhys (29E575DD-E0A3-4627-9D10-D276232CDCEA): 17
LogDevObjectVersion:   Dev-ReflectionCapture (6B266CEC-1EC7-4B8F-A30B-E4D90942FC07): 1
LogDevObjectVersion:   Dev-Automation (0DF73D61-A23F-47EA-B727-89E90C41499A): 1
LogDevObjectVersion:   FortniteMain (601D1886-AC64-4F84-AA16-D3DE0DEAC7D6): 12
LogDevObjectVersion:   Dev-Enterprise (9DFFBCD6-494F-0158-E221-12823C92A888): 1
LogStreaming: Display: Took  0.002s to delete old logs.
LogInit: Presizing for max 8388607 objects, including 0 objects not considered by GC, pre-allocating 0 bytes for permanent pool.
LogInit: Object subsystem initialized
[2018.12.11-21.29.04:772][  0]LogInit: Selected Device Profile: [Windows]
[2018.12.11-21.29.04:772][  0]LogInit: Applying CVar settings loaded from the selected device profile: [Windows]
[2018.12.11-21.29.04:782][  0]LogHAL: Display: Platform has ~ 16 GB [17114378240 / 17179869184 / 16], which maps to Larger [LargestMinGB=32, LargerMinGB=12, DefaultMinGB=8, SmallerMinGB=6, SmallestMinGB=0)
[2018.12.11-21.29.04:783][  0]LogInit: Setting Device Profile CVar: [[r.Vulkan.UseRealUBs:1]]
[2018.12.11-21.29.04:783][  0]LogInit: Going up to parent DeviceProfile []
[2018.12.11-21.29.04:784][  0]LogInit: Computer: MERTINS
[2018.12.11-21.29.04:784][  0]LogInit: User: DanLazar
[2018.12.11-21.29.04:784][  0]LogInit: CPU Page size=4096, Cores=4
[2018.12.11-21.29.04:784][  0]LogInit: High frequency timer resolution =3.415988 MHz
[2018.12.11-21.29.04:784][  0]LogMemory: Memory total: Physical=15.9GB (16GB approx)
[2018.12.11-21.29.04:784][  0]LogMemory: Platform Memory Stats for Windows
[2018.12.11-21.29.04:784][  0]LogMemory: Process Physical Memory: 101.82 MB used, 101.82 MB peak
[2018.12.11-21.29.04:784][  0]LogMemory: Process Virtual Memory: 86.75 MB used, 86.75 MB peak
[2018.12.11-21.29.04:784][  0]LogMemory: Physical Memory: 8846.79 MB used,  7474.75 MB free, 16321.54 MB total
[2018.12.11-21.29.04:784][  0]LogMemory: Virtual Memory: 4608.00 MB used,  7474.75 MB free, 134217728.00 MB total
[2018.12.11-21.29.04:938][  0]LogInit: Using OS detected language (en-US).
[2018.12.11-21.29.04:938][  0]LogInit: Using OS detected locale (en-US).
[2018.12.11-21.29.04:943][  0]LogTextLocalizationManager: No specific localization for 'en-US' exists, so the 'en' localization will be used.
[2018.12.11-21.29.05:411][  0]LogStreaming: Display: Took  0.473s to InitEngineTextLocalization.
[2018.12.11-21.29.05:411][  0]LogInit: Setting process to per monitor DPI aware
[2018.12.11-21.29.05:481][  0]LogSlate: New Slate User Created.  User Index 0, Is Virtual User: 0
[2018.12.11-21.29.05:481][  0]LogSlate: Slate User Registered.  User Index 0, Is Virtual User: 0
[2018.12.11-21.29.05:999][  0]LogD3D11RHI: D3D11 adapters:
[2018.12.11-21.29.06:083][  0]LogD3D11RHI:    0. 'NVIDIA GeForce GTX 1070' (Feature Level 11_0)
[2018.12.11-21.29.06:083][  0]LogD3D11RHI:       8088/0/8160 MB DedicatedVideo/DedicatedSystem/SharedSystem, Outputs:1, VendorId:0x10de
[2018.12.11-21.29.06:086][  0]LogD3D11RHI:    1. 'Microsoft Basic Render Driver' (Feature Level 11_0)
[2018.12.11-21.29.06:086][  0]LogD3D11RHI:       0/0/8160 MB DedicatedVideo/DedicatedSystem/SharedSystem, Outputs:0, VendorId:0x1414
[2018.12.11-21.29.06:086][  0]LogD3D11RHI: Chosen D3D11 Adapter: 0
[2018.12.11-21.29.06:100][  0]LogD3D11RHI: Creating new Direct3DDevice
[2018.12.11-21.29.06:100][  0]LogD3D11RHI:     GPU DeviceId: 0x1b81 (for the marketing name, search the web for "GPU Device Id")
[2018.12.11-21.29.06:100][  0]LogWindows: EnumDisplayDevices:
[2018.12.11-21.29.06:100][  0]LogWindows:    0. 'NVIDIA GeForce GTX 1070' (P:1 D:1)
[2018.12.11-21.29.06:101][  0]LogWindows:    1. 'NVIDIA GeForce GTX 1070' (P:0 D:0)
[2018.12.11-21.29.06:101][  0]LogWindows:    2. 'NVIDIA GeForce GTX 1070' (P:0 D:0)
[2018.12.11-21.29.06:102][  0]LogWindows:    3. 'NVIDIA GeForce GTX 1070' (P:0 D:0)
[2018.12.11-21.29.06:102][  0]LogWindows: DebugString: FoundDriverCount:4 
[2018.12.11-21.29.06:102][  0]LogD3D11RHI:     Adapter Name: NVIDIA GeForce GTX 1070
[2018.12.11-21.29.06:102][  0]LogD3D11RHI:   Driver Version: 417.22 (internal:25.21.14.1722, unified:417.22)
[2018.12.11-21.29.06:102][  0]LogD3D11RHI:      Driver Date: 11-29-2018
[2018.12.11-21.29.06:102][  0]LogRHI: Texture pool is 5661 MB (70% of 8088 MB)
[2018.12.11-21.29.06:158][  0]LogD3D11RHI: Async texture creation enabled
[2018.12.11-21.29.06:196][  0]LogD3D11RHI: GPU Timing Frequency: 1000.000000 (Debug: 2 2)
[2018.12.11-21.29.06:242][  0]LogShaderCompilers: Guid format shader working directory is -4 characters bigger than the processId version (../../../../../GameDev/StrongStyle/STR_StrongStyle_v2/Intermediate/Shaders/WorkingDirectory/23052/).
[2018.12.11-21.29.06:242][  0]LogShaderCompilers: Cleaned the shader compiler working directory 'C:/Users/Dan Lazar/AppData/Local/Temp/UnrealShaderWorkingDir/011E9D9D4BD5669BCC21AFA5C9D079E5/'.
[2018.12.11-21.29.06:900][  0]LogTemp: Display: Loaded TP AllDesktopTargetPlatform
[2018.12.11-21.29.06:925][  0]LogTemp: Display: Loaded TP MacClientTargetPlatform
[2018.12.11-21.29.06:942][  0]LogTemp: Display: Loaded TP MacNoEditorTargetPlatform
[2018.12.11-21.29.06:961][  0]LogTemp: Display: Loaded TP MacServerTargetPlatform
[2018.12.11-21.29.06:981][  0]LogTemp: Display: Loaded TP MacTargetPlatform
[2018.12.11-21.29.07:002][  0]LogTemp: Display: Loaded TP WindowsClientTargetPlatform
[2018.12.11-21.29.07:021][  0]LogTemp: Display: Loaded TP WindowsNoEditorTargetPlatform
[2018.12.11-21.29.07:040][  0]LogTemp: Display: Loaded TP WindowsServerTargetPlatform
[2018.12.11-21.29.07:050][  0]LogTemp: Display: Loaded TP WindowsTargetPlatform
[2018.12.11-21.29.07:145][  0]LogTemp: Display: Loaded TP AndroidTargetPlatform
[2018.12.11-21.29.07:145][  0]LogTemp: Display: Loaded TP AndroidTargetPlatform
[2018.12.11-21.29.07:145][  0]LogTemp: Display: Loaded TP AndroidTargetPlatform
[2018.12.11-21.29.07:145][  0]LogTemp: Display: Loaded TP AndroidTargetPlatform
[2018.12.11-21.29.07:145][  0]LogTemp: Display: Loaded TP AndroidTargetPlatform
[2018.12.11-21.29.07:145][  0]LogTemp: Display: Loaded TP AndroidTargetPlatform
[2018.12.11-21.29.07:145][  0]LogTemp: Display: Loaded TP AndroidTargetPlatform
[2018.12.11-21.29.07:145][  0]LogTemp: Display: Loaded TP AndroidTargetPlatform
[2018.12.11-21.29.07:145][  0]LogTemp: Display: Loaded TP AndroidTargetPlatform
[2018.12.11-21.29.07:145][  0]LogTemp: Display: Loaded TP AndroidTargetPlatform
[2018.12.11-21.29.07:145][  0]LogTemp: Display: Loaded TP AndroidTargetPlatform
[2018.12.11-21.29.07:145][  0]LogTemp: Display: Loaded TP AndroidTargetPlatform
[2018.12.11-21.29.07:145][  0]LogTemp: Display: Loaded TP AndroidTargetPlatform
[2018.12.11-21.29.07:145][  0]LogTemp: Display: Loaded TP AndroidTargetPlatform
[2018.12.11-21.29.07:145][  0]LogTemp: Display: Loaded TP AndroidTargetPlatform
[2018.12.11-21.29.07:145][  0]LogTemp: Display: Loaded TP AndroidTargetPlatform
[2018.12.11-21.29.07:145][  0]LogTemp: Display: Loaded TP AndroidTargetPlatform
[2018.12.11-21.29.07:145][  0]LogTemp: Display: Loaded TP AndroidTargetPlatform
[2018.12.11-21.29.07:153][  0]LogTemp: Display: Loaded TP HTML5TargetPlatform
[2018.12.11-21.29.07:229][  0]LogTemp: Display: Loaded TP IOSTargetPlatform
[2018.12.11-21.29.07:229][  0]LogTemp: Display: Loaded TP IOSTargetPlatform
[2018.12.11-21.29.07:258][  0]LogTemp: Display: Loaded TP TVOSTargetPlatform
[2018.12.11-21.29.07:258][  0]LogTemp: Display: Loaded TP TVOSTargetPlatform
[2018.12.11-21.29.07:276][  0]LogTemp: Display: Loaded TP LinuxClientTargetPlatform
[2018.12.11-21.29.07:294][  0]LogTemp: Display: Loaded TP LinuxNoEditorTargetPlatform
[2018.12.11-21.29.07:311][  0]LogTemp: Display: Loaded TP LinuxServerTargetPlatform
[2018.12.11-21.29.07:331][  0]LogTemp: Display: Loaded TP LinuxTargetPlatform
[2018.12.11-21.29.07:344][  0]LogTemp: Display: Loaded TP LuminTargetPlatform
[2018.12.11-21.29.07:344][  0]LogTargetPlatformManager: Display: Building Assets For Windows
[2018.12.11-21.29.07:544][  0]LogXGEController: Cleaning working directory: C:/Users/Dan Lazar/AppData/Local/Temp/UnrealXGEWorkingDir/
[2018.12.11-21.29.07:545][  0]LogXGEController: Cannot use XGE Controller as Incredibuild is not installed on this machine.
[2018.12.11-21.29.07:545][  0]LogShaderCompilers: Cannot use XGE Shader Compiler as Incredibuild is not installed on this machine.
[2018.12.11-21.29.07:545][  0]LogShaderCompilers: Display: Using Local Shader Compiler.
[2018.12.11-21.29.08:453][  0]LogDerivedDataCache: Display: Max Cache Size: 512 MB
[2018.12.11-21.29.08:882][  0]LogDerivedDataCache: Loaded boot cache 0.43s 68MB C:/Users/Dan Lazar/AppData/Local/UnrealEngine/4.20/DerivedDataCache/Boot.ddc.
[2018.12.11-21.29.08:883][  0]LogDerivedDataCache: Display: Loaded Boot cache: C:/Users/Dan Lazar/AppData/Local/UnrealEngine/4.20/DerivedDataCache/Boot.ddc
[2018.12.11-21.29.08:884][  0]LogDerivedDataCache: FDerivedDataBackendGraph:  Pak pak cache file ../../../../../GameDev/StrongStyle/STR_StrongStyle_v2/DerivedDataCache/DDC.ddp not found, will not use a pak cache.
[2018.12.11-21.29.08:884][  0]LogDerivedDataCache: Unable to find inner node Pak for hierarchical cache Hierarchy.
[2018.12.11-21.29.08:884][  0]LogDerivedDataCache: FDerivedDataBackendGraph:  CompressedPak pak cache file ../../../../../GameDev/StrongStyle/STR_StrongStyle_v2/DerivedDataCache/Compressed.ddp not found, will not use a pak cache.
[2018.12.11-21.29.08:884][  0]LogDerivedDataCache: Unable to find inner node CompressedPak for hierarchical cache Hierarchy.
[2018.12.11-21.29.08:902][  0]LogDerivedDataCache: Display: Pak cache opened for reading ../../../Engine/DerivedDataCache/Compressed.ddp.
[2018.12.11-21.29.08:918][  0]LogDerivedDataCache: Using Local data cache path C:/Users/Dan Lazar/AppData/Local/UnrealEngine/Common/DerivedDataCache: Writable
[2018.12.11-21.29.08:918][  0]LogDerivedDataCache: Shared data cache path not found in *engine.ini, will not use an Shared cache.
[2018.12.11-21.29.08:918][  0]LogDerivedDataCache: Unable to find inner node Shared for hierarchical cache Hierarchy.
[2018.12.11-21.29.08:939][  0]LogMaterial: Verifying Global Shaders for PCD3D_SM5
[2018.12.11-21.29.08:943][  0]LogSlate: Using FreeType 2.6.0
[2018.12.11-21.29.08:946][  0]LogSlate: SlateFontServices - WITH_FREETYPE: 1, WITH_HARFBUZZ: 1
[2018.12.11-21.29.09:105][  0]LogAssetRegistry: FAssetRegistry took 0.0287 seconds to start up
[2018.12.11-21.29.09:509][  0]LogInit: Selected Device Profile: [Windows]
[2018.12.11-21.29.09:787][  0]LogSimplygon: Simplygon DLL not present - disabling.
[2018.12.11-21.29.09:809][  0]LogMeshReduction: Using SimplygonSwarm for distributed automatic mesh merging
[2018.12.11-21.29.09:809][  0]LogMeshReduction: Using ProxyLODMeshReduction for automatic mesh merging
[2018.12.11-21.29.09:810][  0]LogMeshReduction: Using QuadricMeshReduction for automatic static mesh reduction
[2018.12.11-21.29.09:810][  0]LogMeshReduction: No automatic skeletal mesh reduction module available
[2018.12.11-21.29.09:851][  0]LogNetVersion: STR_StrongStyle_v2 1.0.0, NetCL: 4212847, EngineNetVer: 5, GameNetVer: 0 (Checksum: 3618140765)
[2018.12.11-21.29.10:701][  0]LogPackageLocalizationCache: Processed 9 localized package path(s) for 2 prioritized culture(s) in 0.126798 seconds
[2018.12.11-21.29.10:709][  0]LogUObjectArray: 37976 objects as part of root set at end of initial load.
[2018.12.11-21.29.10:709][  0]LogUObjectAllocator: 6616192 out of 0 bytes used by permanent object pool.
[2018.12.11-21.29.10:709][  0]LogUObjectArray: CloseDisregardForGC: 0/0 objects in disregard for GC pool
[2018.12.11-21.29.12:844][  0]LogTcpMessaging: Initializing TcpMessaging bridge
[2018.12.11-21.29.12:863][  0]LogUdpMessaging: Initializing bridge on interface 0.0.0.0:0 to multicast group 230.0.0.1:6666.
[2018.12.11-21.29.13:084][  0]SourceControl: Source control is disabled
[2018.12.11-21.29.13:085][  0]SourceControl: Source control is disabled
[2018.12.11-21.29.13:095][  0]SourceControl: Source control is disabled
[2018.12.11-21.29.13:102][  0]SourceControl: Source control is disabled
[2018.12.11-21.29.13:445][  0]LogAndroidPermission: UAndroidPermissionCallbackProxy::GetInstance
[2018.12.11-21.29.13:896][  0]LogEngine: Initializing Engine...
[2018.12.11-21.29.13:900][  0]LogStats: UGameplayTagsManager::ConstructGameplayTagTree: ImportINI prefixes -  0.000 s
[2018.12.11-21.29.13:900][  0]LogStats: UGameplayTagsManager::ConstructGameplayTagTree: Construct from data asset -  0.000 s
[2018.12.11-21.29.13:900][  0]LogStats: UGameplayTagsManager::ConstructGameplayTagTree: ImportINI -  0.001 s
[2018.12.11-21.29.13:900][  0]LogStats: UGameplayTagsManager::ConstructGameplayTagTree: GameplayTagTreeChangedEvent.Broadcast -  0.000 s
[2018.12.11-21.29.14:184][  0]LogInit: Initializing FReadOnlyCVARCache
[2018.12.11-21.29.14:220][  0]LogAIModule: Creating AISystem for world Untitled
[2018.12.11-21.29.14:458][  0]LogInit: XAudio2 using 'Speakers (Realtek High Definition Audio)' : 2 channels at 48 kHz using 32 bits per sample (channel mask 0x3)
[2018.12.11-21.29.14:512][  0]LogInit: FAudioDevice initialized.
[2018.12.11-21.29.14:513][  0]LogNetVersion: Set ProjectVersion to 1.0.0.0. Version Checksum will be recalculated on next use.
[2018.12.11-21.29.14:651][  0]LogDerivedDataCache: Saved boot cache 0.14s 68MB C:/Users/Dan Lazar/AppData/Local/UnrealEngine/4.20/DerivedDataCache/Boot.ddc.
[2018.12.11-21.29.14:654][  0]LogInit: Texture streaming: Enabled
[2018.12.11-21.29.14:692][  0]LogEngineSessionManager: EngineSessionManager initialized
[2018.12.11-21.29.14:718][  0]LogInit: Transaction tracking system initialized
[2018.12.11-21.29.14:778][  0]BlueprintLog: New page: Editor Load
[2018.12.11-21.29.15:011][  0]LocalizationService: Localization service is disabled
[2018.12.11-21.29.15:578][  0]LogCook: Display: Max memory allowance for cook 16384mb min free memory 0mb
[2018.12.11-21.29.15:578][  0]LogCook: Display: Mobile HDR setting 1
[2018.12.11-21.29.15:578][  0]LogGameplayTags: Display: UGameplayTagsManager::DoneAddingNativeTags. DelegateIsBound: 0
[2018.12.11-21.29.15:578][  0]LogStats: UGameplayTagsManager::ConstructGameplayTagTree: ImportINI prefixes -  0.000 s
[2018.12.11-21.29.15:579][  0]LogStats: UGameplayTagsManager::ConstructGameplayTagTree: Construct from data asset -  0.000 s
[2018.12.11-21.29.15:579][  0]LogStats: UGameplayTagsManager::ConstructGameplayTagTree: ImportINI -  0.000 s
[2018.12.11-21.29.15:579][  0]LogStats: UGameplayTagsManager::ConstructGameplayTagTree: GameplayTagTreeChangedEvent.Broadcast -  0.000 s
[2018.12.11-21.29.15:929][  0]LogFileCache: Scanning file cache for directory 'A:/GameDev/StrongStyle/STR_StrongStyle_v2/Content/' took 0.03s
[2018.12.11-21.29.15:929][  0]SourceControl: Source control is disabled
[2018.12.11-21.29.15:930][  0]Cmd: MAP LOAD FILE="../../../../../GameDev/StrongStyle/STR_StrongStyle_v2/Content/MAPS/Local.umap" TEMPLATE=0 SHOWPROGRESS=1 FEATURELEVEL=3
[2018.12.11-21.29.15:931][  0]LightingResults: New page: Lighting Build
[2018.12.11-21.29.15:938][  0]MapCheck: New page: Map Check
[2018.12.11-21.29.15:938][  0]LightingResults: New page: Lighting Build
[2018.12.11-21.29.17:554][  0]LogTexture: Display: Building textures: HQ_Lightmap0_2 (AutoDXT, 512X512)
[2018.12.11-21.29.17:554][  0]LogTexture: Display: Building textures: HQ_Lightmap0_1 (AutoDXT, 1024X1024)
[2018.12.11-21.29.17:554][  0]LogTexture: Display: Building textures: HQ_Lightmap1_3 (AutoDXT, 64X64)
[2018.12.11-21.29.18:110][  0]LogTexture: Display: Building textures: LQ_Lightmap_0_1 (DXT1, 1024X1024)
[2018.12.11-21.29.18:110][  0]LogTexture: Display: Building textures: LQ_Lightmap_0_2 (DXT1, 512X512)
[2018.12.11-21.29.18:110][  0]LogTexture: Display: Building textures: LQ_Lightmap_1_3 (DXT1, 64X64)
[2018.12.11-21.29.18:110][  0]LogTexture: Display: Building textures: SkyOcclusion0_1 (AutoDXT, 1024X512)
[2018.12.11-21.29.18:110][  0]LogTexture: Display: Building textures: SkyOcclusion0_2 (AutoDXT, 512X256)
[2018.12.11-21.29.18:474][  0]LogTexture: Display: Building textures: SkyOcclusion1_3 (AutoDXT, 64X32)
[2018.12.11-21.29.18:474][  0]LogAIModule: Creating AISystem for world Local
[2018.12.11-21.29.18:491][  0]LogEditorServer: Finished looking for orphan Actors (0.000 secs)
[2018.12.11-21.29.18:530][  0]Cmd: MAP CHECKDEP NOCLEARLOG
[2018.12.11-21.29.18:633][  0]MapCheck: Map check complete: 0 Error(s), 0 Warning(s), took 102.725ms to complete.
[2018.12.11-21.29.18:633][  0]LogFileHelpers: Loading map 'Local' took 2.703
[2018.12.11-21.29.20:383][  0]LogSlate: Only BGRA pngs, bmps or icos are supported in by External Image Picker
[2018.12.11-21.29.20:465][  0]LogSlate: Took 0.001794 seconds to synchronously load lazily loaded font '../../../Engine/Content/Slate/Fonts/Roboto-Regular.ttf' (155K)
[2018.12.11-21.29.21:031][  0]LogTemp: Executing iPhonePackager certificates Engine -bundlename com.YourCompany.STRStrongStylev2
[2018.12.11-21.29.21:031][  0]LogTemp: CWD: A:\Epic Games\UE_4.20\Engine\Binaries\DotNET\IOS
[2018.12.11-21.29.21:031][  0]LogTemp: Initial Dir: A:\Epic Games\UE_4.20
[2018.12.11-21.29.21:031][  0]LogTemp: Env CWD: A:\Epic Games\UE_4.20\Engine\Binaries\DotNET\IOS
[2018.12.11-21.29.21:031][  0]LogTemp: BranchPath = MERTINS/A/Epic Games/UE_4.20/Engine/Binaries --- GameBranchPath = MERTINS/A/Epic Games/UE_4.20/Engine/Binaries
[2018.12.11-21.29.21:031][  0]LogTemp: IPP ERROR: Could not find provision directory 'C:\Users\Dan Lazar\AppData\Local/Apple Computer/MobileDevice/Provisioning Profiles/'.
[2018.12.11-21.29.21:031][  0]LogSlate: Updating window title bar state: overlay mode, drag disabled, window buttons hidden, title bar hidden
[2018.12.11-21.29.21:052][  0]LogCollectionManager: Loaded 0 collections in 0.003225 seconds
[2018.12.11-21.29.21:105][  0]LogFileCache: Scanning file cache for directory 'A:/GameDev/StrongStyle/STR_StrongStyle_v2/Saved/Collections/' took 0.01s
[2018.12.11-21.29.21:105][  0]LogFileCache: Scanning file cache for directory 'A:/GameDev/StrongStyle/STR_StrongStyle_v2/Content/Developers/DanLazar/Collections/' took 0.01s
[2018.12.11-21.29.21:105][  0]LogFileCache: Scanning file cache for directory 'A:/GameDev/StrongStyle/STR_StrongStyle_v2/Content/Collections/' took 0.01s
[2018.12.11-21.29.21:105][  0]LogCollectionManager: Rebuilt the GUID cache for 0 collections in 0.000000 seconds
[2018.12.11-21.29.21:117][  0]LogContentBrowser: Native class hierarchy populated in 0.0106 seconds. Added 2592 classes and 606 folders.
[2018.12.11-21.29.21:132][  0]LogContentBrowser: Native class hierarchy updated for 'WidgetCarousel' in 0.0002 seconds. Added 0 classes and 0 folders.
[2018.12.11-21.29.21:285][  0]LogContentBrowser: Native class hierarchy updated for 'AddContentDialog' in 0.0003 seconds. Added 0 classes and 0 folders.
[2018.12.11-21.29.21:350][  0]LogContentBrowser: Native class hierarchy updated for 'HierarchicalLODOutliner' in 0.0003 seconds. Added 0 classes and 0 folders.
[2018.12.11-21.29.21:351][  0]LogLoad: (Engine Initialization) Total time: 21.39 seconds
[2018.12.11-21.29.21:351][  0]LogLoad: (Engine Initialization) Total Blueprint compile time: 0.00 seconds
[2018.12.11-21.29.21:361][  0]LogWindowsTextInputMethodSystem: Display: IME system now deactivated.
[2018.12.11-21.29.21:912][  0]LogRenderer: Reallocating scene render targets to support 64x64 Format 10 NumSamples 1 (Frame:1).
[2018.12.11-21.29.21:912][  0]LogContentStreaming: Texture pool size now 1000 MB
[2018.12.11-21.29.21:919][  0]LogSlate: Took 0.001220 seconds to synchronously load lazily loaded font '../../../Engine/Content/Slate/Fonts/Roboto-Bold.ttf' (160K)
[2018.12.11-21.29.21:923][  0]LogSlate: Took 0.001566 seconds to synchronously load lazily loaded font '../../../Engine/Content/Editor/Slate/Fonts/FontAwesome.ttf' (139K)
[2018.12.11-21.29.22:043][  0]LogRenderer: Reallocating scene render targets to support 584x332 Format 10 NumSamples 1 (Frame:1).
[2018.12.11-21.29.22:043][  0]LogSlate: Took 0.011138 seconds to synchronously load lazily loaded font '../../../Engine/Content/Slate/Fonts/Roboto-Light.ttf' (167K)
[2018.12.11-21.29.22:090][  1]LogAssetRegistry: Asset discovery search completed in 13.0079 seconds
[2018.12.11-21.29.22:094][  1]LogCollectionManager: Rebuilt the object cache for 0 collections in 0.000000 seconds (found 0 objects)
[2018.12.11-21.29.22:094][  1]LogCollectionManager: Fixed up redirectors for 0 collections in 0.000244 seconds (updated 0 objects)
[2018.12.11-21.29.22:394][ 22]LogSlate: Took 0.000301 seconds to synchronously load lazily loaded font '../../../Engine/Content/Slate/Fonts/Roboto-Light.ttf' (167K)
[2018.12.11-21.30.08:922][262]LogSlate: FSceneViewport::OnFocusLost() reason 0
[2018.12.11-21.30.08:984][267]LogTemp: Repeating last play command: Selected Viewport
[2018.12.11-21.30.09:062][267]LogBlueprintUserMessages: Early PlayInEditor Detection: Level '/Game/MAPS/Local.Local:PersistentLevel' has LevelScriptBlueprint '/Game/MAPS/Local.Local:PersistentLevel.Local' with GeneratedClass '/Game/MAPS/Local.Local_C' with ClassGeneratedBy '/Game/MAPS/Local.Local:PersistentLevel.Local'
[2018.12.11-21.30.09:062][267]LogPlayLevel: PlayLevel: No blueprints needed recompiling
[2018.12.11-21.30.09:064][267]LogOnline: Warning: STEAM: Steam API disabled!
[2018.12.11-21.30.09:064][267]LogOnline: Display: STEAM: OnlineSubsystemSteam::Shutdown()
[2018.12.11-21.30.09:077][267]PIE: New page: PIE session: Local (Dec 11, 2018, 5:30:09 AM)
[2018.12.11-21.30.09:077][267]LogPlayLevel: Creating play world package: /Game/MAPS/UEDPIE_0_Local
[2018.12.11-21.30.09:086][267]LogPlayLevel: PIE: StaticDuplicateObject took: (0.008367s)
[2018.12.11-21.30.09:086][267]LogAIModule: Creating AISystem for world Local
[2018.12.11-21.30.09:086][267]LogPlayLevel: PIE: World Init took: (0.000739s)
[2018.12.11-21.30.09:086][267]LogPlayLevel: PIE: Created PIE world by copying editor world from /Game/MAPS/Local.Local to /Game/MAPS/UEDPIE_0_Local.Local (0.009418s)
[2018.12.11-21.30.09:285][267]LogInit: XAudio2 using 'Speakers (Realtek High Definition Audio)' : 2 channels at 48 kHz using 32 bits per sample (channel mask 0x3)
[2018.12.11-21.30.09:346][267]LogInit: FAudioDevice initialized.
[2018.12.11-21.30.09:392][267]LogLoad: Game class is 'BasketBallGameMode_Local_C'
[2018.12.11-21.30.09:395][267]LogWorld: Bringing World /Game/MAPS/UEDPIE_0_Local.Local up for play (max tick rate 0) at 2018.12.11-13.30.09
[2018.12.11-21.30.09:397][267]LogWorld: Bringing up level for play took: 0.003116
[2018.12.11-21.30.09:419][267]LogContentBrowser: Native class hierarchy updated for 'MovieSceneCapture' in 0.0003 seconds. Added 10 classes and 0 folders.
[2018.12.11-21.30.09:420][267]LogBlueprintUserMessages: [BasketBallGameMode_Local_C_0] GAMEMODE > POST LOGIN: BP_Basketball_PlayerController_Localhas joined!
[2018.12.11-21.30.09:420][267]LogGameMode: Display: Match State Changed from EnteringMap to WaitingToStart
[2018.12.11-21.30.09:420][267]LogGameState: Match State Changed from EnteringMap to WaitingToStart
[2018.12.11-21.30.09:420][267]LogGameMode: Display: Match State Changed from WaitingToStart to InProgress
[2018.12.11-21.30.09:421][267]LogBlueprintUserMessages: [BasketBallGameMode_Local_C_0] GAMEMODE > ON HOST LEVEL CALLED, STARTING GAMEMODE
[2018.12.11-21.30.09:421][267]LogBlueprintUserMessages: [BasketBallGameMode_Local_C_0] GAMEMODE > HOOPS POPULATED
[2018.12.11-21.30.09:422][267]LogBlueprintUserMessages: [BasketBallGameMode_Local_C_0] GAMEMODE > HOOPS SET
[2018.12.11-21.30.09:422][267]LogBlueprintUserMessages: [BasketBallGameMode_Local_C_0] GAMEMODE > PLAYER START POINTS ACQUIRED
[2018.12.11-21.30.09:422][267]LogBlueprintUserMessages: [BasketBallGameMode_Local_C_0] GAMEMODE > LOCAL GAME DETECTED, SPAWNING PLAYERS
[2018.12.11-21.30.09:422][267]LogPlayerManagement: Error: Failed to Create Player: A local player already exists for controller ID 0,
[2018.12.11-21.30.09:422][267]LogBlueprintUserMessages: [BasketBallGameMode_Local_C_0] GAMEMODE > CREATING PLAYER: for ID 0
[2018.12.11-21.30.09:432][267]LogBlueprintUserMessages: [BP_BasketballPlayer_Local_C_0] PLAYER > BEGIN PLAY: for BP_BasketballPlayer_Local
[2018.12.11-21.30.09:432][267]LogBlueprintUserMessages: [BP_GameState_Local_C_0] GAMESTATE > REFRESH PLAYER ARRAY RESULTS: , BP_BasketballPlayer_Local
[2018.12.11-21.30.09:432][267]LogBlueprintUserMessages: [BP_BasketballPlayer_Local_C_0] PLAYER > NO LOCAL CAMERA, SPAWNING
[2018.12.11-21.30.09:432][267]LogBlueprintUserMessages: [BP_Camera_LOCAL_C_0] CAMERA: Initial Camera Setup
[2018.12.11-21.30.09:433][267]LogBlueprintUserMessages: [BP_BasketballPlayer_Local_C_0] PLAYER > MP CAMERA: BP_Camera_LOCAL SPAWNED ON: BP_BasketballPlayer_Local
[2018.12.11-21.30.09:433][267]LogBlueprintUserMessages: [BP_GameState_Local_C_0] GAMESTATE > LOCAL CAMERAS UPDATED
[2018.12.11-21.30.09:433][267]LogBlueprintUserMessages: [BP_BasketballPlayer_Local_C_0] PLAYER > CHANGING TEAM MATERIAL
[2018.12.11-21.30.09:433][267]LogBlueprintUserMessages: [BP_BasketballPlayer_Local_C_0] PLAYER > CURRENT SHOT: Hook Left AKA Hk Lt
[2018.12.11-21.30.09:433][267]LogBlueprintUserMessages: [BasketBallGameMode_Local_C_0] GAMEMODE > POSSESSING PLAYER:ID 0
[2018.12.11-21.30.09:433][267]LogBlueprintUserMessages: [BP_BasketballPlayer_Local_C_0] PLAYER > CHANGING TEAM MATERIAL
[2018.12.11-21.30.09:434][267]LogSlate: New Slate User Created.  User Index 1, Is Virtual User: 0
[2018.12.11-21.30.09:434][267]LogSlate: Slate User Registered.  User Index 1, Is Virtual User: 0
[2018.12.11-21.30.09:436][267]LogBlueprintUserMessages: [BasketBallGameMode_Local_C_0] GAMEMODE > POST LOGIN: BP_Basketball_PlayerController_Local1has joined!
[2018.12.11-21.30.09:437][267]LogBlueprintUserMessages: [BasketBallGameMode_Local_C_0] GAMEMODE > CREATING PLAYER: for ID 1
[2018.12.11-21.30.09:438][267]LogBlueprintUserMessages: [BP_BasketballPlayer_Local_C_1] PLAYER > BEGIN PLAY: for BP_BasketballPlayer_Local1
[2018.12.11-21.30.09:438][267]LogBlueprintUserMessages: [BP_GameState_Local_C_0] GAMESTATE > REFRESH PLAYER ARRAY RESULTS: , BP_BasketballPlayer_Local, BP_BasketballPlayer_Local1
[2018.12.11-21.30.09:438][267]LogBlueprintUserMessages: [BP_BasketballPlayer_Local_C_1] PLAYER > CHANGING TEAM MATERIAL
[2018.12.11-21.30.09:438][267]LogBlueprintUserMessages: [BP_BasketballPlayer_Local_C_1] PLAYER > CURRENT SHOT: Hook Left AKA Hk Lt
[2018.12.11-21.30.09:438][267]LogBlueprintUserMessages: [BasketBallGameMode_Local_C_0] GAMEMODE > POSSESSING PLAYER:ID 1
[2018.12.11-21.30.09:438][267]LogBlueprintUserMessages: [BP_BasketballPlayer_Local_C_1] PLAYER > CHANGING TEAM MATERIAL
[2018.12.11-21.30.09:438][267]LogBlueprintUserMessages: [BasketBallGameMode_Local_C_0] GAMEMODE > SPAWNING BALL
[2018.12.11-21.30.09:441][267]LogBlueprintUserMessages: [BasketBallGameMode_Local_C_0] GAMEMODE > PHASE UPDATE COMPLETE
[2018.12.11-21.30.09:441][267]Cmd: r.SetRes 1920x1080w
[2018.12.11-21.30.09:442][267]r.SetRes = "1920x1080w"
[2018.12.11-21.30.09:442][267]LogGameState: Match State Changed from WaitingToStart to InProgress
[2018.12.11-21.30.09:442][267]PIE: Play in editor start time for /Game/MAPS/UEDPIE_0_Local 0.276
[2018.12.11-21.30.09:443][267]LogBlueprintUserMessages: Late PlayInEditor Detection: Level '/Game/MAPS/Local.Local:PersistentLevel' has LevelScriptBlueprint '/Game/MAPS/Local.Local:PersistentLevel.Local' with GeneratedClass '/Game/MAPS/Local.Local_C' with ClassGeneratedBy '/Game/MAPS/Local.Local:PersistentLevel.Local'
[2018.12.11-21.30.09:499][268]LogBlueprintUserMessages: [BP_Camera_LOCAL_C_0] Clearing game Cameras onBP_Camera_LOCAL_C_0
[2018.12.11-21.30.09:499][268]LogBlueprintUserMessages: [BP_Camera_LOCAL_C_0] Camera CameraActor destroyed
[2018.12.11-21.30.09:499][268]LogBlueprintUserMessages: [BP_Camera_LOCAL_C_0] Camera CameraActor1 destroyed
[2018.12.11-21.30.09:499][268]LogBlueprintUserMessages: [BP_Camera_LOCAL_C_0] CAMERA: Cameras Destroyed
[2018.12.11-21.30.09:499][268]LogBlueprintUserMessages: [BP_Camera_LOCAL_C_0] CAMERA: BP_Camera_LOCAL_C_0running Class Setup
[2018.12.11-21.30.09:515][269]LogBlueprintUserMessages: [BP_Camera_LOCAL_C_0] CAMERA: First update
[2018.12.11-21.30.17:132][921]LogBlueprintUserMessages: Early EndPlayMap Detection: Level '/Game/MAPS/Local.Local:PersistentLevel' has LevelScriptBlueprint '/Game/MAPS/Local.Local:PersistentLevel.Local' with GeneratedClass '/Game/MAPS/Local.Local_C' with ClassGeneratedBy '/Game/MAPS/Local.Local:PersistentLevel.Local'
[2018.12.11-21.30.17:132][921]LogSlate: Updating window title bar state: overlay mode, drag disabled, window buttons hidden, title bar hidden
[2018.12.11-21.30.17:170][921]LogPlayLevel: Display: Shutting down PIE online subsystems
[2018.12.11-21.30.17:170][921]LogBlueprintUserMessages: Late EndPlayMap Detection: Level '/Game/MAPS/Local.Local:PersistentLevel' has LevelScriptBlueprint '/Game/MAPS/Local.Local:PersistentLevel.Local' with GeneratedClass '/Game/MAPS/Local.Local_C' with ClassGeneratedBy '/Game/MAPS/Local.Local:PersistentLevel.Local'
[2018.12.11-21.30.17:193][921]LogSlate: Updating window title bar state: overlay mode, drag disabled, window buttons hidden, title bar hidden
[2018.12.11-21.30.17:238][923]LogPlayLevel: Display: Destroying online subsystem :Context_2
[2018.12.11-21.30.18:122][999]LogSlate: FSceneViewport::OnFocusLost() reason 0
[2018.12.11-21.30.19:333][ 99]LogTemp: Repeating last play command: Selected Viewport
[2018.12.11-21.30.19:371][ 99]LogBlueprintUserMessages: Early PlayInEditor Detection: Level '/Game/MAPS/Local.Local:PersistentLevel' has LevelScriptBlueprint '/Game/MAPS/Local.Local:PersistentLevel.Local' with GeneratedClass '/Game/MAPS/Local.Local_C' with ClassGeneratedBy '/Game/MAPS/Local.Local:PersistentLevel.Local'
[2018.12.11-21.30.19:371][ 99]LogPlayLevel: PlayLevel: No blueprints needed recompiling
[2018.12.11-21.30.19:371][ 99]PIE: New page: PIE session: Local (Dec 11, 2018, 5:30:19 AM)
[2018.12.11-21.30.19:372][ 99]LogPlayLevel: Creating play world package: /Game/MAPS/UEDPIE_0_Local
[2018.12.11-21.30.19:386][ 99]LogPlayLevel: PIE: StaticDuplicateObject took: (0.014192s)
[2018.12.11-21.30.19:387][ 99]LogAIModule: Creating AISystem for world Local
[2018.12.11-21.30.19:387][ 99]LogPlayLevel: PIE: World Init took: (0.001157s)
[2018.12.11-21.30.19:387][ 99]LogPlayLevel: PIE: Created PIE world by copying editor world from /Game/MAPS/Local.Local to /Game/MAPS/UEDPIE_0_Local.Local (0.015634s)
[2018.12.11-21.30.19:534][ 99]LogInit: XAudio2 using 'Speakers (Realtek High Definition Audio)' : 2 channels at 48 kHz using 32 bits per sample (channel mask 0x3)
[2018.12.11-21.30.19:576][ 99]LogInit: FAudioDevice initialized.
[2018.12.11-21.30.19:586][ 99]LogSlate: Updating window title bar state: overlay mode, drag disabled, window buttons hidden, title bar hidden
[2018.12.11-21.30.19:651][ 99]LogLoad: Game class is 'BasketBallGameMode_Local_C'
[2018.12.11-21.30.19:653][ 99]LogWorld: Bringing World /Game/MAPS/UEDPIE_0_Local.Local up for play (max tick rate 0) at 2018.12.11-13.30.19
[2018.12.11-21.30.19:654][ 99]LogWorld: Bringing up level for play took: 0.001559
[2018.12.11-21.30.19:666][ 99]LogBlueprintUserMessages: [BasketBallGameMode_Local_C_0] GAMEMODE > POST LOGIN: BP_Basketball_PlayerController_Localhas joined!
[2018.12.11-21.30.19:667][ 99]LogGameMode: Display: Match State Changed from EnteringMap to WaitingToStart
[2018.12.11-21.30.19:667][ 99]LogGameState: Match State Changed from EnteringMap to WaitingToStart
[2018.12.11-21.30.19:667][ 99]LogGameMode: Display: Match State Changed from WaitingToStart to InProgress
[2018.12.11-21.30.19:667][ 99]LogBlueprintUserMessages: [BasketBallGameMode_Local_C_0] GAMEMODE > ON HOST LEVEL CALLED, STARTING GAMEMODE
[2018.12.11-21.30.19:667][ 99]LogBlueprintUserMessages: [BasketBallGameMode_Local_C_0] GAMEMODE > HOOPS POPULATED
[2018.12.11-21.30.19:667][ 99]LogBlueprintUserMessages: [BasketBallGameMode_Local_C_0] GAMEMODE > HOOPS SET
[2018.12.11-21.30.19:667][ 99]LogBlueprintUserMessages: [BasketBallGameMode_Local_C_0] GAMEMODE > PLAYER START POINTS ACQUIRED
[2018.12.11-21.30.19:667][ 99]LogBlueprintUserMessages: [BasketBallGameMode_Local_C_0] GAMEMODE > LOCAL GAME DETECTED, SPAWNING PLAYERS
[2018.12.11-21.30.19:667][ 99]LogPlayerManagement: Error: Failed to Create Player: A local player already exists for controller ID 0,
[2018.12.11-21.30.19:667][ 99]LogBlueprintUserMessages: [BasketBallGameMode_Local_C_0] GAMEMODE > CREATING PLAYER: for ID 0
[2018.12.11-21.30.19:668][ 99]LogBlueprintUserMessages: [BP_BasketballPlayer_Local_C_0] PLAYER > BEGIN PLAY: for BP_BasketballPlayer_Local
[2018.12.11-21.30.19:668][ 99]LogBlueprintUserMessages: [BP_GameState_Local_C_0] GAMESTATE > REFRESH PLAYER ARRAY RESULTS: , BP_BasketballPlayer_Local
[2018.12.11-21.30.19:669][ 99]LogBlueprintUserMessages: [BP_BasketballPlayer_Local_C_0] PLAYER > NO LOCAL CAMERA, SPAWNING
[2018.12.11-21.30.19:669][ 99]LogBlueprintUserMessages: [BP_Camera_LOCAL_C_0] CAMERA: Initial Camera Setup
[2018.12.11-21.30.19:669][ 99]LogBlueprintUserMessages: [BP_BasketballPlayer_Local_C_0] PLAYER > MP CAMERA: BP_Camera_LOCAL SPAWNED ON: BP_BasketballPlayer_Local
[2018.12.11-21.30.19:669][ 99]LogBlueprintUserMessages: [BP_GameState_Local_C_0] GAMESTATE > LOCAL CAMERAS UPDATED
[2018.12.11-21.30.19:669][ 99]LogBlueprintUserMessages: [BP_BasketballPlayer_Local_C_0] PLAYER > CHANGING TEAM MATERIAL
[2018.12.11-21.30.19:669][ 99]LogBlueprintUserMessages: [BP_BasketballPlayer_Local_C_0] PLAYER > CURRENT SHOT: Hook Left AKA Hk Lt
[2018.12.11-21.30.19:669][ 99]LogBlueprintUserMessages: [BasketBallGameMode_Local_C_0] GAMEMODE > POSSESSING PLAYER:ID 0
[2018.12.11-21.30.19:669][ 99]LogBlueprintUserMessages: [BP_BasketballPlayer_Local_C_0] PLAYER > CHANGING TEAM MATERIAL
[2018.12.11-21.30.19:670][ 99]LogBlueprintUserMessages: [BasketBallGameMode_Local_C_0] GAMEMODE > POST LOGIN: BP_Basketball_PlayerController_Local1has joined!
[2018.12.11-21.30.19:670][ 99]LogBlueprintUserMessages: [BasketBallGameMode_Local_C_0] GAMEMODE > CREATING PLAYER: for ID 1
[2018.12.11-21.30.19:671][ 99]LogBlueprintUserMessages: [BP_BasketballPlayer_Local_C_1] PLAYER > BEGIN PLAY: for BP_BasketballPlayer_Local1
[2018.12.11-21.30.19:671][ 99]LogBlueprintUserMessages: [BP_GameState_Local_C_0] GAMESTATE > REFRESH PLAYER ARRAY RESULTS: , BP_BasketballPlayer_Local, BP_BasketballPlayer_Local1
[2018.12.11-21.30.19:671][ 99]LogBlueprintUserMessages: [BP_BasketballPlayer_Local_C_1] PLAYER > CHANGING TEAM MATERIAL
[2018.12.11-21.30.19:671][ 99]LogBlueprintUserMessages: [BP_BasketballPlayer_Local_C_1] PLAYER > CURRENT SHOT: Hook Left AKA Hk Lt
[2018.12.11-21.30.19:671][ 99]LogBlueprintUserMessages: [BasketBallGameMode_Local_C_0] GAMEMODE > POSSESSING PLAYER:ID 1
[2018.12.11-21.30.19:671][ 99]LogBlueprintUserMessages: [BP_BasketballPlayer_Local_C_1] PLAYER > CHANGING TEAM MATERIAL
[2018.12.11-21.30.19:671][ 99]LogBlueprintUserMessages: [BasketBallGameMode_Local_C_0] GAMEMODE > SPAWNING BALL
[2018.12.11-21.30.19:672][ 99]LogBlueprintUserMessages: [BasketBallGameMode_Local_C_0] GAMEMODE > PHASE UPDATE COMPLETE
[2018.12.11-21.30.19:672][ 99]Cmd: r.SetRes 1920x1080w
[2018.12.11-21.30.19:672][ 99]r.SetRes = "1920x1080w"
[2018.12.11-21.30.19:673][ 99]LogGameState: Match State Changed from WaitingToStart to InProgress
[2018.12.11-21.30.19:673][ 99]PIE: Play in editor start time for /Game/MAPS/UEDPIE_0_Local 0.508
[2018.12.11-21.30.19:674][ 99]LogBlueprintUserMessages: Late PlayInEditor Detection: Level '/Game/MAPS/Local.Local:PersistentLevel' has LevelScriptBlueprint '/Game/MAPS/Local.Local:PersistentLevel.Local' with GeneratedClass '/Game/MAPS/Local.Local_C' with ClassGeneratedBy '/Game/MAPS/Local.Local:PersistentLevel.Local'
[2018.12.11-21.30.19:694][ 99]LogRenderer: Reallocating scene render targets to support 640x360 Format 10 NumSamples 1 (Frame:1).
[2018.12.11-21.30.19:744][100]LogBlueprintUserMessages: [BP_Camera_LOCAL_C_0] Clearing game Cameras onBP_Camera_LOCAL_C_0
[2018.12.11-21.30.19:744][100]LogBlueprintUserMessages: [BP_Camera_LOCAL_C_0] Camera CameraActor destroyed
[2018.12.11-21.30.19:744][100]LogBlueprintUserMessages: [BP_Camera_LOCAL_C_0] Camera CameraActor1 destroyed
[2018.12.11-21.30.19:744][100]LogBlueprintUserMessages: [BP_Camera_LOCAL_C_0] CAMERA: Cameras Destroyed
[2018.12.11-21.30.19:744][100]LogBlueprintUserMessages: [BP_Camera_LOCAL_C_0] CAMERA: BP_Camera_LOCAL_C_0running Class Setup
[2018.12.11-21.30.19:766][102]LogBlueprintUserMessages: [BP_Camera_LOCAL_C_0] CAMERA: First update
[2018.12.11-21.30.22:674][309]LogBlueprintUserMessages: Early EndPlayMap Detection: Level '/Game/MAPS/Local.Local:PersistentLevel' has LevelScriptBlueprint '/Game/MAPS/Local.Local:PersistentLevel.Local' with GeneratedClass '/Game/MAPS/Local.Local_C' with ClassGeneratedBy '/Game/MAPS/Local.Local:PersistentLevel.Local'
[2018.12.11-21.30.22:674][309]LogSlate: Updating window title bar state: overlay mode, drag disabled, window buttons hidden, title bar hidden
[2018.12.11-21.30.22:699][309]LogSlate: Window 'STR_StrongStyle_v2 Game Preview Standalone (64-bit/PCD3D_SM5)' being destroyed
[2018.12.11-21.30.22:738][309]LogPlayLevel: Display: Shutting down PIE online subsystems
[2018.12.11-21.30.22:739][309]LogBlueprintUserMessages: Late EndPlayMap Detection: Level '/Game/MAPS/Local.Local:PersistentLevel' has LevelScriptBlueprint '/Game/MAPS/Local.Local:PersistentLevel.Local' with GeneratedClass '/Game/MAPS/Local.Local_C' with ClassGeneratedBy '/Game/MAPS/Local.Local:PersistentLevel.Local'
[2018.12.11-21.30.22:849][310]LogPlayLevel: Display: Destroying online subsystem :Context_3
[2018.12.11-21.30.28:020][652]LogSlate: Window 'STR_StrongStyle_v2 - Unreal Editor' being destroyed
[2018.12.11-21.30.28:020][652]LogWindowsTextInputMethodSystem: Display: IME system now deactivated.
[2018.12.11-21.30.28:928][653]Cmd: QUIT_EDITOR
[2018.12.11-21.30.29:344][653]LogExit: Preparing to exit.
[2018.12.11-21.30.29:957][653]LogExit: Editor shut down
[2018.12.11-21.30.29:958][653]LogExit: Transaction tracking system shut down
[2018.12.11-21.30.30:666][653]LogExit: Object subsystem successfully closed.
[2018.12.11-21.30.30:720][653]LogShaderCompilers: Display: Shaders left to compile 0
[2018.12.11-21.30.30:725][653]LogD3D11RHI: Shutdown
[2018.12.11-21.30.30:725][653]LogD3D11RHI: CleanupD3DDevice
[2018.12.11-21.30.30:728][653]LogD3D11RHI: ~FD3D11DynamicRHI
[2018.12.11-21.30.30:948][653]LogModuleManager: Shutting down and abandoning module MovieSceneCapture (612)
[2018.12.11-21.30.30:948][653]LogModuleManager: Shutting down and abandoning module Voice (610)
[2018.12.11-21.30.30:948][653]LogModuleManager: Shutting down and abandoning module HierarchicalLODOutliner (608)
[2018.12.11-21.30.30:948][653]LogModuleManager: Shutting down and abandoning module AddContentDialog (606)
[2018.12.11-21.30.30:949][653]LogModuleManager: Shutting down and abandoning module WidgetCarousel (605)
[2018.12.11-21.30.30:949][653]LogModuleManager: Shutting down and abandoning module EditorWidgets (602)
[2018.12.11-21.30.30:949][653]LogModuleManager: Shutting down and abandoning module CollectionManager (600)
[2018.12.11-21.30.30:949][653]LogModuleManager: Shutting down and abandoning module SceneOutliner (598)
[2018.12.11-21.30.30:949][653]LogModuleManager: Shutting down and abandoning module ExternalImagePicker (596)
[2018.12.11-21.30.30:949][653]LogModuleManager: Shutting down and abandoning module StatsViewer (594)
[2018.12.11-21.30.30:949][653]LogModuleManager: Shutting down and abandoning module FoliageEdit (592)
[2018.12.11-21.30.30:949][653]LogModuleManager: Shutting down and abandoning module LandscapeEditor (590)
[2018.12.11-21.30.30:953][653]LogModuleManager: Shutting down and abandoning module MeshPaintMode (588)
[2018.12.11-21.30.30:953][653]LogModuleManager: Shutting down and abandoning module SceneDepthPickerMode (586)
[2018.12.11-21.30.30:954][653]LogModuleManager: Shutting down and abandoning module ActorPickerMode (584)
[2018.12.11-21.30.30:954][653]LogModuleManager: Shutting down and abandoning module GeometryMode (582)
[2018.12.11-21.30.30:954][653]LogModuleManager: Shutting down and abandoning module TextureAlignMode (580)
[2018.12.11-21.30.30:954][653]LogModuleManager: Shutting down and abandoning module BspMode (578)
[2018.12.11-21.30.30:954][653]LogModuleManager: Shutting down and abandoning module PIEPreviewDeviceProfileSelector (576)
[2018.12.11-21.30.30:954][653]LogModuleManager: Shutting down and abandoning module SequenceRecorderSections (574)
[2018.12.11-21.30.30:954][653]LogModuleManager: Shutting down and abandoning module AutomationWorker (572)
[2018.12.11-21.30.30:954][653]LogModuleManager: Shutting down and abandoning module AudioCaptureEditor (570)
[2018.12.11-21.30.30:954][653]LogModuleManager: Shutting down and abandoning module SequenceRecorder (569)
[2018.12.11-21.30.30:954][653]LogModuleManager: Shutting down and abandoning module MatineeToLevelSequence (566)
[2018.12.11-21.30.30:954][653]LogModuleManager: Shutting down and abandoning module LevelSequenceEditor (564)
[2018.12.11-21.30.30:954][653]LogModuleManager: Shutting down and abandoning module PlacementMode (563)
[2018.12.11-21.30.30:954][653]LogModuleManager: Shutting down and abandoning module MaterialEditor (562)
[2018.12.11-21.30.30:965][653]LogModuleManager: Shutting down and abandoning module WmfMediaFactory (558)
[2018.12.11-21.30.30:966][653]LogModuleManager: Shutting down and abandoning module WmfMediaEditor (556)
[2018.12.11-21.30.30:966][653]LogModuleManager: Shutting down and abandoning module MediaPlayerEditor (554)
[2018.12.11-21.30.30:966][653]LogModuleManager: Shutting down and abandoning module OpenExrWrapper (552)
[2018.12.11-21.30.30:966][653]LogModuleManager: Shutting down and abandoning module ImgMediaFactory (550)
[2018.12.11-21.30.30:966][653]LogModuleManager: Shutting down and abandoning module ImgMediaEditor (548)
[2018.12.11-21.30.30:966][653]LogModuleManager: Shutting down and abandoning module AvfMediaFactory (546)
[2018.12.11-21.30.30:966][653]LogModuleManager: Shutting down and abandoning module AvfMediaEditor (544)
[2018.12.11-21.30.30:966][653]LogModuleManager: Shutting down and abandoning module AndroidMediaFactory (542)
[2018.12.11-21.30.30:966][653]LogModuleManager: Shutting down and abandoning module AndroidMediaEditor (540)
[2018.12.11-21.30.30:966][653]LogModuleManager: Shutting down and abandoning module MagicLeapCameraPreviewFactory (538)
[2018.12.11-21.30.30:966][653]LogModuleManager: Shutting down and abandoning module MagicLeapMediaFactory (536)
[2018.12.11-21.30.30:966][653]LogModuleManager: Shutting down and abandoning module MagicLeapMediaEditor (534)
[2018.12.11-21.30.30:966][653]LogModuleManager: Shutting down and abandoning module CharacterAI (532)
[2018.12.11-21.30.30:966][653]LogModuleManager: Shutting down and abandoning module SmartSnapping (530)
[2018.12.11-21.30.30:966][653]LogModuleManager: Shutting down and abandoning module SessionServices (528)
[2018.12.11-21.30.30:966][653]LogModuleManager: Shutting down and abandoning module ViewportSnapping (526)
[2018.12.11-21.30.30:966][653]LogModuleManager: Shutting down and abandoning module ViewportInteraction (524)
[2018.12.11-21.30.30:966][653]LogModuleManager: Shutting down and abandoning module ClothPainter (522)
[2018.12.11-21.30.30:975][653]LogModuleManager: Shutting down and abandoning module SkeletalMeshEditor (521)
[2018.12.11-21.30.30:976][653]LogModuleManager: Shutting down and abandoning module LogVisualizer (518)
[2018.12.11-21.30.30:978][653]LogModuleManager: Shutting down and abandoning module IntroTutorials (516)
[2018.12.11-21.30.30:978][653]LogModuleManager: Shutting down and abandoning module GameProjectGeneration (515)
[2018.12.11-21.30.30:979][653]LogModuleManager: Shutting down and abandoning module LuminPlatformEditor (512)
[2018.12.11-21.30.30:979][653]LogModuleManager: Shutting down and abandoning module IOSPlatformEditor (510)
[2018.12.11-21.30.30:980][653]LogModuleManager: Shutting down and abandoning module HTML5PlatformEditor (508)
[2018.12.11-21.30.30:980][653]LogModuleManager: Shutting down and abandoning module AndroidPlatformEditor (506)
[2018.12.11-21.30.30:980][653]LogModuleManager: Shutting down and abandoning module AndroidDeviceDetection (505)
[2018.12.11-21.30.31:165][653]LogModuleManager: Shutting down and abandoning module WindowsPlatformEditor (502)
[2018.12.11-21.30.31:165][653]LogModuleManager: Shutting down and abandoning module LuminRuntimeSettings (500)
[2018.12.11-21.30.31:165][653]LogModuleManager: Shutting down and abandoning module IOSRuntimeSettings (498)
[2018.12.11-21.30.31:165][653]LogModuleManager: Shutting down and abandoning module AndroidRuntimeSettings (496)
[2018.12.11-21.30.31:165][653]LogModuleManager: Shutting down and abandoning module InputBindingEditor (494)
[2018.12.11-21.30.31:165][653]LogModuleManager: Shutting down and abandoning module MergeActors (492)
[2018.12.11-21.30.31:165][653]LogModuleManager: Shutting down and abandoning module LocalizationDashboard (490)
[2018.12.11-21.30.31:166][653]LogModuleManager: Shutting down and abandoning module LocalizationService (489)
[2018.12.11-21.30.31:166][653]LogModuleManager: Shutting down and abandoning module HardwareTargeting (486)
[2018.12.11-21.30.31:166][653]LogModuleManager: Shutting down and abandoning module DeviceProfileEditor (484)
[2018.12.11-21.30.31:166][653]LogModuleManager: Shutting down and abandoning module UndoHistory (482)
[2018.12.11-21.30.31:166][653]LogModuleManager: Shutting down and abandoning module XmlParser (480)
[2018.12.11-21.30.31:166][653]LogModuleManager: Shutting down and abandoning module Blutility (478)
[2018.12.11-21.30.31:166][653]LogModuleManager: Shutting down and abandoning module ProjectSettingsViewer (476)
[2018.12.11-21.30.31:166][653]LogModuleManager: Shutting down and abandoning module ProjectTargetPlatformEditor (475)
[2018.12.11-21.30.31:166][653]LogModuleManager: Shutting down and abandoning module EditorSettingsViewer (472)
[2018.12.11-21.30.31:166][653]LogModuleManager: Shutting down and abandoning module SettingsEditor (470)
[2018.12.11-21.30.31:166][653]LogModuleManager: Shutting down and abandoning module ProjectLauncher (468)
[2018.12.11-21.30.31:171][653]LogModuleManager: Shutting down and abandoning module SessionFrontend (466)
[2018.12.11-21.30.31:171][653]LogModuleManager: Shutting down and abandoning module ProfilerClient (464)
[2018.12.11-21.30.31:171][653]LogModuleManager: Shutting down and abandoning module DeviceManager (462)
[2018.12.11-21.30.31:171][653]LogModuleManager: Shutting down and abandoning module TargetDeviceServices (461)
[2018.12.11-21.30.31:252][653]LogModuleManager: Shutting down and abandoning module AutomationController (458)
[2018.12.11-21.30.31:252][653]LogModuleManager: Shutting down and abandoning module AutomationWindow (456)
[2018.12.11-21.30.31:253][653]LogModuleManager: Shutting down and abandoning module Layers (454)
[2018.12.11-21.30.31:255][653]LogModuleManager: Shutting down and abandoning module ComponentVisualizers (452)
[2018.12.11-21.30.31:255][653]LogModuleManager: Shutting down and abandoning module DetailCustomizations (450)
[2018.12.11-21.30.31:255][653]LogModuleManager: Shutting down and abandoning module PackagesDialog (448)
[2018.12.11-21.30.31:255][653]LogModuleManager: Shutting down and abandoning module Persona (446)
[2018.12.11-21.30.31:255][653]LogModuleManager: Shutting down and abandoning module AdvancedPreviewScene (445)
[2018.12.11-21.30.31:255][653]LogModuleManager: Shutting down and abandoning module AnimGraph (443)
[2018.12.11-21.30.31:255][653]LogModuleManager: Shutting down and abandoning module Kismet (440)
[2018.12.11-21.30.31:258][653]LogModuleManager: Shutting down and abandoning module GraphEditor (438)
[2018.12.11-21.30.31:259][653]LogModuleManager: Shutting down and abandoning module ClassViewer (436)
[2018.12.11-21.30.31:259][653]LogModuleManager: Shutting down and abandoning module Toolbox (434)
[2018.12.11-21.30.31:259][653]LogModuleManager: Shutting down and abandoning module ModuleUI (432)
[2018.12.11-21.30.31:260][653]LogModuleManager: Shutting down and abandoning module MovieSceneTools (430)
[2018.12.11-21.30.31:260][653]LogModuleManager: Shutting down and abandoning module OutputLog (428)
[2018.12.11-21.30.31:260][653]LogModuleManager: Shutting down and abandoning module GammaUI (426)
[2018.12.11-21.30.31:260][653]LogModuleManager: Shutting down and abandoning module Documentation (424)
[2018.12.11-21.30.31:260][653]LogModuleManager: Shutting down and abandoning module MovieSceneTracks (422)
[2018.12.11-21.30.31:260][653]LogModuleManager: Shutting down and abandoning module MovieScene (420)
[2018.12.11-21.30.31:260][653]LogModuleManager: Shutting down and abandoning module StreamingPauseRendering (418)
[2018.12.11-21.30.31:260][653]LogModuleManager: Shutting down and abandoning module LauncherPlatform (416)
[2018.12.11-21.30.31:260][653]LogModuleManager: Shutting down and abandoning module AnalyticsET (414)
[2018.12.11-21.30.31:260][653]LogModuleManager: Shutting down and abandoning module PortalServices (412)
[2018.12.11-21.30.31:260][653]LogModuleManager: Shutting down and abandoning module PortalRpc (410)
[2018.12.11-21.30.31:260][653]LogModuleManager: Shutting down and abandoning module MessagingRpc (408)
[2018.12.11-21.30.31:261][653]LogModuleManager: Shutting down and abandoning module AIModule (406)
[2018.12.11-21.30.31:261][653]LogModuleManager: Shutting down and abandoning module GameplayDebugger (405)
[2018.12.11-21.30.31:261][653]LogModuleManager: Shutting down and abandoning module AITestSuite (403)
[2018.12.11-21.30.31:261][653]LogModuleManager: Shutting down and abandoning module NavigationSystem (401)
[2018.12.11-21.30.31:261][653]LogModuleManager: Shutting down and abandoning module DesktopPlatform (398)
[2018.12.11-21.30.31:261][653]LogModuleManager: Shutting down and abandoning module ProfilerService (396)
[2018.12.11-21.30.31:424][653]LogModuleManager: Shutting down and abandoning module TaskGraph (394)
[2018.12.11-21.30.31:424][653]LogModuleManager: Shutting down and abandoning module ProceduralMeshComponentEditor (392)
[2018.12.11-21.30.31:424][653]LogModuleManager: Shutting down and abandoning module ProceduralMeshComponent (390)
[2018.12.11-21.30.31:424][653]LogModuleManager: Shutting down and abandoning module MobilePatchingUtils (388)
[2018.12.11-21.30.31:424][653]LogModuleManager: Shutting down and abandoning module EditableMesh (386)
[2018.12.11-21.30.31:424][653]LogModuleManager: Shutting down and abandoning module CustomMeshComponent (384)
[2018.12.11-21.30.31:424][653]LogModuleManager: Shutting down and abandoning module CableComponent (382)
[2018.12.11-21.30.31:425][653]LogModuleManager: Shutting down and abandoning module AudioCapture (380)
[2018.12.11-21.30.31:425][653]LogModuleManager: Shutting down and abandoning module ArchVisCharacter (378)
[2018.12.11-21.30.31:425][653]LogModuleManager: Shutting down and abandoning module AndroidPermission (376)
[2018.12.11-21.30.31:425][653]LogModuleManager: Shutting down and abandoning module NUTUnrealEngine4 (374)
[2018.12.11-21.30.31:425][653]LogModuleManager: Shutting down and abandoning module NetcodeUnitTest (372)
[2018.12.11-21.30.31:426][653]LogModuleManager: Shutting down and abandoning module MediaCompositingEditor (370)
[2018.12.11-21.30.31:426][653]LogModuleManager: Shutting down and abandoning module MediaCompositing (368)
[2018.12.11-21.30.31:426][653]LogModuleManager: Shutting down and abandoning module LinearTimecode (366)
[2018.12.11-21.30.31:426][653]LogModuleManager: Shutting down and abandoning module ImgMedia (364)
[2018.12.11-21.30.31:436][653]LogModuleManager: Shutting down and abandoning module HTML5Networking (362)
[2018.12.11-21.30.31:436][653]LogModuleManager: Shutting down and abandoning module GeometryCacheTracks (360)
[2018.12.11-21.30.31:436][653]LogModuleManager: Shutting down and abandoning module GeometryCacheSequencer (358)
[2018.12.11-21.30.31:437][653]LogModuleManager: Shutting down and abandoning module BackChannel (356)
[2018.12.11-21.30.31:437][653]LogModuleManager: Shutting down and abandoning module AppleVision (354)
[2018.12.11-21.30.31:437][653]LogModuleManager: Shutting down and abandoning module AppleImageUtils (352)
[2018.12.11-21.30.31:437][653]LogModuleManager: Shutting down and abandoning module AlembicImporter (350)
[2018.12.11-21.30.31:437][653]LogModuleManager: Shutting down and abandoning module AlembicLibrary (349)
[2018.12.11-21.30.31:437][653]LogModuleManager: Shutting down and abandoning module GeometryCache (348)
[2018.12.11-21.30.31:437][653]LogModuleManager: Shutting down and abandoning module GeometryCacheEd (347)
[2018.12.11-21.30.31:437][653]LogModuleManager: Shutting down and abandoning module DatasmithContentEditor (342)
[2018.12.11-21.30.31:437][653]LogModuleManager: Shutting down and abandoning module DatasmithContent (340)
[2018.12.11-21.30.31:437][653]LogModuleManager: Shutting down and abandoning module SpeedTreeImporter (338)
[2018.12.11-21.30.31:437][653]LogModuleManager: Shutting down and abandoning module PluginBrowser (336)
[2018.12.11-21.30.31:438][653]LogModuleManager: Shutting down and abandoning module MobileLauncherProfileWizard (334)
[2018.12.11-21.30.31:438][653]LogModuleManager: Shutting down and abandoning module PolygonModeling (332)
[2018.12.11-21.30.31:438][653]LogModuleManager: Shutting down and abandoning module MeshEditor (330)
[2018.12.11-21.30.31:438][653]LogModuleManager: Shutting down and abandoning module CryptoKeysOpenSSL (328)
[2018.12.11-21.30.31:438][653]LogModuleManager: Shutting down and abandoning module CryptoKeys (326)
[2018.12.11-21.30.31:438][653]LogModuleManager: Shutting down and abandoning module VisualStudioSourceCodeAccess (324)
[2018.12.11-21.30.31:438][653]LogModuleManager: Shutting down and abandoning module VisualStudioCodeSourceCodeAccess (322)
[2018.12.11-21.30.31:438][653]LogModuleManager: Shutting down and abandoning module UObjectPlugin (320)
[2018.12.11-21.30.31:438][653]LogModuleManager: Shutting down and abandoning module SubversionSourceControl (318)
[2018.12.11-21.30.31:439][653]LogModuleManager: Shutting down and abandoning module PerforceSourceControl (316)
[2018.12.11-21.30.31:439][653]LogModuleManager: Shutting down and abandoning module GitSourceControl (314)
[2018.12.11-21.30.31:439][653]LogModuleManager: Shutting down and abandoning module SourceControl (313)
[2018.12.11-21.30.31:439][653]LogModuleManager: Shutting down and abandoning module CLionSourceCodeAccess (310)
[2018.12.11-21.30.31:439][653]LogModuleManager: Shutting down and abandoning module LightPropagationVolumeEditor (308)
[2018.12.11-21.30.31:439][653]LogModuleManager: Shutting down and abandoning module PaperTiledImporter (306)
[2018.12.11-21.30.31:439][653]LogModuleManager: Shutting down and abandoning module PaperSpriteSheetImporter (304)
[2018.12.11-21.30.31:439][653]LogModuleManager: Shutting down and abandoning module Paper2DEditor (302)
[2018.12.11-21.30.31:439][653]LogModuleManager: Shutting down and abandoning module MeshPaint (301)
[2018.12.11-21.30.31:440][653]LogModuleManager: Shutting down and abandoning module RuntimePhysXCooking (298)
[2018.12.11-21.30.31:440][653]LogModuleManager: Shutting down and abandoning module PhysXVehiclesEditor (296)
[2018.12.11-21.30.31:440][653]LogModuleManager: Shutting down and abandoning module PhysXVehicles (294)
[2018.12.11-21.30.31:440][653]LogModuleManager: Shutting down and abandoning module LocationServicesBPLibrary (292)
[2018.12.11-21.30.31:440][653]LogModuleManager: Shutting down and abandoning module ImmediatePhysicsEditor (290)
[2018.12.11-21.30.31:440][653]LogModuleManager: Shutting down and abandoning module ImmediatePhysics (288)
[2018.12.11-21.30.31:440][653]LogModuleManager: Shutting down and abandoning module ActorSequence (286)
[2018.12.11-21.30.31:440][653]LogModuleManager: Shutting down and abandoning module UdpMessaging (284)
[2018.12.11-21.30.31:541][653]LogModuleManager: Shutting down and abandoning module TcpMessaging (282)
[2018.12.11-21.30.31:642][653]LogModuleManager: Shutting down and abandoning module MagicLeapAudio (280)
[2018.12.11-21.30.31:642][653]LogModuleManager: Shutting down and abandoning module GameplayTagsEditor (278)
[2018.12.11-21.30.31:642][653]LogModuleManager: Shutting down and abandoning module FacialAnimationEditor (276)
[2018.12.11-21.30.31:642][653]LogModuleManager: Shutting down and abandoning module FacialAnimation (274)
[2018.12.11-21.30.31:642][653]LogModuleManager: Shutting down and abandoning module DataValidation (272)
[2018.12.11-21.30.31:642][653]LogModuleManager: Shutting down and abandoning module AssetManagerEditor (270)
[2018.12.11-21.30.31:643][653]LogModuleManager: Shutting down and abandoning module LevelEditor (269)
[2018.12.11-21.30.31:643][653]LogModuleManager: Shutting down and abandoning module PixelInspectorModule (268)
[2018.12.11-21.30.31:643][653]LogModuleManager: Shutting down and abandoning module CommonMenuExtensions (266)
[2018.12.11-21.30.31:644][653]LogModuleManager: Shutting down and abandoning module MainFrame (264)
[2018.12.11-21.30.31:644][653]LogModuleManager: Shutting down and abandoning module HotReload (263)
[2018.12.11-21.30.31:644][653]LogModuleManager: Shutting down and abandoning module ContentBrowser (259)
[2018.12.11-21.30.31:649][653]LogModuleManager: Shutting down and abandoning module TreeMap (257)
[2018.12.11-21.30.31:649][653]LogModuleManager: Shutting down and abandoning module LightPropagationVolumeRuntime (254)
[2018.12.11-21.30.31:649][653]LogModuleManager: Shutting down and abandoning module AISupportModule (252)
[2018.12.11-21.30.31:649][653]LogModuleManager: Shutting down and abandoning module AdvancedSteamSessions (250)
[2018.12.11-21.30.31:649][653]LogModuleManager: Shutting down and abandoning module AdvancedSessions (248)
[2018.12.11-21.30.31:649][653]LogModuleManager: Shutting down and abandoning module Paper2D (246)
[2018.12.11-21.30.31:649][653]LogModuleManager: Shutting down and abandoning module WindowsMoviePlayer (244)
[2018.12.11-21.30.31:649][653]LogModuleManager: Shutting down and abandoning module WmfMedia (242)
[2018.12.11-21.30.31:653][653]LogModuleManager: Shutting down and abandoning module Media (241)
[2018.12.11-21.30.31:670][653]LogModuleManager: Shutting down and abandoning module PacketHandler (238)
[2018.12.11-21.30.31:670][653]LogModuleManager: Shutting down and abandoning module ClothingSystemEditor (236)
[2018.12.11-21.30.31:670][653]LogModuleManager: Shutting down and abandoning module ClothingSystemRuntime (234)
[2018.12.11-21.30.31:670][653]LogModuleManager: Shutting down and abandoning module MediaAssets (232)
[2018.12.11-21.30.31:670][653]LogModuleManager: Shutting down and abandoning module Overlay (230)
[2018.12.11-21.30.31:670][653]LogModuleManager: Shutting down and abandoning module OverlayEditor (229)
[2018.12.11-21.30.31:670][653]LogModuleManager: Shutting down and abandoning module VREditor (226)
[2018.12.11-21.30.31:671][653]LogModuleManager: Shutting down and abandoning module StringTableEditor (224)
[2018.12.11-21.30.31:671][653]LogModuleManager: Shutting down and abandoning module GameplayTasksEditor (222)
[2018.12.11-21.30.31:671][653]LogModuleManager: Shutting down and abandoning module BehaviorTreeEditor (220)
[2018.12.11-21.30.31:671][653]LogModuleManager: Shutting down and abandoning module FunctionalTesting (218)
[2018.12.11-21.30.31:671][653]LogModuleManager: Shutting down and abandoning module CollisionAnalyzer (216)
[2018.12.11-21.30.31:671][653]LogModuleManager: Shutting down and abandoning module WorkspaceMenuStructure (215)
[2018.12.11-21.30.31:671][653]LogModuleManager: Shutting down and abandoning module UMG (212)
[2018.12.11-21.30.31:671][653]LogModuleManager: Shutting down and abandoning module UMGEditor (211)
[2018.12.11-21.30.31:672][653]LogModuleManager: Shutting down and abandoning module Sequencer (210)
[2018.12.11-21.30.31:672][653]LogModuleManager: Shutting down and abandoning module MessageLog (207)
[2018.12.11-21.30.31:672][653]LogModuleManager: Shutting down and abandoning module SlateReflector (202)
[2018.12.11-21.30.31:674][653]LogModuleManager: Shutting down and abandoning module Slate (200)
[2018.12.11-21.30.31:674][653]LogModuleManager: Shutting down and abandoning module EditorStyle (198)
[2018.12.11-21.30.31:676][653]LogModuleManager: Shutting down and abandoning module MRMesh (196)
[2018.12.11-21.30.31:676][653]LogModuleManager: Shutting down and abandoning module SourceCodeAccess (194)
[2018.12.11-21.30.31:676][653]LogModuleManager: Shutting down and abandoning module HeadMountedDisplay (192)
[2018.12.11-21.30.31:676][653]LogModuleManager: Shutting down and abandoning module XAudio2 (190)
[2018.12.11-21.30.31:676][653]LogModuleManager: Shutting down and abandoning module Networking (188)
[2018.12.11-21.30.31:676][653]LogModuleManager: Shutting down and abandoning module Core (186)
[2018.12.11-21.30.31:676][653]LogModuleManager: Shutting down and abandoning module LevelSequence (184)
[2018.12.11-21.30.31:676][653]LogModuleManager: Shutting down and abandoning module KismetCompiler (182)
[2018.12.11-21.30.31:676][653]LogModuleManager: Shutting down and abandoning module MeshUtilities (180)
[2018.12.11-21.30.31:681][653]LogModuleManager: Shutting down and abandoning module MeshMergeUtilities (179)
[2018.12.11-21.30.31:681][653]LogModuleManager: Shutting down and abandoning module MeshReductionInterface (178)
[2018.12.11-21.30.31:681][653]LogModuleManager: Shutting down and abandoning module SimplygonSwarm (177)
[2018.12.11-21.30.31:681][653]LogModuleManager: Shutting down and abandoning module ProxyLODMeshReduction (175)
[2018.12.11-21.30.31:682][653]LogModuleManager: Shutting down and abandoning module SimplygonMeshReduction (173)
[2018.12.11-21.30.31:682][653]LogModuleManager: Shutting down and abandoning module QuadricMeshReduction (171)
[2018.12.11-21.30.31:682][653]LogModuleManager: Shutting down and abandoning module MaterialBaking (167)
[2018.12.11-21.30.31:682][653]LogModuleManager: Shutting down and abandoning module DirectoryWatcher (163)
[2018.12.11-21.30.31:682][653]LogModuleManager: Shutting down and abandoning module DerivedDataCache (160)
[2018.12.11-21.30.32:014][653]LogDerivedDataCache: Shutdown
[2018.12.11-21.30.32:014][653]LogModuleManager: Shutting down and abandoning module XGEController (158)
[2018.12.11-21.30.32:014][653]LogXGEController: Cleaning working directory: C:/Users/Dan Lazar/AppData/Local/Temp/UnrealXGEWorkingDir/
[2018.12.11-21.30.32:015][653]LogModuleManager: Shutting down and abandoning module TargetPlatform (156)
[2018.12.11-21.30.32:015][653]LogModuleManager: Shutting down and abandoning module VulkanShaderFormat (155)
[2018.12.11-21.30.32:015][653]LogModuleManager: Shutting down and abandoning module ShaderFormatVectorVM (153)
[2018.12.11-21.30.32:015][653]LogModuleManager: Shutting down and abandoning module ShaderFormatOpenGL (151)
[2018.12.11-21.30.32:015][653]LogModuleManager: Shutting down and abandoning module ShaderFormatD3D (149)
[2018.12.11-21.30.32:015][653]LogModuleManager: Shutting down and abandoning module MetalShaderFormat (147)
[2018.12.11-21.30.32:015][653]LogModuleManager: Shutting down and abandoning module TextureFormatUncompressed (145)
[2018.12.11-21.30.32:015][653]LogModuleManager: Shutting down and abandoning module TextureFormatPVR (143)
[2018.12.11-21.30.32:015][653]LogModuleManager: Shutting down and abandoning module TextureFormatDXT (141)
[2018.12.11-21.30.32:015][653]LogModuleManager: Shutting down and abandoning module TextureFormatIntelISPCTexComp (139)
[2018.12.11-21.30.32:016][653]LogModuleManager: Shutting down and abandoning module TextureFormatASTC (137)
[2018.12.11-21.30.32:016][653]LogModuleManager: Shutting down and abandoning module ImageWrapper (136)
[2018.12.11-21.30.32:016][653]LogModuleManager: Shutting down and abandoning module TextureFormatAndroid (133)
[2018.12.11-21.30.32:016][653]LogModuleManager: Shutting down and abandoning module AudioFormatOpus (131)
[2018.12.11-21.30.32:016][653]LogModuleManager: Shutting down and abandoning module AudioFormatOgg (129)
[2018.12.11-21.30.32:016][653]LogModuleManager: Shutting down and abandoning module AudioFormatADPCM (127)
[2018.12.11-21.30.32:016][653]LogModuleManager: Shutting down and abandoning module LuminTargetPlatform (125)
[2018.12.11-21.30.32:016][653]LogModuleManager: Shutting down and abandoning module LinuxTargetPlatform (123)
[2018.12.11-21.30.32:016][653]LogModuleManager: Shutting down and abandoning module LinuxServerTargetPlatform (121)
[2018.12.11-21.30.32:016][653]LogModuleManager: Shutting down and abandoning module LinuxNoEditorTargetPlatform (119)
[2018.12.11-21.30.32:016][653]LogModuleManager: Shutting down and abandoning module LinuxClientTargetPlatform (117)
[2018.12.11-21.30.32:016][653]LogModuleManager: Shutting down and abandoning module TVOSTargetPlatform (115)
[2018.12.11-21.30.32:017][653]LogModuleManager: Shutting down and abandoning module Messaging (113)
[2018.12.11-21.30.32:018][653]LogModuleManager: Shutting down and abandoning module IOSTargetPlatform (111)
[2018.12.11-21.30.32:019][653]LogModuleManager: Shutting down and abandoning module HTML5TargetPlatform (109)
[2018.12.11-21.30.32:019][653]LogModuleManager: Shutting down and abandoning module AndroidTargetPlatform (107)
[2018.12.11-21.30.32:030][653]LogModuleManager: Shutting down and abandoning module WindowsTargetPlatform (105)
[2018.12.11-21.30.32:030][653]LogModuleManager: Shutting down and abandoning module WindowsServerTargetPlatform (103)
[2018.12.11-21.30.32:030][653]LogModuleManager: Shutting down and abandoning module WindowsNoEditorTargetPlatform (101)
[2018.12.11-21.30.32:030][653]LogModuleManager: Shutting down and abandoning module WindowsClientTargetPlatform (99)
[2018.12.11-21.30.32:030][653]LogModuleManager: Shutting down and abandoning module MacTargetPlatform (97)
[2018.12.11-21.30.32:030][653]LogModuleManager: Shutting down and abandoning module MacServerTargetPlatform (95)
[2018.12.11-21.30.32:031][653]LogModuleManager: Shutting down and abandoning module MacNoEditorTargetPlatform (93)
[2018.12.11-21.30.32:031][653]LogModuleManager: Shutting down and abandoning module MacClientTargetPlatform (91)
[2018.12.11-21.30.32:031][653]LogModuleManager: Shutting down and abandoning module AllDesktopTargetPlatform (89)
[2018.12.11-21.30.32:031][653]LogModuleManager: Shutting down and abandoning module InputCore (86)
[2018.12.11-21.30.32:031][653]LogModuleManager: Shutting down and abandoning module Settings (84)
[2018.12.11-21.30.32:031][653]LogModuleManager: Shutting down and abandoning module PhysXCooking (82)
[2018.12.11-21.30.32:031][653]LogModuleManager: Shutting down and abandoning module ExampleDeviceProfileSelector (80)
[2018.12.11-21.30.32:031][653]LogModuleManager: Shutting down and abandoning module LauncherChunkInstaller (78)
[2018.12.11-21.30.32:031][653]LogModuleManager: Shutting down and abandoning module OnlineBlueprintSupport (76)
[2018.12.11-21.30.32:031][653]LogModuleManager: Shutting down and abandoning module OnlineSubsystem (72)
[2018.12.11-21.30.32:032][653]LogModuleManager: Shutting down and abandoning module XMPP (65)
[2018.12.11-21.30.32:032][653]LogModuleManager: Shutting down and abandoning module WebSockets (64)
[2018.12.11-21.30.32:069][653]LogModuleManager: Shutting down and abandoning module HTTP (61)
[2018.12.11-21.30.32:069][653]LogHttp: Display: Http module shutting down, but needs to wait on 1 outstanding Http requests:
[2018.12.11-21.30.32:069][653]LogHttp: Display: 	verb=[POST] url=[https://datarouter.ol.epicgames.com/datarouter/api/v1/public/data?SessionID=%7BE569AAC1-4E57-64FF-8A7E-1A97E0D21510%7D&AppID=UEEditor.Rocket.Release&AppVersion=4.20.3-4369336%2B%2B%2BUE4%2BRelease-4.20&UserID=c06cffe2427963cc256537a200600ecc%7Cbbe8701702744966854a6a3e84aa1e68%7C054e31ef-f3fa-4184-ab48-735426d25462&AppEnvironment=datacollector-binary&UploadType=eteventstream] status=Processing
[2018.12.11-21.30.32:092][653]LogModuleManager: Shutting down and abandoning module SSL (60)
[2018.12.11-21.30.32:093][653]LogModuleManager: Shutting down and abandoning module MagicLeapEmulator (56)
[2018.12.11-21.30.32:093][653]LogModuleManager: Shutting down and abandoning module MagicLeapPrivileges (54)
[2018.12.11-21.30.32:093][653]LogModuleManager: Shutting down and abandoning module MagicLeapIdentity (52)
[2018.12.11-21.30.32:093][653]LogModuleManager: Shutting down and abandoning module MagicLeapHelperVulkan (50)
[2018.12.11-21.30.32:093][653]LogModuleManager: Shutting down and abandoning module MagicLeapHelperOpenGL (48)
[2018.12.11-21.30.32:093][653]LogModuleManager: Shutting down and abandoning module MagicLeapSecureStorage (46)
[2018.12.11-21.30.32:093][653]LogModuleManager: Shutting down and abandoning module MagicLeapGestures (44)
[2018.12.11-21.30.32:093][653]LogModuleManager: Shutting down and abandoning module MagicLeapEyeTracker (42)
[2018.12.11-21.30.32:093][653]LogModuleManager: Shutting down and abandoning module MagicLeapController (40)
[2018.12.11-21.30.32:093][653]LogSlate: Slate User Destroyed.  User Index 0, Is Virtual User: 0
[2018.12.11-21.30.32:093][653]LogSlate: Slate User Destroyed.  User Index 1, Is Virtual User: 0
[2018.12.11-21.30.32:093][653]LogModuleManager: Shutting down and abandoning module MagicLeap (38)
[2018.12.11-21.30.32:093][653]LogModuleManager: Shutting down and abandoning module AnimationModifiers (36)
[2018.12.11-21.30.32:093][653]LogModuleManager: Shutting down and abandoning module PropertyEditor (35)
[2018.12.11-21.30.32:094][653]LogModuleManager: Shutting down and abandoning module AudioEditor (32)
[2018.12.11-21.30.32:094][653]LogModuleManager: Shutting down and abandoning module TextureCompressor (30)
[2018.12.11-21.30.32:094][653]LogModuleManager: Shutting down and abandoning module ShaderCore (28)
[2018.12.11-21.30.32:094][653]LogModuleManager: Shutting down and abandoning module Landscape (26)
[2018.12.11-21.30.32:094][653]LogModuleManager: Shutting down and abandoning module SlateRHIRenderer (24)
[2018.12.11-21.30.32:095][653]LogModuleManager: Shutting down and abandoning module OpenGLDrv (22)
[2018.12.11-21.30.32:095][653]LogModuleManager: Shutting down and abandoning module D3D11RHI (20)
[2018.12.11-21.30.32:095][653]LogModuleManager: Shutting down and abandoning module AnimGraphRuntime (18)
[2018.12.11-21.30.32:095][653]LogModuleManager: Shutting down and abandoning module Renderer (16)
[2018.12.11-21.30.32:095][653]LogModuleManager: Shutting down and abandoning module Engine (14)
[2018.12.11-21.30.32:095][653]LogModuleManager: Shutting down and abandoning module CoreUObject (12)
[2018.12.11-21.30.32:095][653]LogModuleManager: Shutting down and abandoning module NetworkFile (10)
[2018.12.11-21.30.32:095][653]LogModuleManager: Shutting down and abandoning module CookedIterativeFile (8)
[2018.12.11-21.30.32:095][653]LogModuleManager: Shutting down and abandoning module StreamingFile (6)
[2018.12.11-21.30.32:095][653]LogModuleManager: Shutting down and abandoning module SandboxFile (4)
[2018.12.11-21.30.32:095][653]LogModuleManager: Shutting down and abandoning module PakFile (2)
[2018.12.11-21.30.32:103][653]LogExit: Exiting.
[2018.12.11-21.30.32:120][653]Log file closed, 12/11/18 13:30:32
