Log file open, 12/13/18 02:37:34
LogWindows: Failed to load 'aqProf.dll' (GetLastError=126)
LogWindows: File 'aqProf.dll' does not exist
LogWindows: Failed to load 'VtuneApi.dll' (GetLastError=126)
LogWindows: File 'VtuneApi.dll' does not exist
LogWindows: Failed to load 'VtuneApi32e.dll' (GetLastError=126)
LogWindows: File 'VtuneApi32e.dll' does not exist
LogInit: Display: Running engine for game: STR_StrongStyle_v2
LogPlatformFile: Not using cached read wrapper
LogTaskGraph: Started task graph with 5 named threads and 14 total threads with 3 sets of task threads.
LogStats: Stats thread started at 0.225112
LogD3D11RHI: Loaded GFSDK_Aftermath_Lib.x64.dll
LogICUInternationalization: Display: ICU TimeZone Detection - Raw Offset: -8:00, Platform Override: ''
LogPluginManager: Mounting plugin Paper2D
LogPluginManager: Mounting plugin AISupport
LogPluginManager: Mounting plugin LightPropagationVolume
LogPluginManager: Mounting plugin CLionSourceCodeAccess
LogPluginManager: Mounting plugin CodeLiteSourceCodeAccess
LogPluginManager: Mounting plugin GitSourceControl
LogPluginManager: Mounting plugin KDevelopSourceCodeAccess
LogPluginManager: Mounting plugin NullSourceCodeAccess
LogPluginManager: Mounting plugin PerforceSourceControl
LogPluginManager: Mounting plugin SubversionSourceControl
LogPluginManager: Mounting plugin UObjectPlugin
LogPluginManager: Mounting plugin VisualStudioCodeSourceCodeAccess
LogPluginManager: Mounting plugin VisualStudioSourceCodeAccess
LogPluginManager: Mounting plugin XCodeSourceCodeAccess
LogPluginManager: Mounting plugin AssetManagerEditor
LogPluginManager: Mounting plugin CryptoKeys
LogPluginManager: Mounting plugin DataValidation
LogPluginManager: Mounting plugin FacialAnimation
LogPluginManager: Mounting plugin GameplayTagsEditor
LogPluginManager: Mounting plugin MacGraphicsSwitching
LogPluginManager: Mounting plugin MeshEditor
LogPluginManager: Mounting plugin MobileLauncherProfileWizard
LogPluginManager: Mounting plugin PluginBrowser
LogPluginManager: Mounting plugin SpeedTreeImporter
LogPluginManager: Mounting plugin DatasmithContent
LogPluginManager: Mounting plugin AlembicImporter
LogPluginManager: Mounting plugin AppleImageUtils
LogPluginManager: Mounting plugin AppleVision
LogPluginManager: Mounting plugin BackChannel
LogPluginManager: Mounting plugin CharacterAI
LogPluginManager: Mounting plugin GeometryCache
LogPluginManager: Mounting plugin HTML5Networking
LogPluginManager: Mounting plugin ProxyLODPlugin
LogPluginManager: Mounting plugin MagicLeap
LogPluginManager: Mounting plugin MagicLeapEmulator
LogPluginManager: Mounting plugin MagicLeapMedia
LogPluginManager: Mounting plugin AndroidMedia
LogPluginManager: Mounting plugin AvfMedia
LogPluginManager: Mounting plugin ImgMedia
LogPluginManager: Mounting plugin LinearTimecode
LogPluginManager: Mounting plugin MediaCompositing
LogPluginManager: Mounting plugin MediaPlayerEditor
LogPluginManager: Mounting plugin WmfMedia
LogPluginManager: Mounting plugin TcpMessaging
LogPluginManager: Mounting plugin UdpMessaging
LogPluginManager: Mounting plugin ActorSequence
LogPluginManager: Mounting plugin LevelSequenceEditor
LogPluginManager: Mounting plugin MatineeToLevelSequence
LogPluginManager: Mounting plugin NetcodeUnitTest
LogPluginManager: Mounting plugin NUTUnrealEngine4
LogPluginManager: Mounting plugin OnlineSubsystemGooglePlay
LogPluginManager: Mounting plugin OnlineSubsystemIOS
LogPluginManager: Mounting plugin OnlineSubsystem
LogPluginManager: Mounting plugin OnlineSubsystemNull
LogPluginManager: Mounting plugin OnlineSubsystemUtils
LogPluginManager: Mounting plugin LauncherChunkInstaller
LogPluginManager: Mounting plugin AndroidDeviceProfileSelector
LogPluginManager: Mounting plugin AndroidMoviePlayer
LogPluginManager: Mounting plugin AndroidPermission
LogPluginManager: Mounting plugin AppleMoviePlayer
LogPluginManager: Mounting plugin ArchVisCharacter
LogPluginManager: Mounting plugin AudioCapture
LogPluginManager: Mounting plugin CableComponent
LogPluginManager: Mounting plugin CustomMeshComponent
LogPluginManager: Mounting plugin EditableMesh
LogPluginManager: Mounting plugin ExampleDeviceProfileSelector
LogPluginManager: Mounting plugin GoogleCloudMessaging
LogPluginManager: Mounting plugin ImmediatePhysics
LogPluginManager: Mounting plugin IOSDeviceProfileSelector
LogPluginManager: Mounting plugin LinuxDeviceProfileSelector
LogPluginManager: Mounting plugin LocationServicesBPLibrary
LogPluginManager: Mounting plugin MobilePatchingUtils
LogPluginManager: Mounting plugin PhysXVehicles
LogPluginManager: Mounting plugin ProceduralMeshComponent
LogPluginManager: Mounting plugin RuntimePhysXCooking
LogPluginManager: Mounting plugin WindowsMoviePlayer
LogStreaming: Display: Took  0.132s to configure plugins.
LogInit: Using libcurl 7.55.1-DEV
LogInit:  - built for x86_64-pc-win32
LogInit:  - supports SSL with OpenSSL/1.0.2h
LogInit:  - supports HTTP deflate (compression) using libz 1.2.8
LogInit:  - other features:
LogInit:      CURL_VERSION_SSL
LogInit:      CURL_VERSION_LIBZ
LogInit:      CURL_VERSION_IPV6
LogInit:      CURL_VERSION_ASYNCHDNS
LogInit:      CURL_VERSION_LARGEFILE
LogInit:      CURL_VERSION_IDN
LogInit:  CurlRequestOptions (configurable via config and command line):
LogInit:  - bVerifyPeer = false  - Libcurl will NOT verify peer certificate
LogInit:  - bUseHttpProxy = false  - Libcurl will NOT use HTTP proxy
LogInit:  - bDontReuseConnections = false  - Libcurl will reuse connections
LogInit:  - CertBundlePath = nullptr  - Libcurl will use whatever was configured at build time.
LogInit:  - MaxHostConnections = 16  - Libcurl will limit the number of connections to a host
LogInit:  - LocalHostAddr = Default
LogInit:  - BufferSize = 65536
LogModuleManager: Warning: ModuleManager: Unable to load module 'OnlineSubsystemSteam'  - 0 instances of that module name found.
LogInit: WinSock: version 1.1 (2.2), MaxSocks=32767, MaxUdp=65467
LogInit: Build: ++UE4+Release-4.20-CL-4369336
LogInit: Engine Version: 4.20.3-4369336+++UE4+Release-4.20
LogInit: Compatible Engine Version: 4.20.0-4212847+++UE4+Release-4.20
LogInit: Net CL: 4212847
LogInit: OS: Windows 10 (), CPU: Intel(R) Core(TM) i5-4690K CPU @ 3.50GHz, GPU: NVIDIA GeForce GTX 1070
LogInit: Compiled (64-bit): Sep 17 2018 12:26:19
LogInit: Compiled with Visual C++: 19.13.26129.00
LogInit: Build Configuration: Development
LogInit: Branch Name: ++UE4+Release-4.20
LogInit: Command Line:  
LogInit: Base Directory: A:/Epic Games/UE_4.20/Engine/Binaries/Win64/
LogInit: Installed Engine Build: 1
LogDevObjectVersion: Number of dev versions registered: 20
LogDevObjectVersion:   Dev-Blueprints (B0D832E4-1F89-4F0D-ACCF-7EB736FD4AA2): 10
LogDevObjectVersion:   Dev-Build (E1C64328-A22C-4D53-A36C-8E866417BD8C): 0
LogDevObjectVersion:   Dev-Core (375EC13C-06E4-48FB-B500-84F0262A717E): 2
LogDevObjectVersion:   Dev-Editor (E4B068ED-F494-42E9-A231-DA0B2E46BB41): 24
LogDevObjectVersion:   Dev-Framework (CFFC743F-43B0-4480-9391-14DF171D2073): 34
LogDevObjectVersion:   Dev-Mobile (B02B49B5-BB20-44E9-A304-32B752E40360): 2
LogDevObjectVersion:   Dev-Networking (A4E4105C-59A1-49B5-A7C5-40C4547EDFEE): 0
LogDevObjectVersion:   Dev-Online (39C831C9-5AE6-47DC-9A44-9C173E1C8E7C): 0
LogDevObjectVersion:   Dev-Physics (78F01B33-EBEA-4F98-B9B4-84EACCB95AA2): 0
LogDevObjectVersion:   Dev-Platform (6631380F-2D4D-43E0-8009-CF276956A95A): 0
LogDevObjectVersion:   Dev-Rendering (12F88B9F-8875-4AFC-A67C-D90C383ABD29): 26
LogDevObjectVersion:   Dev-Sequencer (7B5AE74C-D270-4C10-A958-57980B212A5A): 9
LogDevObjectVersion:   Dev-VR (D7296918-1DD6-4BDD-9DE2-64A83CC13884): 2
LogDevObjectVersion:   Dev-LoadTimes (C2A15278-BFE7-4AFE-6C17-90FF531DF755): 1
LogDevObjectVersion:   Private-Geometry (6EACA3D4-40EC-4CC1-B786-8BED09428FC5): 3
LogDevObjectVersion:   Dev-AnimPhys (29E575DD-E0A3-4627-9D10-D276232CDCEA): 17
LogDevObjectVersion:   Dev-ReflectionCapture (6B266CEC-1EC7-4B8F-A30B-E4D90942FC07): 1
LogDevObjectVersion:   Dev-Automation (0DF73D61-A23F-47EA-B727-89E90C41499A): 1
LogDevObjectVersion:   FortniteMain (601D1886-AC64-4F84-AA16-D3DE0DEAC7D6): 12
LogDevObjectVersion:   Dev-Enterprise (9DFFBCD6-494F-0158-E221-12823C92A888): 1
LogStreaming: Display: Took  0.003s to delete old logs.
LogInit: Presizing for max 8388607 objects, including 0 objects not considered by GC, pre-allocating 0 bytes for permanent pool.
LogInit: Object subsystem initialized
[2018.12.13-10.37.34:833][  0]LogInit: Selected Device Profile: [Windows]
[2018.12.13-10.37.34:833][  0]LogInit: Applying CVar settings loaded from the selected device profile: [Windows]
[2018.12.13-10.37.34:841][  0]LogHAL: Display: Platform has ~ 16 GB [17114378240 / 17179869184 / 16], which maps to Larger [LargestMinGB=32, LargerMinGB=12, DefaultMinGB=8, SmallerMinGB=6, SmallestMinGB=0)
[2018.12.13-10.37.34:841][  0]LogInit: Setting Device Profile CVar: [[r.Vulkan.UseRealUBs:1]]
[2018.12.13-10.37.34:841][  0]LogInit: Going up to parent DeviceProfile []
[2018.12.13-10.37.34:842][  0]LogInit: Computer: MERTINS
[2018.12.13-10.37.34:842][  0]LogInit: User: DanLazar
[2018.12.13-10.37.34:842][  0]LogInit: CPU Page size=4096, Cores=4
[2018.12.13-10.37.34:842][  0]LogInit: High frequency timer resolution =3.415987 MHz
[2018.12.13-10.37.34:842][  0]LogMemory: Memory total: Physical=15.9GB (16GB approx)
[2018.12.13-10.37.34:842][  0]LogMemory: Platform Memory Stats for Windows
[2018.12.13-10.37.34:842][  0]LogMemory: Process Physical Memory: 102.49 MB used, 102.49 MB peak
[2018.12.13-10.37.34:842][  0]LogMemory: Process Virtual Memory: 102.41 MB used, 102.41 MB peak
[2018.12.13-10.37.34:842][  0]LogMemory: Physical Memory: 9969.75 MB used,  6351.79 MB free, 16321.54 MB total
[2018.12.13-10.37.34:842][  0]LogMemory: Virtual Memory: 4622.29 MB used,  6351.79 MB free, 134217728.00 MB total
[2018.12.13-10.37.34:876][  0]LogInit: Using OS detected language (en-US).
[2018.12.13-10.37.34:876][  0]LogInit: Using OS detected locale (en-US).
[2018.12.13-10.37.34:878][  0]LogTextLocalizationManager: No specific localization for 'en-US' exists, so the 'en' localization will be used.
[2018.12.13-10.37.35:290][  0]LogStreaming: Display: Took  0.413s to InitEngineTextLocalization.
[2018.12.13-10.37.35:290][  0]LogInit: Setting process to per monitor DPI aware
[2018.12.13-10.37.35:328][  0]LogSlate: New Slate User Created.  User Index 0, Is Virtual User: 0
[2018.12.13-10.37.35:328][  0]LogSlate: Slate User Registered.  User Index 0, Is Virtual User: 0
[2018.12.13-10.37.35:586][  0]LogD3D11RHI: D3D11 adapters:
[2018.12.13-10.37.35:659][  0]LogD3D11RHI:    0. 'NVIDIA GeForce GTX 1070' (Feature Level 11_0)
[2018.12.13-10.37.35:659][  0]LogD3D11RHI:       8088/0/8160 MB DedicatedVideo/DedicatedSystem/SharedSystem, Outputs:1, VendorId:0x10de
[2018.12.13-10.37.35:662][  0]LogD3D11RHI:    1. 'Microsoft Basic Render Driver' (Feature Level 11_0)
[2018.12.13-10.37.35:662][  0]LogD3D11RHI:       0/0/8160 MB DedicatedVideo/DedicatedSystem/SharedSystem, Outputs:0, VendorId:0x1414
[2018.12.13-10.37.35:662][  0]LogD3D11RHI: Chosen D3D11 Adapter: 0
[2018.12.13-10.37.35:676][  0]LogD3D11RHI: Creating new Direct3DDevice
[2018.12.13-10.37.35:676][  0]LogD3D11RHI:     GPU DeviceId: 0x1b81 (for the marketing name, search the web for "GPU Device Id")
[2018.12.13-10.37.35:676][  0]LogWindows: EnumDisplayDevices:
[2018.12.13-10.37.35:676][  0]LogWindows:    0. 'NVIDIA GeForce GTX 1070' (P:1 D:1)
[2018.12.13-10.37.35:677][  0]LogWindows:    1. 'NVIDIA GeForce GTX 1070' (P:0 D:0)
[2018.12.13-10.37.35:677][  0]LogWindows:    2. 'NVIDIA GeForce GTX 1070' (P:0 D:0)
[2018.12.13-10.37.35:678][  0]LogWindows:    3. 'NVIDIA GeForce GTX 1070' (P:0 D:0)
[2018.12.13-10.37.35:678][  0]LogWindows: DebugString: FoundDriverCount:4 
[2018.12.13-10.37.35:678][  0]LogD3D11RHI:     Adapter Name: NVIDIA GeForce GTX 1070
[2018.12.13-10.37.35:678][  0]LogD3D11RHI:   Driver Version: 417.22 (internal:25.21.14.1722, unified:417.22)
[2018.12.13-10.37.35:678][  0]LogD3D11RHI:      Driver Date: 11-29-2018
[2018.12.13-10.37.35:678][  0]LogRHI: Texture pool is 5661 MB (70% of 8088 MB)
[2018.12.13-10.37.35:729][  0]LogD3D11RHI: Async texture creation enabled
[2018.12.13-10.37.35:754][  0]LogD3D11RHI: GPU Timing Frequency: 1000.000000 (Debug: 2 2)
[2018.12.13-10.37.35:799][  0]LogShaderCompilers: Guid format shader working directory is -4 characters bigger than the processId version (../../../../../GameDev/StrongStyle/STR_StrongStyle_v2/Intermediate/Shaders/WorkingDirectory/24076/).
[2018.12.13-10.37.35:799][  0]LogShaderCompilers: Cleaned the shader compiler working directory 'C:/Users/Dan Lazar/AppData/Local/Temp/UnrealShaderWorkingDir/885B75D7480139DCA504DEA415B79C60/'.
[2018.12.13-10.37.36:241][  0]LogTemp: Display: Loaded TP AllDesktopTargetPlatform
[2018.12.13-10.37.36:257][  0]LogTemp: Display: Loaded TP MacClientTargetPlatform
[2018.12.13-10.37.36:273][  0]LogTemp: Display: Loaded TP MacNoEditorTargetPlatform
[2018.12.13-10.37.36:289][  0]LogTemp: Display: Loaded TP MacServerTargetPlatform
[2018.12.13-10.37.36:305][  0]LogTemp: Display: Loaded TP MacTargetPlatform
[2018.12.13-10.37.36:319][  0]LogTemp: Display: Loaded TP WindowsClientTargetPlatform
[2018.12.13-10.37.36:336][  0]LogTemp: Display: Loaded TP WindowsNoEditorTargetPlatform
[2018.12.13-10.37.36:352][  0]LogTemp: Display: Loaded TP WindowsServerTargetPlatform
[2018.12.13-10.37.36:360][  0]LogTemp: Display: Loaded TP WindowsTargetPlatform
[2018.12.13-10.37.36:444][  0]LogTemp: Display: Loaded TP AndroidTargetPlatform
[2018.12.13-10.37.36:445][  0]LogTemp: Display: Loaded TP AndroidTargetPlatform
[2018.12.13-10.37.36:445][  0]LogTemp: Display: Loaded TP AndroidTargetPlatform
[2018.12.13-10.37.36:445][  0]LogTemp: Display: Loaded TP AndroidTargetPlatform
[2018.12.13-10.37.36:445][  0]LogTemp: Display: Loaded TP AndroidTargetPlatform
[2018.12.13-10.37.36:445][  0]LogTemp: Display: Loaded TP AndroidTargetPlatform
[2018.12.13-10.37.36:445][  0]LogTemp: Display: Loaded TP AndroidTargetPlatform
[2018.12.13-10.37.36:445][  0]LogTemp: Display: Loaded TP AndroidTargetPlatform
[2018.12.13-10.37.36:445][  0]LogTemp: Display: Loaded TP AndroidTargetPlatform
[2018.12.13-10.37.36:445][  0]LogTemp: Display: Loaded TP AndroidTargetPlatform
[2018.12.13-10.37.36:445][  0]LogTemp: Display: Loaded TP AndroidTargetPlatform
[2018.12.13-10.37.36:445][  0]LogTemp: Display: Loaded TP AndroidTargetPlatform
[2018.12.13-10.37.36:445][  0]LogTemp: Display: Loaded TP AndroidTargetPlatform
[2018.12.13-10.37.36:445][  0]LogTemp: Display: Loaded TP AndroidTargetPlatform
[2018.12.13-10.37.36:445][  0]LogTemp: Display: Loaded TP AndroidTargetPlatform
[2018.12.13-10.37.36:445][  0]LogTemp: Display: Loaded TP AndroidTargetPlatform
[2018.12.13-10.37.36:445][  0]LogTemp: Display: Loaded TP AndroidTargetPlatform
[2018.12.13-10.37.36:445][  0]LogTemp: Display: Loaded TP AndroidTargetPlatform
[2018.12.13-10.37.36:447][  0]LogTemp: Display: Loaded TP HTML5TargetPlatform
[2018.12.13-10.37.36:513][  0]LogTemp: Display: Loaded TP IOSTargetPlatform
[2018.12.13-10.37.36:513][  0]LogTemp: Display: Loaded TP IOSTargetPlatform
[2018.12.13-10.37.36:540][  0]LogTemp: Display: Loaded TP TVOSTargetPlatform
[2018.12.13-10.37.36:540][  0]LogTemp: Display: Loaded TP TVOSTargetPlatform
[2018.12.13-10.37.36:555][  0]LogTemp: Display: Loaded TP LinuxClientTargetPlatform
[2018.12.13-10.37.36:570][  0]LogTemp: Display: Loaded TP LinuxNoEditorTargetPlatform
[2018.12.13-10.37.36:585][  0]LogTemp: Display: Loaded TP LinuxServerTargetPlatform
[2018.12.13-10.37.36:601][  0]LogTemp: Display: Loaded TP LinuxTargetPlatform
[2018.12.13-10.37.36:611][  0]LogTemp: Display: Loaded TP LuminTargetPlatform
[2018.12.13-10.37.36:612][  0]LogTargetPlatformManager: Display: Building Assets For Windows
[2018.12.13-10.37.36:695][  0]LogXGEController: Cleaning working directory: C:/Users/Dan Lazar/AppData/Local/Temp/UnrealXGEWorkingDir/
[2018.12.13-10.37.36:695][  0]LogXGEController: Cannot use XGE Controller as Incredibuild is not installed on this machine.
[2018.12.13-10.37.36:695][  0]LogShaderCompilers: Cannot use XGE Shader Compiler as Incredibuild is not installed on this machine.
[2018.12.13-10.37.36:695][  0]LogShaderCompilers: Display: Using Local Shader Compiler.
[2018.12.13-10.37.37:438][  0]LogDerivedDataCache: Display: Max Cache Size: 512 MB
[2018.12.13-10.37.37:520][  0]LogDerivedDataCache: Loaded boot cache 0.08s 68MB C:/Users/Dan Lazar/AppData/Local/UnrealEngine/4.20/DerivedDataCache/Boot.ddc.
[2018.12.13-10.37.37:522][  0]LogDerivedDataCache: Display: Loaded Boot cache: C:/Users/Dan Lazar/AppData/Local/UnrealEngine/4.20/DerivedDataCache/Boot.ddc
[2018.12.13-10.37.37:522][  0]LogDerivedDataCache: FDerivedDataBackendGraph:  Pak pak cache file ../../../../../GameDev/StrongStyle/STR_StrongStyle_v2/DerivedDataCache/DDC.ddp not found, will not use a pak cache.
[2018.12.13-10.37.37:522][  0]LogDerivedDataCache: Unable to find inner node Pak for hierarchical cache Hierarchy.
[2018.12.13-10.37.37:522][  0]LogDerivedDataCache: FDerivedDataBackendGraph:  CompressedPak pak cache file ../../../../../GameDev/StrongStyle/STR_StrongStyle_v2/DerivedDataCache/Compressed.ddp not found, will not use a pak cache.
[2018.12.13-10.37.37:522][  0]LogDerivedDataCache: Unable to find inner node CompressedPak for hierarchical cache Hierarchy.
[2018.12.13-10.37.37:535][  0]LogDerivedDataCache: Display: Pak cache opened for reading ../../../Engine/DerivedDataCache/Compressed.ddp.
[2018.12.13-10.37.37:548][  0]LogDerivedDataCache: Using Local data cache path C:/Users/Dan Lazar/AppData/Local/UnrealEngine/Common/DerivedDataCache: Writable
[2018.12.13-10.37.37:548][  0]LogDerivedDataCache: Shared data cache path not found in *engine.ini, will not use an Shared cache.
[2018.12.13-10.37.37:548][  0]LogDerivedDataCache: Unable to find inner node Shared for hierarchical cache Hierarchy.
[2018.12.13-10.37.37:568][  0]LogMaterial: Verifying Global Shaders for PCD3D_SM5
[2018.12.13-10.37.37:569][  0]LogSlate: Using FreeType 2.6.0
[2018.12.13-10.37.37:570][  0]LogSlate: SlateFontServices - WITH_FREETYPE: 1, WITH_HARFBUZZ: 1
[2018.12.13-10.37.37:671][  0]LogAssetRegistry: FAssetRegistry took 0.0273 seconds to start up
[2018.12.13-10.37.38:009][  0]LogInit: Selected Device Profile: [Windows]
[2018.12.13-10.37.38:070][  0]LogSimplygon: Simplygon DLL not present - disabling.
[2018.12.13-10.37.38:076][  0]LogMeshReduction: Using SimplygonSwarm for distributed automatic mesh merging
[2018.12.13-10.37.38:076][  0]LogMeshReduction: Using ProxyLODMeshReduction for automatic mesh merging
[2018.12.13-10.37.38:076][  0]LogMeshReduction: Using QuadricMeshReduction for automatic static mesh reduction
[2018.12.13-10.37.38:076][  0]LogMeshReduction: No automatic skeletal mesh reduction module available
[2018.12.13-10.37.38:174][  0]LogNetVersion: STR_StrongStyle_v2 1.0.0, NetCL: 4212847, EngineNetVer: 5, GameNetVer: 0 (Checksum: 3618140765)
[2018.12.13-10.37.38:726][  0]LogPackageLocalizationCache: Processed 9 localized package path(s) for 2 prioritized culture(s) in 0.083233 seconds
[2018.12.13-10.37.38:734][  0]LogUObjectArray: 37967 objects as part of root set at end of initial load.
[2018.12.13-10.37.38:734][  0]LogUObjectAllocator: 6605920 out of 0 bytes used by permanent object pool.
[2018.12.13-10.37.38:734][  0]LogUObjectArray: CloseDisregardForGC: 0/0 objects in disregard for GC pool
[2018.12.13-10.37.39:819][  0]LogTcpMessaging: Initializing TcpMessaging bridge
[2018.12.13-10.37.39:833][  0]LogUdpMessaging: Initializing bridge on interface 0.0.0.0:0 to multicast group 230.0.0.1:6666.
[2018.12.13-10.37.39:968][  0]SourceControl: Source control is disabled
[2018.12.13-10.37.39:968][  0]SourceControl: Source control is disabled
[2018.12.13-10.37.39:971][  0]SourceControl: Source control is disabled
[2018.12.13-10.37.39:973][  0]SourceControl: Source control is disabled
[2018.12.13-10.37.40:163][  0]LogAndroidPermission: UAndroidPermissionCallbackProxy::GetInstance
[2018.12.13-10.37.40:558][  0]LogEngine: Initializing Engine...
[2018.12.13-10.37.40:561][  0]LogStats: UGameplayTagsManager::ConstructGameplayTagTree: ImportINI prefixes -  0.000 s
[2018.12.13-10.37.40:561][  0]LogStats: UGameplayTagsManager::ConstructGameplayTagTree: Construct from data asset -  0.000 s
[2018.12.13-10.37.40:561][  0]LogStats: UGameplayTagsManager::ConstructGameplayTagTree: ImportINI -  0.000 s
[2018.12.13-10.37.40:561][  0]LogStats: UGameplayTagsManager::ConstructGameplayTagTree: GameplayTagTreeChangedEvent.Broadcast -  0.000 s
[2018.12.13-10.37.40:774][  0]LogInit: Initializing FReadOnlyCVARCache
[2018.12.13-10.37.40:792][  0]LogAIModule: Creating AISystem for world Untitled
[2018.12.13-10.37.41:017][  0]LogInit: XAudio2 using 'Speakers (Realtek High Definition Audio)' : 2 channels at 48 kHz using 32 bits per sample (channel mask 0x3)
[2018.12.13-10.37.41:075][  0]LogInit: FAudioDevice initialized.
[2018.12.13-10.37.41:075][  0]LogNetVersion: Set ProjectVersion to 1.0.0.0. Version Checksum will be recalculated on next use.
[2018.12.13-10.37.41:162][  0]LogDerivedDataCache: Saved boot cache 0.09s 68MB C:/Users/Dan Lazar/AppData/Local/UnrealEngine/4.20/DerivedDataCache/Boot.ddc.
[2018.12.13-10.37.41:163][  0]LogInit: Texture streaming: Enabled
[2018.12.13-10.37.41:191][  0]LogEngineSessionManager: EngineSessionManager initialized
[2018.12.13-10.37.41:215][  0]LogInit: Transaction tracking system initialized
[2018.12.13-10.37.41:249][  0]BlueprintLog: New page: Editor Load
[2018.12.13-10.37.41:354][  0]LocalizationService: Localization service is disabled
[2018.12.13-10.37.41:745][  0]LogCook: Display: Max memory allowance for cook 16384mb min free memory 0mb
[2018.12.13-10.37.41:745][  0]LogCook: Display: Mobile HDR setting 1
[2018.12.13-10.37.41:745][  0]LogGameplayTags: Display: UGameplayTagsManager::DoneAddingNativeTags. DelegateIsBound: 0
[2018.12.13-10.37.41:745][  0]LogStats: UGameplayTagsManager::ConstructGameplayTagTree: ImportINI prefixes -  0.000 s
[2018.12.13-10.37.41:745][  0]LogStats: UGameplayTagsManager::ConstructGameplayTagTree: Construct from data asset -  0.000 s
[2018.12.13-10.37.41:745][  0]LogStats: UGameplayTagsManager::ConstructGameplayTagTree: ImportINI -  0.000 s
[2018.12.13-10.37.41:745][  0]LogStats: UGameplayTagsManager::ConstructGameplayTagTree: GameplayTagTreeChangedEvent.Broadcast -  0.000 s
[2018.12.13-10.37.41:902][  0]LogFileCache: Scanning file cache for directory 'A:/GameDev/StrongStyle/STR_StrongStyle_v2/Content/' took 0.04s
[2018.12.13-10.37.41:903][  0]SourceControl: Source control is disabled
[2018.12.13-10.37.41:903][  0]Cmd: MAP LOAD FILE="../../../../../GameDev/StrongStyle/STR_StrongStyle_v2/Content/MAPS/Local.umap" TEMPLATE=0 SHOWPROGRESS=1 FEATURELEVEL=3
[2018.12.13-10.37.41:903][  0]LightingResults: New page: Lighting Build
[2018.12.13-10.37.41:907][  0]MapCheck: New page: Map Check
[2018.12.13-10.37.41:907][  0]LightingResults: New page: Lighting Build
[2018.12.13-10.37.42:227][  0]LogProperty: Error: UStructProperty::Serialize Loading: Property 'StructProperty /Game/BLUEPRINT/PLAYERS/BP_BasketballPlayer_M.BP_BasketballPlayer_M_C:ChangeShotType.CallFunc_GetDataTableRowFromName_OutRow'. Unknown structure.
[2018.12.13-10.37.42:752][  0]LogBlueprint: Error: [Compiler BPW_MenuMain] Spawn node  Create Widget  must have a class specified.
[2018.12.13-10.37.42:752][  0]LogBlueprint: Error: [Compiler BPW_MenuMain] Spawn node  Create Widget  must have a class specified.
[2018.12.13-10.37.43:054][  0]LogBlueprint: Warning: [Compiler BPW_MenuMain] [0011.13] Compile of BPW_MenuMain failed. 2 Fatal Issue(s) 0 Warning(s) [in 576 ms] (/Game/BLUEPRINT/WIDGETS/BPW_MenuMain.BPW_MenuMain)
[2018.12.13-10.37.44:268][  0]LogAIModule: Creating AISystem for world Local
[2018.12.13-10.37.44:281][  0]LogEditorServer: Finished looking for orphan Actors (0.000 secs)
[2018.12.13-10.37.44:328][  0]Cmd: MAP CHECKDEP NOCLEARLOG
[2018.12.13-10.37.44:452][  0]MapCheck: Map check complete: 0 Error(s), 0 Warning(s), took 123.219ms to complete.
[2018.12.13-10.37.44:452][  0]LogFileHelpers: Loading map 'Local' took 2.550
[2018.12.13-10.37.45:914][  0]LogSlate: Only BGRA pngs, bmps or icos are supported in by External Image Picker
[2018.12.13-10.37.46:011][  0]LogSlate: Took 0.000260 seconds to synchronously load lazily loaded font '../../../Engine/Content/Slate/Fonts/Roboto-Regular.ttf' (155K)
[2018.12.13-10.37.46:576][  0]LogTemp: Executing iPhonePackager certificates Engine -bundlename com.YourCompany.STRStrongStylev2
[2018.12.13-10.37.46:576][  0]LogTemp: CWD: A:\Epic Games\UE_4.20\Engine\Binaries\DotNET\IOS
[2018.12.13-10.37.46:576][  0]LogTemp: Initial Dir: A:\Epic Games\UE_4.20
[2018.12.13-10.37.46:576][  0]LogTemp: Env CWD: A:\Epic Games\UE_4.20\Engine\Binaries\DotNET\IOS
[2018.12.13-10.37.46:576][  0]LogTemp: BranchPath = MERTINS/A/Epic Games/UE_4.20/Engine/Binaries --- GameBranchPath = MERTINS/A/Epic Games/UE_4.20/Engine/Binaries
[2018.12.13-10.37.46:576][  0]LogTemp: IPP ERROR: Could not find provision directory 'C:\Users\Dan Lazar\AppData\Local/Apple Computer/MobileDevice/Provisioning Profiles/'.
[2018.12.13-10.37.46:576][  0]LogSlate: Updating window title bar state: overlay mode, drag disabled, window buttons hidden, title bar hidden
[2018.12.13-10.37.46:590][  0]LogCollectionManager: Loaded 0 collections in 0.002801 seconds
[2018.12.13-10.37.46:634][  0]LogFileCache: Scanning file cache for directory 'A:/GameDev/StrongStyle/STR_StrongStyle_v2/Saved/Collections/' took 0.01s
[2018.12.13-10.37.46:634][  0]LogFileCache: Scanning file cache for directory 'A:/GameDev/StrongStyle/STR_StrongStyle_v2/Content/Developers/DanLazar/Collections/' took 0.01s
[2018.12.13-10.37.46:634][  0]LogFileCache: Scanning file cache for directory 'A:/GameDev/StrongStyle/STR_StrongStyle_v2/Content/Collections/' took 0.01s
[2018.12.13-10.37.46:634][  0]LogCollectionManager: Rebuilt the GUID cache for 0 collections in 0.000000 seconds
[2018.12.13-10.37.46:644][  0]LogContentBrowser: Native class hierarchy populated in 0.0096 seconds. Added 2566 classes and 596 folders.
[2018.12.13-10.37.46:656][  0]LogContentBrowser: Native class hierarchy updated for 'WidgetCarousel' in 0.0003 seconds. Added 0 classes and 0 folders.
[2018.12.13-10.37.46:757][  0]LogContentBrowser: Native class hierarchy updated for 'AddContentDialog' in 0.0003 seconds. Added 0 classes and 0 folders.
[2018.12.13-10.37.46:809][  0]LogContentBrowser: Native class hierarchy updated for 'HierarchicalLODOutliner' in 0.0003 seconds. Added 0 classes and 0 folders.
[2018.12.13-10.37.46:810][  0]LogLoad: (Engine Initialization) Total time: 14.89 seconds
[2018.12.13-10.37.46:810][  0]LogLoad: (Engine Initialization) Total Blueprint compile time: 0.00 seconds
[2018.12.13-10.37.46:821][  0]LogWindowsTextInputMethodSystem: Display: IME system now deactivated.
[2018.12.13-10.37.46:822][  0]LogSlate: New Slate User Created.  User Index 1, Is Virtual User: 0
[2018.12.13-10.37.46:822][  0]LogSlate: Slate User Registered.  User Index 1, Is Virtual User: 0
[2018.12.13-10.37.47:381][  0]LogRenderer: Reallocating scene render targets to support 64x64 Format 10 NumSamples 1 (Frame:1).
[2018.12.13-10.37.47:381][  0]LogContentStreaming: Texture pool size now 1000 MB
[2018.12.13-10.37.47:386][  0]LogSlate: Took 0.000298 seconds to synchronously load lazily loaded font '../../../Engine/Content/Slate/Fonts/Roboto-Bold.ttf' (160K)
[2018.12.13-10.37.47:389][  0]LogSlate: Took 0.000380 seconds to synchronously load lazily loaded font '../../../Engine/Content/Editor/Slate/Fonts/FontAwesome.ttf' (139K)
[2018.12.13-10.37.47:541][  0]LogRenderer: Reallocating scene render targets to support 756x296 Format 10 NumSamples 1 (Frame:1).
[2018.12.13-10.37.47:541][  0]LogSlate: Took 0.000456 seconds to synchronously load lazily loaded font '../../../Engine/Content/Slate/Fonts/Roboto-Light.ttf' (167K)
[2018.12.13-10.37.47:650][  1]LogAssetRegistry: Asset discovery search completed in 10.0008 seconds
[2018.12.13-10.37.47:654][  1]LogCollectionManager: Rebuilt the object cache for 0 collections in 0.000000 seconds (found 0 objects)
[2018.12.13-10.37.47:654][  1]LogCollectionManager: Fixed up redirectors for 0 collections in 0.000101 seconds (updated 0 objects)
[2018.12.13-10.37.47:957][  3]LogRenderer: Reallocating scene render targets to support 756x328 Format 10 NumSamples 1 (Frame:1).
[2018.12.13-10.37.48:268][  3]LogSlate: Took 0.000311 seconds to synchronously load lazily loaded font '../../../Engine/Content/Slate/Fonts/Roboto-Light.ttf' (167K)
[2018.12.13-10.37.51:618][ 13]LogContentStreaming: Texture: "LightMapTexture2D /Game/MAPS/Local_BuiltData.Local_BuiltData:HQ_Lightmap0_1", ResidentMips: 7/11, RequestedMips: 11, WantedMips: 11, Boost: 0.2 (updated)
[2018.12.13-10.37.54:432][217]LogSlate: FSceneViewport::OnFocusLost() reason 0
[2018.12.13-10.37.54:507][226]LogTemp: Repeating last play command: New Editor Window (PIE)
[2018.12.13-10.37.54:539][226]LogBlueprintUserMessages: Early PlayInEditor Detection: Level '/Game/MAPS/Local.Local:PersistentLevel' has LevelScriptBlueprint '/Game/MAPS/Local.Local:PersistentLevel.Local' with GeneratedClass '/Game/MAPS/Local.Local_C' with ClassGeneratedBy '/Game/MAPS/Local.Local:PersistentLevel.Local'
[2018.12.13-10.37.54:539][226]LogPlayLevel: PlayLevel: No blueprints needed recompiling
[2018.12.13-10.37.56:357][226]LogSlate: Window 'Message' being destroyed
[2018.12.13-10.37.57:748][385]LogTemp: Repeating last play command: New Editor Window (PIE)
[2018.12.13-10.37.57:773][385]LogBlueprintUserMessages: Early PlayInEditor Detection: Level '/Game/MAPS/Local.Local:PersistentLevel' has LevelScriptBlueprint '/Game/MAPS/Local.Local:PersistentLevel.Local' with GeneratedClass '/Game/MAPS/Local.Local_C' with ClassGeneratedBy '/Game/MAPS/Local.Local:PersistentLevel.Local'
[2018.12.13-10.37.57:773][385]LogPlayLevel: PlayLevel: No blueprints needed recompiling
[2018.12.13-10.37.58:462][385]LogSlate: Window 'Message' being destroyed
[2018.12.13-10.37.58:516][385]LogModuleManager: Warning: ModuleManager: Unable to load module 'OnlineSubsystemSteam'  - 0 instances of that module name found.
[2018.12.13-10.37.58:528][385]PIE: New page: PIE session: Local (Dec 12, 2018, 6:37:58 PM)
[2018.12.13-10.37.58:529][385]LogPlayLevel: Creating play world package: /Game/MAPS/UEDPIE_0_Local
[2018.12.13-10.37.58:538][385]LogPlayLevel: PIE: StaticDuplicateObject took: (0.009025s)
[2018.12.13-10.37.58:538][385]LogAIModule: Creating AISystem for world Local
[2018.12.13-10.37.58:539][385]LogPlayLevel: PIE: World Init took: (0.001123s)
[2018.12.13-10.37.58:539][385]LogPlayLevel: PIE: Created PIE world by copying editor world from /Game/MAPS/Local.Local to /Game/MAPS/UEDPIE_0_Local.Local (0.010384s)
[2018.12.13-10.37.58:708][385]LogInit: XAudio2 using 'Speakers (Realtek High Definition Audio)' : 2 channels at 48 kHz using 32 bits per sample (channel mask 0x3)
[2018.12.13-10.37.58:749][385]LogInit: FAudioDevice initialized.
[2018.12.13-10.37.58:761][385]LogSlate: Updating window title bar state: overlay mode, drag disabled, window buttons hidden, title bar hidden
[2018.12.13-10.37.58:847][385]LogLoad: Game class is 'BasketBallGameMode_Local_C'
[2018.12.13-10.37.58:850][385]LogWorld: Bringing World /Game/MAPS/UEDPIE_0_Local.Local up for play (max tick rate 0) at 2018.12.13-02.37.58
[2018.12.13-10.37.58:850][385]LogWorld: Bringing up level for play took: 0.002045
[2018.12.13-10.37.58:870][385]LogContentBrowser: Native class hierarchy updated for 'MovieSceneCapture' in 0.0003 seconds. Added 10 classes and 0 folders.
[2018.12.13-10.37.58:871][385]LogBlueprintUserMessages: [BasketBallGameMode_Local_C_0] GAMEMODE > POST LOGIN: BP_Basketball_PlayerController_Localhas joined!
[2018.12.13-10.37.58:871][385]LogGameMode: Display: Match State Changed from EnteringMap to WaitingToStart
[2018.12.13-10.37.58:871][385]LogGameState: Match State Changed from EnteringMap to WaitingToStart
[2018.12.13-10.37.58:871][385]LogGameMode: Display: Match State Changed from WaitingToStart to InProgress
[2018.12.13-10.37.58:871][385]LogBlueprintUserMessages: [BasketBallGameMode_Local_C_0] GAMEMODE > ON HOST LEVEL CALLED, STARTING GAMEMODE
[2018.12.13-10.37.58:872][385]LogBlueprintUserMessages: [BasketBallGameMode_Local_C_0] GAMEMODE > HOOPS POPULATED
[2018.12.13-10.37.58:872][385]LogBlueprintUserMessages: [BasketBallGameMode_Local_C_0] GAMEMODE > HOOPS SET
[2018.12.13-10.37.58:872][385]LogBlueprintUserMessages: [BasketBallGameMode_Local_C_0] GAMEMODE > PLAYER START POINTS ACQUIRED
[2018.12.13-10.37.58:872][385]LogBlueprintUserMessages: [BasketBallGameMode_Local_C_0] GAMEMODE > LOCAL GAME DETECTED, SPAWNING PLAYERS
[2018.12.13-10.37.58:872][385]LogPlayerManagement: Error: Failed to Create Player: A local player already exists for controller ID 0,
[2018.12.13-10.37.58:872][385]LogBlueprintUserMessages: [BasketBallGameMode_Local_C_0] GAMEMODE > CREATING PLAYER: for ID 0
[2018.12.13-10.37.58:875][385]LogBlueprintUserMessages: [BP_BasketballPlayer_Local_C_0] PLAYER > BEGIN PLAY: for BP_BasketballPlayer_Local
[2018.12.13-10.37.58:875][385]LogBlueprintUserMessages: [BP_GameState_Local_C_0] GAMESTATE > REFRESH PLAYER ARRAY RESULTS: , BP_BasketballPlayer_Local
[2018.12.13-10.37.58:875][385]LogBlueprintUserMessages: [BP_BasketballPlayer_Local_C_0] PLAYER > NO LOCAL CAMERA, SPAWNING
[2018.12.13-10.37.58:875][385]LogBlueprintUserMessages: [BP_Camera_LOCAL_C_0] CAMERA: Initial Camera Setup
[2018.12.13-10.37.58:875][385]LogBlueprintUserMessages: [BP_BasketballPlayer_Local_C_0] PLAYER > MP CAMERA: BP_Camera_LOCAL SPAWNED ON: BP_BasketballPlayer_Local
[2018.12.13-10.37.58:876][385]LogBlueprintUserMessages: [BP_GameState_Local_C_0] GAMESTATE > LOCAL CAMERAS UPDATED
[2018.12.13-10.37.58:876][385]LogBlueprintUserMessages: [BP_BasketballPlayer_Local_C_0] PLAYER > CHANGING TEAM MATERIAL
[2018.12.13-10.37.58:876][385]LogBlueprintUserMessages: [BP_BasketballPlayer_Local_C_0] PLAYER > INITIAL SPECIAL SHOT: Granny Shot AKA Granny
[2018.12.13-10.37.58:876][385]LogBlueprintUserMessages: [BasketBallGameMode_Local_C_0] GAMEMODE > POSSESSING PLAYER:ID 0
[2018.12.13-10.37.58:876][385]LogBlueprintUserMessages: [BP_BasketballPlayer_Local_C_0] PLAYER > CHANGING TEAM MATERIAL
[2018.12.13-10.37.58:876][385]LogBlueprintUserMessages: [BP_BasketballPlayer_Local_C_0] PLAYER > CHANGING TEAM MATERIAL
[2018.12.13-10.37.58:880][385]LogBlueprintUserMessages: [BasketBallGameMode_Local_C_0] GAMEMODE > POST LOGIN: BP_Basketball_PlayerController_Local1has joined!
[2018.12.13-10.37.58:880][385]LogBlueprintUserMessages: [BasketBallGameMode_Local_C_0] GAMEMODE > CREATING PLAYER: for ID 1
[2018.12.13-10.37.58:882][385]LogBlueprintUserMessages: [BP_BasketballPlayer_Local_C_1] PLAYER > BEGIN PLAY: for BP_BasketballPlayer_Local1
[2018.12.13-10.37.58:882][385]LogBlueprintUserMessages: [BP_GameState_Local_C_0] GAMESTATE > REFRESH PLAYER ARRAY RESULTS: , BP_BasketballPlayer_Local, BP_BasketballPlayer_Local1
[2018.12.13-10.37.58:882][385]LogBlueprintUserMessages: [BP_BasketballPlayer_Local_C_1] PLAYER > CHANGING TEAM MATERIAL
[2018.12.13-10.37.58:882][385]LogBlueprintUserMessages: [BP_BasketballPlayer_Local_C_1] PLAYER > INITIAL SPECIAL SHOT: Granny Shot AKA Granny
[2018.12.13-10.37.58:882][385]LogBlueprintUserMessages: [BasketBallGameMode_Local_C_0] GAMEMODE > POSSESSING PLAYER:ID 1
[2018.12.13-10.37.58:882][385]LogBlueprintUserMessages: [BP_BasketballPlayer_Local_C_1] PLAYER > CHANGING TEAM MATERIAL
[2018.12.13-10.37.58:884][385]LogBlueprintUserMessages: [BasketBallGameMode_Local_C_0] GAMEMODE > POST LOGIN: BP_Basketball_PlayerController_Local2has joined!
[2018.12.13-10.37.58:884][385]LogBlueprintUserMessages: [BasketBallGameMode_Local_C_0] GAMEMODE > CREATING PLAYER: for ID 2
[2018.12.13-10.37.58:885][385]LogBlueprintUserMessages: [BP_BasketballPlayer_Local_C_2] PLAYER > BEGIN PLAY: for BP_BasketballPlayer_Local2
[2018.12.13-10.37.58:885][385]LogBlueprintUserMessages: [BP_GameState_Local_C_0] GAMESTATE > REFRESH PLAYER ARRAY RESULTS: , BP_BasketballPlayer_Local, BP_BasketballPlayer_Local1, BP_BasketballPlayer_Local2
[2018.12.13-10.37.58:885][385]LogBlueprintUserMessages: [BP_BasketballPlayer_Local_C_2] PLAYER > CHANGING TEAM MATERIAL
[2018.12.13-10.37.58:885][385]LogBlueprintUserMessages: [BP_BasketballPlayer_Local_C_2] PLAYER > INITIAL SPECIAL SHOT: Granny Shot AKA Granny
[2018.12.13-10.37.58:885][385]LogBlueprintUserMessages: [BasketBallGameMode_Local_C_0] GAMEMODE > POSSESSING PLAYER:ID 2
[2018.12.13-10.37.58:885][385]LogBlueprintUserMessages: [BP_BasketballPlayer_Local_C_2] PLAYER > CHANGING TEAM MATERIAL
[2018.12.13-10.37.58:886][385]LogBlueprintUserMessages: [BP_BasketballPlayer_Local_C_2] PLAYER > CHANGING TEAM MATERIAL
[2018.12.13-10.37.58:887][385]LogBlueprintUserMessages: [BasketBallGameMode_Local_C_0] GAMEMODE > POST LOGIN: BP_Basketball_PlayerController_Local3has joined!
[2018.12.13-10.37.58:887][385]LogBlueprintUserMessages: [BasketBallGameMode_Local_C_0] GAMEMODE > CREATING PLAYER: for ID 3
[2018.12.13-10.37.58:889][385]LogBlueprintUserMessages: [BP_BasketballPlayer_Local_C_3] PLAYER > BEGIN PLAY: for BP_BasketballPlayer_Local3
[2018.12.13-10.37.58:889][385]LogBlueprintUserMessages: [BP_GameState_Local_C_0] GAMESTATE > REFRESH PLAYER ARRAY RESULTS: , BP_BasketballPlayer_Local, BP_BasketballPlayer_Local1, BP_BasketballPlayer_Local2, BP_BasketballPlayer_Local3
[2018.12.13-10.37.58:889][385]LogBlueprintUserMessages: [BP_BasketballPlayer_Local_C_3] PLAYER > CHANGING TEAM MATERIAL
[2018.12.13-10.37.58:889][385]LogBlueprintUserMessages: [BP_BasketballPlayer_Local_C_3] PLAYER > INITIAL SPECIAL SHOT: Granny Shot AKA Granny
[2018.12.13-10.37.58:889][385]LogBlueprintUserMessages: [BasketBallGameMode_Local_C_0] GAMEMODE > POSSESSING PLAYER:ID 3
[2018.12.13-10.37.58:889][385]LogBlueprintUserMessages: [BP_BasketballPlayer_Local_C_3] PLAYER > CHANGING TEAM MATERIAL
[2018.12.13-10.37.58:889][385]LogBlueprintUserMessages: [BasketBallGameMode_Local_C_0] GAMEMODE > SPAWNING BALL
[2018.12.13-10.37.58:891][385]LogBlueprintUserMessages: [BasketBallGameMode_Local_C_0] GAMEMODE > PHASE UPDATE COMPLETE
[2018.12.13-10.37.58:891][385]Cmd: r.SetRes 1920x1080w
[2018.12.13-10.37.58:891][385]r.SetRes = "1920x1080w"
[2018.12.13-10.37.58:928][385]LogRenderer: Reallocating scene render targets to support 956x524 Format 10 NumSamples 1 (Frame:1).
[2018.12.13-10.37.58:988][385]LogRenderer: Reallocating scene render targets to support 968x560 Format 10 NumSamples 1 (Frame:2).
[2018.12.13-10.37.58:988][385]LogGameState: Match State Changed from WaitingToStart to InProgress
[2018.12.13-10.37.58:991][385]PIE: Play in editor start time for /Game/MAPS/UEDPIE_0_Local 1.827
[2018.12.13-10.37.58:992][385]LogBlueprintUserMessages: Late PlayInEditor Detection: Level '/Game/MAPS/Local.Local:PersistentLevel' has LevelScriptBlueprint '/Game/MAPS/Local.Local:PersistentLevel.Local' with GeneratedClass '/Game/MAPS/Local.Local_C' with ClassGeneratedBy '/Game/MAPS/Local.Local:PersistentLevel.Local'
[2018.12.13-10.37.59:085][386]LogBlueprintUserMessages: [BP_Camera_LOCAL_C_0] Clearing game Cameras onBP_Camera_LOCAL_C_0
[2018.12.13-10.37.59:085][386]LogBlueprintUserMessages: [BP_Camera_LOCAL_C_0] Camera CameraActor destroyed
[2018.12.13-10.37.59:085][386]LogBlueprintUserMessages: [BP_Camera_LOCAL_C_0] Camera CameraActor1 destroyed
[2018.12.13-10.37.59:085][386]LogBlueprintUserMessages: [BP_Camera_LOCAL_C_0] Camera CameraActor2 destroyed
[2018.12.13-10.37.59:086][386]LogBlueprintUserMessages: [BP_Camera_LOCAL_C_0] Camera CameraActor3 destroyed
[2018.12.13-10.37.59:086][386]LogBlueprintUserMessages: [BP_Camera_LOCAL_C_0] CAMERA: Cameras Destroyed
[2018.12.13-10.37.59:086][386]LogBlueprintUserMessages: [BP_Camera_LOCAL_C_0] CAMERA: BP_Camera_LOCAL_C_0running Class Setup
[2018.12.13-10.37.59:106][387]LogBlueprintUserMessages: [BP_Camera_LOCAL_C_0] CAMERA: First update
[2018.12.13-10.38.06:077][155]LogSlate: Took 0.000304 seconds to synchronously load lazily loaded font '../../../Engine/Content/Slate/Fonts/DroidSansMono.ttf' (77K)
[2018.12.13-10.38.07:376][298]LogSlate: Window 'STR_StrongStyle_v2 Game Preview Standalone (64-bit/PCD3D_SM5)' being destroyed
[2018.12.13-10.38.07:382][298]LogBlueprintUserMessages: Early EndPlayMap Detection: Level '/Game/MAPS/Local.Local:PersistentLevel' has LevelScriptBlueprint '/Game/MAPS/Local.Local:PersistentLevel.Local' with GeneratedClass '/Game/MAPS/Local.Local_C' with ClassGeneratedBy '/Game/MAPS/Local.Local:PersistentLevel.Local'
[2018.12.13-10.38.07:419][298]LogPlayLevel: Display: Shutting down PIE online subsystems
[2018.12.13-10.38.07:420][298]LogBlueprintUserMessages: Late EndPlayMap Detection: Level '/Game/MAPS/Local.Local:PersistentLevel' has LevelScriptBlueprint '/Game/MAPS/Local.Local:PersistentLevel.Local' with GeneratedClass '/Game/MAPS/Local.Local_C' with ClassGeneratedBy '/Game/MAPS/Local.Local:PersistentLevel.Local'
[2018.12.13-10.38.07:486][299]LogPlayLevel: Display: Destroying online subsystem :Context_3
[2018.12.13-10.38.30:693][167]LogEditorViewport: Clicking on Actor (LMB): PlayerStart (NetworkPlayerStart1)
[2018.12.13-10.38.32:051][258]LogSlate: FSceneViewport::OnFocusLost() reason 0
[2018.12.13-10.38.42:441][ 64]LogSlate: Took 0.000275 seconds to synchronously load lazily loaded font '../../../Engine/Content/Slate/Fonts/Roboto-Italic.ttf' (157K)
[2018.12.13-10.39.33:170][940]Cmd: OBJ SAVEPACKAGE PACKAGE="/Game/MAPS/Local" FILE="../../../../../GameDev/StrongStyle/STR_StrongStyle_v2/Content/MAPS/Local.umap" SILENT=true AUTOSAVING=false KEEPDIRTY=false
[2018.12.13-10.39.33:455][940]LogSavePackage: Moving '../../../../../GameDev/StrongStyle/STR_StrongStyle_v2/Saved/Local5B2C63674263326A7572E289B46CF7B3.tmp' to '../../../../../GameDev/StrongStyle/STR_StrongStyle_v2/Content/MAPS/Local.umap'
[2018.12.13-10.39.33:509][940]Cmd: OBJ SAVEPACKAGE PACKAGE="/Game/MAPS/Local_BuiltData" FILE="../../../../../GameDev/StrongStyle/STR_StrongStyle_v2/Content/MAPS/Local_BuiltData.uasset" SILENT=true
[2018.12.13-10.39.33:668][940]LogSavePackage: Moving '../../../../../GameDev/StrongStyle/STR_StrongStyle_v2/Saved/Local_BuiltData259DF42C47776F37A6A95999F279B23D.tmp' to '../../../../../GameDev/StrongStyle/STR_StrongStyle_v2/Content/MAPS/Local_BuiltData.uasset'
[2018.12.13-10.39.39:830][639]LogSlate: Window 'STR_StrongStyle_v2 - Unreal Editor' being destroyed
[2018.12.13-10.39.39:830][639]LogWindowsTextInputMethodSystem: Display: IME system now deactivated.
[2018.12.13-10.39.40:485][640]Cmd: QUIT_EDITOR
[2018.12.13-10.39.41:025][640]LogExit: Preparing to exit.
[2018.12.13-10.39.41:951][640]LogExit: Editor shut down
[2018.12.13-10.39.41:951][640]LogExit: Transaction tracking system shut down
[2018.12.13-10.39.42:261][640]LogExit: Object subsystem successfully closed.
[2018.12.13-10.39.42:284][640]LogShaderCompilers: Display: Shaders left to compile 0
[2018.12.13-10.39.42:288][640]LogD3D11RHI: Shutdown
[2018.12.13-10.39.42:288][640]LogD3D11RHI: CleanupD3DDevice
[2018.12.13-10.39.42:290][640]LogD3D11RHI: ~FD3D11DynamicRHI
[2018.12.13-10.39.42:319][640]LogModuleManager: Shutting down and abandoning module MovieSceneCapture (607)
[2018.12.13-10.39.42:319][640]LogModuleManager: Shutting down and abandoning module Voice (605)
[2018.12.13-10.39.42:319][640]LogModuleManager: Shutting down and abandoning module HierarchicalLODOutliner (603)
[2018.12.13-10.39.42:319][640]LogModuleManager: Shutting down and abandoning module AddContentDialog (601)
[2018.12.13-10.39.42:320][640]LogModuleManager: Shutting down and abandoning module WidgetCarousel (600)
[2018.12.13-10.39.42:320][640]LogModuleManager: Shutting down and abandoning module EditorWidgets (597)
[2018.12.13-10.39.42:320][640]LogModuleManager: Shutting down and abandoning module CollectionManager (595)
[2018.12.13-10.39.42:320][640]LogModuleManager: Shutting down and abandoning module SceneOutliner (593)
[2018.12.13-10.39.42:320][640]LogModuleManager: Shutting down and abandoning module ExternalImagePicker (591)
[2018.12.13-10.39.42:320][640]LogModuleManager: Shutting down and abandoning module StatsViewer (589)
[2018.12.13-10.39.42:320][640]LogModuleManager: Shutting down and abandoning module FoliageEdit (587)
[2018.12.13-10.39.42:320][640]LogModuleManager: Shutting down and abandoning module LandscapeEditor (585)
[2018.12.13-10.39.42:320][640]LogModuleManager: Shutting down and abandoning module MeshPaintMode (583)
[2018.12.13-10.39.42:320][640]LogModuleManager: Shutting down and abandoning module SceneDepthPickerMode (581)
[2018.12.13-10.39.42:320][640]LogModuleManager: Shutting down and abandoning module ActorPickerMode (579)
[2018.12.13-10.39.42:320][640]LogModuleManager: Shutting down and abandoning module GeometryMode (577)
[2018.12.13-10.39.42:320][640]LogModuleManager: Shutting down and abandoning module TextureAlignMode (575)
[2018.12.13-10.39.42:320][640]LogModuleManager: Shutting down and abandoning module BspMode (573)
[2018.12.13-10.39.42:320][640]LogModuleManager: Shutting down and abandoning module PIEPreviewDeviceProfileSelector (571)
[2018.12.13-10.39.42:320][640]LogModuleManager: Shutting down and abandoning module SequenceRecorderSections (569)
[2018.12.13-10.39.42:320][640]LogModuleManager: Shutting down and abandoning module AutomationWorker (567)
[2018.12.13-10.39.42:320][640]LogModuleManager: Shutting down and abandoning module AudioCaptureEditor (565)
[2018.12.13-10.39.42:320][640]LogModuleManager: Shutting down and abandoning module SequenceRecorder (564)
[2018.12.13-10.39.42:320][640]LogModuleManager: Shutting down and abandoning module MatineeToLevelSequence (561)
[2018.12.13-10.39.42:321][640]LogModuleManager: Shutting down and abandoning module LevelSequenceEditor (559)
[2018.12.13-10.39.42:321][640]LogModuleManager: Shutting down and abandoning module PlacementMode (558)
[2018.12.13-10.39.42:321][640]LogModuleManager: Shutting down and abandoning module MaterialEditor (557)
[2018.12.13-10.39.42:321][640]LogModuleManager: Shutting down and abandoning module WmfMediaFactory (553)
[2018.12.13-10.39.42:321][640]LogModuleManager: Shutting down and abandoning module WmfMediaEditor (551)
[2018.12.13-10.39.42:321][640]LogModuleManager: Shutting down and abandoning module MediaPlayerEditor (549)
[2018.12.13-10.39.42:321][640]LogModuleManager: Shutting down and abandoning module OpenExrWrapper (547)
[2018.12.13-10.39.42:321][640]LogModuleManager: Shutting down and abandoning module ImgMediaFactory (545)
[2018.12.13-10.39.42:321][640]LogModuleManager: Shutting down and abandoning module ImgMediaEditor (543)
[2018.12.13-10.39.42:321][640]LogModuleManager: Shutting down and abandoning module AvfMediaFactory (541)
[2018.12.13-10.39.42:321][640]LogModuleManager: Shutting down and abandoning module AvfMediaEditor (539)
[2018.12.13-10.39.42:321][640]LogModuleManager: Shutting down and abandoning module AndroidMediaFactory (537)
[2018.12.13-10.39.42:321][640]LogModuleManager: Shutting down and abandoning module AndroidMediaEditor (535)
[2018.12.13-10.39.42:321][640]LogModuleManager: Shutting down and abandoning module MagicLeapCameraPreviewFactory (533)
[2018.12.13-10.39.42:321][640]LogModuleManager: Shutting down and abandoning module MagicLeapMediaFactory (531)
[2018.12.13-10.39.42:321][640]LogModuleManager: Shutting down and abandoning module MagicLeapMediaEditor (529)
[2018.12.13-10.39.42:321][640]LogModuleManager: Shutting down and abandoning module CharacterAI (527)
[2018.12.13-10.39.42:321][640]LogModuleManager: Shutting down and abandoning module SmartSnapping (525)
[2018.12.13-10.39.42:321][640]LogModuleManager: Shutting down and abandoning module SessionServices (523)
[2018.12.13-10.39.42:321][640]LogModuleManager: Shutting down and abandoning module ViewportSnapping (521)
[2018.12.13-10.39.42:321][640]LogModuleManager: Shutting down and abandoning module ViewportInteraction (519)
[2018.12.13-10.39.42:321][640]LogModuleManager: Shutting down and abandoning module ClothPainter (517)
[2018.12.13-10.39.42:321][640]LogModuleManager: Shutting down and abandoning module SkeletalMeshEditor (516)
[2018.12.13-10.39.42:321][640]LogModuleManager: Shutting down and abandoning module LogVisualizer (513)
[2018.12.13-10.39.42:321][640]LogModuleManager: Shutting down and abandoning module IntroTutorials (511)
[2018.12.13-10.39.42:321][640]LogModuleManager: Shutting down and abandoning module GameProjectGeneration (510)
[2018.12.13-10.39.42:321][640]LogModuleManager: Shutting down and abandoning module LuminPlatformEditor (507)
[2018.12.13-10.39.42:321][640]LogModuleManager: Shutting down and abandoning module IOSPlatformEditor (505)
[2018.12.13-10.39.42:321][640]LogModuleManager: Shutting down and abandoning module HTML5PlatformEditor (503)
[2018.12.13-10.39.42:321][640]LogModuleManager: Shutting down and abandoning module AndroidPlatformEditor (501)
[2018.12.13-10.39.42:321][640]LogModuleManager: Shutting down and abandoning module AndroidDeviceDetection (500)
[2018.12.13-10.39.42:475][640]LogModuleManager: Shutting down and abandoning module WindowsPlatformEditor (497)
[2018.12.13-10.39.42:475][640]LogModuleManager: Shutting down and abandoning module LuminRuntimeSettings (495)
[2018.12.13-10.39.42:475][640]LogModuleManager: Shutting down and abandoning module IOSRuntimeSettings (493)
[2018.12.13-10.39.42:475][640]LogModuleManager: Shutting down and abandoning module AndroidRuntimeSettings (491)
[2018.12.13-10.39.42:475][640]LogModuleManager: Shutting down and abandoning module InputBindingEditor (489)
[2018.12.13-10.39.42:475][640]LogModuleManager: Shutting down and abandoning module MergeActors (487)
[2018.12.13-10.39.42:475][640]LogModuleManager: Shutting down and abandoning module LocalizationDashboard (485)
[2018.12.13-10.39.42:475][640]LogModuleManager: Shutting down and abandoning module LocalizationService (484)
[2018.12.13-10.39.42:475][640]LogModuleManager: Shutting down and abandoning module HardwareTargeting (481)
[2018.12.13-10.39.42:475][640]LogModuleManager: Shutting down and abandoning module DeviceProfileEditor (479)
[2018.12.13-10.39.42:475][640]LogModuleManager: Shutting down and abandoning module UndoHistory (477)
[2018.12.13-10.39.42:475][640]LogModuleManager: Shutting down and abandoning module XmlParser (475)
[2018.12.13-10.39.42:475][640]LogModuleManager: Shutting down and abandoning module Blutility (473)
[2018.12.13-10.39.42:476][640]LogModuleManager: Shutting down and abandoning module ProjectSettingsViewer (471)
[2018.12.13-10.39.42:476][640]LogModuleManager: Shutting down and abandoning module ProjectTargetPlatformEditor (470)
[2018.12.13-10.39.42:476][640]LogModuleManager: Shutting down and abandoning module EditorSettingsViewer (467)
[2018.12.13-10.39.42:476][640]LogModuleManager: Shutting down and abandoning module SettingsEditor (465)
[2018.12.13-10.39.42:476][640]LogModuleManager: Shutting down and abandoning module ProjectLauncher (463)
[2018.12.13-10.39.42:476][640]LogModuleManager: Shutting down and abandoning module SessionFrontend (461)
[2018.12.13-10.39.42:476][640]LogModuleManager: Shutting down and abandoning module ProfilerClient (459)
[2018.12.13-10.39.42:476][640]LogModuleManager: Shutting down and abandoning module DeviceManager (457)
[2018.12.13-10.39.42:476][640]LogModuleManager: Shutting down and abandoning module TargetDeviceServices (456)
[2018.12.13-10.39.42:542][640]LogModuleManager: Shutting down and abandoning module AutomationController (453)
[2018.12.13-10.39.42:542][640]LogModuleManager: Shutting down and abandoning module AutomationWindow (451)
[2018.12.13-10.39.42:542][640]LogModuleManager: Shutting down and abandoning module Layers (449)
[2018.12.13-10.39.42:542][640]LogModuleManager: Shutting down and abandoning module ComponentVisualizers (447)
[2018.12.13-10.39.42:542][640]LogModuleManager: Shutting down and abandoning module DetailCustomizations (445)
[2018.12.13-10.39.42:542][640]LogModuleManager: Shutting down and abandoning module PackagesDialog (443)
[2018.12.13-10.39.42:542][640]LogModuleManager: Shutting down and abandoning module Persona (441)
[2018.12.13-10.39.42:542][640]LogModuleManager: Shutting down and abandoning module AdvancedPreviewScene (440)
[2018.12.13-10.39.42:542][640]LogModuleManager: Shutting down and abandoning module AnimGraph (438)
[2018.12.13-10.39.42:542][640]LogModuleManager: Shutting down and abandoning module Kismet (435)
[2018.12.13-10.39.42:546][640]LogModuleManager: Shutting down and abandoning module GraphEditor (433)
[2018.12.13-10.39.42:546][640]LogModuleManager: Shutting down and abandoning module ClassViewer (431)
[2018.12.13-10.39.42:546][640]LogModuleManager: Shutting down and abandoning module Toolbox (429)
[2018.12.13-10.39.42:546][640]LogModuleManager: Shutting down and abandoning module ModuleUI (427)
[2018.12.13-10.39.42:546][640]LogModuleManager: Shutting down and abandoning module MovieSceneTools (425)
[2018.12.13-10.39.42:546][640]LogModuleManager: Shutting down and abandoning module OutputLog (423)
[2018.12.13-10.39.42:546][640]LogModuleManager: Shutting down and abandoning module GammaUI (421)
[2018.12.13-10.39.42:546][640]LogModuleManager: Shutting down and abandoning module Documentation (419)
[2018.12.13-10.39.42:546][640]LogModuleManager: Shutting down and abandoning module MovieSceneTracks (417)
[2018.12.13-10.39.42:546][640]LogModuleManager: Shutting down and abandoning module MovieScene (415)
[2018.12.13-10.39.42:546][640]LogModuleManager: Shutting down and abandoning module StreamingPauseRendering (413)
[2018.12.13-10.39.42:546][640]LogModuleManager: Shutting down and abandoning module LauncherPlatform (411)
[2018.12.13-10.39.42:546][640]LogModuleManager: Shutting down and abandoning module AnalyticsET (409)
[2018.12.13-10.39.42:546][640]LogModuleManager: Shutting down and abandoning module PortalServices (407)
[2018.12.13-10.39.42:546][640]LogModuleManager: Shutting down and abandoning module PortalRpc (405)
[2018.12.13-10.39.42:546][640]LogModuleManager: Shutting down and abandoning module MessagingRpc (403)
[2018.12.13-10.39.42:546][640]LogModuleManager: Shutting down and abandoning module AIModule (401)
[2018.12.13-10.39.42:546][640]LogModuleManager: Shutting down and abandoning module GameplayDebugger (400)
[2018.12.13-10.39.42:546][640]LogModuleManager: Shutting down and abandoning module AITestSuite (398)
[2018.12.13-10.39.42:546][640]LogModuleManager: Shutting down and abandoning module NavigationSystem (396)
[2018.12.13-10.39.42:546][640]LogModuleManager: Shutting down and abandoning module DesktopPlatform (393)
[2018.12.13-10.39.42:546][640]LogModuleManager: Shutting down and abandoning module ProfilerService (391)
[2018.12.13-10.39.42:714][640]LogModuleManager: Shutting down and abandoning module TaskGraph (389)
[2018.12.13-10.39.42:714][640]LogModuleManager: Shutting down and abandoning module ProceduralMeshComponentEditor (387)
[2018.12.13-10.39.42:714][640]LogModuleManager: Shutting down and abandoning module ProceduralMeshComponent (385)
[2018.12.13-10.39.42:714][640]LogModuleManager: Shutting down and abandoning module MobilePatchingUtils (383)
[2018.12.13-10.39.42:714][640]LogModuleManager: Shutting down and abandoning module EditableMesh (381)
[2018.12.13-10.39.42:714][640]LogModuleManager: Shutting down and abandoning module CustomMeshComponent (379)
[2018.12.13-10.39.42:714][640]LogModuleManager: Shutting down and abandoning module CableComponent (377)
[2018.12.13-10.39.42:714][640]LogModuleManager: Shutting down and abandoning module AudioCapture (375)
[2018.12.13-10.39.42:714][640]LogModuleManager: Shutting down and abandoning module ArchVisCharacter (373)
[2018.12.13-10.39.42:714][640]LogModuleManager: Shutting down and abandoning module AndroidPermission (371)
[2018.12.13-10.39.42:714][640]LogModuleManager: Shutting down and abandoning module NUTUnrealEngine4 (369)
[2018.12.13-10.39.42:714][640]LogModuleManager: Shutting down and abandoning module NetcodeUnitTest (367)
[2018.12.13-10.39.42:714][640]LogModuleManager: Shutting down and abandoning module MediaCompositingEditor (365)
[2018.12.13-10.39.42:714][640]LogModuleManager: Shutting down and abandoning module MediaCompositing (363)
[2018.12.13-10.39.42:714][640]LogModuleManager: Shutting down and abandoning module LinearTimecode (361)
[2018.12.13-10.39.42:715][640]LogModuleManager: Shutting down and abandoning module ImgMedia (359)
[2018.12.13-10.39.42:718][640]LogModuleManager: Shutting down and abandoning module HTML5Networking (357)
[2018.12.13-10.39.42:718][640]LogModuleManager: Shutting down and abandoning module GeometryCacheTracks (355)
[2018.12.13-10.39.42:718][640]LogModuleManager: Shutting down and abandoning module GeometryCacheSequencer (353)
[2018.12.13-10.39.42:718][640]LogModuleManager: Shutting down and abandoning module BackChannel (351)
[2018.12.13-10.39.42:718][640]LogModuleManager: Shutting down and abandoning module AppleVision (349)
[2018.12.13-10.39.42:718][640]LogModuleManager: Shutting down and abandoning module AppleImageUtils (347)
[2018.12.13-10.39.42:718][640]LogModuleManager: Shutting down and abandoning module AlembicImporter (345)
[2018.12.13-10.39.42:718][640]LogModuleManager: Shutting down and abandoning module AlembicLibrary (344)
[2018.12.13-10.39.42:718][640]LogModuleManager: Shutting down and abandoning module GeometryCache (343)
[2018.12.13-10.39.42:718][640]LogModuleManager: Shutting down and abandoning module GeometryCacheEd (342)
[2018.12.13-10.39.42:718][640]LogModuleManager: Shutting down and abandoning module DatasmithContentEditor (337)
[2018.12.13-10.39.42:718][640]LogModuleManager: Shutting down and abandoning module DatasmithContent (335)
[2018.12.13-10.39.42:718][640]LogModuleManager: Shutting down and abandoning module SpeedTreeImporter (333)
[2018.12.13-10.39.42:718][640]LogModuleManager: Shutting down and abandoning module PluginBrowser (331)
[2018.12.13-10.39.42:718][640]LogModuleManager: Shutting down and abandoning module MobileLauncherProfileWizard (329)
[2018.12.13-10.39.42:718][640]LogModuleManager: Shutting down and abandoning module PolygonModeling (327)
[2018.12.13-10.39.42:719][640]LogModuleManager: Shutting down and abandoning module MeshEditor (325)
[2018.12.13-10.39.42:719][640]LogModuleManager: Shutting down and abandoning module CryptoKeysOpenSSL (323)
[2018.12.13-10.39.42:719][640]LogModuleManager: Shutting down and abandoning module CryptoKeys (321)
[2018.12.13-10.39.42:719][640]LogModuleManager: Shutting down and abandoning module VisualStudioSourceCodeAccess (319)
[2018.12.13-10.39.42:719][640]LogModuleManager: Shutting down and abandoning module VisualStudioCodeSourceCodeAccess (317)
[2018.12.13-10.39.42:719][640]LogModuleManager: Shutting down and abandoning module UObjectPlugin (315)
[2018.12.13-10.39.42:719][640]LogModuleManager: Shutting down and abandoning module SubversionSourceControl (313)
[2018.12.13-10.39.42:719][640]LogModuleManager: Shutting down and abandoning module PerforceSourceControl (311)
[2018.12.13-10.39.42:719][640]LogModuleManager: Shutting down and abandoning module GitSourceControl (309)
[2018.12.13-10.39.42:719][640]LogModuleManager: Shutting down and abandoning module SourceControl (308)
[2018.12.13-10.39.42:719][640]LogModuleManager: Shutting down and abandoning module CLionSourceCodeAccess (305)
[2018.12.13-10.39.42:719][640]LogModuleManager: Shutting down and abandoning module LightPropagationVolumeEditor (303)
[2018.12.13-10.39.42:719][640]LogModuleManager: Shutting down and abandoning module PaperTiledImporter (301)
[2018.12.13-10.39.42:719][640]LogModuleManager: Shutting down and abandoning module PaperSpriteSheetImporter (299)
[2018.12.13-10.39.42:719][640]LogModuleManager: Shutting down and abandoning module Paper2DEditor (297)
[2018.12.13-10.39.42:719][640]LogModuleManager: Shutting down and abandoning module MeshPaint (296)
[2018.12.13-10.39.42:719][640]LogModuleManager: Shutting down and abandoning module RuntimePhysXCooking (293)
[2018.12.13-10.39.42:719][640]LogModuleManager: Shutting down and abandoning module PhysXVehiclesEditor (291)
[2018.12.13-10.39.42:719][640]LogModuleManager: Shutting down and abandoning module PhysXVehicles (289)
[2018.12.13-10.39.42:719][640]LogModuleManager: Shutting down and abandoning module LocationServicesBPLibrary (287)
[2018.12.13-10.39.42:719][640]LogModuleManager: Shutting down and abandoning module ImmediatePhysicsEditor (285)
[2018.12.13-10.39.42:719][640]LogModuleManager: Shutting down and abandoning module ImmediatePhysics (283)
[2018.12.13-10.39.42:719][640]LogModuleManager: Shutting down and abandoning module ActorSequence (281)
[2018.12.13-10.39.42:719][640]LogModuleManager: Shutting down and abandoning module UdpMessaging (279)
[2018.12.13-10.39.42:820][640]LogModuleManager: Shutting down and abandoning module TcpMessaging (277)
[2018.12.13-10.39.42:925][640]LogModuleManager: Shutting down and abandoning module MagicLeapAudio (275)
[2018.12.13-10.39.42:925][640]LogModuleManager: Shutting down and abandoning module GameplayTagsEditor (273)
[2018.12.13-10.39.42:925][640]LogModuleManager: Shutting down and abandoning module FacialAnimationEditor (271)
[2018.12.13-10.39.42:925][640]LogModuleManager: Shutting down and abandoning module FacialAnimation (269)
[2018.12.13-10.39.42:925][640]LogModuleManager: Shutting down and abandoning module DataValidation (267)
[2018.12.13-10.39.42:925][640]LogModuleManager: Shutting down and abandoning module AssetManagerEditor (265)
[2018.12.13-10.39.42:925][640]LogModuleManager: Shutting down and abandoning module LevelEditor (264)
[2018.12.13-10.39.42:939][640]LogModuleManager: Shutting down and abandoning module PixelInspectorModule (263)
[2018.12.13-10.39.42:939][640]LogModuleManager: Shutting down and abandoning module CommonMenuExtensions (261)
[2018.12.13-10.39.42:939][640]LogModuleManager: Shutting down and abandoning module MainFrame (259)
[2018.12.13-10.39.42:939][640]LogModuleManager: Shutting down and abandoning module HotReload (258)
[2018.12.13-10.39.42:940][640]LogModuleManager: Shutting down and abandoning module ContentBrowser (254)
[2018.12.13-10.39.42:942][640]LogModuleManager: Shutting down and abandoning module TreeMap (252)
[2018.12.13-10.39.42:942][640]LogModuleManager: Shutting down and abandoning module LightPropagationVolumeRuntime (249)
[2018.12.13-10.39.42:942][640]LogModuleManager: Shutting down and abandoning module AISupportModule (247)
[2018.12.13-10.39.42:942][640]LogModuleManager: Shutting down and abandoning module Paper2D (245)
[2018.12.13-10.39.42:942][640]LogModuleManager: Shutting down and abandoning module WindowsMoviePlayer (243)
[2018.12.13-10.39.42:942][640]LogModuleManager: Shutting down and abandoning module WmfMedia (241)
[2018.12.13-10.39.42:943][640]LogModuleManager: Shutting down and abandoning module Media (240)
[2018.12.13-10.39.42:950][640]LogModuleManager: Shutting down and abandoning module PacketHandler (237)
[2018.12.13-10.39.42:950][640]LogModuleManager: Shutting down and abandoning module ClothingSystemEditor (235)
[2018.12.13-10.39.42:950][640]LogModuleManager: Shutting down and abandoning module ClothingSystemRuntime (233)
[2018.12.13-10.39.42:950][640]LogModuleManager: Shutting down and abandoning module MediaAssets (231)
[2018.12.13-10.39.42:950][640]LogModuleManager: Shutting down and abandoning module Overlay (229)
[2018.12.13-10.39.42:950][640]LogModuleManager: Shutting down and abandoning module OverlayEditor (228)
[2018.12.13-10.39.42:950][640]LogModuleManager: Shutting down and abandoning module VREditor (225)
[2018.12.13-10.39.42:950][640]LogModuleManager: Shutting down and abandoning module StringTableEditor (223)
[2018.12.13-10.39.42:950][640]LogModuleManager: Shutting down and abandoning module GameplayTasksEditor (221)
[2018.12.13-10.39.42:950][640]LogModuleManager: Shutting down and abandoning module BehaviorTreeEditor (219)
[2018.12.13-10.39.42:950][640]LogModuleManager: Shutting down and abandoning module FunctionalTesting (217)
[2018.12.13-10.39.42:950][640]LogModuleManager: Shutting down and abandoning module CollisionAnalyzer (215)
[2018.12.13-10.39.42:950][640]LogModuleManager: Shutting down and abandoning module WorkspaceMenuStructure (214)
[2018.12.13-10.39.42:950][640]LogModuleManager: Shutting down and abandoning module UMG (211)
[2018.12.13-10.39.42:950][640]LogModuleManager: Shutting down and abandoning module UMGEditor (210)
[2018.12.13-10.39.42:950][640]LogModuleManager: Shutting down and abandoning module Sequencer (209)
[2018.12.13-10.39.42:950][640]LogModuleManager: Shutting down and abandoning module MessageLog (206)
[2018.12.13-10.39.42:950][640]LogModuleManager: Shutting down and abandoning module SlateReflector (201)
[2018.12.13-10.39.42:950][640]LogModuleManager: Shutting down and abandoning module Slate (199)
[2018.12.13-10.39.42:950][640]LogModuleManager: Shutting down and abandoning module EditorStyle (197)
[2018.12.13-10.39.42:952][640]LogModuleManager: Shutting down and abandoning module MRMesh (195)
[2018.12.13-10.39.42:952][640]LogModuleManager: Shutting down and abandoning module SourceCodeAccess (193)
[2018.12.13-10.39.42:952][640]LogModuleManager: Shutting down and abandoning module HeadMountedDisplay (191)
[2018.12.13-10.39.42:952][640]LogModuleManager: Shutting down and abandoning module XAudio2 (189)
[2018.12.13-10.39.42:952][640]LogModuleManager: Shutting down and abandoning module Networking (187)
[2018.12.13-10.39.42:952][640]LogModuleManager: Shutting down and abandoning module Core (185)
[2018.12.13-10.39.42:952][640]LogModuleManager: Shutting down and abandoning module LevelSequence (183)
[2018.12.13-10.39.42:952][640]LogModuleManager: Shutting down and abandoning module KismetCompiler (181)
[2018.12.13-10.39.42:952][640]LogModuleManager: Shutting down and abandoning module MeshUtilities (179)
[2018.12.13-10.39.42:952][640]LogModuleManager: Shutting down and abandoning module MeshMergeUtilities (178)
[2018.12.13-10.39.42:952][640]LogModuleManager: Shutting down and abandoning module MeshReductionInterface (177)
[2018.12.13-10.39.42:952][640]LogModuleManager: Shutting down and abandoning module SimplygonSwarm (176)
[2018.12.13-10.39.42:952][640]LogModuleManager: Shutting down and abandoning module ProxyLODMeshReduction (174)
[2018.12.13-10.39.42:952][640]LogModuleManager: Shutting down and abandoning module SimplygonMeshReduction (172)
[2018.12.13-10.39.42:952][640]LogModuleManager: Shutting down and abandoning module QuadricMeshReduction (170)
[2018.12.13-10.39.42:952][640]LogModuleManager: Shutting down and abandoning module MaterialBaking (166)
[2018.12.13-10.39.42:952][640]LogModuleManager: Shutting down and abandoning module DirectoryWatcher (162)
[2018.12.13-10.39.42:952][640]LogModuleManager: Shutting down and abandoning module DerivedDataCache (159)
[2018.12.13-10.39.43:292][640]LogDerivedDataCache: Shutdown
[2018.12.13-10.39.43:292][640]LogModuleManager: Shutting down and abandoning module XGEController (157)
[2018.12.13-10.39.43:292][640]LogXGEController: Cleaning working directory: C:/Users/Dan Lazar/AppData/Local/Temp/UnrealXGEWorkingDir/
[2018.12.13-10.39.43:292][640]LogModuleManager: Shutting down and abandoning module TargetPlatform (155)
[2018.12.13-10.39.43:292][640]LogModuleManager: Shutting down and abandoning module VulkanShaderFormat (154)
[2018.12.13-10.39.43:292][640]LogModuleManager: Shutting down and abandoning module ShaderFormatVectorVM (152)
[2018.12.13-10.39.43:292][640]LogModuleManager: Shutting down and abandoning module ShaderFormatOpenGL (150)
[2018.12.13-10.39.43:292][640]LogModuleManager: Shutting down and abandoning module ShaderFormatD3D (148)
[2018.12.13-10.39.43:292][640]LogModuleManager: Shutting down and abandoning module MetalShaderFormat (146)
[2018.12.13-10.39.43:292][640]LogModuleManager: Shutting down and abandoning module TextureFormatUncompressed (144)
[2018.12.13-10.39.43:292][640]LogModuleManager: Shutting down and abandoning module TextureFormatPVR (142)
[2018.12.13-10.39.43:292][640]LogModuleManager: Shutting down and abandoning module TextureFormatDXT (140)
[2018.12.13-10.39.43:292][640]LogModuleManager: Shutting down and abandoning module TextureFormatIntelISPCTexComp (138)
[2018.12.13-10.39.43:294][640]LogModuleManager: Shutting down and abandoning module TextureFormatASTC (136)
[2018.12.13-10.39.43:294][640]LogModuleManager: Shutting down and abandoning module ImageWrapper (135)
[2018.12.13-10.39.43:294][640]LogModuleManager: Shutting down and abandoning module TextureFormatAndroid (132)
[2018.12.13-10.39.43:294][640]LogModuleManager: Shutting down and abandoning module AudioFormatOpus (130)
[2018.12.13-10.39.43:294][640]LogModuleManager: Shutting down and abandoning module AudioFormatOgg (128)
[2018.12.13-10.39.43:294][640]LogModuleManager: Shutting down and abandoning module AudioFormatADPCM (126)
[2018.12.13-10.39.43:294][640]LogModuleManager: Shutting down and abandoning module LuminTargetPlatform (124)
[2018.12.13-10.39.43:294][640]LogModuleManager: Shutting down and abandoning module LinuxTargetPlatform (122)
[2018.12.13-10.39.43:294][640]LogModuleManager: Shutting down and abandoning module LinuxServerTargetPlatform (120)
[2018.12.13-10.39.43:294][640]LogModuleManager: Shutting down and abandoning module LinuxNoEditorTargetPlatform (118)
[2018.12.13-10.39.43:294][640]LogModuleManager: Shutting down and abandoning module LinuxClientTargetPlatform (116)
[2018.12.13-10.39.43:294][640]LogModuleManager: Shutting down and abandoning module TVOSTargetPlatform (114)
[2018.12.13-10.39.43:295][640]LogModuleManager: Shutting down and abandoning module Messaging (112)
[2018.12.13-10.39.43:295][640]LogModuleManager: Shutting down and abandoning module IOSTargetPlatform (110)
[2018.12.13-10.39.43:297][640]LogModuleManager: Shutting down and abandoning module HTML5TargetPlatform (108)
[2018.12.13-10.39.43:297][640]LogModuleManager: Shutting down and abandoning module AndroidTargetPlatform (106)
[2018.12.13-10.39.43:308][640]LogModuleManager: Shutting down and abandoning module WindowsTargetPlatform (104)
[2018.12.13-10.39.43:308][640]LogModuleManager: Shutting down and abandoning module WindowsServerTargetPlatform (102)
[2018.12.13-10.39.43:308][640]LogModuleManager: Shutting down and abandoning module WindowsNoEditorTargetPlatform (100)
[2018.12.13-10.39.43:308][640]LogModuleManager: Shutting down and abandoning module WindowsClientTargetPlatform (98)
[2018.12.13-10.39.43:308][640]LogModuleManager: Shutting down and abandoning module MacTargetPlatform (96)
[2018.12.13-10.39.43:308][640]LogModuleManager: Shutting down and abandoning module MacServerTargetPlatform (94)
[2018.12.13-10.39.43:308][640]LogModuleManager: Shutting down and abandoning module MacNoEditorTargetPlatform (92)
[2018.12.13-10.39.43:308][640]LogModuleManager: Shutting down and abandoning module MacClientTargetPlatform (90)
[2018.12.13-10.39.43:308][640]LogModuleManager: Shutting down and abandoning module AllDesktopTargetPlatform (88)
[2018.12.13-10.39.43:308][640]LogModuleManager: Shutting down and abandoning module InputCore (85)
[2018.12.13-10.39.43:308][640]LogModuleManager: Shutting down and abandoning module Settings (83)
[2018.12.13-10.39.43:308][640]LogModuleManager: Shutting down and abandoning module PhysXCooking (81)
[2018.12.13-10.39.43:308][640]LogModuleManager: Shutting down and abandoning module ExampleDeviceProfileSelector (79)
[2018.12.13-10.39.43:308][640]LogModuleManager: Shutting down and abandoning module LauncherChunkInstaller (77)
[2018.12.13-10.39.43:308][640]LogModuleManager: Shutting down and abandoning module OnlineBlueprintSupport (75)
[2018.12.13-10.39.43:312][640]LogModuleManager: Shutting down and abandoning module OnlineSubsystem (71)
[2018.12.13-10.39.43:315][640]LogModuleManager: Shutting down and abandoning module XMPP (65)
[2018.12.13-10.39.43:316][640]LogModuleManager: Shutting down and abandoning module WebSockets (64)
[2018.12.13-10.39.43:327][640]LogModuleManager: Shutting down and abandoning module HTTP (61)
[2018.12.13-10.39.43:328][640]LogHttp: Display: Http module shutting down, but needs to wait on 1 outstanding Http requests:
[2018.12.13-10.39.43:328][640]LogHttp: Display: 	verb=[POST] url=[https://datarouter.ol.epicgames.com/datarouter/api/v1/public/data?SessionID=%7B5A684302-439E-E9E7-022F-5A94713C8847%7D&AppID=UEEditor.Rocket.Release&AppVersion=4.20.3-4369336%2B%2B%2BUE4%2BRelease-4.20&UserID=c06cffe2427963cc256537a200600ecc%7Cbbe8701702744966854a6a3e84aa1e68%7C054e31ef-f3fa-4184-ab48-735426d25462&AppEnvironment=datacollector-binary&UploadType=eteventstream] status=Processing
[2018.12.13-10.39.43:337][640]LogModuleManager: Shutting down and abandoning module SSL (60)
[2018.12.13-10.39.43:338][640]LogModuleManager: Shutting down and abandoning module MagicLeapEmulator (56)
[2018.12.13-10.39.43:338][640]LogModuleManager: Shutting down and abandoning module MagicLeapPrivileges (54)
[2018.12.13-10.39.43:338][640]LogModuleManager: Shutting down and abandoning module MagicLeapIdentity (52)
[2018.12.13-10.39.43:338][640]LogModuleManager: Shutting down and abandoning module MagicLeapHelperVulkan (50)
[2018.12.13-10.39.43:338][640]LogModuleManager: Shutting down and abandoning module MagicLeapHelperOpenGL (48)
[2018.12.13-10.39.43:338][640]LogModuleManager: Shutting down and abandoning module MagicLeapSecureStorage (46)
[2018.12.13-10.39.43:338][640]LogModuleManager: Shutting down and abandoning module MagicLeapGestures (44)
[2018.12.13-10.39.43:338][640]LogModuleManager: Shutting down and abandoning module MagicLeapEyeTracker (42)
[2018.12.13-10.39.43:338][640]LogModuleManager: Shutting down and abandoning module MagicLeapController (40)
[2018.12.13-10.39.43:339][640]LogSlate: Slate User Destroyed.  User Index 0, Is Virtual User: 0
[2018.12.13-10.39.43:339][640]LogSlate: Slate User Destroyed.  User Index 1, Is Virtual User: 0
[2018.12.13-10.39.43:339][640]LogModuleManager: Shutting down and abandoning module MagicLeap (38)
[2018.12.13-10.39.43:339][640]LogModuleManager: Shutting down and abandoning module AnimationModifiers (36)
[2018.12.13-10.39.43:339][640]LogModuleManager: Shutting down and abandoning module PropertyEditor (35)
[2018.12.13-10.39.43:339][640]LogModuleManager: Shutting down and abandoning module AudioEditor (32)
[2018.12.13-10.39.43:339][640]LogModuleManager: Shutting down and abandoning module TextureCompressor (30)
[2018.12.13-10.39.43:339][640]LogModuleManager: Shutting down and abandoning module ShaderCore (28)
[2018.12.13-10.39.43:340][640]LogModuleManager: Shutting down and abandoning module Landscape (26)
[2018.12.13-10.39.43:340][640]LogModuleManager: Shutting down and abandoning module SlateRHIRenderer (24)
[2018.12.13-10.39.43:340][640]LogModuleManager: Shutting down and abandoning module OpenGLDrv (22)
[2018.12.13-10.39.43:340][640]LogModuleManager: Shutting down and abandoning module D3D11RHI (20)
[2018.12.13-10.39.43:340][640]LogModuleManager: Shutting down and abandoning module AnimGraphRuntime (18)
[2018.12.13-10.39.43:340][640]LogModuleManager: Shutting down and abandoning module Renderer (16)
[2018.12.13-10.39.43:340][640]LogModuleManager: Shutting down and abandoning module Engine (14)
[2018.12.13-10.39.43:340][640]LogModuleManager: Shutting down and abandoning module CoreUObject (12)
[2018.12.13-10.39.43:340][640]LogModuleManager: Shutting down and abandoning module NetworkFile (10)
[2018.12.13-10.39.43:340][640]LogModuleManager: Shutting down and abandoning module CookedIterativeFile (8)
[2018.12.13-10.39.43:340][640]LogModuleManager: Shutting down and abandoning module StreamingFile (6)
[2018.12.13-10.39.43:340][640]LogModuleManager: Shutting down and abandoning module SandboxFile (4)
[2018.12.13-10.39.43:340][640]LogModuleManager: Shutting down and abandoning module PakFile (2)
[2018.12.13-10.39.43:343][640]LogExit: Exiting.
[2018.12.13-10.39.43:349][640]Log file closed, 12/13/18 02:39:43
