Log file open, 12/12/18 21:13:07
LogWindows: Failed to load 'aqProf.dll' (GetLastError=126)
LogWindows: File 'aqProf.dll' does not exist
LogWindows: Failed to load 'VtuneApi.dll' (GetLastError=126)
LogWindows: File 'VtuneApi.dll' does not exist
LogWindows: Failed to load 'VtuneApi32e.dll' (GetLastError=126)
LogWindows: File 'VtuneApi32e.dll' does not exist
LogInit: Display: Running engine for game: STR_StrongStyle_v2
LogPlatformFile: Not using cached read wrapper
LogTaskGraph: Started task graph with 5 named threads and 14 total threads with 3 sets of task threads.
LogStats: Stats thread started at 0.259369
LogD3D11RHI: Loaded GFSDK_Aftermath_Lib.x64.dll
LogICUInternationalization: Display: ICU TimeZone Detection - Raw Offset: -8:00, Platform Override: ''
LogPluginManager: Mounting plugin Paper2D
LogPluginManager: Mounting plugin AdvancedSessions
LogPluginManager: Mounting plugin AdvancedSteamSessions
LogPluginManager: Mounting plugin AISupport
LogPluginManager: Mounting plugin LightPropagationVolume
LogPluginManager: Mounting plugin CLionSourceCodeAccess
LogPluginManager: Mounting plugin CodeLiteSourceCodeAccess
LogPluginManager: Mounting plugin GitSourceControl
LogPluginManager: Mounting plugin KDevelopSourceCodeAccess
LogPluginManager: Mounting plugin NullSourceCodeAccess
LogPluginManager: Mounting plugin PerforceSourceControl
LogPluginManager: Mounting plugin SubversionSourceControl
LogPluginManager: Mounting plugin UObjectPlugin
LogPluginManager: Mounting plugin VisualStudioCodeSourceCodeAccess
LogPluginManager: Mounting plugin VisualStudioSourceCodeAccess
LogPluginManager: Mounting plugin XCodeSourceCodeAccess
LogPluginManager: Mounting plugin AssetManagerEditor
LogPluginManager: Mounting plugin CryptoKeys
LogPluginManager: Mounting plugin DataValidation
LogPluginManager: Mounting plugin FacialAnimation
LogPluginManager: Mounting plugin GameplayTagsEditor
LogPluginManager: Mounting plugin MacGraphicsSwitching
LogPluginManager: Mounting plugin MeshEditor
LogPluginManager: Mounting plugin MobileLauncherProfileWizard
LogPluginManager: Mounting plugin PluginBrowser
LogPluginManager: Mounting plugin SpeedTreeImporter
LogPluginManager: Mounting plugin DatasmithContent
LogPluginManager: Mounting plugin AlembicImporter
LogPluginManager: Mounting plugin AppleImageUtils
LogPluginManager: Mounting plugin AppleVision
LogPluginManager: Mounting plugin BackChannel
LogPluginManager: Mounting plugin CharacterAI
LogPluginManager: Mounting plugin GeometryCache
LogPluginManager: Mounting plugin HTML5Networking
LogPluginManager: Mounting plugin ProxyLODPlugin
LogPluginManager: Mounting plugin MagicLeap
LogPluginManager: Mounting plugin MagicLeapEmulator
LogPluginManager: Mounting plugin MagicLeapMedia
LogPluginManager: Mounting plugin AndroidMedia
LogPluginManager: Mounting plugin AvfMedia
LogPluginManager: Mounting plugin ImgMedia
LogPluginManager: Mounting plugin LinearTimecode
LogPluginManager: Mounting plugin MediaCompositing
LogPluginManager: Mounting plugin MediaPlayerEditor
LogPluginManager: Mounting plugin WmfMedia
LogPluginManager: Mounting plugin TcpMessaging
LogPluginManager: Mounting plugin UdpMessaging
LogPluginManager: Mounting plugin ActorSequence
LogPluginManager: Mounting plugin LevelSequenceEditor
LogPluginManager: Mounting plugin MatineeToLevelSequence
LogPluginManager: Mounting plugin NetcodeUnitTest
LogPluginManager: Mounting plugin NUTUnrealEngine4
LogPluginManager: Mounting plugin OnlineSubsystemGooglePlay
LogPluginManager: Mounting plugin OnlineSubsystemIOS
LogPluginManager: Mounting plugin OnlineSubsystem
LogPluginManager: Mounting plugin OnlineSubsystemNull
LogPluginManager: Mounting plugin OnlineSubsystemSteam
LogPluginManager: Mounting plugin OnlineSubsystemUtils
LogPluginManager: Mounting plugin LauncherChunkInstaller
LogPluginManager: Mounting plugin AndroidDeviceProfileSelector
LogPluginManager: Mounting plugin AndroidMoviePlayer
LogPluginManager: Mounting plugin AndroidPermission
LogPluginManager: Mounting plugin AppleMoviePlayer
LogPluginManager: Mounting plugin ArchVisCharacter
LogPluginManager: Mounting plugin AudioCapture
LogPluginManager: Mounting plugin CableComponent
LogPluginManager: Mounting plugin CustomMeshComponent
LogPluginManager: Mounting plugin EditableMesh
LogPluginManager: Mounting plugin ExampleDeviceProfileSelector
LogPluginManager: Mounting plugin GoogleCloudMessaging
LogPluginManager: Mounting plugin ImmediatePhysics
LogPluginManager: Mounting plugin IOSDeviceProfileSelector
LogPluginManager: Mounting plugin LinuxDeviceProfileSelector
LogPluginManager: Mounting plugin LocationServicesBPLibrary
LogPluginManager: Mounting plugin MobilePatchingUtils
LogPluginManager: Mounting plugin PhysXVehicles
LogPluginManager: Mounting plugin ProceduralMeshComponent
LogPluginManager: Mounting plugin RuntimePhysXCooking
LogPluginManager: Mounting plugin WindowsMoviePlayer
LogStreaming: Display: Took  0.057s to configure plugins.
LogInit: Using libcurl 7.55.1-DEV
LogInit:  - built for x86_64-pc-win32
LogInit:  - supports SSL with OpenSSL/1.0.2h
LogInit:  - supports HTTP deflate (compression) using libz 1.2.8
LogInit:  - other features:
LogInit:      CURL_VERSION_SSL
LogInit:      CURL_VERSION_LIBZ
LogInit:      CURL_VERSION_IPV6
LogInit:      CURL_VERSION_ASYNCHDNS
LogInit:      CURL_VERSION_LARGEFILE
LogInit:      CURL_VERSION_IDN
LogInit:  CurlRequestOptions (configurable via config and command line):
LogInit:  - bVerifyPeer = false  - Libcurl will NOT verify peer certificate
LogInit:  - bUseHttpProxy = false  - Libcurl will NOT use HTTP proxy
LogInit:  - bDontReuseConnections = false  - Libcurl will reuse connections
LogInit:  - CertBundlePath = nullptr  - Libcurl will use whatever was configured at build time.
LogInit:  - MaxHostConnections = 16  - Libcurl will limit the number of connections to a host
LogInit:  - LocalHostAddr = Default
LogInit:  - BufferSize = 65536
LogOnline: Display: STEAM: Loading Steam SDK 1.39
LogOnline: Warning: STEAM: Steamworks: SteamUtils() failed!
LogOnline: Warning: STEAM: Steamworks: SteamUser() failed!
LogOnline: Warning: STEAM: Steamworks: SteamFriends() failed!
LogOnline: Warning: STEAM: Steamworks: SteamRemoteStorage() failed!
LogOnline: Warning: STEAM: Steamworks: SteamUserStats() failed!
LogOnline: Warning: STEAM: Steamworks: SteamMatchmakingServers() failed!
LogOnline: Warning: STEAM: Steamworks: SteamApps() failed!
LogOnline: Warning: STEAM: Steamworks: SteamNetworking() failed!
LogOnline: Warning: STEAM: Steamworks: SteamMatchmaking() failed!
LogOnline: Display: STEAM: OnlineSubsystemSteam::Shutdown()
LogOnline: Warning: STEAM: Steam API failed to initialize!
LogOnline: Display: STEAM: OnlineSubsystemSteam::Shutdown()
LogInit: WinSock: version 1.1 (2.2), MaxSocks=32767, MaxUdp=65467
LogInit: Build: ++UE4+Release-4.20-CL-4369336
LogInit: Engine Version: 4.20.3-4369336+++UE4+Release-4.20
LogInit: Compatible Engine Version: 4.20.0-4212847+++UE4+Release-4.20
LogInit: Net CL: 4212847
LogInit: OS: Windows 10 (), CPU: Intel(R) Core(TM) i5-4690K CPU @ 3.50GHz, GPU: NVIDIA GeForce GTX 1070
LogInit: Compiled (64-bit): Sep 17 2018 12:26:19
LogInit: Compiled with Visual C++: 19.13.26129.00
LogInit: Build Configuration: Development
LogInit: Branch Name: ++UE4+Release-4.20
LogInit: Command Line:  /Game/MAPS/Local -game -PIEVIACONSOLE -ResX=1920 -ResY=1080  -Multiprocess -messaging -SessionName="Play in Standalone Game" -windowed 
LogInit: Base Directory: A:/Epic Games/UE_4.20/Engine/Binaries/Win64/
LogInit: Installed Engine Build: 1
LogDevObjectVersion: Number of dev versions registered: 20
LogDevObjectVersion:   Dev-Blueprints (B0D832E4-1F89-4F0D-ACCF-7EB736FD4AA2): 10
LogDevObjectVersion:   Dev-Build (E1C64328-A22C-4D53-A36C-8E866417BD8C): 0
LogDevObjectVersion:   Dev-Core (375EC13C-06E4-48FB-B500-84F0262A717E): 2
LogDevObjectVersion:   Dev-Editor (E4B068ED-F494-42E9-A231-DA0B2E46BB41): 24
LogDevObjectVersion:   Dev-Framework (CFFC743F-43B0-4480-9391-14DF171D2073): 34
LogDevObjectVersion:   Dev-Mobile (B02B49B5-BB20-44E9-A304-32B752E40360): 2
LogDevObjectVersion:   Dev-Networking (A4E4105C-59A1-49B5-A7C5-40C4547EDFEE): 0
LogDevObjectVersion:   Dev-Online (39C831C9-5AE6-47DC-9A44-9C173E1C8E7C): 0
LogDevObjectVersion:   Dev-Physics (78F01B33-EBEA-4F98-B9B4-84EACCB95AA2): 0
LogDevObjectVersion:   Dev-Platform (6631380F-2D4D-43E0-8009-CF276956A95A): 0
LogDevObjectVersion:   Dev-Rendering (12F88B9F-8875-4AFC-A67C-D90C383ABD29): 26
LogDevObjectVersion:   Dev-Sequencer (7B5AE74C-D270-4C10-A958-57980B212A5A): 9
LogDevObjectVersion:   Dev-VR (D7296918-1DD6-4BDD-9DE2-64A83CC13884): 2
LogDevObjectVersion:   Dev-LoadTimes (C2A15278-BFE7-4AFE-6C17-90FF531DF755): 1
LogDevObjectVersion:   Private-Geometry (6EACA3D4-40EC-4CC1-B786-8BED09428FC5): 3
LogDevObjectVersion:   Dev-AnimPhys (29E575DD-E0A3-4627-9D10-D276232CDCEA): 17
LogDevObjectVersion:   Dev-ReflectionCapture (6B266CEC-1EC7-4B8F-A30B-E4D90942FC07): 1
LogDevObjectVersion:   Dev-Automation (0DF73D61-A23F-47EA-B727-89E90C41499A): 1
LogDevObjectVersion:   FortniteMain (601D1886-AC64-4F84-AA16-D3DE0DEAC7D6): 12
LogDevObjectVersion:   Dev-Enterprise (9DFFBCD6-494F-0158-E221-12823C92A888): 1
LogStreaming: Display: Took  0.004s to delete old logs.
LogInit: Presizing for max 8388607 objects, including 0 objects not considered by GC, pre-allocating 0 bytes for permanent pool.
LogInit: Object subsystem initialized
[2018.12.13-05.13.07:368][  0]LogInit: Selected Device Profile: [Windows]
[2018.12.13-05.13.07:368][  0]LogInit: Applying CVar settings loaded from the selected device profile: [Windows]
[2018.12.13-05.13.07:372][  0]LogHAL: Display: Platform has ~ 16 GB [17114378240 / 17179869184 / 16], which maps to Larger [LargestMinGB=32, LargerMinGB=12, DefaultMinGB=8, SmallerMinGB=6, SmallestMinGB=0)
[2018.12.13-05.13.07:372][  0]LogInit: Setting Device Profile CVar: [[r.Vulkan.UseRealUBs:1]]
[2018.12.13-05.13.07:372][  0]LogInit: Going up to parent DeviceProfile []
[2018.12.13-05.13.07:372][  0]LogInit: Computer: MERTINS
[2018.12.13-05.13.07:372][  0]LogInit: User: DanLazar
[2018.12.13-05.13.07:372][  0]LogInit: CPU Page size=4096, Cores=4
[2018.12.13-05.13.07:372][  0]LogInit: High frequency timer resolution =3.415987 MHz
[2018.12.13-05.13.07:372][  0]LogMemory: Memory total: Physical=15.9GB (16GB approx)
[2018.12.13-05.13.07:373][  0]LogMemory: Platform Memory Stats for Windows
[2018.12.13-05.13.07:373][  0]LogMemory: Process Physical Memory: 101.42 MB used, 101.42 MB peak
[2018.12.13-05.13.07:373][  0]LogMemory: Process Virtual Memory: 100.48 MB used, 100.48 MB peak
[2018.12.13-05.13.07:373][  0]LogMemory: Physical Memory: 11030.68 MB used,  5290.86 MB free, 16321.54 MB total
[2018.12.13-05.13.07:373][  0]LogMemory: Virtual Memory: 4621.50 MB used,  5290.86 MB free, 134217728.00 MB total
[2018.12.13-05.13.07:401][  0]LogInit: Using OS detected language (en-US).
[2018.12.13-05.13.07:401][  0]LogInit: Using OS detected locale (en-US).
[2018.12.13-05.13.07:403][  0]LogTextLocalizationManager: No specific localization for 'en-US' exists, so the 'en' localization will be used.
[2018.12.13-05.13.07:867][  0]LogStreaming: Display: Took  0.466s to InitEngineTextLocalization.
[2018.12.13-05.13.07:895][  0]LogSlate: New Slate User Created.  User Index 0, Is Virtual User: 0
[2018.12.13-05.13.07:895][  0]LogSlate: Slate User Registered.  User Index 0, Is Virtual User: 0
[2018.12.13-05.13.07:900][  0]LogD3D11RHI: D3D11 adapters:
[2018.12.13-05.13.07:980][  0]LogD3D11RHI:    0. 'NVIDIA GeForce GTX 1070' (Feature Level 11_0)
[2018.12.13-05.13.07:980][  0]LogD3D11RHI:       8088/0/8160 MB DedicatedVideo/DedicatedSystem/SharedSystem, Outputs:1, VendorId:0x10de
[2018.12.13-05.13.07:983][  0]LogD3D11RHI:    1. 'Microsoft Basic Render Driver' (Feature Level 11_0)
[2018.12.13-05.13.07:983][  0]LogD3D11RHI:       0/0/8160 MB DedicatedVideo/DedicatedSystem/SharedSystem, Outputs:0, VendorId:0x1414
[2018.12.13-05.13.07:983][  0]LogD3D11RHI: Chosen D3D11 Adapter: 0
[2018.12.13-05.13.07:997][  0]LogD3D11RHI: Creating new Direct3DDevice
[2018.12.13-05.13.07:997][  0]LogD3D11RHI:     GPU DeviceId: 0x1b81 (for the marketing name, search the web for "GPU Device Id")
[2018.12.13-05.13.07:997][  0]LogWindows: EnumDisplayDevices:
[2018.12.13-05.13.07:997][  0]LogWindows:    0. 'NVIDIA GeForce GTX 1070' (P:1 D:1)
[2018.12.13-05.13.07:998][  0]LogWindows:    1. 'NVIDIA GeForce GTX 1070' (P:0 D:0)
[2018.12.13-05.13.07:998][  0]LogWindows:    2. 'NVIDIA GeForce GTX 1070' (P:0 D:0)
[2018.12.13-05.13.07:999][  0]LogWindows:    3. 'NVIDIA GeForce GTX 1070' (P:0 D:0)
[2018.12.13-05.13.07:999][  0]LogWindows: DebugString: FoundDriverCount:4 
[2018.12.13-05.13.07:999][  0]LogD3D11RHI:     Adapter Name: NVIDIA GeForce GTX 1070
[2018.12.13-05.13.07:999][  0]LogD3D11RHI:   Driver Version: 417.22 (internal:25.21.14.1722, unified:417.22)
[2018.12.13-05.13.07:999][  0]LogD3D11RHI:      Driver Date: 11-29-2018
[2018.12.13-05.13.07:999][  0]LogRHI: Texture pool is 5661 MB (70% of 8088 MB)
[2018.12.13-05.13.08:053][  0]LogD3D11RHI: Async texture creation enabled
[2018.12.13-05.13.08:080][  0]LogD3D11RHI: GPU Timing Frequency: 1000.000000 (Debug: 2 2)
[2018.12.13-05.13.08:126][  0]LogShaderCompilers: Guid format shader working directory is -4 characters bigger than the processId version (../../../../../GameDev/StrongStyle/STR_StrongStyle_v2/Intermediate/Shaders/WorkingDirectory/26484/).
[2018.12.13-05.13.08:126][  0]LogShaderCompilers: Cleaned the shader compiler working directory 'C:/Users/Dan Lazar/AppData/Local/Temp/UnrealShaderWorkingDir/636447F5491B92900D9B8F9E9FE36B61/'.
[2018.12.13-05.13.08:569][  0]LogTemp: Display: Loaded TP WindowsClientTargetPlatform
[2018.12.13-05.13.08:585][  0]LogTemp: Display: Loaded TP WindowsNoEditorTargetPlatform
[2018.12.13-05.13.08:602][  0]LogTemp: Display: Loaded TP WindowsServerTargetPlatform
[2018.12.13-05.13.08:619][  0]LogTemp: Display: Loaded TP WindowsTargetPlatform
[2018.12.13-05.13.08:619][  0]LogTargetPlatformManager: Display: Building Assets For Windows
[2018.12.13-05.13.08:697][  0]LogXGEController: Cannot use XGE Controller as Incredibuild is not installed on this machine.
[2018.12.13-05.13.08:697][  0]LogShaderCompilers: Cannot use XGE Shader Compiler as Incredibuild is not installed on this machine.
[2018.12.13-05.13.08:697][  0]LogShaderCompilers: Display: Using Local Shader Compiler.
[2018.12.13-05.13.09:415][  0]LogDerivedDataCache: Display: Max Cache Size: 512 MB
[2018.12.13-05.13.09:490][  0]LogDerivedDataCache: Loaded boot cache 0.07s 68MB C:/Users/Dan Lazar/AppData/Local/UnrealEngine/4.20/DerivedDataCache/Boot.ddc.
[2018.12.13-05.13.09:491][  0]LogDerivedDataCache: Display: Loaded Boot cache: C:/Users/Dan Lazar/AppData/Local/UnrealEngine/4.20/DerivedDataCache/Boot.ddc
[2018.12.13-05.13.09:491][  0]LogDerivedDataCache: FDerivedDataBackendGraph:  Pak pak cache file ../../../../../GameDev/StrongStyle/STR_StrongStyle_v2/DerivedDataCache/DDC.ddp not found, will not use a pak cache.
[2018.12.13-05.13.09:491][  0]LogDerivedDataCache: Unable to find inner node Pak for hierarchical cache Hierarchy.
[2018.12.13-05.13.09:491][  0]LogDerivedDataCache: FDerivedDataBackendGraph:  CompressedPak pak cache file ../../../../../GameDev/StrongStyle/STR_StrongStyle_v2/DerivedDataCache/Compressed.ddp not found, will not use a pak cache.
[2018.12.13-05.13.09:491][  0]LogDerivedDataCache: Unable to find inner node CompressedPak for hierarchical cache Hierarchy.
[2018.12.13-05.13.09:503][  0]LogDerivedDataCache: Display: Pak cache opened for reading ../../../Engine/DerivedDataCache/Compressed.ddp.
[2018.12.13-05.13.09:515][  0]LogDerivedDataCache: Using Local data cache path C:/Users/Dan Lazar/AppData/Local/UnrealEngine/Common/DerivedDataCache: Writable
[2018.12.13-05.13.09:515][  0]LogDerivedDataCache: Shared data cache path not found in *engine.ini, will not use an Shared cache.
[2018.12.13-05.13.09:515][  0]LogDerivedDataCache: Unable to find inner node Shared for hierarchical cache Hierarchy.
[2018.12.13-05.13.09:533][  0]LogMaterial: Verifying Global Shaders for PCD3D_SM5
[2018.12.13-05.13.09:535][  0]LogSlate: Using FreeType 2.6.0
[2018.12.13-05.13.09:536][  0]LogSlate: SlateFontServices - WITH_FREETYPE: 1, WITH_HARFBUZZ: 1
[2018.12.13-05.13.09:598][  0]LogInit: Using OS detected language (en-US).
[2018.12.13-05.13.09:598][  0]LogInit: Using OS detected locale (en-US).
[2018.12.13-05.13.09:598][  0]LogTextLocalizationManager: No localization for 'en-US' exists, so 'en' will be used for the language.
[2018.12.13-05.13.09:598][  0]LogTextLocalizationManager: No localization for 'en-US' exists, so 'en' will be used for the locale.
[2018.12.13-05.13.09:913][  0]LogStreaming: Display: Took  0.317s to InitGameTextLocalization.
[2018.12.13-05.13.09:921][  0]LogAssetRegistry: FAssetRegistry took 0.0043 seconds to start up
[2018.12.13-05.13.10:126][  0]LogPackageLocalizationCache: Processed 9 localized package path(s) for 1 prioritized culture(s) in 0.014458 seconds
[2018.12.13-05.13.10:254][  0]LogInit: Selected Device Profile: [Windows]
[2018.12.13-05.13.10:386][  0]LogSimplygon: Simplygon DLL not present - disabling.
[2018.12.13-05.13.10:390][  0]LogMeshReduction: Using SimplygonSwarm for distributed automatic mesh merging
[2018.12.13-05.13.10:391][  0]LogMeshReduction: Using ProxyLODMeshReduction for automatic mesh merging
[2018.12.13-05.13.10:391][  0]LogMeshReduction: Using QuadricMeshReduction for automatic static mesh reduction
[2018.12.13-05.13.10:391][  0]LogMeshReduction: No automatic skeletal mesh reduction module available
[2018.12.13-05.13.10:407][  0]LogNetVersion: STR_StrongStyle_v2 1.0.0, NetCL: 4212847, EngineNetVer: 5, GameNetVer: 0 (Checksum: 3618140765)
[2018.12.13-05.13.10:951][  0]LogMoviePlayer: Initializing movie player
[2018.12.13-05.13.11:135][  0]LogTcpMessaging: Initializing TcpMessaging bridge
[2018.12.13-05.13.11:147][  0]LogUdpMessaging: Initializing bridge on interface 0.0.0.0:0 to multicast group 230.0.0.1:6666.
[2018.12.13-05.13.11:234][  0]SourceControl: Source control is disabled
[2018.12.13-05.13.11:234][  0]SourceControl: Source control is disabled
[2018.12.13-05.13.11:235][  0]SourceControl: Source control is disabled
[2018.12.13-05.13.11:367][  0]LogAndroidPermission: UAndroidPermissionCallbackProxy::GetInstance
[2018.12.13-05.13.11:719][  0]LogUObjectArray: 42551 objects as part of root set at end of initial load.
[2018.12.13-05.13.11:719][  0]LogUObjectAllocator: 7498160 out of 0 bytes used by permanent object pool.
[2018.12.13-05.13.11:719][  0]LogUObjectArray: CloseDisregardForGC: 0/0 objects in disregard for GC pool
[2018.12.13-05.13.11:775][  0]LogEngine: Initializing Engine...
[2018.12.13-05.13.11:788][  0]LogStats: UGameplayTagsManager::ConstructGameplayTagTree: ImportINI prefixes -  0.000 s
[2018.12.13-05.13.11:788][  0]LogStats: UGameplayTagsManager::ConstructGameplayTagTree: Construct from data asset -  0.000 s
[2018.12.13-05.13.11:789][  0]LogStats: UGameplayTagsManager::ConstructGameplayTagTree: ImportINI -  0.000 s
[2018.12.13-05.13.11:789][  0]LogStats: UGameplayTagsManager::ConstructGameplayTagTree: GameplayTagTreeChangedEvent.Broadcast -  0.000 s
[2018.12.13-05.13.11:964][  0]LogInit: Initializing FReadOnlyCVARCache
[2018.12.13-05.13.12:117][  0]LogInit: XAudio2 using 'Speakers (Realtek High Definition Audio)' : 2 channels at 48 kHz using 32 bits per sample (channel mask 0x3)
[2018.12.13-05.13.12:181][  0]LogInit: FAudioDevice initialized.
[2018.12.13-05.13.12:193][  0]LogNetVersion: Set ProjectVersion to 1.0.0.0. Version Checksum will be recalculated on next use.
[2018.12.13-05.13.12:193][  0]LogInit: Texture streaming: Enabled
[2018.12.13-05.13.12:364][  0]LogProperty: Error: UStructProperty::Serialize Loading: Property 'StructProperty /Game/BLUEPRINT/PLAYERS/BP_BasketballPlayer_M.BP_BasketballPlayer_M_C:ChangeShotType.CallFunc_GetDataTableRowFromName_OutRow'. Unknown structure.
[2018.12.13-05.13.13:243][  0]LogSlate: Updating window title bar state: overlay mode, drag disabled, window buttons hidden, title bar hidden
[2018.12.13-05.13.13:243][  0]LogInit: Display: Game Engine Initialized.
[2018.12.13-05.13.13:243][  0]LogGameplayTags: Display: UGameplayTagsManager::DoneAddingNativeTags. DelegateIsBound: 0
[2018.12.13-05.13.13:243][  0]LogStats: UGameplayTagsManager::ConstructGameplayTagTree: ImportINI prefixes -  0.000 s
[2018.12.13-05.13.13:243][  0]LogStats: UGameplayTagsManager::ConstructGameplayTagTree: Construct from data asset -  0.000 s
[2018.12.13-05.13.13:243][  0]LogStats: UGameplayTagsManager::ConstructGameplayTagTree: ImportINI -  0.000 s
[2018.12.13-05.13.13:244][  0]LogStats: UGameplayTagsManager::ConstructGameplayTagTree: GameplayTagTreeChangedEvent.Broadcast -  0.000 s
[2018.12.13-05.13.13:260][  0]LogInit: Display: Starting Game.
[2018.12.13-05.13.13:261][  0]LogNet: Browse: /Game/MAPS/Local?Name=Player
[2018.12.13-05.13.13:261][  0]LogLoad: LoadMap: /Game/MAPS/Local?Name=Player
[2018.12.13-05.13.13:539][  0]LogAIModule: Creating AISystem for world Local
[2018.12.13-05.13.13:540][  0]LogLoad: Game class is 'BasketBallGameMode_Local_C'
[2018.12.13-05.13.13:545][  0]LogWorld: Bringing World /Game/MAPS/Local.Local up for play (max tick rate 0) at 2018.12.12-21.13.13
[2018.12.13-05.13.13:545][  0]LogWorld: Bringing up level for play took: 0.004502
[2018.12.13-05.13.13:549][  0]LogBlueprintUserMessages: [BasketBallGameMode_Local_C_0] GAMEMODE > POST LOGIN: BP_Basketball_PlayerController_Localhas joined!
[2018.12.13-05.13.13:549][  0]LogGameMode: Display: Match State Changed from EnteringMap to WaitingToStart
[2018.12.13-05.13.13:549][  0]LogGameState: Match State Changed from EnteringMap to WaitingToStart
[2018.12.13-05.13.13:549][  0]LogGameMode: Display: Match State Changed from WaitingToStart to InProgress
[2018.12.13-05.13.13:550][  0]LogBlueprintUserMessages: [BasketBallGameMode_Local_C_0] GAMEMODE > ON HOST LEVEL CALLED, STARTING GAMEMODE
[2018.12.13-05.13.13:550][  0]LogBlueprintUserMessages: [BasketBallGameMode_Local_C_0] GAMEMODE > HOOPS POPULATED
[2018.12.13-05.13.13:550][  0]LogBlueprintUserMessages: [BasketBallGameMode_Local_C_0] GAMEMODE > HOOPS SET
[2018.12.13-05.13.13:550][  0]LogBlueprintUserMessages: [BasketBallGameMode_Local_C_0] GAMEMODE > PLAYER START POINTS ACQUIRED
[2018.12.13-05.13.13:550][  0]LogBlueprintUserMessages: [BasketBallGameMode_Local_C_0] GAMEMODE > LOCAL GAME DETECTED, SPAWNING PLAYERS
[2018.12.13-05.13.13:550][  0]LogPlayerManagement: Error: Failed to Create Player: A local player already exists for controller ID 0,
[2018.12.13-05.13.13:550][  0]LogBlueprintUserMessages: [BasketBallGameMode_Local_C_0] GAMEMODE > CREATING PLAYER: for ID 0
[2018.12.13-05.13.13:553][  0]LogBlueprintUserMessages: [BP_BasketballPlayer_Local_C_0] PLAYER > BEGIN PLAY: for BP_BasketballPlayer_Local
[2018.12.13-05.13.13:553][  0]LogBlueprintUserMessages: [BP_GameState_Local_C_0] GAMESTATE > REFRESH PLAYER ARRAY RESULTS: , BP_BasketballPlayer_Local
[2018.12.13-05.13.13:553][  0]LogBlueprintUserMessages: [BP_BasketballPlayer_Local_C_0] PLAYER > NO LOCAL CAMERA, SPAWNING
[2018.12.13-05.13.13:554][  0]LogBlueprintUserMessages: [BP_Camera_LOCAL_C_0] CAMERA: Initial Camera Setup
[2018.12.13-05.13.13:554][  0]LogBlueprintUserMessages: [BP_BasketballPlayer_Local_C_0] PLAYER > MP CAMERA: BP_Camera_LOCAL SPAWNED ON: BP_BasketballPlayer_Local
[2018.12.13-05.13.13:554][  0]LogBlueprintUserMessages: [BP_GameState_Local_C_0] GAMESTATE > LOCAL CAMERAS UPDATED
[2018.12.13-05.13.13:554][  0]LogBlueprintUserMessages: [BP_BasketballPlayer_Local_C_0] PLAYER > CHANGING TEAM MATERIAL
[2018.12.13-05.13.13:554][  0]LogBlueprintUserMessages: [BP_BasketballPlayer_Local_C_0] PLAYER > INITIAL SPECIAL SHOT: Granny Shot AKA Granny
[2018.12.13-05.13.13:554][  0]LogBlueprintUserMessages: [BasketBallGameMode_Local_C_0] GAMEMODE > POSSESSING PLAYER:ID 0
[2018.12.13-05.13.13:554][  0]LogBlueprintUserMessages: [BP_BasketballPlayer_Local_C_0] PLAYER > CHANGING TEAM MATERIAL
[2018.12.13-05.13.13:554][  0]LogBlueprintUserMessages: [BP_BasketballPlayer_Local_C_0] PLAYER > CHANGING TEAM MATERIAL
[2018.12.13-05.13.13:555][  0]LogBlueprintUserMessages: [BasketBallGameMode_Local_C_0] GAMEMODE > POST LOGIN: BP_Basketball_PlayerController_Local1has joined!
[2018.12.13-05.13.13:555][  0]LogBlueprintUserMessages: [BasketBallGameMode_Local_C_0] GAMEMODE > CREATING PLAYER: for ID 1
[2018.12.13-05.13.13:556][  0]LogBlueprintUserMessages: [BP_BasketballPlayer_Local_C_1] PLAYER > BEGIN PLAY: for BP_BasketballPlayer_Local1
[2018.12.13-05.13.13:556][  0]LogBlueprintUserMessages: [BP_GameState_Local_C_0] GAMESTATE > REFRESH PLAYER ARRAY RESULTS: , BP_BasketballPlayer_Local, BP_BasketballPlayer_Local1
[2018.12.13-05.13.13:556][  0]LogBlueprintUserMessages: [BP_BasketballPlayer_Local_C_1] PLAYER > CHANGING TEAM MATERIAL
[2018.12.13-05.13.13:556][  0]LogBlueprintUserMessages: [BP_BasketballPlayer_Local_C_1] PLAYER > INITIAL SPECIAL SHOT: Granny Shot AKA Granny
[2018.12.13-05.13.13:556][  0]LogBlueprintUserMessages: [BasketBallGameMode_Local_C_0] GAMEMODE > POSSESSING PLAYER:ID 1
[2018.12.13-05.13.13:557][  0]LogBlueprintUserMessages: [BP_BasketballPlayer_Local_C_1] PLAYER > CHANGING TEAM MATERIAL
[2018.12.13-05.13.13:557][  0]LogBlueprintUserMessages: [BasketBallGameMode_Local_C_0] GAMEMODE > POST LOGIN: BP_Basketball_PlayerController_Local2has joined!
[2018.12.13-05.13.13:557][  0]LogBlueprintUserMessages: [BasketBallGameMode_Local_C_0] GAMEMODE > CREATING PLAYER: for ID 2
[2018.12.13-05.13.13:558][  0]LogBlueprintUserMessages: [BP_BasketballPlayer_Local_C_2] PLAYER > BEGIN PLAY: for BP_BasketballPlayer_Local2
[2018.12.13-05.13.13:558][  0]LogBlueprintUserMessages: [BP_GameState_Local_C_0] GAMESTATE > REFRESH PLAYER ARRAY RESULTS: , BP_BasketballPlayer_Local, BP_BasketballPlayer_Local1, BP_BasketballPlayer_Local2
[2018.12.13-05.13.13:558][  0]LogBlueprintUserMessages: [BP_BasketballPlayer_Local_C_2] PLAYER > CHANGING TEAM MATERIAL
[2018.12.13-05.13.13:558][  0]LogBlueprintUserMessages: [BP_BasketballPlayer_Local_C_2] PLAYER > INITIAL SPECIAL SHOT: Granny Shot AKA Granny
[2018.12.13-05.13.13:559][  0]LogBlueprintUserMessages: [BasketBallGameMode_Local_C_0] GAMEMODE > POSSESSING PLAYER:ID 2
[2018.12.13-05.13.13:559][  0]LogBlueprintUserMessages: [BP_BasketballPlayer_Local_C_2] PLAYER > CHANGING TEAM MATERIAL
[2018.12.13-05.13.13:559][  0]LogBlueprintUserMessages: [BP_BasketballPlayer_Local_C_2] PLAYER > CHANGING TEAM MATERIAL
[2018.12.13-05.13.13:559][  0]LogBlueprintUserMessages: [BasketBallGameMode_Local_C_0] GAMEMODE > POST LOGIN: BP_Basketball_PlayerController_Local3has joined!
[2018.12.13-05.13.13:560][  0]LogBlueprintUserMessages: [BasketBallGameMode_Local_C_0] GAMEMODE > CREATING PLAYER: for ID 3
[2018.12.13-05.13.13:562][  0]LogBlueprintUserMessages: [BP_BasketballPlayer_Local_C_3] PLAYER > BEGIN PLAY: for BP_BasketballPlayer_Local3
[2018.12.13-05.13.13:562][  0]LogBlueprintUserMessages: [BP_GameState_Local_C_0] GAMESTATE > REFRESH PLAYER ARRAY RESULTS: , BP_BasketballPlayer_Local, BP_BasketballPlayer_Local1, BP_BasketballPlayer_Local2, BP_BasketballPlayer_Local3
[2018.12.13-05.13.13:562][  0]LogBlueprintUserMessages: [BP_BasketballPlayer_Local_C_3] PLAYER > CHANGING TEAM MATERIAL
[2018.12.13-05.13.13:562][  0]LogBlueprintUserMessages: [BP_BasketballPlayer_Local_C_3] PLAYER > INITIAL SPECIAL SHOT: Granny Shot AKA Granny
[2018.12.13-05.13.13:562][  0]LogBlueprintUserMessages: [BasketBallGameMode_Local_C_0] GAMEMODE > POSSESSING PLAYER:ID 3
[2018.12.13-05.13.13:562][  0]LogBlueprintUserMessages: [BP_BasketballPlayer_Local_C_3] PLAYER > CHANGING TEAM MATERIAL
[2018.12.13-05.13.13:562][  0]LogBlueprintUserMessages: [BasketBallGameMode_Local_C_0] GAMEMODE > SPAWNING BALL
[2018.12.13-05.13.13:563][  0]LogBlueprintUserMessages: [BasketBallGameMode_Local_C_0] GAMEMODE > PHASE UPDATE COMPLETE
[2018.12.13-05.13.13:564][  0]r.SetRes = "1920x1080w"
[2018.12.13-05.13.13:564][  0]LogGameState: Match State Changed from WaitingToStart to InProgress
[2018.12.13-05.13.13:564][  0]LogLoad: Took 0.302656 seconds to LoadMap(/Game/MAPS/Local)
[2018.12.13-05.13.13:600][  0]LogRenderer: Reallocating scene render targets to support 1280x720 Format 10 NumSamples 1 (Frame:1).
[2018.12.13-05.13.13:667][  0]LogLoad: (Engine Initialization) Total time: 9.22 seconds
[2018.12.13-05.13.13:668][  0]LogLoad: (Engine Initialization) Total Blueprint compile time: 0.00 seconds
[2018.12.13-05.13.13:688][  0]LogWindowsTextInputMethodSystem: Display: IME system now deactivated.
[2018.12.13-05.13.13:688][  0]LogSlate: New Slate User Created.  User Index 1, Is Virtual User: 0
[2018.12.13-05.13.13:688][  0]LogSlate: Slate User Registered.  User Index 1, Is Virtual User: 0
[2018.12.13-05.13.13:694][  0]LogContentStreaming: Texture pool size now 1000 MB
[2018.12.13-05.13.13:778][  2]LogBlueprintUserMessages: [BP_Camera_LOCAL_C_0] Clearing game Cameras onBP_Camera_LOCAL_C_0
[2018.12.13-05.13.13:778][  2]LogBlueprintUserMessages: [BP_Camera_LOCAL_C_0] Camera CameraActor destroyed
[2018.12.13-05.13.13:778][  2]LogBlueprintUserMessages: [BP_Camera_LOCAL_C_0] Camera CameraActor1 destroyed
[2018.12.13-05.13.13:778][  2]LogBlueprintUserMessages: [BP_Camera_LOCAL_C_0] Camera CameraActor2 destroyed
[2018.12.13-05.13.13:778][  2]LogBlueprintUserMessages: [BP_Camera_LOCAL_C_0] Camera CameraActor3 destroyed
[2018.12.13-05.13.13:778][  2]LogBlueprintUserMessages: [BP_Camera_LOCAL_C_0] CAMERA: Cameras Destroyed
[2018.12.13-05.13.13:778][  2]LogBlueprintUserMessages: [BP_Camera_LOCAL_C_0] CAMERA: BP_Camera_LOCAL_C_0running Class Setup
[2018.12.13-05.13.13:796][  3]LogBlueprintUserMessages: [BP_Camera_LOCAL_C_0] CAMERA: First update
[2018.12.13-05.13.13:844][  6]LogContentStreaming: Texture: "LightMapTexture2D /Game/MAPS/Local_BuiltData.Local_BuiltData:HQ_Lightmap0_1", ResidentMips: 7/11, RequestedMips: 10, WantedMips: 10, Boost: 0.2 (updated)
[2018.12.13-05.13.24:129][637]LogSlate: FSceneViewport::OnFocusLost() reason 2
[2018.12.13-05.13.25:665][732]LogBlueprintUserMessages: [Ball_BP_C_0] BALL > GRABBED, NOT GRABBABLE
[2018.12.13-05.13.25:665][732]LogBlueprintUserMessages: [Ball_BP_C_0] BALL > STOPPING HOMING
[2018.12.13-05.13.25:665][732]LogBlueprintUserMessages: [Ball_BP_C_0] SFX BOUNCE RESET
[2018.12.13-05.13.25:665][732]LogBlueprintUserMessages: [BPW_InGameUI_C_0] Setting GameTimeHolder
[2018.12.13-05.13.25:665][732]LogBlueprintUserMessages: [BPW_InGameUI_C_0] Setting GameTimeHolder
[2018.12.13-05.13.25:665][732]LogBlueprintUserMessages: [BPW_InGameUI_C_0] GameTimeHolder_BP
[2018.12.13-05.13.25:665][732]LogBlueprintUserMessages: [BasketBallGameMode_Local_C_0] GAMEMODE > PHASE UPDATE COMPLETE
[2018.12.13-05.13.25:666][732]PIE: Warning: Invalid Simulate Options: Body (Ball_BP_C_0.StaticMeshComponent0 Shape_Sphere) is set to simulate physics but Collision Enabled is incompatible
[2018.12.13-05.13.26:602][790]LogContentStreaming: Texture: "LightMapTexture2D /Game/MAPS/Local_BuiltData.Local_BuiltData:HQ_Lightmap0_1", ResidentMips: 10/11, RequestedMips: 11, WantedMips: 11, Boost: 0.2 (updated)
[2018.12.13-05.13.40:487][645]LogBlueprintUserMessages: [BP_BasketballPlayer_Local_C_1] PLAYER > BANK SHOT HOOP LOCATION: X=0.000 Y=1190.000 Z=420.000
[2018.12.13-05.13.40:487][645]LogBlueprintUserMessages: [BP_BasketballPlayer_Local_C_1] PLAYER > BANK SHOT BACKBOARD SOCKET LOCATION: X=-0.000 Y=1220.800 Z=457.620
[2018.12.13-05.13.40:487][645]LogBlueprintUserMessages: [BP_BasketballPlayer_Local_C_1] PLAYER > BANK BACKBOARD FWD VECTOR: X=-1.000 Y=-0.000 Z=0.000
[2018.12.13-05.13.40:487][645]LogBlueprintUserMessages: [BP_BasketballPlayer_Local_C_1] PLAYER > SHOOTING NORMAL
[2018.12.13-05.13.40:487][645]LogBlueprintUserMessages: [BP_BasketballPlayer_Local_C_1] PLAYER > BALL RELEASE, COLLISION PRESET SET TO: CustomPlayerBallRelease
[2018.12.13-05.13.40:487][645]LogBlueprintUserMessages: [Ball_BP_C_0] BALL > VELOCITY SET (TODO! Change to force)
[2018.12.13-05.13.40:487][645]LogBlueprintUserMessages: [Ball_BP_C_0] BALL > NOW GRABBABLE:
[2018.12.13-05.13.40:487][645]LogBlueprintUserMessages: [Ball_BP_C_0] BALL > DETACHED FROM ACTOR
[2018.12.13-05.13.40:487][645]LogBlueprintUserMessages: [Ball_BP_C_0] BALL > SIMULATING PHYSICS
[2018.12.13-05.13.40:487][645]LogBlueprintUserMessages: [BasketBallGameMode_Local_C_0] GAMEMODE > PHASE UPDATE COMPLETE
[2018.12.13-05.13.40:488][645]LogBlueprintUserMessages: [BP_BasketballPlayer_Local_C_1] PLAYER  > HORIZONTAL DISTANCE TO HOOP IS: 1369.183472
[2018.12.13-05.13.41:232][691]LogBlueprintUserMessages: [BP_BasketballPlayer_Local_C_1] PLAYER > COLLISION PRESET SET TO: CustomPlayerNormal
[2018.12.13-05.13.42:250][754]LogBlueprintUserMessages: [Ball_BP_C_0] SFX BOUNCE CALLED
[2018.12.13-05.13.42:251][754]LogBlueprintUserMessages: [Ball_BP_C_0] BALL > SFX BOUNCE
[2018.12.13-05.13.43:621][839]LogBlueprintUserMessages: [Ball_BP_C_0] SFX BOUNCE CALLED
[2018.12.13-05.13.43:621][839]LogBlueprintUserMessages: [Ball_BP_C_0] BALL > SFX BOUNCE
[2018.12.13-05.13.44:363][885]LogBlueprintUserMessages: [Ball_BP_C_0] BALL > GRABBED, NOT GRABBABLE
[2018.12.13-05.13.44:363][885]LogBlueprintUserMessages: [Ball_BP_C_0] BALL > STOPPING HOMING
[2018.12.13-05.13.44:363][885]LogBlueprintUserMessages: [Ball_BP_C_0] SFX BOUNCE RESET
[2018.12.13-05.13.44:364][885]LogBlueprintUserMessages: [BasketBallGameMode_Local_C_0] GAMEMODE > PHASE UPDATE COMPLETE
[2018.12.13-05.13.44:364][885]PIE: Warning: Invalid Simulate Options: Body (Ball_BP_C_0.StaticMeshComponent0 Shape_Sphere) is set to simulate physics but Collision Enabled is incompatible
[2018.12.13-05.13.49:963][231]LogBlueprintUserMessages: [BP_BasketballPlayer_Local_C_0] PLAYER > BALL RELEASE, COLLISION PRESET SET TO: CustomPlayerBallRelease
[2018.12.13-05.13.49:963][231]LogBlueprintUserMessages: [Ball_BP_C_0] BALL > VELOCITY SET (TODO! Change to force)
[2018.12.13-05.13.49:963][231]LogBlueprintUserMessages: [Ball_BP_C_0] BALL > NOW GRABBABLE:
[2018.12.13-05.13.49:963][231]LogBlueprintUserMessages: [Ball_BP_C_0] BALL > DETACHED FROM ACTOR
[2018.12.13-05.13.49:963][231]LogBlueprintUserMessages: [Ball_BP_C_0] BALL > SIMULATING PHYSICS
[2018.12.13-05.13.49:963][231]LogBlueprintUserMessages: [BasketBallGameMode_Local_C_0] GAMEMODE > PHASE UPDATE COMPLETE
[2018.12.13-05.13.49:963][231]LogBlueprintUserMessages: [BP_BasketballPlayer_Local_C_1] PLAYER > BALL RELEASE, COLLISION PRESET SET TO: CustomPlayerBallRelease
[2018.12.13-05.13.50:384][257]LogBlueprintUserMessages: [Ball_BP_C_0] SFX BOUNCE CALLED
[2018.12.13-05.13.50:384][257]LogBlueprintUserMessages: [Ball_BP_C_0] BALL > SFX BOUNCE
[2018.12.13-05.13.50:705][277]LogBlueprintUserMessages: [BP_BasketballPlayer_Local_C_0] PLAYER > COLLISION PRESET SET TO: CustomPlayerNormal
[2018.12.13-05.13.50:705][277]LogBlueprintUserMessages: [BP_BasketballPlayer_Local_C_1] PLAYER > COLLISION PRESET SET TO: CustomPlayerNormal
[2018.12.13-05.13.50:868][287]LogBlueprintUserMessages: [Ball_BP_C_0] SFX BOUNCE CALLED
[2018.12.13-05.13.50:868][287]LogBlueprintUserMessages: [Ball_BP_C_0] BALL > SFX BOUNCE
[2018.12.13-05.13.51:147][304]LogBlueprintUserMessages: [Ball_BP_C_0] SFX BOUNCE CALLED
[2018.12.13-05.13.51:147][304]LogBlueprintUserMessages: [Ball_BP_C_0] BALL > SFX BOUNCE
[2018.12.13-05.13.51:389][319]LogBlueprintUserMessages: [Ball_BP_C_0] SFX BOUNCE CALLED
[2018.12.13-05.13.51:389][319]LogBlueprintUserMessages: [Ball_BP_C_0] BALL > SFX BOUNCE
[2018.12.13-05.13.51:647][335]LogBlueprintUserMessages: [Ball_BP_C_0] SFX BOUNCE CALLED
[2018.12.13-05.13.51:647][335]LogBlueprintUserMessages: [Ball_BP_C_0] BALL > SFX BOUNCE
[2018.12.13-05.13.53:746][465]LogBlueprintUserMessages: [Ball_BP_C_0] BALL > GRABBED, NOT GRABBABLE
[2018.12.13-05.13.53:746][465]LogBlueprintUserMessages: [Ball_BP_C_0] BALL > STOPPING HOMING
[2018.12.13-05.13.53:746][465]LogBlueprintUserMessages: [Ball_BP_C_0] SFX BOUNCE RESET
[2018.12.13-05.13.53:746][465]LogBlueprintUserMessages: [BasketBallGameMode_Local_C_0] GAMEMODE > PHASE UPDATE COMPLETE
[2018.12.13-05.13.53:747][465]PIE: Warning: Invalid Simulate Options: Body (Ball_BP_C_0.StaticMeshComponent0 Shape_Sphere) is set to simulate physics but Collision Enabled is incompatible
[2018.12.13-05.13.53:747][465]LogBlueprintUserMessages: [Ball_BP_C_0] SFX BOUNCE CALLED
[2018.12.13-05.13.53:747][465]LogBlueprintUserMessages: [Ball_BP_C_0] BALL > SFX BOUNCE
[2018.12.13-05.13.56:004][605]LogBlueprintUserMessages: [BP_BasketballPlayer_Local_C_1] PLAYER > BANK SHOT HOOP LOCATION: X=0.000 Y=1190.000 Z=420.000
[2018.12.13-05.13.56:004][605]LogBlueprintUserMessages: [BP_BasketballPlayer_Local_C_1] PLAYER > BANK SHOT BACKBOARD SOCKET LOCATION: X=-0.000 Y=1220.800 Z=457.620
[2018.12.13-05.13.56:005][605]LogBlueprintUserMessages: [BP_BasketballPlayer_Local_C_1] PLAYER > BANK BACKBOARD FWD VECTOR: X=-1.000 Y=-0.000 Z=0.000
[2018.12.13-05.13.56:005][605]LogBlueprintUserMessages: [BP_BasketballPlayer_Local_C_1] PLAYER > SHOOTING NORMAL
[2018.12.13-05.13.56:005][605]LogBlueprintUserMessages: [BP_BasketballPlayer_Local_C_1] PLAYER > BALL RELEASE, COLLISION PRESET SET TO: CustomPlayerBallRelease
[2018.12.13-05.13.56:005][605]LogBlueprintUserMessages: [Ball_BP_C_0] BALL > VELOCITY SET (TODO! Change to force)
[2018.12.13-05.13.56:005][605]LogBlueprintUserMessages: [Ball_BP_C_0] BALL > NOW GRABBABLE:
[2018.12.13-05.13.56:005][605]LogBlueprintUserMessages: [Ball_BP_C_0] BALL > DETACHED FROM ACTOR
[2018.12.13-05.13.56:005][605]LogBlueprintUserMessages: [Ball_BP_C_0] BALL > SIMULATING PHYSICS
[2018.12.13-05.13.56:005][605]LogBlueprintUserMessages: [BasketBallGameMode_Local_C_0] GAMEMODE > PHASE UPDATE COMPLETE
[2018.12.13-05.13.56:005][605]LogBlueprintUserMessages: [BP_BasketballPlayer_Local_C_1] PLAYER  > HORIZONTAL DISTANCE TO HOOP IS: 1162.199341
[2018.12.13-05.13.56:739][650]LogBlueprintUserMessages: [BP_BasketballPlayer_Local_C_1] PLAYER > COLLISION PRESET SET TO: CustomPlayerNormal
[2018.12.13-05.13.57:385][690]LogBlueprintUserMessages: [Ball_BP_C_0] SFX BOUNCE CALLED
[2018.12.13-05.13.57:385][690]LogBlueprintUserMessages: [Ball_BP_C_0] BALL > SFX BOUNCE
[2018.12.13-05.13.58:771][776]Closing by request
[2018.12.13-05.13.58:772][776]LogWindows: FPlatformMisc::RequestExit(0)
[2018.12.13-05.13.58:773][776]LogBlueprintUserMessages: [Ball_BP_C_0] SFX BOUNCE CALLED
[2018.12.13-05.13.58:773][776]LogBlueprintUserMessages: [Ball_BP_C_0] BALL > SFX BOUNCE
[2018.12.13-05.13.58:847][777]LogSlate: Window 'STR_StrongStyle_v2 (64-bit Development PCD3D_SM5) ' being destroyed
[2018.12.13-05.13.58:848][777]LogWindowsTextInputMethodSystem: Display: IME system now deactivated.
[2018.12.13-05.13.58:851][777]LogWindowsTextInputMethodSystem: Display: IME system now deactivated.
[2018.12.13-05.13.58:852][777]LogExit: Preparing to exit.
[2018.12.13-05.13.58:853][777]LogMoviePlayer: Shutting down movie player
[2018.12.13-05.13.59:228][777]LogSlate: Updating window title bar state: overlay mode, drag disabled, window buttons hidden, title bar hidden
[2018.12.13-05.13.59:239][777]LogExit: Game engine shut down
[2018.12.13-05.13.59:419][777]LogExit: Object subsystem successfully closed.
[2018.12.13-05.13.59:437][777]LogShaderCompilers: Display: Shaders left to compile 0
[2018.12.13-05.13.59:440][777]LogD3D11RHI: Shutdown
[2018.12.13-05.13.59:441][777]LogD3D11RHI: CleanupD3DDevice
[2018.12.13-05.13.59:443][777]LogD3D11RHI: ~FD3D11DynamicRHI
[2018.12.13-05.13.59:465][777]LogModuleManager: Shutting down and abandoning module SequenceRecorderSections (374)
[2018.12.13-05.13.59:466][777]LogModuleManager: Shutting down and abandoning module SequenceRecorder (372)
[2018.12.13-05.13.59:466][777]LogModuleManager: Shutting down and abandoning module AutomationController (370)
[2018.12.13-05.13.59:466][777]LogModuleManager: Shutting down and abandoning module AutomationWorker (368)
[2018.12.13-05.13.59:466][777]LogModuleManager: Shutting down and abandoning module Voice (366)
[2018.12.13-05.13.59:467][777]LogModuleManager: Shutting down and abandoning module AIModule (364)
[2018.12.13-05.13.59:467][777]LogModuleManager: Shutting down and abandoning module GameplayDebugger (363)
[2018.12.13-05.13.59:467][777]LogModuleManager: Shutting down and abandoning module AITestSuite (361)
[2018.12.13-05.13.59:467][777]LogModuleManager: Shutting down and abandoning module NavigationSystem (359)
[2018.12.13-05.13.59:467][777]LogModuleManager: Shutting down and abandoning module WmfMediaFactory (356)
[2018.12.13-05.13.59:467][777]LogModuleManager: Shutting down and abandoning module OpenExrWrapper (354)
[2018.12.13-05.13.59:467][777]LogModuleManager: Shutting down and abandoning module ImgMediaFactory (352)
[2018.12.13-05.13.59:467][777]LogModuleManager: Shutting down and abandoning module AvfMediaFactory (350)
[2018.12.13-05.13.59:467][777]LogModuleManager: Shutting down and abandoning module MagicLeapCameraPreviewFactory (348)
[2018.12.13-05.13.59:467][777]LogModuleManager: Shutting down and abandoning module MagicLeapMediaFactory (346)
[2018.12.13-05.13.59:467][777]LogModuleManager: Shutting down and abandoning module CharacterAI (344)
[2018.12.13-05.13.59:468][777]LogModuleManager: Shutting down and abandoning module SessionServices (342)
[2018.12.13-05.13.59:468][777]LogModuleManager: Shutting down and abandoning module MovieSceneCapture (340)
[2018.12.13-05.13.59:468][777]LogModuleManager: Shutting down and abandoning module MovieSceneTracks (338)
[2018.12.13-05.13.59:468][777]LogModuleManager: Shutting down and abandoning module MovieScene (336)
[2018.12.13-05.13.59:468][777]LogModuleManager: Shutting down and abandoning module StreamingPauseRendering (334)
[2018.12.13-05.13.59:468][777]LogModuleManager: Shutting down and abandoning module PortalServices (332)
[2018.12.13-05.13.59:468][777]LogModuleManager: Shutting down and abandoning module PortalRpc (330)
[2018.12.13-05.13.59:468][777]LogModuleManager: Shutting down and abandoning module MessagingRpc (328)
[2018.12.13-05.13.59:468][777]LogModuleManager: Shutting down and abandoning module ProfilerService (326)
[2018.12.13-05.13.59:635][777]LogModuleManager: Shutting down and abandoning module TaskGraph (324)
[2018.12.13-05.13.59:636][777]LogModuleManager: Shutting down and abandoning module ProceduralMeshComponent (322)
[2018.12.13-05.13.59:636][777]LogModuleManager: Shutting down and abandoning module MobilePatchingUtils (320)
[2018.12.13-05.13.59:636][777]LogModuleManager: Shutting down and abandoning module EditableMesh (318)
[2018.12.13-05.13.59:637][777]LogModuleManager: Shutting down and abandoning module CustomMeshComponent (316)
[2018.12.13-05.13.59:637][777]LogModuleManager: Shutting down and abandoning module CableComponent (314)
[2018.12.13-05.13.59:637][777]LogModuleManager: Shutting down and abandoning module AudioCapture (312)
[2018.12.13-05.13.59:637][777]LogModuleManager: Shutting down and abandoning module ArchVisCharacter (310)
[2018.12.13-05.13.59:637][777]LogModuleManager: Shutting down and abandoning module AndroidPermission (308)
[2018.12.13-05.13.59:637][777]LogModuleManager: Shutting down and abandoning module NUTUnrealEngine4 (306)
[2018.12.13-05.13.59:637][777]LogModuleManager: Shutting down and abandoning module NetcodeUnitTest (304)
[2018.12.13-05.13.59:638][777]LogModuleManager: Shutting down and abandoning module MediaCompositing (302)
[2018.12.13-05.13.59:638][777]LogModuleManager: Shutting down and abandoning module LinearTimecode (300)
[2018.12.13-05.13.59:638][777]LogModuleManager: Shutting down and abandoning module ImgMedia (298)
[2018.12.13-05.13.59:641][777]LogModuleManager: Shutting down and abandoning module HTML5Networking (296)
[2018.12.13-05.13.59:641][777]LogModuleManager: Shutting down and abandoning module GeometryCacheTracks (294)
[2018.12.13-05.13.59:641][777]LogModuleManager: Shutting down and abandoning module GeometryCacheSequencer (293)
[2018.12.13-05.13.59:641][777]LogModuleManager: Shutting down and abandoning module GeometryCache (290)
[2018.12.13-05.13.59:641][777]LogModuleManager: Shutting down and abandoning module GeometryCacheEd (289)
[2018.12.13-05.13.59:641][777]LogModuleManager: Shutting down and abandoning module BackChannel (286)
[2018.12.13-05.13.59:641][777]LogModuleManager: Shutting down and abandoning module AppleVision (284)
[2018.12.13-05.13.59:641][777]LogModuleManager: Shutting down and abandoning module AppleImageUtils (282)
[2018.12.13-05.13.59:641][777]LogModuleManager: Shutting down and abandoning module DatasmithContent (280)
[2018.12.13-05.13.59:642][777]LogModuleManager: Shutting down and abandoning module CryptoKeysOpenSSL (278)
[2018.12.13-05.13.59:642][777]LogModuleManager: Shutting down and abandoning module CryptoKeys (276)
[2018.12.13-05.13.59:642][777]LogModuleManager: Shutting down and abandoning module VisualStudioSourceCodeAccess (274)
[2018.12.13-05.13.59:642][777]LogModuleManager: Shutting down and abandoning module HotReload (273)
[2018.12.13-05.13.59:642][777]LogModuleManager: Shutting down and abandoning module DirectoryWatcher (272)
[2018.12.13-05.13.59:643][777]LogModuleManager: Shutting down and abandoning module VisualStudioCodeSourceCodeAccess (268)
[2018.12.13-05.13.59:643][777]LogModuleManager: Shutting down and abandoning module UObjectPlugin (266)
[2018.12.13-05.13.59:643][777]LogModuleManager: Shutting down and abandoning module SubversionSourceControl (264)
[2018.12.13-05.13.59:643][777]LogModuleManager: Shutting down and abandoning module PerforceSourceControl (262)
[2018.12.13-05.13.59:644][777]LogModuleManager: Shutting down and abandoning module SourceControl (261)
[2018.12.13-05.13.59:644][777]LogModuleManager: Shutting down and abandoning module CLionSourceCodeAccess (258)
[2018.12.13-05.13.59:644][777]LogModuleManager: Shutting down and abandoning module RuntimePhysXCooking (256)
[2018.12.13-05.13.59:644][777]LogModuleManager: Shutting down and abandoning module PhysXVehiclesEditor (254)
[2018.12.13-05.13.59:644][777]LogModuleManager: Shutting down and abandoning module PhysXVehicles (252)
[2018.12.13-05.13.59:644][777]LogModuleManager: Shutting down and abandoning module LocationServicesBPLibrary (250)
[2018.12.13-05.13.59:644][777]LogModuleManager: Shutting down and abandoning module ImmediatePhysicsEditor (248)
[2018.12.13-05.13.59:645][777]LogModuleManager: Shutting down and abandoning module ImmediatePhysics (246)
[2018.12.13-05.13.59:645][777]LogModuleManager: Shutting down and abandoning module ActorSequence (244)
[2018.12.13-05.13.59:645][777]LogModuleManager: Shutting down and abandoning module UdpMessaging (242)
[2018.12.13-05.13.59:746][777]LogModuleManager: Shutting down and abandoning module TcpMessaging (240)
[2018.12.13-05.14.00:182][777]LogModuleManager: Shutting down and abandoning module MagicLeapAudio (238)
[2018.12.13-05.14.00:182][777]LogModuleManager: Shutting down and abandoning module GameplayTagsEditor (236)
[2018.12.13-05.14.00:182][777]LogModuleManager: Shutting down and abandoning module FacialAnimation (234)
[2018.12.13-05.14.00:183][777]LogModuleManager: Shutting down and abandoning module DataValidation (232)
[2018.12.13-05.14.00:183][777]LogModuleManager: Shutting down and abandoning module AssetManagerEditor (230)
[2018.12.13-05.14.00:183][777]LogModuleManager: Shutting down and abandoning module TreeMap (229)
[2018.12.13-05.14.00:184][777]LogModuleManager: Shutting down and abandoning module LightPropagationVolumeRuntime (226)
[2018.12.13-05.14.00:184][777]LogModuleManager: Shutting down and abandoning module AISupportModule (224)
[2018.12.13-05.14.00:184][777]LogModuleManager: Shutting down and abandoning module AdvancedSteamSessions (222)
[2018.12.13-05.14.00:184][777]LogModuleManager: Shutting down and abandoning module AdvancedSessions (220)
[2018.12.13-05.14.00:184][777]LogModuleManager: Shutting down and abandoning module Paper2D (218)
[2018.12.13-05.14.00:184][777]LogModuleManager: Shutting down and abandoning module PIEPreviewDeviceProfileSelector (216)
[2018.12.13-05.14.00:184][777]LogModuleManager: Shutting down and abandoning module WindowsMoviePlayer (214)
[2018.12.13-05.14.00:185][777]LogModuleManager: Shutting down and abandoning module WmfMedia (212)
[2018.12.13-05.14.00:186][777]LogModuleManager: Shutting down and abandoning module Media (211)
[2018.12.13-05.14.00:192][777]LogModuleManager: Shutting down and abandoning module PacketHandler (208)
[2018.12.13-05.14.00:192][777]LogModuleManager: Shutting down and abandoning module ClothingSystemEditor (206)
[2018.12.13-05.14.00:192][777]LogModuleManager: Shutting down and abandoning module ClothingSystemRuntime (204)
[2018.12.13-05.14.00:193][777]LogModuleManager: Shutting down and abandoning module MediaAssets (202)
[2018.12.13-05.14.00:193][777]LogModuleManager: Shutting down and abandoning module Overlay (200)
[2018.12.13-05.14.00:193][777]LogModuleManager: Shutting down and abandoning module OverlayEditor (199)
[2018.12.13-05.14.00:193][777]LogModuleManager: Shutting down and abandoning module VREditor (196)
[2018.12.13-05.14.00:193][777]LogModuleManager: Shutting down and abandoning module StringTableEditor (194)
[2018.12.13-05.14.00:193][777]LogModuleManager: Shutting down and abandoning module GameplayTasksEditor (192)
[2018.12.13-05.14.00:193][777]LogModuleManager: Shutting down and abandoning module BehaviorTreeEditor (190)
[2018.12.13-05.14.00:195][777]LogModuleManager: Shutting down and abandoning module FunctionalTesting (188)
[2018.12.13-05.14.00:195][777]LogModuleManager: Shutting down and abandoning module CollisionAnalyzer (186)
[2018.12.13-05.14.00:196][777]LogModuleManager: Shutting down and abandoning module WorkspaceMenuStructure (185)
[2018.12.13-05.14.00:196][777]LogModuleManager: Shutting down and abandoning module UMG (182)
[2018.12.13-05.14.00:196][777]LogModuleManager: Shutting down and abandoning module UMGEditor (181)
[2018.12.13-05.14.00:196][777]LogModuleManager: Shutting down and abandoning module Sequencer (180)
[2018.12.13-05.14.00:196][777]LogModuleManager: Shutting down and abandoning module MessageLog (177)
[2018.12.13-05.14.00:196][777]LogModuleManager: Shutting down and abandoning module SlateReflector (172)
[2018.12.13-05.14.00:198][777]LogModuleManager: Shutting down and abandoning module Slate (170)
[2018.12.13-05.14.00:198][777]LogModuleManager: Shutting down and abandoning module EditorStyle (168)
[2018.12.13-05.14.00:199][777]LogModuleManager: Shutting down and abandoning module MRMesh (166)
[2018.12.13-05.14.00:199][777]LogModuleManager: Shutting down and abandoning module Messaging (164)
[2018.12.13-05.14.00:199][777]LogModuleManager: Shutting down and abandoning module SourceCodeAccess (162)
[2018.12.13-05.14.00:199][777]LogModuleManager: Shutting down and abandoning module HeadMountedDisplay (160)
[2018.12.13-05.14.00:199][777]LogModuleManager: Shutting down and abandoning module XAudio2 (158)
[2018.12.13-05.14.00:199][777]LogModuleManager: Shutting down and abandoning module Networking (156)
[2018.12.13-05.14.00:199][777]LogModuleManager: Shutting down and abandoning module Core (154)
[2018.12.13-05.14.00:199][777]LogModuleManager: Shutting down and abandoning module LevelSequence (152)
[2018.12.13-05.14.00:199][777]LogModuleManager: Shutting down and abandoning module KismetCompiler (150)
[2018.12.13-05.14.00:199][777]LogModuleManager: Shutting down and abandoning module MeshUtilities (148)
[2018.12.13-05.14.00:200][777]LogModuleManager: Shutting down and abandoning module MeshMergeUtilities (147)
[2018.12.13-05.14.00:201][777]LogModuleManager: Shutting down and abandoning module MeshReductionInterface (146)
[2018.12.13-05.14.00:201][777]LogModuleManager: Shutting down and abandoning module SimplygonSwarm (145)
[2018.12.13-05.14.00:201][777]LogModuleManager: Shutting down and abandoning module ProxyLODMeshReduction (143)
[2018.12.13-05.14.00:201][777]LogModuleManager: Shutting down and abandoning module SimplygonMeshReduction (141)
[2018.12.13-05.14.00:201][777]LogModuleManager: Shutting down and abandoning module QuadricMeshReduction (139)
[2018.12.13-05.14.00:202][777]LogModuleManager: Shutting down and abandoning module MaterialBaking (135)
[2018.12.13-05.14.00:202][777]LogModuleManager: Shutting down and abandoning module DerivedDataCache (130)
[2018.12.13-05.14.00:569][777]LogDerivedDataCache: Shutdown
[2018.12.13-05.14.00:569][777]LogModuleManager: Shutting down and abandoning module XGEController (128)
[2018.12.13-05.14.00:572][777]LogModuleManager: Shutting down and abandoning module TargetPlatform (126)
[2018.12.13-05.14.00:572][777]LogModuleManager: Shutting down and abandoning module VulkanShaderFormat (125)
[2018.12.13-05.14.00:572][777]LogModuleManager: Shutting down and abandoning module ShaderFormatVectorVM (123)
[2018.12.13-05.14.00:572][777]LogModuleManager: Shutting down and abandoning module ShaderFormatOpenGL (121)
[2018.12.13-05.14.00:572][777]LogModuleManager: Shutting down and abandoning module ShaderFormatD3D (119)
[2018.12.13-05.14.00:572][777]LogModuleManager: Shutting down and abandoning module MetalShaderFormat (117)
[2018.12.13-05.14.00:573][777]LogModuleManager: Shutting down and abandoning module TextureFormatUncompressed (115)
[2018.12.13-05.14.00:573][777]LogModuleManager: Shutting down and abandoning module TextureFormatPVR (113)
[2018.12.13-05.14.00:573][777]LogModuleManager: Shutting down and abandoning module TextureFormatDXT (111)
[2018.12.13-05.14.00:573][777]LogModuleManager: Shutting down and abandoning module TextureFormatIntelISPCTexComp (109)
[2018.12.13-05.14.00:573][777]LogModuleManager: Shutting down and abandoning module TextureFormatASTC (107)
[2018.12.13-05.14.00:573][777]LogModuleManager: Shutting down and abandoning module ImageWrapper (106)
[2018.12.13-05.14.00:573][777]LogModuleManager: Shutting down and abandoning module TextureFormatAndroid (103)
[2018.12.13-05.14.00:573][777]LogModuleManager: Shutting down and abandoning module AudioFormatOpus (101)
[2018.12.13-05.14.00:573][777]LogModuleManager: Shutting down and abandoning module AudioFormatOgg (99)
[2018.12.13-05.14.00:573][777]LogModuleManager: Shutting down and abandoning module AudioFormatADPCM (97)
[2018.12.13-05.14.00:573][777]LogModuleManager: Shutting down and abandoning module WindowsTargetPlatform (95)
[2018.12.13-05.14.00:573][777]LogModuleManager: Shutting down and abandoning module WindowsServerTargetPlatform (93)
[2018.12.13-05.14.00:573][777]LogModuleManager: Shutting down and abandoning module WindowsNoEditorTargetPlatform (91)
[2018.12.13-05.14.00:573][777]LogModuleManager: Shutting down and abandoning module WindowsClientTargetPlatform (89)
[2018.12.13-05.14.00:573][777]LogModuleManager: Shutting down and abandoning module InputCore (86)
[2018.12.13-05.14.00:573][777]LogModuleManager: Shutting down and abandoning module Settings (84)
[2018.12.13-05.14.00:573][777]LogModuleManager: Shutting down and abandoning module PhysXCooking (82)
[2018.12.13-05.14.00:573][777]LogModuleManager: Shutting down and abandoning module ExampleDeviceProfileSelector (80)
[2018.12.13-05.14.00:573][777]LogModuleManager: Shutting down and abandoning module LauncherChunkInstaller (78)
[2018.12.13-05.14.00:573][777]LogModuleManager: Shutting down and abandoning module OnlineBlueprintSupport (76)
[2018.12.13-05.14.00:573][777]LogModuleManager: Shutting down and abandoning module OnlineSubsystem (72)
[2018.12.13-05.14.00:574][777]LogModuleManager: Shutting down and abandoning module XMPP (65)
[2018.12.13-05.14.00:575][777]LogModuleManager: Shutting down and abandoning module WebSockets (64)
[2018.12.13-05.14.00:611][777]LogModuleManager: Shutting down and abandoning module HTTP (61)
[2018.12.13-05.14.00:615][777]LogModuleManager: Shutting down and abandoning module SSL (60)
[2018.12.13-05.14.00:617][777]LogModuleManager: Shutting down and abandoning module MagicLeapEmulator (56)
[2018.12.13-05.14.00:617][777]LogModuleManager: Shutting down and abandoning module MagicLeapPrivileges (54)
[2018.12.13-05.14.00:617][777]LogModuleManager: Shutting down and abandoning module MagicLeapIdentity (52)
[2018.12.13-05.14.00:617][777]LogModuleManager: Shutting down and abandoning module MagicLeapHelperVulkan (50)
[2018.12.13-05.14.00:617][777]LogModuleManager: Shutting down and abandoning module MagicLeapHelperOpenGL (48)
[2018.12.13-05.14.00:617][777]LogModuleManager: Shutting down and abandoning module MagicLeapSecureStorage (46)
[2018.12.13-05.14.00:617][777]LogModuleManager: Shutting down and abandoning module MagicLeapGestures (44)
[2018.12.13-05.14.00:617][777]LogModuleManager: Shutting down and abandoning module MagicLeapEyeTracker (42)
[2018.12.13-05.14.00:617][777]LogModuleManager: Shutting down and abandoning module MagicLeapController (40)
[2018.12.13-05.14.00:617][777]LogSlate: Slate User Destroyed.  User Index 0, Is Virtual User: 0
[2018.12.13-05.14.00:617][777]LogSlate: Slate User Destroyed.  User Index 1, Is Virtual User: 0
[2018.12.13-05.14.00:617][777]LogModuleManager: Shutting down and abandoning module MagicLeap (38)
[2018.12.13-05.14.00:617][777]LogModuleManager: Shutting down and abandoning module AnimationModifiers (36)
[2018.12.13-05.14.00:618][777]LogModuleManager: Shutting down and abandoning module PropertyEditor (35)
[2018.12.13-05.14.00:618][777]LogModuleManager: Shutting down and abandoning module AudioEditor (32)
[2018.12.13-05.14.00:618][777]LogModuleManager: Shutting down and abandoning module TextureCompressor (30)
[2018.12.13-05.14.00:618][777]LogModuleManager: Shutting down and abandoning module ShaderCore (28)
[2018.12.13-05.14.00:618][777]LogModuleManager: Shutting down and abandoning module Landscape (26)
[2018.12.13-05.14.00:618][777]LogModuleManager: Shutting down and abandoning module SlateRHIRenderer (24)
[2018.12.13-05.14.00:619][777]LogModuleManager: Shutting down and abandoning module OpenGLDrv (22)
[2018.12.13-05.14.00:619][777]LogModuleManager: Shutting down and abandoning module D3D11RHI (20)
[2018.12.13-05.14.00:619][777]LogModuleManager: Shutting down and abandoning module AnimGraphRuntime (18)
[2018.12.13-05.14.00:619][777]LogModuleManager: Shutting down and abandoning module Renderer (16)
[2018.12.13-05.14.00:619][777]LogModuleManager: Shutting down and abandoning module Engine (14)
[2018.12.13-05.14.00:619][777]LogModuleManager: Shutting down and abandoning module CoreUObject (12)
[2018.12.13-05.14.00:619][777]LogModuleManager: Shutting down and abandoning module NetworkFile (10)
[2018.12.13-05.14.00:620][777]LogModuleManager: Shutting down and abandoning module CookedIterativeFile (8)
[2018.12.13-05.14.00:620][777]LogModuleManager: Shutting down and abandoning module StreamingFile (6)
[2018.12.13-05.14.00:620][777]LogModuleManager: Shutting down and abandoning module SandboxFile (4)
[2018.12.13-05.14.00:620][777]LogModuleManager: Shutting down and abandoning module PakFile (2)
[2018.12.13-05.14.00:622][777]LogExit: Exiting.
[2018.12.13-05.14.00:631][777]Log file closed, 12/12/18 21:14:00
