Log file open, 11/01/18 16:17:03
LogWindows: Failed to load 'aqProf.dll' (GetLastError=126)
LogWindows: File 'aqProf.dll' does not exist
LogWindows: Failed to load 'VtuneApi.dll' (GetLastError=126)
LogWindows: File 'VtuneApi.dll' does not exist
LogWindows: Failed to load 'VtuneApi32e.dll' (GetLastError=126)
LogWindows: File 'VtuneApi32e.dll' does not exist
LogInit: Display: Running engine for game: STR_StrongStyle_v2
LogPlatformFile: Not using cached read wrapper
LogTaskGraph: Started task graph with 5 named threads and 14 total threads with 3 sets of task threads.
LogStats: Stats thread started at 0.256962
LogD3D11RHI: Loaded GFSDK_Aftermath_Lib.x64.dll
LogICUInternationalization: Display: ICU TimeZone Detection - Raw Offset: -8:00, Platform Override: ''
LogPluginManager: Mounting plugin Paper2D
LogPluginManager: Mounting plugin AdvancedSessions
LogPluginManager: Mounting plugin AdvancedSteamSessions
LogPluginManager: Mounting plugin AISupport
LogPluginManager: Mounting plugin LightPropagationVolume
LogPluginManager: Mounting plugin CLionSourceCodeAccess
LogPluginManager: Mounting plugin CodeLiteSourceCodeAccess
LogPluginManager: Mounting plugin GitSourceControl
LogPluginManager: Mounting plugin KDevelopSourceCodeAccess
LogPluginManager: Mounting plugin NullSourceCodeAccess
LogPluginManager: Mounting plugin PerforceSourceControl
LogPluginManager: Mounting plugin SubversionSourceControl
LogPluginManager: Mounting plugin UObjectPlugin
LogPluginManager: Mounting plugin VisualStudioCodeSourceCodeAccess
LogPluginManager: Mounting plugin VisualStudioSourceCodeAccess
LogPluginManager: Mounting plugin XCodeSourceCodeAccess
LogPluginManager: Mounting plugin AssetManagerEditor
LogPluginManager: Mounting plugin CryptoKeys
LogPluginManager: Mounting plugin DataValidation
LogPluginManager: Mounting plugin FacialAnimation
LogPluginManager: Mounting plugin GameplayTagsEditor
LogPluginManager: Mounting plugin MacGraphicsSwitching
LogPluginManager: Mounting plugin MeshEditor
LogPluginManager: Mounting plugin MobileLauncherProfileWizard
LogPluginManager: Mounting plugin PluginBrowser
LogPluginManager: Mounting plugin SpeedTreeImporter
LogPluginManager: Mounting plugin DatasmithContent
LogPluginManager: Mounting plugin AlembicImporter
LogPluginManager: Mounting plugin AppleImageUtils
LogPluginManager: Mounting plugin AppleVision
LogPluginManager: Mounting plugin BackChannel
LogPluginManager: Mounting plugin CharacterAI
LogPluginManager: Mounting plugin GeometryCache
LogPluginManager: Mounting plugin HTML5Networking
LogPluginManager: Mounting plugin ProxyLODPlugin
LogPluginManager: Mounting plugin MagicLeap
LogPluginManager: Mounting plugin MagicLeapEmulator
LogPluginManager: Mounting plugin MagicLeapMedia
LogPluginManager: Mounting plugin AndroidMedia
LogPluginManager: Mounting plugin AvfMedia
LogPluginManager: Mounting plugin ImgMedia
LogPluginManager: Mounting plugin LinearTimecode
LogPluginManager: Mounting plugin MediaCompositing
LogPluginManager: Mounting plugin MediaPlayerEditor
LogPluginManager: Mounting plugin WmfMedia
LogPluginManager: Mounting plugin TcpMessaging
LogPluginManager: Mounting plugin UdpMessaging
LogPluginManager: Mounting plugin ActorSequence
LogPluginManager: Mounting plugin LevelSequenceEditor
LogPluginManager: Mounting plugin MatineeToLevelSequence
LogPluginManager: Mounting plugin NetcodeUnitTest
LogPluginManager: Mounting plugin NUTUnrealEngine4
LogPluginManager: Mounting plugin OnlineSubsystemGooglePlay
LogPluginManager: Mounting plugin OnlineSubsystemIOS
LogPluginManager: Mounting plugin OnlineSubsystem
LogPluginManager: Mounting plugin OnlineSubsystemNull
LogPluginManager: Mounting plugin OnlineSubsystemSteam
LogPluginManager: Mounting plugin OnlineSubsystemUtils
LogPluginManager: Mounting plugin LauncherChunkInstaller
LogPluginManager: Mounting plugin AndroidDeviceProfileSelector
LogPluginManager: Mounting plugin AndroidMoviePlayer
LogPluginManager: Mounting plugin AndroidPermission
LogPluginManager: Mounting plugin AppleMoviePlayer
LogPluginManager: Mounting plugin ArchVisCharacter
LogPluginManager: Mounting plugin AudioCapture
LogPluginManager: Mounting plugin CableComponent
LogPluginManager: Mounting plugin CustomMeshComponent
LogPluginManager: Mounting plugin EditableMesh
LogPluginManager: Mounting plugin ExampleDeviceProfileSelector
LogPluginManager: Mounting plugin GoogleCloudMessaging
LogPluginManager: Mounting plugin ImmediatePhysics
LogPluginManager: Mounting plugin IOSDeviceProfileSelector
LogPluginManager: Mounting plugin LinuxDeviceProfileSelector
LogPluginManager: Mounting plugin LocationServicesBPLibrary
LogPluginManager: Mounting plugin MobilePatchingUtils
LogPluginManager: Mounting plugin PhysXVehicles
LogPluginManager: Mounting plugin ProceduralMeshComponent
LogPluginManager: Mounting plugin RuntimePhysXCooking
LogPluginManager: Mounting plugin WindowsMoviePlayer
LogStreaming: Display: Took  0.445s to configure plugins.
LogInit: Using libcurl 7.55.1-DEV
LogInit:  - built for x86_64-pc-win32
LogInit:  - supports SSL with OpenSSL/1.0.2h
LogInit:  - supports HTTP deflate (compression) using libz 1.2.8
LogInit:  - other features:
LogInit:      CURL_VERSION_SSL
LogInit:      CURL_VERSION_LIBZ
LogInit:      CURL_VERSION_IPV6
LogInit:      CURL_VERSION_ASYNCHDNS
LogInit:      CURL_VERSION_LARGEFILE
LogInit:      CURL_VERSION_IDN
LogInit:  CurlRequestOptions (configurable via config and command line):
LogInit:  - bVerifyPeer = false  - Libcurl will NOT verify peer certificate
LogInit:  - bUseHttpProxy = false  - Libcurl will NOT use HTTP proxy
LogInit:  - bDontReuseConnections = false  - Libcurl will reuse connections
LogInit:  - CertBundlePath = nullptr  - Libcurl will use whatever was configured at build time.
LogInit:  - MaxHostConnections = 16  - Libcurl will limit the number of connections to a host
LogInit:  - LocalHostAddr = Default
LogInit:  - BufferSize = 65536
LogOnline: Display: STEAM: Loading Steam SDK 1.39
LogInit: WinSock: version 1.1 (2.2), MaxSocks=32767, MaxUdp=65467
LogInit: Build: ++UE4+Release-4.20-CL-4369336
LogInit: Engine Version: 4.20.3-4369336+++UE4+Release-4.20
LogInit: Compatible Engine Version: 4.20.0-4212847+++UE4+Release-4.20
LogInit: Net CL: 4212847
LogInit: OS: Windows 10 (), CPU: Intel(R) Core(TM) i5-4690K CPU @ 3.50GHz, GPU: NVIDIA GeForce GTX 1070
LogInit: Compiled (64-bit): Sep 17 2018 12:26:19
LogInit: Compiled with Visual C++: 19.13.26129.00
LogInit: Build Configuration: Development
LogInit: Branch Name: ++UE4+Release-4.20
LogInit: Command Line:  /Game/MAPS/Menu -game -PIEVIACONSOLE -ResX=1280 -ResY=720  -Multiprocess -messaging -SessionName="Play in Standalone Game" -windowed 
LogInit: Base Directory: A:/Epic Games/UE_4.20/Engine/Binaries/Win64/
LogInit: Installed Engine Build: 1
LogDevObjectVersion: Number of dev versions registered: 20
LogDevObjectVersion:   Dev-Blueprints (B0D832E4-1F89-4F0D-ACCF-7EB736FD4AA2): 10
LogDevObjectVersion:   Dev-Build (E1C64328-A22C-4D53-A36C-8E866417BD8C): 0
LogDevObjectVersion:   Dev-Core (375EC13C-06E4-48FB-B500-84F0262A717E): 2
LogDevObjectVersion:   Dev-Editor (E4B068ED-F494-42E9-A231-DA0B2E46BB41): 24
LogDevObjectVersion:   Dev-Framework (CFFC743F-43B0-4480-9391-14DF171D2073): 34
LogDevObjectVersion:   Dev-Mobile (B02B49B5-BB20-44E9-A304-32B752E40360): 2
LogDevObjectVersion:   Dev-Networking (A4E4105C-59A1-49B5-A7C5-40C4547EDFEE): 0
LogDevObjectVersion:   Dev-Online (39C831C9-5AE6-47DC-9A44-9C173E1C8E7C): 0
LogDevObjectVersion:   Dev-Physics (78F01B33-EBEA-4F98-B9B4-84EACCB95AA2): 0
LogDevObjectVersion:   Dev-Platform (6631380F-2D4D-43E0-8009-CF276956A95A): 0
LogDevObjectVersion:   Dev-Rendering (12F88B9F-8875-4AFC-A67C-D90C383ABD29): 26
LogDevObjectVersion:   Dev-Sequencer (7B5AE74C-D270-4C10-A958-57980B212A5A): 9
LogDevObjectVersion:   Dev-VR (D7296918-1DD6-4BDD-9DE2-64A83CC13884): 2
LogDevObjectVersion:   Dev-LoadTimes (C2A15278-BFE7-4AFE-6C17-90FF531DF755): 1
LogDevObjectVersion:   Private-Geometry (6EACA3D4-40EC-4CC1-B786-8BED09428FC5): 3
LogDevObjectVersion:   Dev-AnimPhys (29E575DD-E0A3-4627-9D10-D276232CDCEA): 17
LogDevObjectVersion:   Dev-ReflectionCapture (6B266CEC-1EC7-4B8F-A30B-E4D90942FC07): 1
LogDevObjectVersion:   Dev-Automation (0DF73D61-A23F-47EA-B727-89E90C41499A): 1
LogDevObjectVersion:   FortniteMain (601D1886-AC64-4F84-AA16-D3DE0DEAC7D6): 12
LogDevObjectVersion:   Dev-Enterprise (9DFFBCD6-494F-0158-E221-12823C92A888): 1
LogStreaming: Display: Took  0.001s to delete old logs.
LogInit: Presizing for max 8388607 objects, including 0 objects not considered by GC, pre-allocating 0 bytes for permanent pool.
LogInit: Object subsystem initialized
[2018.11.01-23.17.04:229][  0]LogInit: Selected Device Profile: [Windows]
[2018.11.01-23.17.04:229][  0]LogInit: Applying CVar settings loaded from the selected device profile: [Windows]
[2018.11.01-23.17.04:233][  0]LogHAL: Display: Platform has ~ 16 GB [17114378240 / 17179869184 / 16], which maps to Larger [LargestMinGB=32, LargerMinGB=12, DefaultMinGB=8, SmallerMinGB=6, SmallestMinGB=0)
[2018.11.01-23.17.04:233][  0]LogInit: Setting Device Profile CVar: [[r.Vulkan.UseRealUBs:1]]
[2018.11.01-23.17.04:233][  0]LogInit: Going up to parent DeviceProfile []
[2018.11.01-23.17.04:234][  0]LogInit: Computer: MERTINS
[2018.11.01-23.17.04:234][  0]LogInit: User: DanLazar
[2018.11.01-23.17.04:234][  0]LogInit: CPU Page size=4096, Cores=4
[2018.11.01-23.17.04:234][  0]LogInit: High frequency timer resolution =3.415993 MHz
[2018.11.01-23.17.04:234][  0]LogMemory: Memory total: Physical=15.9GB (16GB approx)
[2018.11.01-23.17.04:234][  0]LogMemory: Platform Memory Stats for Windows
[2018.11.01-23.17.04:234][  0]LogMemory: Process Physical Memory: 133.47 MB used, 133.47 MB peak
[2018.11.01-23.17.04:234][  0]LogMemory: Process Virtual Memory: 114.64 MB used, 114.64 MB peak
[2018.11.01-23.17.04:234][  0]LogMemory: Physical Memory: 9508.84 MB used,  6812.70 MB free, 16321.54 MB total
[2018.11.01-23.17.04:234][  0]LogMemory: Virtual Memory: 4731.62 MB used,  6812.70 MB free, 134217728.00 MB total
[2018.11.01-23.17.04:290][  0]LogInit: Using OS detected language (en-US).
[2018.11.01-23.17.04:290][  0]LogInit: Using OS detected locale (en-US).
[2018.11.01-23.17.04:291][  0]LogTextLocalizationManager: No specific localization for 'en-US' exists, so the 'en' localization will be used.
[2018.11.01-23.17.04:734][  0]LogStreaming: Display: Took  0.445s to InitEngineTextLocalization.
[2018.11.01-23.17.04:797][  0]LogSlate: New Slate User Created.  User Index 0, Is Virtual User: 0
[2018.11.01-23.17.04:797][  0]LogSlate: Slate User Registered.  User Index 0, Is Virtual User: 0
[2018.11.01-23.17.04:812][  0]LogD3D11RHI: D3D11 adapters:
[2018.11.01-23.17.04:915][  0]LogD3D11RHI:    0. 'NVIDIA GeForce GTX 1070' (Feature Level 11_0)
[2018.11.01-23.17.04:915][  0]LogD3D11RHI:       8088/0/8160 MB DedicatedVideo/DedicatedSystem/SharedSystem, Outputs:1, VendorId:0x10de
[2018.11.01-23.17.04:920][  0]LogD3D11RHI:    1. 'Microsoft Basic Render Driver' (Feature Level 11_0)
[2018.11.01-23.17.04:921][  0]LogD3D11RHI:       0/0/8160 MB DedicatedVideo/DedicatedSystem/SharedSystem, Outputs:0, VendorId:0x1414
[2018.11.01-23.17.04:921][  0]LogD3D11RHI: Chosen D3D11 Adapter: 0
[2018.11.01-23.17.04:937][  0]LogD3D11RHI: Creating new Direct3DDevice
[2018.11.01-23.17.04:938][  0]LogD3D11RHI:     GPU DeviceId: 0x1b81 (for the marketing name, search the web for "GPU Device Id")
[2018.11.01-23.17.04:938][  0]LogWindows: EnumDisplayDevices:
[2018.11.01-23.17.04:938][  0]LogWindows:    0. 'NVIDIA GeForce GTX 1070' (P:1 D:1)
[2018.11.01-23.17.04:938][  0]LogWindows:    1. 'NVIDIA GeForce GTX 1070' (P:0 D:0)
[2018.11.01-23.17.04:939][  0]LogWindows:    2. 'NVIDIA GeForce GTX 1070' (P:0 D:0)
[2018.11.01-23.17.04:939][  0]LogWindows:    3. 'NVIDIA GeForce GTX 1070' (P:0 D:0)
[2018.11.01-23.17.04:940][  0]LogWindows: DebugString: FoundDriverCount:4 
[2018.11.01-23.17.04:940][  0]LogD3D11RHI:     Adapter Name: NVIDIA GeForce GTX 1070
[2018.11.01-23.17.04:940][  0]LogD3D11RHI:   Driver Version: 416.34 (internal:25.21.14.1634, unified:416.34)
[2018.11.01-23.17.04:940][  0]LogD3D11RHI:      Driver Date: 10-10-2018
[2018.11.01-23.17.04:940][  0]LogRHI: Texture pool is 5661 MB (70% of 8088 MB)
[2018.11.01-23.17.05:014][  0]LogD3D11RHI: Async texture creation enabled
[2018.11.01-23.17.05:044][  0]LogD3D11RHI: GPU Timing Frequency: 1000.000000 (Debug: 2 2)
[2018.11.01-23.17.05:089][  0]LogShaderCompilers: Guid format shader working directory is -3 characters bigger than the processId version (../../../../../GameDev/StrongStyle/STR_StrongStyle_v2/Intermediate/Shaders/WorkingDirectory/3788/).
[2018.11.01-23.17.05:090][  0]LogShaderCompilers: Cleaned the shader compiler working directory 'C:/Users/Dan Lazar/AppData/Local/Temp/UnrealShaderWorkingDir/1CECCB8E4886A46D4DD6F1AE400294C0/'.
[2018.11.01-23.17.05:673][  0]LogTemp: Display: Loaded TP WindowsClientTargetPlatform
[2018.11.01-23.17.05:689][  0]LogTemp: Display: Loaded TP WindowsNoEditorTargetPlatform
[2018.11.01-23.17.05:706][  0]LogTemp: Display: Loaded TP WindowsServerTargetPlatform
[2018.11.01-23.17.05:723][  0]LogTemp: Display: Loaded TP WindowsTargetPlatform
[2018.11.01-23.17.05:723][  0]LogTargetPlatformManager: Display: Building Assets For Windows
[2018.11.01-23.17.05:819][  0]LogXGEController: Cannot use XGE Controller as Incredibuild is not installed on this machine.
[2018.11.01-23.17.05:819][  0]LogShaderCompilers: Cannot use XGE Shader Compiler as Incredibuild is not installed on this machine.
[2018.11.01-23.17.05:819][  0]LogShaderCompilers: Display: Using Local Shader Compiler.
[2018.11.01-23.17.06:538][  0]LogDerivedDataCache: Display: Max Cache Size: 512 MB
[2018.11.01-23.17.06:611][  0]LogDerivedDataCache: Loaded boot cache 0.07s 68MB C:/Users/Dan Lazar/AppData/Local/UnrealEngine/4.20/DerivedDataCache/Boot.ddc.
[2018.11.01-23.17.06:612][  0]LogDerivedDataCache: Display: Loaded Boot cache: C:/Users/Dan Lazar/AppData/Local/UnrealEngine/4.20/DerivedDataCache/Boot.ddc
[2018.11.01-23.17.06:612][  0]LogDerivedDataCache: FDerivedDataBackendGraph:  Pak pak cache file ../../../../../GameDev/StrongStyle/STR_StrongStyle_v2/DerivedDataCache/DDC.ddp not found, will not use a pak cache.
[2018.11.01-23.17.06:612][  0]LogDerivedDataCache: Unable to find inner node Pak for hierarchical cache Hierarchy.
[2018.11.01-23.17.06:612][  0]LogDerivedDataCache: FDerivedDataBackendGraph:  CompressedPak pak cache file ../../../../../GameDev/StrongStyle/STR_StrongStyle_v2/DerivedDataCache/Compressed.ddp not found, will not use a pak cache.
[2018.11.01-23.17.06:612][  0]LogDerivedDataCache: Unable to find inner node CompressedPak for hierarchical cache Hierarchy.
[2018.11.01-23.17.06:623][  0]LogDerivedDataCache: Display: Pak cache opened for reading ../../../Engine/DerivedDataCache/Compressed.ddp.
[2018.11.01-23.17.06:635][  0]LogDerivedDataCache: Using Local data cache path C:/Users/Dan Lazar/AppData/Local/UnrealEngine/Common/DerivedDataCache: Writable
[2018.11.01-23.17.06:635][  0]LogDerivedDataCache: Shared data cache path not found in *engine.ini, will not use an Shared cache.
[2018.11.01-23.17.06:635][  0]LogDerivedDataCache: Unable to find inner node Shared for hierarchical cache Hierarchy.
[2018.11.01-23.17.06:654][  0]LogMaterial: Verifying Global Shaders for PCD3D_SM5
[2018.11.01-23.17.06:655][  0]LogSlate: Using FreeType 2.6.0
[2018.11.01-23.17.06:656][  0]LogSlate: SlateFontServices - WITH_FREETYPE: 1, WITH_HARFBUZZ: 1
[2018.11.01-23.17.06:719][  0]LogInit: Using OS detected language (en-US).
[2018.11.01-23.17.06:719][  0]LogInit: Using OS detected locale (en-US).
[2018.11.01-23.17.06:719][  0]LogTextLocalizationManager: No localization for 'en-US' exists, so 'en' will be used for the language.
[2018.11.01-23.17.06:719][  0]LogTextLocalizationManager: No localization for 'en-US' exists, so 'en' will be used for the locale.
[2018.11.01-23.17.07:027][  0]LogStreaming: Display: Took  0.308s to InitGameTextLocalization.
[2018.11.01-23.17.07:036][  0]LogAssetRegistry: FAssetRegistry took 0.0043 seconds to start up
[2018.11.01-23.17.07:238][  0]LogPackageLocalizationCache: Processed 9 localized package path(s) for 1 prioritized culture(s) in 0.011370 seconds
[2018.11.01-23.17.07:346][  0]LogInit: Selected Device Profile: [Windows]
[2018.11.01-23.17.07:489][  0]LogSimplygon: Simplygon DLL not present - disabling.
[2018.11.01-23.17.07:495][  0]LogMeshReduction: Using SimplygonSwarm for distributed automatic mesh merging
[2018.11.01-23.17.07:496][  0]LogMeshReduction: Using ProxyLODMeshReduction for automatic mesh merging
[2018.11.01-23.17.07:496][  0]LogMeshReduction: Using QuadricMeshReduction for automatic static mesh reduction
[2018.11.01-23.17.07:496][  0]LogMeshReduction: No automatic skeletal mesh reduction module available
[2018.11.01-23.17.07:511][  0]LogNetVersion: STR_StrongStyle_v2 1.0.0, NetCL: 4212847, EngineNetVer: 5, GameNetVer: 0 (Checksum: 3618140765)
[2018.11.01-23.17.08:126][  0]LogMoviePlayer: Initializing movie player
[2018.11.01-23.17.08:441][  0]LogTcpMessaging: Initializing TcpMessaging bridge
[2018.11.01-23.17.08:455][  0]LogUdpMessaging: Initializing bridge on interface 0.0.0.0:0 to multicast group 230.0.0.1:6666.
[2018.11.01-23.17.08:551][  0]SourceControl: Source control is disabled
[2018.11.01-23.17.08:551][  0]SourceControl: Source control is disabled
[2018.11.01-23.17.08:553][  0]SourceControl: Source control is disabled
[2018.11.01-23.17.08:708][  0]LogAndroidPermission: UAndroidPermissionCallbackProxy::GetInstance
[2018.11.01-23.17.09:089][  0]LogUObjectArray: 42551 objects as part of root set at end of initial load.
[2018.11.01-23.17.09:089][  0]LogUObjectAllocator: 7498168 out of 0 bytes used by permanent object pool.
[2018.11.01-23.17.09:089][  0]LogUObjectArray: CloseDisregardForGC: 0/0 objects in disregard for GC pool
[2018.11.01-23.17.09:149][  0]LogEngine: Initializing Engine...
[2018.11.01-23.17.09:162][  0]LogStats: UGameplayTagsManager::ConstructGameplayTagTree: ImportINI prefixes -  0.000 s
[2018.11.01-23.17.09:162][  0]LogStats: UGameplayTagsManager::ConstructGameplayTagTree: Construct from data asset -  0.000 s
[2018.11.01-23.17.09:163][  0]LogStats: UGameplayTagsManager::ConstructGameplayTagTree: ImportINI -  0.000 s
[2018.11.01-23.17.09:163][  0]LogStats: UGameplayTagsManager::ConstructGameplayTagTree: GameplayTagTreeChangedEvent.Broadcast -  0.000 s
[2018.11.01-23.17.09:349][  0]LogInit: Initializing FReadOnlyCVARCache
[2018.11.01-23.17.09:455][  0]LogInit: XAudio2 using 'Speakers (Realtek High Definition Audio)' : 2 channels at 48 kHz using 32 bits per sample (channel mask 0x3)
[2018.11.01-23.17.09:495][  0]LogInit: FAudioDevice initialized.
[2018.11.01-23.17.09:507][  0]LogNetVersion: Set ProjectVersion to 1.0.0.0. Version Checksum will be recalculated on next use.
[2018.11.01-23.17.09:507][  0]LogInit: Texture streaming: Enabled
[2018.11.01-23.17.10:172][  0]LogSlate: Updating window title bar state: overlay mode, drag disabled, window buttons hidden, title bar hidden
[2018.11.01-23.17.10:172][  0]LogInit: Display: Game Engine Initialized.
[2018.11.01-23.17.10:172][  0]LogGameplayTags: Display: UGameplayTagsManager::DoneAddingNativeTags. DelegateIsBound: 0
[2018.11.01-23.17.10:172][  0]LogStats: UGameplayTagsManager::ConstructGameplayTagTree: ImportINI prefixes -  0.000 s
[2018.11.01-23.17.10:172][  0]LogStats: UGameplayTagsManager::ConstructGameplayTagTree: Construct from data asset -  0.000 s
[2018.11.01-23.17.10:172][  0]LogStats: UGameplayTagsManager::ConstructGameplayTagTree: ImportINI -  0.000 s
[2018.11.01-23.17.10:172][  0]LogStats: UGameplayTagsManager::ConstructGameplayTagTree: GameplayTagTreeChangedEvent.Broadcast -  0.000 s
[2018.11.01-23.17.10:197][  0]LogInit: Display: Starting Game.
[2018.11.01-23.17.10:197][  0]LogNet: Browse: /Game/MAPS/Menu?Name=Player
[2018.11.01-23.17.10:197][  0]LogLoad: LoadMap: /Game/MAPS/Menu?Name=Player
[2018.11.01-23.17.10:331][  0]LogAIModule: Creating AISystem for world Menu
[2018.11.01-23.17.10:331][  0]LogLoad: Game class is 'BasketBallGameMode_C'
[2018.11.01-23.17.10:333][  0]LogWorld: Bringing World /Game/MAPS/Menu.Menu up for play (max tick rate 0) at 2018.11.01-16.17.10
[2018.11.01-23.17.10:334][  0]LogWorld: Bringing up level for play took: 0.001578
[2018.11.01-23.17.10:336][  0]LogBlueprintUserMessages: [BasketBallGameMode_C_0] BP_Basketball_PlayerControllerhas joined!
[2018.11.01-23.17.10:336][  0]LogBlueprintUserMessages: [BasketBallGameMode_C_0] Begin Play: BasketBallGameMode
[2018.11.01-23.17.10:336][  0]LogBlueprintUserMessages: [BasketBallGameMode_C_0] Hoops Set!
[2018.11.01-23.17.10:336][  0]LogBlueprintUserMessages: [BasketBallGameMode_C_0] Players Spawning!
[2018.11.01-23.17.10:336][  0]LogBlueprintUserMessages: [BasketBallGameMode_C_0] Completed Player Spawn Loop
[2018.11.01-23.17.10:336][  0]LogBlueprintUserMessages: [BasketBallGameMode_C_0] Players Spawned!
[2018.11.01-23.17.10:336][  0]LogBlueprintUserMessages: [BasketBallGameMode_C_0] Spawning: Ball
[2018.11.01-23.17.10:338][  0]LogBlueprintUserMessages: [BasketBallGameMode_C_0] Binding Game Start:BasketBallGameMode
[2018.11.01-23.17.10:338][  0]LogLoad: Took 0.141085 seconds to LoadMap(/Game/MAPS/Menu)
[2018.11.01-23.17.10:408][  0]LogRenderer: Reallocating scene render targets to support 1280x720 Format 10 NumSamples 1 (Frame:1).
[2018.11.01-23.17.10:408][  0]LogLoad: (Engine Initialization) Total time: 10.16 seconds
[2018.11.01-23.17.10:408][  0]LogLoad: (Engine Initialization) Total Blueprint compile time: 0.00 seconds
[2018.11.01-23.17.10:430][  0]LogWindowsTextInputMethodSystem: Display: IME system now deactivated.
[2018.11.01-23.17.10:434][  0]LogContentStreaming: Texture pool size now 1000 MB
[2018.11.01-23.17.10:612][  1]LogBlueprintUserMessages: [BasketBallGameMode_C_0] Clearing game Cameras
[2018.11.01-23.17.10:612][  1]LogBlueprintUserMessages: [BasketBallGameMode_C_0] Destroying:CameraCameraActor
[2018.11.01-23.17.15:614][248]LogSlate: FSceneViewport::OnFocusLost() reason 0
[2018.11.01-23.17.17:880][388]LogInit: WinSock: I am Mertins (192.168.0.3:0)
[2018.11.01-23.17.17:891][388]LogBlueprintUserMessages: [BPW_MenuHost_C_0] Creating Advanced Session!
[2018.11.01-23.17.18:104][388]LogPackageName: SearchForPackageOnDisk took   0.213s to resolve Online.umap.
[2018.11.01-23.17.18:310][388]LogPackageName: SearchForPackageOnDisk took   0.205s to resolve Online.umap.
[2018.11.01-23.17.18:311][388]LogNet: Browse: /Game/MAPS/Online?Listen
[2018.11.01-23.17.18:311][388]LogLoad: LoadMap: /Game/MAPS/Online?Listen
[2018.11.01-23.17.18:514][388]LogAIModule: Creating AISystem for world Online
[2018.11.01-23.17.18:515][388]LogLoad: Game class is 'BasketBallGameMode_C'
[2018.11.01-23.17.18:515][388]LogTemp: Display: ParseSettings for GameNetDriver
[2018.11.01-23.17.18:515][388]LogTemp: Display: ParseSettings for SteamNetDriver_0
[2018.11.01-23.17.18:515][388]LogTemp: Display: ParseSettings for GameNetDriver
[2018.11.01-23.17.18:515][388]LogNet: ReplicationDriverClass is null! Not using ReplicationDriver.
[2018.11.01-23.17.18:515][388]LogNet: Display: SteamNetDriver_0 bound to port 7777
[2018.11.01-23.17.18:515][388]PacketHandlerLog: Loaded PacketHandler component: Engine.EngineHandlerComponentFactory (StatelessConnectHandlerComponent)
[2018.11.01-23.17.18:516][388]LogNet: GameNetDriver SteamNetDriver_0 IpNetDriver listening on port 7777
[2018.11.01-23.17.18:518][388]LogWorld: Bringing World /Game/MAPS/Online.Online up for play (max tick rate 0) at 2018.11.01-16.17.18
[2018.11.01-23.17.18:519][388]LogWorld: Bringing up level for play took: 0.003311
[2018.11.01-23.17.18:521][388]LogBlueprintUserMessages: [BasketBallGameMode_C_0] BP_Basketball_PlayerControllerhas joined!
[2018.11.01-23.17.18:521][388]LogBlueprintUserMessages: [BasketBallGameMode_C_0] Begin Play: BasketBallGameMode
[2018.11.01-23.17.18:521][388]LogBlueprintUserMessages: [BasketBallGameMode_C_0] Hoops Set!
[2018.11.01-23.17.18:521][388]LogBlueprintUserMessages: [BasketBallGameMode_C_0] Players Spawning!
[2018.11.01-23.17.18:521][388]LogPlayerManagement: Error: Failed to Create Player: A local player already exists for controller ID 0,
[2018.11.01-23.17.18:524][388]LogBlueprintUserMessages: [BP_BasketballPlayer1_MASTER_C_0] Changing Team Material
[2018.11.01-23.17.18:524][388]LogSlate: New Slate User Created.  User Index 1, Is Virtual User: 0
[2018.11.01-23.17.18:524][388]LogSlate: Slate User Registered.  User Index 1, Is Virtual User: 0
[2018.11.01-23.17.18:524][388]LogBlueprintUserMessages: [BasketBallGameMode_C_0] BP_Basketball_PlayerController1has joined!
[2018.11.01-23.17.18:525][388]LogBlueprintUserMessages: [BP_BasketballPlayer1_MASTER_C_1] Changing Team Material
[2018.11.01-23.17.18:525][388]LogBlueprintUserMessages: [BasketBallGameMode_C_0] Completed Player Spawn Loop
[2018.11.01-23.17.18:525][388]LogBlueprintUserMessages: [BasketBallGameMode_C_0] Players Spawned!
[2018.11.01-23.17.18:526][388]LogBlueprintUserMessages: [BasketBallGameMode_C_0] Spawning: Ball
[2018.11.01-23.17.18:526][388]LogBlueprintUserMessages: [BasketBallGameMode_C_0] Binding Game Start:BasketBallGameMode
[2018.11.01-23.17.18:526][388]r.SetRes = "1280x720w"
[2018.11.01-23.17.18:527][388]LogLoad: Took 0.216473 seconds to LoadMap(/Game/MAPS/Online)
[2018.11.01-23.17.18:538][389]LogBlueprintUserMessages: [BasketBallGameMode_C_0] Clearing game Cameras
[2018.11.01-23.17.18:538][389]LogBlueprintUserMessages: [BasketBallGameMode_C_0] Destroying:CameraCameraActor
[2018.11.01-23.17.18:538][389]LogBlueprintUserMessages: [BasketBallGameMode_C_0] Destroying:CameraCameraActor1
[2018.11.01-23.17.41:920][824]LogSlate: FSceneViewport::OnFocusLost() reason 2
[2018.11.01-23.17.45:387][ 37]LogSlate: Window 'STR_StrongStyle_v2 (64-bit Development PCD3D_SM5) ' being destroyed
[2018.11.01-23.17.45:387][ 37]LogWindowsTextInputMethodSystem: Display: IME system now deactivated.
[2018.11.01-23.17.45:392][ 37]LogSlate: Updating window title bar state: overlay mode, drag disabled, window buttons hidden, title bar hidden
[2018.11.01-23.17.45:392][ 37]LogEngine: All Windows Closed
[2018.11.01-23.17.45:392][ 37]LogWindows: FPlatformMisc::RequestExit(0)
[2018.11.01-23.17.45:463][ 38]LogNet: World NetDriver shutdown SteamNetDriver_0 [GameNetDriver]
[2018.11.01-23.17.45:464][ 38]LogNet: DestroyNamedNetDriver SteamNetDriver_0 [GameNetDriver]
[2018.11.01-23.17.45:464][ 38]LogExit: GameNetDriver SteamNetDriver_0 shut down
[2018.11.01-23.17.46:189][ 38]LogExit: Preparing to exit.
[2018.11.01-23.17.46:189][ 38]LogMoviePlayer: Shutting down movie player
[2018.11.01-23.17.46:524][ 38]LogSlate: Updating window title bar state: overlay mode, drag disabled, window buttons hidden, title bar hidden
[2018.11.01-23.17.46:539][ 38]LogExit: Game engine shut down
[2018.11.01-23.17.47:041][ 38]LogExit: Object subsystem successfully closed.
[2018.11.01-23.17.47:068][ 38]LogShaderCompilers: Display: Shaders left to compile 0
[2018.11.01-23.17.47:071][ 38]LogD3D11RHI: Shutdown
[2018.11.01-23.17.47:071][ 38]LogD3D11RHI: CleanupD3DDevice
[2018.11.01-23.17.47:073][ 38]LogD3D11RHI: ~FD3D11DynamicRHI
[2018.11.01-23.17.47:096][ 38]LogModuleManager: Shutting down and abandoning module SequenceRecorderSections (372)
[2018.11.01-23.17.47:096][ 38]LogModuleManager: Shutting down and abandoning module SequenceRecorder (370)
[2018.11.01-23.17.47:096][ 38]LogModuleManager: Shutting down and abandoning module AutomationController (368)
[2018.11.01-23.17.47:097][ 38]LogModuleManager: Shutting down and abandoning module AutomationWorker (366)
[2018.11.01-23.17.47:097][ 38]LogModuleManager: Shutting down and abandoning module AIModule (364)
[2018.11.01-23.17.47:097][ 38]LogModuleManager: Shutting down and abandoning module GameplayDebugger (363)
[2018.11.01-23.17.47:097][ 38]LogModuleManager: Shutting down and abandoning module AITestSuite (361)
[2018.11.01-23.17.47:097][ 38]LogModuleManager: Shutting down and abandoning module NavigationSystem (359)
[2018.11.01-23.17.47:097][ 38]LogModuleManager: Shutting down and abandoning module WmfMediaFactory (356)
[2018.11.01-23.17.47:097][ 38]LogModuleManager: Shutting down and abandoning module OpenExrWrapper (354)
[2018.11.01-23.17.47:097][ 38]LogModuleManager: Shutting down and abandoning module ImgMediaFactory (352)
[2018.11.01-23.17.47:098][ 38]LogModuleManager: Shutting down and abandoning module AvfMediaFactory (350)
[2018.11.01-23.17.47:098][ 38]LogModuleManager: Shutting down and abandoning module MagicLeapCameraPreviewFactory (348)
[2018.11.01-23.17.47:098][ 38]LogModuleManager: Shutting down and abandoning module MagicLeapMediaFactory (346)
[2018.11.01-23.17.47:098][ 38]LogModuleManager: Shutting down and abandoning module CharacterAI (344)
[2018.11.01-23.17.47:098][ 38]LogModuleManager: Shutting down and abandoning module SessionServices (342)
[2018.11.01-23.17.47:098][ 38]LogModuleManager: Shutting down and abandoning module MovieSceneCapture (340)
[2018.11.01-23.17.47:098][ 38]LogModuleManager: Shutting down and abandoning module MovieSceneTracks (338)
[2018.11.01-23.17.47:098][ 38]LogModuleManager: Shutting down and abandoning module MovieScene (336)
[2018.11.01-23.17.47:098][ 38]LogModuleManager: Shutting down and abandoning module StreamingPauseRendering (334)
[2018.11.01-23.17.47:098][ 38]LogModuleManager: Shutting down and abandoning module PortalServices (332)
[2018.11.01-23.17.47:098][ 38]LogModuleManager: Shutting down and abandoning module PortalRpc (330)
[2018.11.01-23.17.47:098][ 38]LogModuleManager: Shutting down and abandoning module MessagingRpc (328)
[2018.11.01-23.17.47:098][ 38]LogModuleManager: Shutting down and abandoning module ProfilerService (326)
[2018.11.01-23.17.47:338][ 38]LogModuleManager: Shutting down and abandoning module TaskGraph (324)
[2018.11.01-23.17.47:339][ 38]LogModuleManager: Shutting down and abandoning module ProceduralMeshComponent (322)
[2018.11.01-23.17.47:339][ 38]LogModuleManager: Shutting down and abandoning module MobilePatchingUtils (320)
[2018.11.01-23.17.47:340][ 38]LogModuleManager: Shutting down and abandoning module EditableMesh (318)
[2018.11.01-23.17.47:340][ 38]LogModuleManager: Shutting down and abandoning module CustomMeshComponent (316)
[2018.11.01-23.17.47:340][ 38]LogModuleManager: Shutting down and abandoning module CableComponent (314)
[2018.11.01-23.17.47:340][ 38]LogModuleManager: Shutting down and abandoning module AudioCapture (312)
[2018.11.01-23.17.47:340][ 38]LogModuleManager: Shutting down and abandoning module ArchVisCharacter (310)
[2018.11.01-23.17.47:340][ 38]LogModuleManager: Shutting down and abandoning module AndroidPermission (308)
[2018.11.01-23.17.47:340][ 38]LogModuleManager: Shutting down and abandoning module NUTUnrealEngine4 (304)
[2018.11.01-23.17.47:340][ 38]LogModuleManager: Shutting down and abandoning module NetcodeUnitTest (302)
[2018.11.01-23.17.47:341][ 38]LogModuleManager: Shutting down and abandoning module MediaCompositing (300)
[2018.11.01-23.17.47:341][ 38]LogModuleManager: Shutting down and abandoning module LinearTimecode (298)
[2018.11.01-23.17.47:341][ 38]LogModuleManager: Shutting down and abandoning module ImgMedia (296)
[2018.11.01-23.17.47:343][ 38]LogModuleManager: Shutting down and abandoning module HTML5Networking (294)
[2018.11.01-23.17.47:343][ 38]LogModuleManager: Shutting down and abandoning module GeometryCacheTracks (292)
[2018.11.01-23.17.47:343][ 38]LogModuleManager: Shutting down and abandoning module GeometryCacheSequencer (291)
[2018.11.01-23.17.47:343][ 38]LogModuleManager: Shutting down and abandoning module GeometryCache (288)
[2018.11.01-23.17.47:343][ 38]LogModuleManager: Shutting down and abandoning module GeometryCacheEd (287)
[2018.11.01-23.17.47:343][ 38]LogModuleManager: Shutting down and abandoning module BackChannel (284)
[2018.11.01-23.17.47:344][ 38]LogModuleManager: Shutting down and abandoning module AppleVision (282)
[2018.11.01-23.17.47:344][ 38]LogModuleManager: Shutting down and abandoning module AppleImageUtils (280)
[2018.11.01-23.17.47:344][ 38]LogModuleManager: Shutting down and abandoning module DatasmithContent (278)
[2018.11.01-23.17.47:344][ 38]LogModuleManager: Shutting down and abandoning module CryptoKeysOpenSSL (276)
[2018.11.01-23.17.47:344][ 38]LogModuleManager: Shutting down and abandoning module CryptoKeys (274)
[2018.11.01-23.17.47:344][ 38]LogModuleManager: Shutting down and abandoning module VisualStudioSourceCodeAccess (272)
[2018.11.01-23.17.47:344][ 38]LogModuleManager: Shutting down and abandoning module HotReload (271)
[2018.11.01-23.17.47:345][ 38]LogModuleManager: Shutting down and abandoning module DirectoryWatcher (270)
[2018.11.01-23.17.47:345][ 38]LogModuleManager: Shutting down and abandoning module VisualStudioCodeSourceCodeAccess (266)
[2018.11.01-23.17.47:345][ 38]LogModuleManager: Shutting down and abandoning module UObjectPlugin (264)
[2018.11.01-23.17.47:345][ 38]LogModuleManager: Shutting down and abandoning module SubversionSourceControl (262)
[2018.11.01-23.17.47:345][ 38]LogModuleManager: Shutting down and abandoning module PerforceSourceControl (260)
[2018.11.01-23.17.47:346][ 38]LogModuleManager: Shutting down and abandoning module SourceControl (259)
[2018.11.01-23.17.47:346][ 38]LogModuleManager: Shutting down and abandoning module CLionSourceCodeAccess (256)
[2018.11.01-23.17.47:346][ 38]LogModuleManager: Shutting down and abandoning module RuntimePhysXCooking (254)
[2018.11.01-23.17.47:346][ 38]LogModuleManager: Shutting down and abandoning module PhysXVehiclesEditor (252)
[2018.11.01-23.17.47:346][ 38]LogModuleManager: Shutting down and abandoning module PhysXVehicles (250)
[2018.11.01-23.17.47:346][ 38]LogModuleManager: Shutting down and abandoning module LocationServicesBPLibrary (248)
[2018.11.01-23.17.47:346][ 38]LogModuleManager: Shutting down and abandoning module ImmediatePhysicsEditor (246)
[2018.11.01-23.17.47:346][ 38]LogModuleManager: Shutting down and abandoning module ImmediatePhysics (244)
[2018.11.01-23.17.47:347][ 38]LogModuleManager: Shutting down and abandoning module ActorSequence (242)
[2018.11.01-23.17.47:347][ 38]LogModuleManager: Shutting down and abandoning module UdpMessaging (240)
[2018.11.01-23.17.47:448][ 38]LogModuleManager: Shutting down and abandoning module TcpMessaging (238)
[2018.11.01-23.17.47:549][ 38]LogModuleManager: Shutting down and abandoning module MagicLeapAudio (236)
[2018.11.01-23.17.47:549][ 38]LogModuleManager: Shutting down and abandoning module GameplayTagsEditor (234)
[2018.11.01-23.17.47:549][ 38]LogModuleManager: Shutting down and abandoning module FacialAnimation (232)
[2018.11.01-23.17.47:549][ 38]LogModuleManager: Shutting down and abandoning module DataValidation (230)
[2018.11.01-23.17.47:549][ 38]LogModuleManager: Shutting down and abandoning module AssetManagerEditor (228)
[2018.11.01-23.17.47:550][ 38]LogModuleManager: Shutting down and abandoning module TreeMap (227)
[2018.11.01-23.17.47:550][ 38]LogModuleManager: Shutting down and abandoning module LightPropagationVolumeRuntime (224)
[2018.11.01-23.17.47:550][ 38]LogModuleManager: Shutting down and abandoning module AISupportModule (222)
[2018.11.01-23.17.47:550][ 38]LogModuleManager: Shutting down and abandoning module AdvancedSteamSessions (220)
[2018.11.01-23.17.47:550][ 38]LogModuleManager: Shutting down and abandoning module AdvancedSessions (218)
[2018.11.01-23.17.47:550][ 38]LogModuleManager: Shutting down and abandoning module Paper2D (216)
[2018.11.01-23.17.47:551][ 38]LogModuleManager: Shutting down and abandoning module PIEPreviewDeviceProfileSelector (214)
[2018.11.01-23.17.47:551][ 38]LogModuleManager: Shutting down and abandoning module WindowsMoviePlayer (212)
[2018.11.01-23.17.47:551][ 38]LogModuleManager: Shutting down and abandoning module WmfMedia (210)
[2018.11.01-23.17.47:552][ 38]LogModuleManager: Shutting down and abandoning module Media (209)
[2018.11.01-23.17.47:558][ 38]LogModuleManager: Shutting down and abandoning module PacketHandler (206)
[2018.11.01-23.17.47:558][ 38]LogModuleManager: Shutting down and abandoning module ClothingSystemEditor (204)
[2018.11.01-23.17.47:558][ 38]LogModuleManager: Shutting down and abandoning module ClothingSystemRuntime (202)
[2018.11.01-23.17.47:559][ 38]LogModuleManager: Shutting down and abandoning module MediaAssets (200)
[2018.11.01-23.17.47:559][ 38]LogModuleManager: Shutting down and abandoning module Overlay (198)
[2018.11.01-23.17.47:559][ 38]LogModuleManager: Shutting down and abandoning module OverlayEditor (197)
[2018.11.01-23.17.47:559][ 38]LogModuleManager: Shutting down and abandoning module VREditor (194)
[2018.11.01-23.17.47:559][ 38]LogModuleManager: Shutting down and abandoning module StringTableEditor (192)
[2018.11.01-23.17.47:559][ 38]LogModuleManager: Shutting down and abandoning module GameplayTasksEditor (190)
[2018.11.01-23.17.47:559][ 38]LogModuleManager: Shutting down and abandoning module BehaviorTreeEditor (188)
[2018.11.01-23.17.47:561][ 38]LogModuleManager: Shutting down and abandoning module FunctionalTesting (186)
[2018.11.01-23.17.47:561][ 38]LogModuleManager: Shutting down and abandoning module CollisionAnalyzer (184)
[2018.11.01-23.17.47:562][ 38]LogModuleManager: Shutting down and abandoning module WorkspaceMenuStructure (183)
[2018.11.01-23.17.47:562][ 38]LogModuleManager: Shutting down and abandoning module UMG (180)
[2018.11.01-23.17.47:562][ 38]LogModuleManager: Shutting down and abandoning module UMGEditor (179)
[2018.11.01-23.17.47:562][ 38]LogModuleManager: Shutting down and abandoning module Sequencer (178)
[2018.11.01-23.17.47:562][ 38]LogModuleManager: Shutting down and abandoning module MessageLog (175)
[2018.11.01-23.17.47:562][ 38]LogModuleManager: Shutting down and abandoning module SlateReflector (170)
[2018.11.01-23.17.47:564][ 38]LogModuleManager: Shutting down and abandoning module Slate (168)
[2018.11.01-23.17.47:564][ 38]LogModuleManager: Shutting down and abandoning module EditorStyle (166)
[2018.11.01-23.17.47:565][ 38]LogModuleManager: Shutting down and abandoning module MRMesh (164)
[2018.11.01-23.17.47:565][ 38]LogModuleManager: Shutting down and abandoning module Messaging (162)
[2018.11.01-23.17.47:565][ 38]LogModuleManager: Shutting down and abandoning module SourceCodeAccess (160)
[2018.11.01-23.17.47:565][ 38]LogModuleManager: Shutting down and abandoning module HeadMountedDisplay (158)
[2018.11.01-23.17.47:565][ 38]LogModuleManager: Shutting down and abandoning module XAudio2 (156)
[2018.11.01-23.17.47:565][ 38]LogModuleManager: Shutting down and abandoning module Networking (154)
[2018.11.01-23.17.47:565][ 38]LogModuleManager: Shutting down and abandoning module Core (152)
[2018.11.01-23.17.47:565][ 38]LogModuleManager: Shutting down and abandoning module LevelSequence (150)
[2018.11.01-23.17.47:565][ 38]LogModuleManager: Shutting down and abandoning module KismetCompiler (148)
[2018.11.01-23.17.47:565][ 38]LogModuleManager: Shutting down and abandoning module MeshUtilities (146)
[2018.11.01-23.17.47:566][ 38]LogModuleManager: Shutting down and abandoning module MeshMergeUtilities (145)
[2018.11.01-23.17.47:566][ 38]LogModuleManager: Shutting down and abandoning module MeshReductionInterface (144)
[2018.11.01-23.17.47:566][ 38]LogModuleManager: Shutting down and abandoning module SimplygonSwarm (143)
[2018.11.01-23.17.47:566][ 38]LogModuleManager: Shutting down and abandoning module ProxyLODMeshReduction (141)
[2018.11.01-23.17.47:567][ 38]LogModuleManager: Shutting down and abandoning module SimplygonMeshReduction (139)
[2018.11.01-23.17.47:567][ 38]LogModuleManager: Shutting down and abandoning module QuadricMeshReduction (137)
[2018.11.01-23.17.47:567][ 38]LogModuleManager: Shutting down and abandoning module MaterialBaking (133)
[2018.11.01-23.17.47:567][ 38]LogModuleManager: Shutting down and abandoning module DerivedDataCache (128)
[2018.11.01-23.17.47:841][ 38]LogDerivedDataCache: Shutdown
[2018.11.01-23.17.47:841][ 38]LogModuleManager: Shutting down and abandoning module XGEController (126)
[2018.11.01-23.17.47:841][ 38]LogModuleManager: Shutting down and abandoning module TargetPlatform (124)
[2018.11.01-23.17.47:841][ 38]LogModuleManager: Shutting down and abandoning module VulkanShaderFormat (123)
[2018.11.01-23.17.47:842][ 38]LogModuleManager: Shutting down and abandoning module ShaderFormatVectorVM (121)
[2018.11.01-23.17.47:842][ 38]LogModuleManager: Shutting down and abandoning module ShaderFormatOpenGL (119)
[2018.11.01-23.17.47:842][ 38]LogModuleManager: Shutting down and abandoning module ShaderFormatD3D (117)
[2018.11.01-23.17.47:842][ 38]LogModuleManager: Shutting down and abandoning module MetalShaderFormat (115)
[2018.11.01-23.17.47:842][ 38]LogModuleManager: Shutting down and abandoning module TextureFormatUncompressed (113)
[2018.11.01-23.17.47:842][ 38]LogModuleManager: Shutting down and abandoning module TextureFormatPVR (111)
[2018.11.01-23.17.47:842][ 38]LogModuleManager: Shutting down and abandoning module TextureFormatDXT (109)
[2018.11.01-23.17.47:842][ 38]LogModuleManager: Shutting down and abandoning module TextureFormatIntelISPCTexComp (107)
[2018.11.01-23.17.47:843][ 38]LogModuleManager: Shutting down and abandoning module TextureFormatASTC (105)
[2018.11.01-23.17.47:843][ 38]LogModuleManager: Shutting down and abandoning module ImageWrapper (104)
[2018.11.01-23.17.47:843][ 38]LogModuleManager: Shutting down and abandoning module TextureFormatAndroid (101)
[2018.11.01-23.17.47:843][ 38]LogModuleManager: Shutting down and abandoning module AudioFormatOpus (99)
[2018.11.01-23.17.47:843][ 38]LogModuleManager: Shutting down and abandoning module AudioFormatOgg (97)
[2018.11.01-23.17.47:843][ 38]LogModuleManager: Shutting down and abandoning module AudioFormatADPCM (95)
[2018.11.01-23.17.47:843][ 38]LogModuleManager: Shutting down and abandoning module WindowsTargetPlatform (93)
[2018.11.01-23.17.47:843][ 38]LogModuleManager: Shutting down and abandoning module WindowsServerTargetPlatform (91)
[2018.11.01-23.17.47:843][ 38]LogModuleManager: Shutting down and abandoning module WindowsNoEditorTargetPlatform (89)
[2018.11.01-23.17.47:843][ 38]LogModuleManager: Shutting down and abandoning module WindowsClientTargetPlatform (87)
[2018.11.01-23.17.47:843][ 38]LogModuleManager: Shutting down and abandoning module InputCore (84)
[2018.11.01-23.17.47:843][ 38]LogModuleManager: Shutting down and abandoning module Settings (82)
[2018.11.01-23.17.47:843][ 38]LogModuleManager: Shutting down and abandoning module PhysXCooking (80)
[2018.11.01-23.17.47:843][ 38]LogModuleManager: Shutting down and abandoning module ExampleDeviceProfileSelector (78)
[2018.11.01-23.17.47:843][ 38]LogModuleManager: Shutting down and abandoning module LauncherChunkInstaller (76)
[2018.11.01-23.17.47:843][ 38]LogModuleManager: Shutting down and abandoning module OnlineBlueprintSupport (74)
[2018.11.01-23.17.47:843][ 38]LogModuleManager: Shutting down and abandoning module OnlineSubsystem (70)
[2018.11.01-23.17.47:843][ 38]LogOnline: Display: STEAM: OnlineSubsystemSteam::Shutdown()
[2018.11.01-23.17.47:925][ 38]LogOnline: Display: STEAM: OnlineSubsystemSteam::Shutdown()
[2018.11.01-23.17.47:925][ 38]LogModuleManager: Shutting down and abandoning module XMPP (65)
[2018.11.01-23.17.47:926][ 38]LogModuleManager: Shutting down and abandoning module WebSockets (64)
[2018.11.01-23.17.47:958][ 38]LogModuleManager: Shutting down and abandoning module HTTP (61)
[2018.11.01-23.17.47:989][ 38]LogModuleManager: Shutting down and abandoning module SSL (60)
[2018.11.01-23.17.47:991][ 38]LogModuleManager: Shutting down and abandoning module MagicLeapEmulator (56)
[2018.11.01-23.17.47:991][ 38]LogModuleManager: Shutting down and abandoning module MagicLeapPrivileges (54)
[2018.11.01-23.17.47:991][ 38]LogModuleManager: Shutting down and abandoning module MagicLeapIdentity (52)
[2018.11.01-23.17.47:991][ 38]LogModuleManager: Shutting down and abandoning module MagicLeapHelperVulkan (50)
[2018.11.01-23.17.47:991][ 38]LogModuleManager: Shutting down and abandoning module MagicLeapHelperOpenGL (48)
[2018.11.01-23.17.47:991][ 38]LogModuleManager: Shutting down and abandoning module MagicLeapSecureStorage (46)
[2018.11.01-23.17.47:991][ 38]LogModuleManager: Shutting down and abandoning module MagicLeapGestures (44)
[2018.11.01-23.17.47:991][ 38]LogModuleManager: Shutting down and abandoning module MagicLeapEyeTracker (42)
[2018.11.01-23.17.47:991][ 38]LogModuleManager: Shutting down and abandoning module MagicLeapController (40)
[2018.11.01-23.17.47:991][ 38]LogSlate: Slate User Destroyed.  User Index 0, Is Virtual User: 0
[2018.11.01-23.17.47:991][ 38]LogSlate: Slate User Destroyed.  User Index 1, Is Virtual User: 0
[2018.11.01-23.17.47:991][ 38]LogModuleManager: Shutting down and abandoning module MagicLeap (38)
[2018.11.01-23.17.47:991][ 38]LogModuleManager: Shutting down and abandoning module AnimationModifiers (36)
[2018.11.01-23.17.47:992][ 38]LogModuleManager: Shutting down and abandoning module PropertyEditor (35)
[2018.11.01-23.17.47:992][ 38]LogModuleManager: Shutting down and abandoning module AudioEditor (32)
[2018.11.01-23.17.47:992][ 38]LogModuleManager: Shutting down and abandoning module TextureCompressor (30)
[2018.11.01-23.17.47:992][ 38]LogModuleManager: Shutting down and abandoning module ShaderCore (28)
[2018.11.01-23.17.47:992][ 38]LogModuleManager: Shutting down and abandoning module Landscape (26)
[2018.11.01-23.17.47:992][ 38]LogModuleManager: Shutting down and abandoning module SlateRHIRenderer (24)
[2018.11.01-23.17.47:993][ 38]LogModuleManager: Shutting down and abandoning module OpenGLDrv (22)
[2018.11.01-23.17.47:993][ 38]LogModuleManager: Shutting down and abandoning module D3D11RHI (20)
[2018.11.01-23.17.47:993][ 38]LogModuleManager: Shutting down and abandoning module AnimGraphRuntime (18)
[2018.11.01-23.17.47:993][ 38]LogModuleManager: Shutting down and abandoning module Renderer (16)
[2018.11.01-23.17.47:993][ 38]LogModuleManager: Shutting down and abandoning module Engine (14)
[2018.11.01-23.17.47:993][ 38]LogModuleManager: Shutting down and abandoning module CoreUObject (12)
[2018.11.01-23.17.47:993][ 38]LogModuleManager: Shutting down and abandoning module NetworkFile (10)
[2018.11.01-23.17.47:994][ 38]LogModuleManager: Shutting down and abandoning module CookedIterativeFile (8)
[2018.11.01-23.17.47:994][ 38]LogModuleManager: Shutting down and abandoning module StreamingFile (6)
[2018.11.01-23.17.47:994][ 38]LogModuleManager: Shutting down and abandoning module SandboxFile (4)
[2018.11.01-23.17.47:994][ 38]LogModuleManager: Shutting down and abandoning module PakFile (2)
[2018.11.01-23.17.47:998][ 38]LogExit: Exiting.
[2018.11.01-23.17.48:002][ 38]Log file closed, 11/01/18 16:17:48
