Log file open, 01/25/19 13:08:42
LogWindows: Failed to load 'aqProf.dll' (GetLastError=126)
LogWindows: File 'aqProf.dll' does not exist
LogWindows: Failed to load 'VtuneApi.dll' (GetLastError=126)
LogWindows: File 'VtuneApi.dll' does not exist
LogWindows: Failed to load 'VtuneApi32e.dll' (GetLastError=126)
LogWindows: File 'VtuneApi32e.dll' does not exist
LogInit: Display: Running engine for game: STR_StrongStyle_v2
LogPlatformFile: Not using cached read wrapper
LogTaskGraph: Started task graph with 5 named threads and 14 total threads with 3 sets of task threads.
LogStats: Stats thread started at 0.876288
LogD3D11RHI: Loaded GFSDK_Aftermath_Lib.x64.dll
LogICUInternationalization: Display: ICU TimeZone Detection - Raw Offset: -8:00, Platform Override: ''
LogPluginManager: Mounting plugin Paper2D
LogPluginManager: Mounting plugin AISupport
LogPluginManager: Mounting plugin LightPropagationVolume
LogPluginManager: Mounting plugin CLionSourceCodeAccess
LogPluginManager: Mounting plugin CodeLiteSourceCodeAccess
LogPluginManager: Mounting plugin GitSourceControl
LogPluginManager: Mounting plugin KDevelopSourceCodeAccess
LogPluginManager: Mounting plugin NullSourceCodeAccess
LogPluginManager: Mounting plugin PerforceSourceControl
LogPluginManager: Mounting plugin SubversionSourceControl
LogPluginManager: Mounting plugin UObjectPlugin
LogPluginManager: Mounting plugin VisualStudioCodeSourceCodeAccess
LogPluginManager: Mounting plugin VisualStudioSourceCodeAccess
LogPluginManager: Mounting plugin XCodeSourceCodeAccess
LogPluginManager: Mounting plugin AssetManagerEditor
LogPluginManager: Mounting plugin CryptoKeys
LogPluginManager: Mounting plugin DataValidation
LogPluginManager: Mounting plugin FacialAnimation
LogPluginManager: Mounting plugin GameplayTagsEditor
LogPluginManager: Mounting plugin MacGraphicsSwitching
LogPluginManager: Mounting plugin MeshEditor
LogPluginManager: Mounting plugin MobileLauncherProfileWizard
LogPluginManager: Mounting plugin PluginBrowser
LogPluginManager: Mounting plugin SpeedTreeImporter
LogPluginManager: Mounting plugin DatasmithContent
LogPluginManager: Mounting plugin AlembicImporter
LogPluginManager: Mounting plugin AppleImageUtils
LogPluginManager: Mounting plugin AppleVision
LogPluginManager: Mounting plugin BackChannel
LogPluginManager: Mounting plugin CharacterAI
LogPluginManager: Mounting plugin GeometryCache
LogPluginManager: Mounting plugin HTML5Networking
LogPluginManager: Mounting plugin ProxyLODPlugin
LogPluginManager: Mounting plugin MagicLeap
LogPluginManager: Mounting plugin MagicLeapEmulator
LogPluginManager: Mounting plugin MagicLeapMedia
LogPluginManager: Mounting plugin AndroidMedia
LogPluginManager: Mounting plugin AvfMedia
LogPluginManager: Mounting plugin ImgMedia
LogPluginManager: Mounting plugin LinearTimecode
LogPluginManager: Mounting plugin MediaCompositing
LogPluginManager: Mounting plugin MediaPlayerEditor
LogPluginManager: Mounting plugin WmfMedia
LogPluginManager: Mounting plugin TcpMessaging
LogPluginManager: Mounting plugin UdpMessaging
LogPluginManager: Mounting plugin ActorSequence
LogPluginManager: Mounting plugin LevelSequenceEditor
LogPluginManager: Mounting plugin MatineeToLevelSequence
LogPluginManager: Mounting plugin NetcodeUnitTest
LogPluginManager: Mounting plugin NUTUnrealEngine4
LogPluginManager: Mounting plugin OnlineSubsystemGooglePlay
LogPluginManager: Mounting plugin OnlineSubsystemIOS
LogPluginManager: Mounting plugin OnlineSubsystem
LogPluginManager: Mounting plugin OnlineSubsystemNull
LogPluginManager: Mounting plugin OnlineSubsystemUtils
LogPluginManager: Mounting plugin LauncherChunkInstaller
LogPluginManager: Mounting plugin AndroidDeviceProfileSelector
LogPluginManager: Mounting plugin AndroidMoviePlayer
LogPluginManager: Mounting plugin AndroidPermission
LogPluginManager: Mounting plugin AppleMoviePlayer
LogPluginManager: Mounting plugin ArchVisCharacter
LogPluginManager: Mounting plugin AudioCapture
LogPluginManager: Mounting plugin CableComponent
LogPluginManager: Mounting plugin CustomMeshComponent
LogPluginManager: Mounting plugin EditableMesh
LogPluginManager: Mounting plugin ExampleDeviceProfileSelector
LogPluginManager: Mounting plugin GoogleCloudMessaging
LogPluginManager: Mounting plugin ImmediatePhysics
LogPluginManager: Mounting plugin IOSDeviceProfileSelector
LogPluginManager: Mounting plugin LinuxDeviceProfileSelector
LogPluginManager: Mounting plugin LocationServicesBPLibrary
LogPluginManager: Mounting plugin MobilePatchingUtils
LogPluginManager: Mounting plugin PhysXVehicles
LogPluginManager: Mounting plugin ProceduralMeshComponent
LogPluginManager: Mounting plugin RuntimePhysXCooking
LogPluginManager: Mounting plugin WindowsMoviePlayer
LogStreaming: Display: Took  0.380s to configure plugins.
LogInit: Using libcurl 7.55.1-DEV
LogInit:  - built for x86_64-pc-win32
LogInit:  - supports SSL with OpenSSL/1.0.2h
LogInit:  - supports HTTP deflate (compression) using libz 1.2.8
LogInit:  - other features:
LogInit:      CURL_VERSION_SSL
LogInit:      CURL_VERSION_LIBZ
LogInit:      CURL_VERSION_IPV6
LogInit:      CURL_VERSION_ASYNCHDNS
LogInit:      CURL_VERSION_LARGEFILE
LogInit:      CURL_VERSION_IDN
LogInit:  CurlRequestOptions (configurable via config and command line):
LogInit:  - bVerifyPeer = false  - Libcurl will NOT verify peer certificate
LogInit:  - bUseHttpProxy = false  - Libcurl will NOT use HTTP proxy
LogInit:  - bDontReuseConnections = false  - Libcurl will reuse connections
LogInit:  - CertBundlePath = nullptr  - Libcurl will use whatever was configured at build time.
LogInit:  - MaxHostConnections = 16  - Libcurl will limit the number of connections to a host
LogInit:  - LocalHostAddr = Default
LogInit:  - BufferSize = 65536
LogModuleManager: Warning: ModuleManager: Unable to load module 'OnlineSubsystemSteam'  - 0 instances of that module name found.
LogInit: WinSock: version 1.1 (2.2), MaxSocks=32767, MaxUdp=65467
LogInit: Build: ++UE4+Release-4.20-CL-4369336
LogInit: Engine Version: 4.20.3-4369336+++UE4+Release-4.20
LogInit: Compatible Engine Version: 4.20.0-4212847+++UE4+Release-4.20
LogInit: Net CL: 4212847
LogInit: OS: Windows 10 (), CPU: Intel(R) Core(TM) i5-4690K CPU @ 3.50GHz, GPU: NVIDIA GeForce GTX 1070
LogInit: Compiled (64-bit): Sep 17 2018 12:26:19
LogInit: Compiled with Visual C++: 19.13.26129.00
LogInit: Build Configuration: Development
LogInit: Branch Name: ++UE4+Release-4.20
LogInit: Command Line:  
LogInit: Base Directory: A:/Epic Games/UE_4.20/Engine/Binaries/Win64/
LogInit: Installed Engine Build: 1
LogDevObjectVersion: Number of dev versions registered: 20
LogDevObjectVersion:   Dev-Blueprints (B0D832E4-1F89-4F0D-ACCF-7EB736FD4AA2): 10
LogDevObjectVersion:   Dev-Build (E1C64328-A22C-4D53-A36C-8E866417BD8C): 0
LogDevObjectVersion:   Dev-Core (375EC13C-06E4-48FB-B500-84F0262A717E): 2
LogDevObjectVersion:   Dev-Editor (E4B068ED-F494-42E9-A231-DA0B2E46BB41): 24
LogDevObjectVersion:   Dev-Framework (CFFC743F-43B0-4480-9391-14DF171D2073): 34
LogDevObjectVersion:   Dev-Mobile (B02B49B5-BB20-44E9-A304-32B752E40360): 2
LogDevObjectVersion:   Dev-Networking (A4E4105C-59A1-49B5-A7C5-40C4547EDFEE): 0
LogDevObjectVersion:   Dev-Online (39C831C9-5AE6-47DC-9A44-9C173E1C8E7C): 0
LogDevObjectVersion:   Dev-Physics (78F01B33-EBEA-4F98-B9B4-84EACCB95AA2): 0
LogDevObjectVersion:   Dev-Platform (6631380F-2D4D-43E0-8009-CF276956A95A): 0
LogDevObjectVersion:   Dev-Rendering (12F88B9F-8875-4AFC-A67C-D90C383ABD29): 26
LogDevObjectVersion:   Dev-Sequencer (7B5AE74C-D270-4C10-A958-57980B212A5A): 9
LogDevObjectVersion:   Dev-VR (D7296918-1DD6-4BDD-9DE2-64A83CC13884): 2
LogDevObjectVersion:   Dev-LoadTimes (C2A15278-BFE7-4AFE-6C17-90FF531DF755): 1
LogDevObjectVersion:   Private-Geometry (6EACA3D4-40EC-4CC1-B786-8BED09428FC5): 3
LogDevObjectVersion:   Dev-AnimPhys (29E575DD-E0A3-4627-9D10-D276232CDCEA): 17
LogDevObjectVersion:   Dev-ReflectionCapture (6B266CEC-1EC7-4B8F-A30B-E4D90942FC07): 1
LogDevObjectVersion:   Dev-Automation (0DF73D61-A23F-47EA-B727-89E90C41499A): 1
LogDevObjectVersion:   FortniteMain (601D1886-AC64-4F84-AA16-D3DE0DEAC7D6): 12
LogDevObjectVersion:   Dev-Enterprise (9DFFBCD6-494F-0158-E221-12823C92A888): 1
LogStreaming: Display: Took  0.009s to delete old logs.
LogInit: Presizing for max 8388607 objects, including 0 objects not considered by GC, pre-allocating 0 bytes for permanent pool.
LogInit: Object subsystem initialized
[2019.01.25-21.08.43:598][  0]LogInit: Selected Device Profile: [Windows]
[2019.01.25-21.08.43:599][  0]LogInit: Applying CVar settings loaded from the selected device profile: [Windows]
[2019.01.25-21.08.43:642][  0]LogHAL: Display: Platform has ~ 16 GB [17114378240 / 17179869184 / 16], which maps to Larger [LargestMinGB=32, LargerMinGB=12, DefaultMinGB=8, SmallerMinGB=6, SmallestMinGB=0)
[2019.01.25-21.08.43:642][  0]LogInit: Setting Device Profile CVar: [[r.Vulkan.UseRealUBs:1]]
[2019.01.25-21.08.43:642][  0]LogInit: Going up to parent DeviceProfile []
[2019.01.25-21.08.43:644][  0]LogInit: Computer: MERTINS
[2019.01.25-21.08.43:644][  0]LogInit: User: DanLazar
[2019.01.25-21.08.43:644][  0]LogInit: CPU Page size=4096, Cores=4
[2019.01.25-21.08.43:644][  0]LogInit: High frequency timer resolution =3.415991 MHz
[2019.01.25-21.08.43:644][  0]LogMemory: Memory total: Physical=15.9GB (16GB approx)
[2019.01.25-21.08.43:644][  0]LogMemory: Platform Memory Stats for Windows
[2019.01.25-21.08.43:644][  0]LogMemory: Process Physical Memory: 100.71 MB used, 100.71 MB peak
[2019.01.25-21.08.43:644][  0]LogMemory: Process Virtual Memory: 84.93 MB used, 84.93 MB peak
[2019.01.25-21.08.43:644][  0]LogMemory: Physical Memory: 12473.32 MB used,  3848.22 MB free, 16321.54 MB total
[2019.01.25-21.08.43:644][  0]LogMemory: Virtual Memory: 4605.04 MB used,  3848.22 MB free, 134217728.00 MB total
[2019.01.25-21.08.43:850][  0]LogInit: Using OS detected language (en-US).
[2019.01.25-21.08.43:850][  0]LogInit: Using OS detected locale (en-US).
[2019.01.25-21.08.43:856][  0]LogTextLocalizationManager: No specific localization for 'en-US' exists, so the 'en' localization will be used.
[2019.01.25-21.08.44:500][  0]LogStreaming: Display: Took  0.651s to InitEngineTextLocalization.
[2019.01.25-21.08.44:500][  0]LogInit: Setting process to per monitor DPI aware
[2019.01.25-21.08.44:671][  0]LogSlate: New Slate User Created.  User Index 0, Is Virtual User: 0
[2019.01.25-21.08.44:671][  0]LogSlate: Slate User Registered.  User Index 0, Is Virtual User: 0
[2019.01.25-21.08.45:672][  0]LogD3D11RHI: D3D11 adapters:
[2019.01.25-21.08.45:921][  0]LogD3D11RHI:    0. 'NVIDIA GeForce GTX 1070' (Feature Level 11_0)
[2019.01.25-21.08.45:921][  0]LogD3D11RHI:       8088/0/8160 MB DedicatedVideo/DedicatedSystem/SharedSystem, Outputs:1, VendorId:0x10de
[2019.01.25-21.08.45:935][  0]LogD3D11RHI:    1. 'Microsoft Basic Render Driver' (Feature Level 11_0)
[2019.01.25-21.08.45:935][  0]LogD3D11RHI:       0/0/8160 MB DedicatedVideo/DedicatedSystem/SharedSystem, Outputs:0, VendorId:0x1414
[2019.01.25-21.08.45:935][  0]LogD3D11RHI: Chosen D3D11 Adapter: 0
[2019.01.25-21.08.45:952][  0]LogD3D11RHI: Creating new Direct3DDevice
[2019.01.25-21.08.45:952][  0]LogD3D11RHI:     GPU DeviceId: 0x1b81 (for the marketing name, search the web for "GPU Device Id")
[2019.01.25-21.08.45:953][  0]LogWindows: EnumDisplayDevices:
[2019.01.25-21.08.45:953][  0]LogWindows:    0. 'NVIDIA GeForce GTX 1070' (P:1 D:1)
[2019.01.25-21.08.45:954][  0]LogWindows:    1. 'NVIDIA GeForce GTX 1070' (P:0 D:0)
[2019.01.25-21.08.45:955][  0]LogWindows:    2. 'NVIDIA GeForce GTX 1070' (P:0 D:0)
[2019.01.25-21.08.45:956][  0]LogWindows:    3. 'NVIDIA GeForce GTX 1070' (P:0 D:0)
[2019.01.25-21.08.45:956][  0]LogWindows: DebugString: FoundDriverCount:4 
[2019.01.25-21.08.45:956][  0]LogD3D11RHI:     Adapter Name: NVIDIA GeForce GTX 1070
[2019.01.25-21.08.45:956][  0]LogD3D11RHI:   Driver Version: 417.22 (internal:25.21.14.1722, unified:417.22)
[2019.01.25-21.08.45:956][  0]LogD3D11RHI:      Driver Date: 11-29-2018
[2019.01.25-21.08.45:956][  0]LogRHI: Texture pool is 5661 MB (70% of 8088 MB)
[2019.01.25-21.08.46:135][  0]LogD3D11RHI: Async texture creation enabled
[2019.01.25-21.08.46:176][  0]LogD3D11RHI: GPU Timing Frequency: 1000.000000 (Debug: 2 2)
[2019.01.25-21.08.46:227][  0]LogShaderCompilers: Guid format shader working directory is -3 characters bigger than the processId version (../../../../../GameDev/StrongStyle/STR_StrongStyle_v2/Intermediate/Shaders/WorkingDirectory/6076/).
[2019.01.25-21.08.46:227][  0]LogShaderCompilers: Cleaned the shader compiler working directory 'C:/Users/Dan Lazar/AppData/Local/Temp/UnrealShaderWorkingDir/6202237449335A839F0DA69C1128F762/'.
[2019.01.25-21.08.47:480][  0]LogTemp: Display: Loaded TP AllDesktopTargetPlatform
[2019.01.25-21.08.47:501][  0]LogTemp: Display: Loaded TP MacClientTargetPlatform
[2019.01.25-21.08.47:522][  0]LogTemp: Display: Loaded TP MacNoEditorTargetPlatform
[2019.01.25-21.08.47:543][  0]LogTemp: Display: Loaded TP MacServerTargetPlatform
[2019.01.25-21.08.47:564][  0]LogTemp: Display: Loaded TP MacTargetPlatform
[2019.01.25-21.08.47:585][  0]LogTemp: Display: Loaded TP WindowsClientTargetPlatform
[2019.01.25-21.08.47:605][  0]LogTemp: Display: Loaded TP WindowsNoEditorTargetPlatform
[2019.01.25-21.08.47:625][  0]LogTemp: Display: Loaded TP WindowsServerTargetPlatform
[2019.01.25-21.08.47:637][  0]LogTemp: Display: Loaded TP WindowsTargetPlatform
[2019.01.25-21.08.47:734][  0]LogTemp: Display: Loaded TP AndroidTargetPlatform
[2019.01.25-21.08.47:734][  0]LogTemp: Display: Loaded TP AndroidTargetPlatform
[2019.01.25-21.08.47:734][  0]LogTemp: Display: Loaded TP AndroidTargetPlatform
[2019.01.25-21.08.47:734][  0]LogTemp: Display: Loaded TP AndroidTargetPlatform
[2019.01.25-21.08.47:734][  0]LogTemp: Display: Loaded TP AndroidTargetPlatform
[2019.01.25-21.08.47:734][  0]LogTemp: Display: Loaded TP AndroidTargetPlatform
[2019.01.25-21.08.47:734][  0]LogTemp: Display: Loaded TP AndroidTargetPlatform
[2019.01.25-21.08.47:734][  0]LogTemp: Display: Loaded TP AndroidTargetPlatform
[2019.01.25-21.08.47:734][  0]LogTemp: Display: Loaded TP AndroidTargetPlatform
[2019.01.25-21.08.47:734][  0]LogTemp: Display: Loaded TP AndroidTargetPlatform
[2019.01.25-21.08.47:734][  0]LogTemp: Display: Loaded TP AndroidTargetPlatform
[2019.01.25-21.08.47:734][  0]LogTemp: Display: Loaded TP AndroidTargetPlatform
[2019.01.25-21.08.47:734][  0]LogTemp: Display: Loaded TP AndroidTargetPlatform
[2019.01.25-21.08.47:734][  0]LogTemp: Display: Loaded TP AndroidTargetPlatform
[2019.01.25-21.08.47:734][  0]LogTemp: Display: Loaded TP AndroidTargetPlatform
[2019.01.25-21.08.47:734][  0]LogTemp: Display: Loaded TP AndroidTargetPlatform
[2019.01.25-21.08.47:734][  0]LogTemp: Display: Loaded TP AndroidTargetPlatform
[2019.01.25-21.08.47:734][  0]LogTemp: Display: Loaded TP AndroidTargetPlatform
[2019.01.25-21.08.47:745][  0]LogTemp: Display: Loaded TP HTML5TargetPlatform
[2019.01.25-21.08.47:869][  0]LogTemp: Display: Loaded TP IOSTargetPlatform
[2019.01.25-21.08.47:869][  0]LogTemp: Display: Loaded TP IOSTargetPlatform
[2019.01.25-21.08.47:903][  0]LogTemp: Display: Loaded TP TVOSTargetPlatform
[2019.01.25-21.08.47:903][  0]LogTemp: Display: Loaded TP TVOSTargetPlatform
[2019.01.25-21.08.47:924][  0]LogTemp: Display: Loaded TP LinuxClientTargetPlatform
[2019.01.25-21.08.48:006][  0]LogTemp: Display: Loaded TP LinuxNoEditorTargetPlatform
[2019.01.25-21.08.48:097][  0]LogTemp: Display: Loaded TP LinuxServerTargetPlatform
[2019.01.25-21.08.48:128][  0]LogTemp: Display: Loaded TP LinuxTargetPlatform
[2019.01.25-21.08.48:156][  0]LogTemp: Display: Loaded TP LuminTargetPlatform
[2019.01.25-21.08.48:159][  0]LogTargetPlatformManager: Display: Building Assets For Windows
[2019.01.25-21.08.48:500][  0]LogXGEController: Cannot use XGE Controller as Incredibuild is not installed on this machine.
[2019.01.25-21.08.48:500][  0]LogShaderCompilers: Cannot use XGE Shader Compiler as Incredibuild is not installed on this machine.
[2019.01.25-21.08.48:500][  0]LogShaderCompilers: Display: Using Local Shader Compiler.
[2019.01.25-21.08.49:312][  0]LogDerivedDataCache: Display: Max Cache Size: 512 MB
[2019.01.25-21.08.50:197][  0]LogDerivedDataCache: Loaded boot cache 0.88s 88MB C:/Users/Dan Lazar/AppData/Local/UnrealEngine/4.20/DerivedDataCache/Boot.ddc.
[2019.01.25-21.08.50:197][  0]LogDerivedDataCache: Display: Loaded Boot cache: C:/Users/Dan Lazar/AppData/Local/UnrealEngine/4.20/DerivedDataCache/Boot.ddc
[2019.01.25-21.08.50:197][  0]LogDerivedDataCache: FDerivedDataBackendGraph:  Pak pak cache file ../../../../../GameDev/StrongStyle/STR_StrongStyle_v2/DerivedDataCache/DDC.ddp not found, will not use a pak cache.
[2019.01.25-21.08.50:197][  0]LogDerivedDataCache: Unable to find inner node Pak for hierarchical cache Hierarchy.
[2019.01.25-21.08.50:197][  0]LogDerivedDataCache: FDerivedDataBackendGraph:  CompressedPak pak cache file ../../../../../GameDev/StrongStyle/STR_StrongStyle_v2/DerivedDataCache/Compressed.ddp not found, will not use a pak cache.
[2019.01.25-21.08.50:197][  0]LogDerivedDataCache: Unable to find inner node CompressedPak for hierarchical cache Hierarchy.
[2019.01.25-21.08.50:217][  0]LogDerivedDataCache: Display: Pak cache opened for reading ../../../Engine/DerivedDataCache/Compressed.ddp.
[2019.01.25-21.08.50:230][  0]LogDerivedDataCache: Using Local data cache path C:/Users/Dan Lazar/AppData/Local/UnrealEngine/Common/DerivedDataCache: Writable
[2019.01.25-21.08.50:230][  0]LogDerivedDataCache: Shared data cache path not found in *engine.ini, will not use an Shared cache.
[2019.01.25-21.08.50:230][  0]LogDerivedDataCache: Unable to find inner node Shared for hierarchical cache Hierarchy.
[2019.01.25-21.08.50:254][  0]LogMaterial: Verifying Global Shaders for PCD3D_SM5
[2019.01.25-21.08.50:256][  0]LogSlate: Using FreeType 2.6.0
[2019.01.25-21.08.50:267][  0]LogSlate: SlateFontServices - WITH_FREETYPE: 1, WITH_HARFBUZZ: 1
[2019.01.25-21.08.50:645][  0]LogAssetRegistry: FAssetRegistry took 0.1103 seconds to start up
[2019.01.25-21.08.51:165][  0]LogInit: Selected Device Profile: [Windows]
[2019.01.25-21.08.51:578][  0]LogSimplygon: Simplygon DLL not present - disabling.
[2019.01.25-21.08.51:664][  0]LogMeshReduction: Using SimplygonSwarm for distributed automatic mesh merging
[2019.01.25-21.08.51:664][  0]LogMeshReduction: Using ProxyLODMeshReduction for automatic mesh merging
[2019.01.25-21.08.51:665][  0]LogMeshReduction: Using QuadricMeshReduction for automatic static mesh reduction
[2019.01.25-21.08.51:665][  0]LogMeshReduction: No automatic skeletal mesh reduction module available
[2019.01.25-21.08.51:763][  0]LogNetVersion: STR_StrongStyle_v2 1.0.0, NetCL: 4212847, EngineNetVer: 5, GameNetVer: 0 (Checksum: 3618140765)
[2019.01.25-21.08.53:658][  0]LogPackageLocalizationCache: Processed 9 localized package path(s) for 2 prioritized culture(s) in 0.398801 seconds
[2019.01.25-21.08.53:670][  0]LogUObjectArray: 37967 objects as part of root set at end of initial load.
[2019.01.25-21.08.53:670][  0]LogUObjectAllocator: 6605920 out of 0 bytes used by permanent object pool.
[2019.01.25-21.08.53:670][  0]LogUObjectArray: CloseDisregardForGC: 0/0 objects in disregard for GC pool
[2019.01.25-21.08.58:232][  0]LogTcpMessaging: Initializing TcpMessaging bridge
[2019.01.25-21.08.58:269][  0]LogUdpMessaging: Initializing bridge on interface 0.0.0.0:0 to multicast group 230.0.0.1:6666.
[2019.01.25-21.08.58:665][  0]SourceControl: Source control is disabled
[2019.01.25-21.08.58:666][  0]SourceControl: Source control is disabled
[2019.01.25-21.08.58:678][  0]SourceControl: Source control is disabled
[2019.01.25-21.08.58:688][  0]SourceControl: Source control is disabled
[2019.01.25-21.08.59:457][  0]LogAndroidPermission: UAndroidPermissionCallbackProxy::GetInstance
[2019.01.25-21.09.01:355][  0]LogEngine: Initializing Engine...
[2019.01.25-21.09.01:360][  0]LogStats: UGameplayTagsManager::ConstructGameplayTagTree: ImportINI prefixes -  0.000 s
[2019.01.25-21.09.01:361][  0]LogStats: UGameplayTagsManager::ConstructGameplayTagTree: Construct from data asset -  0.000 s
[2019.01.25-21.09.01:361][  0]LogStats: UGameplayTagsManager::ConstructGameplayTagTree: ImportINI -  0.000 s
[2019.01.25-21.09.01:361][  0]LogStats: UGameplayTagsManager::ConstructGameplayTagTree: GameplayTagTreeChangedEvent.Broadcast -  0.000 s
[2019.01.25-21.09.01:921][  0]LogInit: Initializing FReadOnlyCVARCache
[2019.01.25-21.09.02:105][  0]LogAIModule: Creating AISystem for world Untitled
[2019.01.25-21.09.02:524][  0]LogInit: XAudio2 using 'Speakers (Realtek High Definition Audio)' : 2 channels at 48 kHz using 32 bits per sample (channel mask 0x3)
[2019.01.25-21.09.03:002][  0]LogInit: FAudioDevice initialized.
[2019.01.25-21.09.03:002][  0]LogNetVersion: Set ProjectVersion to 1.0.0.0. Version Checksum will be recalculated on next use.
[2019.01.25-21.09.03:098][  0]LogDerivedDataCache: Saved boot cache 0.10s 71MB C:/Users/Dan Lazar/AppData/Local/UnrealEngine/4.20/DerivedDataCache/Boot.ddc.
[2019.01.25-21.09.03:108][  0]LogInit: Texture streaming: Enabled
[2019.01.25-21.09.03:248][  0]LogEngineSessionManager: EngineSessionManager initialized
[2019.01.25-21.09.03:286][  0]LogInit: Transaction tracking system initialized
[2019.01.25-21.09.03:490][  0]BlueprintLog: New page: Editor Load
[2019.01.25-21.09.04:067][  0]LocalizationService: Localization service is disabled
[2019.01.25-21.09.05:457][  0]LogCook: Display: Max memory allowance for cook 16384mb min free memory 0mb
[2019.01.25-21.09.05:458][  0]LogCook: Display: Mobile HDR setting 1
[2019.01.25-21.09.05:458][  0]LogGameplayTags: Display: UGameplayTagsManager::DoneAddingNativeTags. DelegateIsBound: 0
[2019.01.25-21.09.05:458][  0]LogStats: UGameplayTagsManager::ConstructGameplayTagTree: ImportINI prefixes -  0.000 s
[2019.01.25-21.09.05:458][  0]LogStats: UGameplayTagsManager::ConstructGameplayTagTree: Construct from data asset -  0.000 s
[2019.01.25-21.09.05:458][  0]LogStats: UGameplayTagsManager::ConstructGameplayTagTree: ImportINI -  0.000 s
[2019.01.25-21.09.05:458][  0]LogStats: UGameplayTagsManager::ConstructGameplayTagTree: GameplayTagTreeChangedEvent.Broadcast -  0.000 s
[2019.01.25-21.09.05:769][  0]LogFileCache: Scanning file cache for directory 'A:/GameDev/StrongStyle/STR_StrongStyle_v2/Content/' took 0.09s
[2019.01.25-21.09.06:349][  0]SourceControl: Source control is disabled
[2019.01.25-21.09.06:349][  0]Cmd: MAP LOAD FILE="../../../../../GameDev/StrongStyle/STR_StrongStyle_v2/Content/MAPS/Local.umap" TEMPLATE=0 SHOWPROGRESS=1 FEATURELEVEL=3
[2019.01.25-21.09.06:496][  0]LightingResults: New page: Lighting Build
[2019.01.25-21.09.06:502][  0]MapCheck: New page: Map Check
[2019.01.25-21.09.06:502][  0]LightingResults: New page: Lighting Build
[2019.01.25-21.09.25:380][  0]LogBlueprint: Error: [Compiler GameTimeHolder_BP] Can't connect pins  Object  and  Return Value : This cast has an invalid target type (was the class deleted without a redirect?).
[2019.01.25-21.09.25:381][  0]LogBlueprint: Error: [Compiler GameTimeHolder_BP] In use pin  As BP Basketball Player M  no longer exists on node  Bad cast node . Please refresh node or break links to remove pin.
[2019.01.25-21.09.25:381][  0]LogBlueprint: Error: [Compiler GameTimeHolder_BP] Can't connect pins  Return Value  and  Object : This cast has an invalid target type (was the class deleted without a redirect?).
[2019.01.25-21.09.25:388][  0]LogBlueprint: Error: [Compiler GameTimeHolder_BP] StartMatchClock  : unable to determine expected signature - is the delegate pin connected?
[2019.01.25-21.09.25:388][  0]LogBlueprint: Error: [Compiler GameTimeHolder_BP] Event Dispatcher has no property  Bind Event to Dispatcher_GameStart
[2019.01.25-21.09.25:388][  0]LogBlueprint: Error: [Compiler GameTimeHolder_BP] Failed to create property K2Node_CreateDelegate_OutputDelegate from  <None>  due to a bad or unknown type (Delegate)
[2019.01.25-21.09.25:388][  0]LogBlueprint: Error: [Compiler GameTimeHolder_BP] StartMatchClock  Signature Error: Unable to determine expected signature - is the delegate pin connected?
[2019.01.25-21.09.25:393][  0]LogBlueprint: Warning: [Compiler GameTimeHolder_BP] [0049.09] Compile of GameTimeHolder_BP failed. 7 Fatal Issue(s) 0 Warning(s) [in 22 ms] (/Game/BLUEPRINT/GameTimeHolder_BP.GameTimeHolder_BP)
[2019.01.25-21.09.26:198][  0]LogBlueprint: Error: [Compiler BPW_MenuMain] Spawn node  Create Widget  must have a class specified.
[2019.01.25-21.09.26:198][  0]LogBlueprint: Error: [Compiler BPW_MenuMain] Spawn node  Create Widget  must have a class specified.
[2019.01.25-21.09.26:199][  0]LogBlueprint: Error: [Compiler BPW_SlotShot] Can't connect pins  Object  and  Return Value : This cast has an invalid target type (was the class deleted without a redirect?).
[2019.01.25-21.09.26:200][  0]LogBlueprint: Error: [Compiler BPW_SlotShot] In use pin  As BP Basketball Player M  no longer exists on node  Bad cast node . Please refresh node or break links to remove pin.
[2019.01.25-21.09.26:200][  0]LogBlueprint: Warning: [Compiler BPW_SlotShot] Could not find a variable named "CurrentShotName" in 'BPW_SlotShot'.
Make sure 'BPW_SlotShot' has been compiled for  Get CurrentShotName
[2019.01.25-21.09.26:200][  0]LogBlueprint: Error: [Compiler BPW_SlotShot] Can't connect pins  Return Value  and  Object : This cast has an invalid target type (was the class deleted without a redirect?).
[2019.01.25-21.09.26:333][  0]LogBlueprint: Warning: [Compiler BPW_MenuMain] [0050.03] Compile of BPW_MenuMain failed. 2 Fatal Issue(s) 0 Warning(s) [in 306 ms] (/Game/BLUEPRINT/WIDGETS/BPW_MenuMain.BPW_MenuMain)
[2019.01.25-21.09.26:333][  0]LogBlueprint: Warning: [Compiler BPW_SlotShot] [0050.03] Compile of BPW_SlotShot failed. 3 Fatal Issue(s) 1 Warning(s) [in 306 ms] (/Game/BLUEPRINT/WIDGETS/BPW_SlotShot.BPW_SlotShot)
[2019.01.25-21.09.27:500][  0]LogAIModule: Creating AISystem for world Local
[2019.01.25-21.09.27:528][  0]LogEditorServer: Finished looking for orphan Actors (0.000 secs)
[2019.01.25-21.09.39:006][  0]Cmd: MAP CHECKDEP NOCLEARLOG
[2019.01.25-21.09.39:136][  0]MapCheck: Map check complete: 0 Error(s), 0 Warning(s), took 129.727ms to complete.
[2019.01.25-21.09.39:136][  0]LogFileHelpers: Loading map 'Local' took 32.787
[2019.01.25-21.09.41:805][  0]LogSlate: Only BGRA pngs, bmps or icos are supported in by External Image Picker
[2019.01.25-21.09.41:967][  0]LogSlate: Updating window title bar state: overlay mode, drag disabled, window buttons hidden, title bar hidden
[2019.01.25-21.09.42:086][  0]LogCollectionManager: Loaded 0 collections in 0.004906 seconds
[2019.01.25-21.09.42:249][  0]LogFileCache: Scanning file cache for directory 'A:/GameDev/StrongStyle/STR_StrongStyle_v2/Saved/Collections/' took 0.02s
[2019.01.25-21.09.42:250][  0]LogFileCache: Scanning file cache for directory 'A:/GameDev/StrongStyle/STR_StrongStyle_v2/Content/Developers/DanLazar/Collections/' took 0.03s
[2019.01.25-21.09.42:250][  0]LogFileCache: Scanning file cache for directory 'A:/GameDev/StrongStyle/STR_StrongStyle_v2/Content/Collections/' took 0.09s
[2019.01.25-21.09.42:250][  0]LogCollectionManager: Rebuilt the GUID cache for 0 collections in 0.000000 seconds
[2019.01.25-21.09.42:262][  0]LogContentBrowser: Native class hierarchy populated in 0.0118 seconds. Added 2566 classes and 596 folders.
[2019.01.25-21.09.42:277][  0]LogContentBrowser: Native class hierarchy updated for 'WidgetCarousel' in 0.0003 seconds. Added 0 classes and 0 folders.
[2019.01.25-21.09.42:654][  0]LogContentBrowser: Native class hierarchy updated for 'AddContentDialog' in 0.0003 seconds. Added 0 classes and 0 folders.
[2019.01.25-21.09.42:747][  0]LogSlate: Took 0.049252 seconds to synchronously load lazily loaded font '../../../Engine/Content/Slate/Fonts/Roboto-Regular.ttf' (155K)
[2019.01.25-21.09.42:757][  0]LogSlate: Took 0.005868 seconds to synchronously load lazily loaded font '../../../Engine/Content/Slate/Fonts/Roboto-Bold.ttf' (160K)
[2019.01.25-21.09.42:763][  0]LogSlate: Took 0.002796 seconds to synchronously load lazily loaded font '../../../Engine/Content/Editor/Slate/Fonts/FontAwesome.ttf' (139K)
[2019.01.25-21.09.42:839][  0]LogRenderer: Reallocating scene render targets to support 948x492 Format 10 NumSamples 1 (Frame:1).
[2019.01.25-21.09.43:432][  0]LogContentBrowser: Native class hierarchy updated for 'HierarchicalLODOutliner' in 0.0004 seconds. Added 0 classes and 0 folders.
[2019.01.25-21.09.43:432][  0]LogLoad: (Engine Initialization) Total time: 67.13 seconds
[2019.01.25-21.09.43:432][  0]LogLoad: (Engine Initialization) Total Blueprint compile time: 0.00 seconds
[2019.01.25-21.09.43:581][  0]LogTemp: Executing iPhonePackager certificates Engine -bundlename com.YourCompany.STRStrongStylev2
[2019.01.25-21.09.43:581][  0]LogTemp: CWD: A:\Epic Games\UE_4.20\Engine\Binaries\DotNET\IOS
[2019.01.25-21.09.43:581][  0]LogTemp: Initial Dir: A:\Epic Games\UE_4.20
[2019.01.25-21.09.43:581][  0]LogTemp: Env CWD: A:\Epic Games\UE_4.20\Engine\Binaries\DotNET\IOS
[2019.01.25-21.09.43:596][  0]LogTemp: BranchPath = MERTINS/A/Epic Games/UE_4.20/Engine/Binaries --- GameBranchPath = MERTINS/A/Epic Games/UE_4.20/Engine/Binaries
[2019.01.25-21.09.43:865][  0]LogTemp: IPP ERROR: Could not find provision directory 'C:\Users\Dan Lazar\AppData\Local/Apple Computer/MobileDevice/Provisioning Profiles/'.
[2019.01.25-21.09.43:866][  0]LogContentStreaming: Texture pool size now 1000 MB
[2019.01.25-21.09.51:213][  1]LogSlate: Took 0.414553 seconds to synchronously load lazily loaded font '../../../Engine/Content/Slate/Fonts/Roboto-Light.ttf' (167K)
[2019.01.25-21.10.10:949][  3]LogSlate: Took 0.010403 seconds to synchronously load lazily loaded font '../../../Engine/Content/Slate/Fonts/Roboto-Light.ttf' (167K)
[2019.01.25-21.10.22:610][  6]LogAssetRegistry: Asset discovery search completed in 92.0704 seconds
[2019.01.25-21.10.22:637][  6]LogCollectionManager: Rebuilt the object cache for 0 collections in 0.000000 seconds (found 0 objects)
[2019.01.25-21.10.22:637][  6]LogCollectionManager: Fixed up redirectors for 0 collections in 0.000127 seconds (updated 0 objects)
[2019.01.25-21.10.27:216][ 13]LogContentStreaming: Texture: "LightMapTexture2D /Game/MAPS/Local_BuiltData.Local_BuiltData:HQ_Lightmap0_1", ResidentMips: 7/11, RequestedMips: 8, WantedMips: 8, Boost: 0.2 (updated)
[2019.01.25-21.16.39:221][314]LogSlate: FSceneViewport::OnFocusLost() reason 0
[2019.01.25-21.16.46:771][483]LogAIModule: Creating AISystem for world Local_Truck
[2019.01.25-21.16.46:817][483]LogAssetEditorManager: Opening Asset editor for World /Game/MAPS/Local_Truck.Local_Truck
[2019.01.25-21.16.46:839][483]Cmd: MAP LOAD FILE="../../../../../GameDev/StrongStyle/STR_StrongStyle_v2/Content/MAPS/Local_Truck.umap" TEMPLATE=0 SHOWPROGRESS=1 FEATURELEVEL=3
[2019.01.25-21.16.46:839][483]LightingResults: New page: Lighting Build
[2019.01.25-21.16.46:840][483]LoadErrors: New page: Loading map: Local_Truck.umap
[2019.01.25-21.16.46:842][483]MapCheck: New page: Map Check
[2019.01.25-21.16.46:842][483]LightingResults: New page: Lighting Build
[2019.01.25-21.16.46:924][483]LogEditorServer: Finished looking for orphan Actors (0.000 secs)
[2019.01.25-21.16.47:008][483]Cmd: MAP CHECKDEP NOCLEARLOG
[2019.01.25-21.16.47:138][483]MapCheck: Map check complete: 0 Error(s), 0 Warning(s), took 129.638ms to complete.
[2019.01.25-21.16.47:138][483]LogFileHelpers: Loading map 'Local_Truck' took 0.299
[2019.01.25-21.16.53:721][485]LogSlate: FSceneViewport::OnFocusLost() reason 2
[2019.01.25-21.16.53:737][485]LogEditorViewport: Clicking Background
[2019.01.25-21.16.53:810][485]LogSlate: FSceneViewport::OnFocusLost() reason 2
[2019.01.25-21.16.53:977][489]LogContentStreaming: Texture: "LightMapTexture2D /Game/MAPS/Local_Truck_BuiltData.Local_Truck_BuiltData:HQ_Lightmap0_1", ResidentMips: 7/11, RequestedMips: 11, WantedMips: 11, Boost: 0.2 (updated)
[2019.01.25-21.16.54:475][513]LogEditorViewport: Clicking Background
[2019.01.25-21.17.01:989][571]LogSlate: FSceneViewport::OnFocusLost() reason 2
[2019.01.25-21.17.03:014][592]LogEditorViewport: Clicking on Actor (LMB): StaticMeshActor (Road3)
[2019.01.25-21.17.10:275][594]LogEditorViewport: Clicking on Actor (context menu): StaticMeshActor (Grass2)
[2019.01.25-21.17.10:387][594]LogSlate: FSceneViewport::OnFocusLost() reason 2
[2019.01.25-21.17.10:399][594]LogEditorViewport: Clicking on Actor (context menu): StaticMeshActor (Grass2)
[2019.01.25-21.17.10:478][594]LogSlate: FSceneViewport::OnFocusLost() reason 2
[2019.01.25-21.17.17:440][595]LogEditorViewport: Clicking on Actor (LMB): BP_Sky_Sphere_C (SkySphereBlueprint)
[2019.01.25-21.17.17:459][595]LogEditorViewport: Clicking on Actor (LMB): StaticMeshActor (Grass3)
[2019.01.25-21.17.17:508][595]LogEditorViewport: Clicking on Actor (LMB): BP_Sky_Sphere_C (SkySphereBlueprint)
[2019.01.25-22.10.01:395][876]LogSlate: FSceneViewport::OnFocusLost() reason 0
[2019.01.25-22.10.36:074][260]LogSlate: FSceneViewport::OnFocusLost() reason 0
[2019.01.25-22.10.54:520][260]LogSlate: FSceneViewport::OnFocusLost() reason 2
[2019.01.25-22.10.54:563][260]LogFactory: FactoryCreateFile: StaticMesh with FbxFactory (0 0 C:/Users/Dan Lazar/OneDrive/_000_New_Portfolio/model_char_BJ/Output/2019_01_19/model_BJArmstrong_v21_exportForGabe_badMaterials.fbx)
[2019.01.25-22.10.54:604][260]LogFbx: Loading FBX Scene from C:/Users/Dan Lazar/OneDrive/_000_New_Portfolio/model_char_BJ/Output/2019_01_19/model_BJArmstrong_v21_exportForGabe_badMaterials.fbx
[2019.01.25-22.10.54:616][260]LogFbx: FBX Scene Loaded Succesfully
[2019.01.25-22.11.30:604][260]LogSlate: Window 'FBX Import Options' being destroyed
[2019.01.25-22.11.30:679][260]LogFbx: =================================================
[2019.01.25-22.11.30:679][260]LogFbx: Dumping Node START [Full Body quickbake] 
[2019.01.25-22.11.30:679][260]LogFbx: 	Total Deformer Count -1736598432.
[2019.01.25-22.11.30:679][260]LogFbx: 	Attribute (Cube.000) Type (4).
[2019.01.25-22.11.30:679][260]LogFbx: 		[Node Attribute Child 1] Full Body quickbake (Type Mesh).
[2019.01.25-22.11.30:679][260]LogFbx: Dumping Node END [Full Body quickbake]
[2019.01.25-22.11.30:679][260]LogFbx: =================================================
[2019.01.25-22.11.30:679][260]LogFbx: Dumping Node START [Full Body quickbake] 
[2019.01.25-22.11.30:679][260]LogFbx: 	Total Deformer Count -1736598432.
[2019.01.25-22.11.30:679][260]LogFbx: 	Attribute (Cube.000) Type (4).
[2019.01.25-22.11.30:679][260]LogFbx: 		[Node Attribute Child 1] Full Body quickbake (Type Mesh).
[2019.01.25-22.11.30:679][260]LogFbx: Dumping Node END [Full Body quickbake]
[2019.01.25-22.11.30:682][260]LogFbx: Triangulating skeletal mesh Full Body quickbake
[2019.01.25-22.11.31:324][260]LogFbx: Warning: Bones digested - 1  Depth of hierarchy - 1
[2019.01.25-22.11.31:446][260]LogSkeletalMesh: Section 0: 3584 vertices, 1 active bones
[2019.01.25-22.11.31:446][260]LogSkeletalMesh: Section 0: Material=0, 5974 triangles
[2019.01.25-22.11.31:448][260]LogSkeletalMesh: Building Skeletal Mesh model_BJArmstrong_v21_exportForGabe_badMaterials...
[2019.01.25-22.11.31:457][260]LogSkeletalMesh: Built Skeletal Mesh [0.01s] /Game/ASSETS/Meshes/model_BJArmstrong_v21_exportForGabe_badMaterials.model_BJArmstrong_v21_exportForGabe_badMaterials
[2019.01.25-22.11.43:952][260]LogSlate: Window 'Message' being destroyed
[2019.01.25-22.11.43:968][260]LogAnimationCompression: Building Anim DDC data for AnimSequence /Game/ASSETS/Mannequin/Animations/ThirdPersonRun.ThirdPersonRun
[2019.01.25-22.11.43:970][260]LogAnimationCompression: Building Anim DDC data for AnimSequence /Engine/Transient.ThirdPersonRun
[2019.01.25-22.11.43:970][260]LogAnimationCompression: Compression Requested for Empty Animation ThirdPersonRun
[2019.01.25-22.11.43:971][260]LogAnimationCompression: Compression Requested for Empty Animation ThirdPersonRun
[2019.01.25-22.11.43:989][260]LogAnimationCompression: Building Anim DDC data for AnimSequence /Game/ASSETS/Mannequin/Animations/ThirdPersonJump_End.ThirdPersonJump_End
[2019.01.25-22.11.43:989][260]LogAnimationCompression: Compression Requested for Empty Animation ThirdPersonJump_End
[2019.01.25-22.11.54:443][260]LogSlate: Window 'Message' being destroyed
[2019.01.25-22.11.54:498][260]LogLinker: Can't find file '/Game/ASSETS/Meshes/model_BJArmstrong_v21_exportForGabe_badMaterials_PhysicsAsset'
[2019.01.25-22.11.54:498][260]LogLinker: Can't find file '/Game/ASSETS/Meshes/model_BJArmstrong_v21_exportForGabe_badMaterials_PhysicsAsset'
[2019.01.25-22.11.54:509][260]LogSkeletalMesh: USkeletalMeshComponent::InitArticulated : Could not find root physics body: '/Engine/Transient.World_4:PersistentLevel.SkeletalMeshActor_0.SkeletalMeshComponent0'
[2019.01.25-22.11.54:520][260]LogSkeletalMesh: Building Skeletal Mesh model_BJArmstrong_v21_exportForGabe_badMaterials...
[2019.01.25-22.11.54:527][260]LogSkeletalMesh: Built Skeletal Mesh [0.01s] /Game/ASSETS/Meshes/model_BJArmstrong_v21_exportForGabe_badMaterials.model_BJArmstrong_v21_exportForGabe_badMaterials
[2019.01.25-22.11.54:537][260]FBXImport: Warning: No smoothing group information was found in this FBX scene.  Please make sure to enable the 'Export Smoothing Groups' option in the FBX Exporter plug-in before exporting the file.  Even for tools that don't support smoothing groups, the FBX Exporter will generate appropriate smoothing data at export-time so that correct vertex normals can be inferred while importing. 
[2019.01.25-22.11.54:538][260]FBXImport: Warning: Could not find the bind pose.  It will use time 0 as bind pose. 
[2019.01.25-22.11.54:544][260]LogSkeletalMesh: Building Skeletal Mesh model_BJArmstrong_v21_exportForGabe_badMaterials...
[2019.01.25-22.11.54:550][260]LogSkeletalMesh: Built Skeletal Mesh [0.01s] /Game/ASSETS/Meshes/model_BJArmstrong_v21_exportForGabe_badMaterials.model_BJArmstrong_v21_exportForGabe_badMaterials
[2019.01.25-22.11.56:772][445]LogAssetEditorManager: Opening Asset editor for SkeletalMesh /Game/ASSETS/Meshes/model_BJArmstrong_v21_exportForGabe_badMaterials.model_BJArmstrong_v21_exportForGabe_badMaterials
[2019.01.25-22.11.56:810][445]LogContentBrowser: Native class hierarchy updated for 'SkeletonEditor' in 0.0011 seconds. Added 1 classes and 2 folders.
[2019.01.25-22.11.57:132][445]LogActorComponent: RegisterComponentWithWorld: (/Engine/Transient.World_8:PersistentLevel.AnimationEditorPreviewActor_0.DebugSkelMeshComponent_0) Already registered. Aborting.
[2019.01.25-22.11.57:142][445]LogContentBrowser: Native class hierarchy updated for 'PinnedCommandList' in 0.0008 seconds. Added 1 classes and 0 folders.
[2019.01.25-22.11.57:198][445]LogSkeletalMesh: USkeletalMeshComponent::InitArticulated : Bodies already created (/Engine/Transient.World_8:PersistentLevel.AnimationEditorPreviewActor_0.DebugSkelMeshComponent_0) - call TermArticulated first.
[2019.01.25-22.11.57:559][445]LogSlate: Took 0.001587 seconds to synchronously load lazily loaded font '../../../Engine/Content/Slate/Fonts/Roboto-Italic.ttf' (157K)
[2019.01.25-22.11.57:604][445]LogContentBrowser: Native class hierarchy updated for 'ClothingSystemEditorInterface' in 0.0006 seconds. Added 1 classes and 0 folders.
[2019.01.25-22.11.57:608][446]LogRenderer: Reallocating scene render targets to support 948x784 Format 10 NumSamples 1 (Frame:1).
[2019.01.25-22.12.04:643][446]LogSlate: Window 'Message' being destroyed
[2019.01.25-22.12.04:649][446]LoadErrors: Error: The Skeleton  SK_Mannequin_Skeleton is missing bones that SkeletalMesh  SK_Mannequin needs. They will be added now. Please save the Skeleton!
[2019.01.25-22.12.04:812][446]LogFileHelpers: Editor autosave (incl. sublevels) for '/Game/MAPS/Local_Truck' took 0.049
[2019.01.25-22.12.04:815][446]OBJ SavePackage: Generating thumbnails for [1] asset(s) in package [/Game/ASSETS/Mannequin/Animations/ThirdPersonJump_End] ([1] browsable assets)...
[2019.01.25-22.12.04:832][446]OBJ SavePackage:     Rendered thumbnail for [AnimSequence /Game/ASSETS/Mannequin/Animations/ThirdPersonJump_End.ThirdPersonJump_End]
[2019.01.25-22.12.04:832][446]OBJ SavePackage: Finished generating thumbnails for package [/Game/ASSETS/Mannequin/Animations/ThirdPersonJump_End]
[2019.01.25-22.12.04:885][446]LogSavePackage: Moving '../../../../../GameDev/StrongStyle/STR_StrongStyle_v2/Saved/ThirdPersonJump_End_Auto11F1A4E80419070E2776D08804FE91FD6.tmp' to '../../../../../GameDev/StrongStyle/STR_StrongStyle_v2/Saved/Autosaves/Game/ASSETS/Mannequin/Animations/ThirdPersonJump_End_Auto1.uasset'
[2019.01.25-22.12.04:888][446]OBJ SavePackage: Generating thumbnails for [0] asset(s) in package [/Game/ASSETS/Mannequin/Character/Mesh/SK_Mannequin_Skeleton] ([1] browsable assets)...
[2019.01.25-22.12.04:888][446]OBJ SavePackage: Finished generating thumbnails for package [/Game/ASSETS/Mannequin/Character/Mesh/SK_Mannequin_Skeleton]
[2019.01.25-22.12.04:911][446]LogSavePackage: Moving '../../../../../GameDev/StrongStyle/STR_StrongStyle_v2/Saved/SK_Mannequin_Skeleton_Auto15E821B394F9835111CADFEB8F33A9B1A.tmp' to '../../../../../GameDev/StrongStyle/STR_StrongStyle_v2/Saved/Autosaves/Game/ASSETS/Mannequin/Character/Mesh/SK_Mannequin_Skeleton_Auto1.uasset'
[2019.01.25-22.12.04:914][446]OBJ SavePackage: Generating thumbnails for [1] asset(s) in package [/Game/ASSETS/Mannequin/Animations/ThirdPersonJump_Loop] ([1] browsable assets)...
[2019.01.25-22.12.04:925][446]OBJ SavePackage:     Rendered thumbnail for [AnimSequence /Game/ASSETS/Mannequin/Animations/ThirdPersonJump_Loop.ThirdPersonJump_Loop]
[2019.01.25-22.12.04:925][446]OBJ SavePackage: Finished generating thumbnails for package [/Game/ASSETS/Mannequin/Animations/ThirdPersonJump_Loop]
[2019.01.25-22.12.04:956][446]LogSavePackage: Moving '../../../../../GameDev/StrongStyle/STR_StrongStyle_v2/Saved/ThirdPersonJump_Loop_Auto1143FDD4D4952C8F529EBE89167C35656.tmp' to '../../../../../GameDev/StrongStyle/STR_StrongStyle_v2/Saved/Autosaves/Game/ASSETS/Mannequin/Animations/ThirdPersonJump_Loop_Auto1.uasset'
[2019.01.25-22.12.04:958][446]OBJ SavePackage: Generating thumbnails for [1] asset(s) in package [/Game/ASSETS/Mannequin/Animations/ThirdPersonJump_Start] ([1] browsable assets)...
[2019.01.25-22.12.04:969][446]OBJ SavePackage:     Rendered thumbnail for [AnimSequence /Game/ASSETS/Mannequin/Animations/ThirdPersonJump_Start.ThirdPersonJump_Start]
[2019.01.25-22.12.04:969][446]OBJ SavePackage: Finished generating thumbnails for package [/Game/ASSETS/Mannequin/Animations/ThirdPersonJump_Start]
[2019.01.25-22.12.04:999][446]LogSavePackage: Moving '../../../../../GameDev/StrongStyle/STR_StrongStyle_v2/Saved/ThirdPersonJump_Start_Auto1B7F982DA4A1FB1AD1B039AB36D5FA4A8.tmp' to '../../../../../GameDev/StrongStyle/STR_StrongStyle_v2/Saved/Autosaves/Game/ASSETS/Mannequin/Animations/ThirdPersonJump_Start_Auto1.uasset'
[2019.01.25-22.12.05:001][446]OBJ SavePackage: Generating thumbnails for [1] asset(s) in package [/Game/ASSETS/Mannequin/Animations/ThirdPerson_IdleRun_2D] ([1] browsable assets)...
[2019.01.25-22.12.05:012][446]OBJ SavePackage:     Rendered thumbnail for [BlendSpace1D /Game/ASSETS/Mannequin/Animations/ThirdPerson_IdleRun_2D.ThirdPerson_IdleRun_2D]
[2019.01.25-22.12.05:012][446]OBJ SavePackage: Finished generating thumbnails for package [/Game/ASSETS/Mannequin/Animations/ThirdPerson_IdleRun_2D]
[2019.01.25-22.12.05:045][446]LogSavePackage: Moving '../../../../../GameDev/StrongStyle/STR_StrongStyle_v2/Saved/ThirdPerson_IdleRun_2D_Auto198482A664F6375555219D7B9D601E1EC.tmp' to '../../../../../GameDev/StrongStyle/STR_StrongStyle_v2/Saved/Autosaves/Game/ASSETS/Mannequin/Animations/ThirdPerson_IdleRun_2D_Auto1.uasset'
[2019.01.25-22.12.05:047][446]OBJ SavePackage: Generating thumbnails for [1] asset(s) in package [/Game/ASSETS/Mannequin/Animations/ThirdPersonIdle] ([1] browsable assets)...
[2019.01.25-22.12.05:058][446]OBJ SavePackage:     Rendered thumbnail for [AnimSequence /Game/ASSETS/Mannequin/Animations/ThirdPersonIdle.ThirdPersonIdle]
[2019.01.25-22.12.05:058][446]OBJ SavePackage: Finished generating thumbnails for package [/Game/ASSETS/Mannequin/Animations/ThirdPersonIdle]
[2019.01.25-22.12.05:089][446]LogSavePackage: Moving '../../../../../GameDev/StrongStyle/STR_StrongStyle_v2/Saved/ThirdPersonIdle_Auto1D0749F014BA6A623690D8199BAD062C2.tmp' to '../../../../../GameDev/StrongStyle/STR_StrongStyle_v2/Saved/Autosaves/Game/ASSETS/Mannequin/Animations/ThirdPersonIdle_Auto1.uasset'
[2019.01.25-22.12.05:091][446]OBJ SavePackage: Generating thumbnails for [1] asset(s) in package [/Game/ASSETS/Mannequin/Animations/ThirdPersonRun] ([1] browsable assets)...
[2019.01.25-22.12.05:101][446]OBJ SavePackage:     Rendered thumbnail for [AnimSequence /Game/ASSETS/Mannequin/Animations/ThirdPersonRun.ThirdPersonRun]
[2019.01.25-22.12.05:101][446]OBJ SavePackage: Finished generating thumbnails for package [/Game/ASSETS/Mannequin/Animations/ThirdPersonRun]
[2019.01.25-22.12.05:131][446]LogSavePackage: Moving '../../../../../GameDev/StrongStyle/STR_StrongStyle_v2/Saved/ThirdPersonRun_Auto1D102A512492E91291AAE11B36CA44119.tmp' to '../../../../../GameDev/StrongStyle/STR_StrongStyle_v2/Saved/Autosaves/Game/ASSETS/Mannequin/Animations/ThirdPersonRun_Auto1.uasset'
[2019.01.25-22.12.05:134][446]OBJ SavePackage: Generating thumbnails for [1] asset(s) in package [/Game/ASSETS/Mannequin/Animations/ThirdPersonWalk] ([1] browsable assets)...
[2019.01.25-22.12.05:144][446]OBJ SavePackage:     Rendered thumbnail for [AnimSequence /Game/ASSETS/Mannequin/Animations/ThirdPersonWalk.ThirdPersonWalk]
[2019.01.25-22.12.05:144][446]OBJ SavePackage: Finished generating thumbnails for package [/Game/ASSETS/Mannequin/Animations/ThirdPersonWalk]
[2019.01.25-22.12.05:173][446]LogSavePackage: Moving '../../../../../GameDev/StrongStyle/STR_StrongStyle_v2/Saved/ThirdPersonWalk_Auto1476BB6AD47F13296C8C02E93551D08A4.tmp' to '../../../../../GameDev/StrongStyle/STR_StrongStyle_v2/Saved/Autosaves/Game/ASSETS/Mannequin/Animations/ThirdPersonWalk_Auto1.uasset'
[2019.01.25-22.12.05:175][446]OBJ SavePackage: Generating thumbnails for [1] asset(s) in package [/Game/ASSETS/Meshes/model_BJArmstrong_v21_exportForGabe_badMaterials] ([1] browsable assets)...
[2019.01.25-22.12.05:185][446]OBJ SavePackage:     Rendered thumbnail for [SkeletalMesh /Game/ASSETS/Meshes/model_BJArmstrong_v21_exportForGabe_badMaterials.model_BJArmstrong_v21_exportForGabe_badMaterials]
[2019.01.25-22.12.05:185][446]OBJ SavePackage: Finished generating thumbnails for package [/Game/ASSETS/Meshes/model_BJArmstrong_v21_exportForGabe_badMaterials]
[2019.01.25-22.12.05:205][446]LogSavePackage: Moving '../../../../../GameDev/StrongStyle/STR_StrongStyle_v2/Saved/model_BJArmstrong_v21_exportForG0C576A3248D7557658B856BBAF09E59F.tmp' to '../../../../../GameDev/StrongStyle/STR_StrongStyle_v2/Saved/Autosaves/Game/ASSETS/Meshes/model_BJArmstrong_v21_exportForGabe_badMaterials_Auto1.uasset'
[2019.01.25-22.12.05:207][446]OBJ SavePackage: Generating thumbnails for [1] asset(s) in package [/Game/ASSETS/Meshes/model_BJArmstrong_v21_exportForGabe_badMaterials_PhysicsAsset] ([1] browsable assets)...
[2019.01.25-22.12.05:217][446]OBJ SavePackage:     Rendered thumbnail for [PhysicsAsset /Game/ASSETS/Meshes/model_BJArmstrong_v21_exportForGabe_badMaterials_PhysicsAsset.model_BJArmstrong_v21_exportForGabe_badMaterials_PhysicsAsset]
[2019.01.25-22.12.05:217][446]OBJ SavePackage: Finished generating thumbnails for package [/Game/ASSETS/Meshes/model_BJArmstrong_v21_exportForGabe_badMaterials_PhysicsAsset]
[2019.01.25-22.12.05:230][446]LogSavePackage: Moving '../../../../../GameDev/StrongStyle/STR_StrongStyle_v2/Saved/model_BJArmstrong_v21_exportForG2969387D47555DC8D23AA99A4D308268.tmp' to '../../../../../GameDev/StrongStyle/STR_StrongStyle_v2/Saved/Autosaves/Game/ASSETS/Meshes/model_BJArmstrong_v21_exportForGabe_badMaterials_PhysicsAsset_Auto1.uasset'
[2019.01.25-22.12.05:231][446]LogFileHelpers: Auto-saving content packages took 0.418
[2019.01.25-22.12.19:103][938]LogAssetEditorManager: Opening Asset editor for Skeleton /Game/ASSETS/Mannequin/Character/Mesh/SK_Mannequin_Skeleton.SK_Mannequin_Skeleton
[2019.01.25-22.12.22:564][938]LogSlate: Window 'Message' being destroyed
[2019.01.25-22.12.22:571][938]LogAnimationCompression: Building Anim DDC data for AnimSequence /Game/ASSETS/Mannequin/Animations/ThirdPersonRun.ThirdPersonRun
[2019.01.25-22.12.22:572][938]LogAnimationCompression: Building Anim DDC data for AnimSequence /Engine/Transient.ThirdPersonRun
[2019.01.25-22.12.22:572][938]LogAnimationCompression: Compression Requested for Empty Animation ThirdPersonRun
[2019.01.25-22.12.22:572][938]LogAnimationCompression: Compression Requested for Empty Animation ThirdPersonRun
[2019.01.25-22.12.22:573][938]LogAnimationCompression: Building Anim DDC data for AnimSequence /Game/ASSETS/Mannequin/Animations/ThirdPersonJump_End.ThirdPersonJump_End
[2019.01.25-22.12.22:573][938]LogAnimationCompression: Compression Requested for Empty Animation ThirdPersonJump_End
[2019.01.25-22.12.22:576][938]LogActorComponent: RegisterComponentWithWorld: (/Engine/Transient.World_12:PersistentLevel.AnimationEditorPreviewActor_0.DebugSkelMeshComponent_0) Already registered. Aborting.
[2019.01.25-22.12.35:867][452]LogSlate: FSceneViewport::OnFocusLost() reason 0
[2019.01.25-22.12.42:519][463]LogSlate: Window 'Message' being destroyed
[2019.01.25-22.12.42:526][463]LoadErrors: Error: The Skeleton  SK_Mannequin_Skeleton is missing bones that SkeletalMesh  model_BJArmstrong_v21_exportForGabe_badMaterials needs. They will be added now. Please save the Skeleton!
[2019.01.25-22.12.56:955][902]LogSlate: Window 'Delete Assets' being destroyed
[2019.01.25-22.12.56:998][902]LogSlate: FSceneViewport::OnFocusLost() reason 2
[2019.01.25-22.12.58:058][902]LogSkeletalMesh: Building Skeletal Mesh model_BJArmstrong_v21_exportForGabe_badMaterials...
[2019.01.25-22.12.58:064][902]LogSkeletalMesh: Built Skeletal Mesh [0.01s] /Game/ASSETS/Meshes/model_BJArmstrong_v21_exportForGabe_badMaterials.model_BJArmstrong_v21_exportForGabe_badMaterials
[2019.01.25-22.12.59:286][999]LogSlate: FSceneViewport::OnFocusLost() reason 0
[2019.01.25-22.13.02:139][  6]LogSlate: FSceneViewport::OnFocusLost() reason 2
[2019.01.25-22.13.02:149][  6]LogFactory: FactoryCreateFile: StaticMesh with FbxFactory (0 0 C:/Users/Dan Lazar/OneDrive/_000_New_Portfolio/model_char_BJ/Output/2019_01_19/model_BJArmstrong_v21_exportForGabe_badMaterials.fbx)
[2019.01.25-22.13.02:167][  6]LogFbx: Loading FBX Scene from C:/Users/Dan Lazar/OneDrive/_000_New_Portfolio/model_char_BJ/Output/2019_01_19/model_BJArmstrong_v21_exportForGabe_badMaterials.fbx
[2019.01.25-22.13.02:176][  6]LogFbx: FBX Scene Loaded Succesfully
[2019.01.25-22.13.09:560][  6]LogSlate: Window 'FBX Import Options' being destroyed
[2019.01.25-22.13.09:602][  6]LogFbx: Warning: Triangulating static mesh Full Body quickbake
[2019.01.25-22.13.10:260][  6]LogStaticMesh: Building static mesh model_BJArmstrong_v21_exportForGabe_badMaterials...
[2019.01.25-22.13.10:354][  6]LogStaticMesh: Built static mesh [0.09s] /Game/ASSETS/Meshes/model_BJArmstrong_v21_exportForGabe_badMaterials.model_BJArmstrong_v21_exportForGabe_badMaterials
[2019.01.25-22.13.10:394][  6]FBXImport: Warning: No smoothing group information was found in this FBX scene.  Please make sure to enable the 'Export Smoothing Groups' option in the FBX Exporter plug-in before exporting the file.  Even for tools that don't support smoothing groups, the FBX Exporter will generate appropriate smoothing data at export-time so that correct vertex normals can be inferred while importing. 
[2019.01.25-22.13.11:679][109]LogActorFactory: Actor Factory created model_BJArmstrong_v21_exportForGabe_badMaterials
[2019.01.25-22.13.13:243][268]LogActorFactory: Actor Factory created model_BJArmstrong_v21_exportForGabe_badMaterials
[2019.01.25-22.13.33:667][497]LogSlate: FSceneViewport::OnFocusLost() reason 0
[2019.01.25-22.13.33:764][508]LogTemp: Repeating last play command: Selected Viewport
[2019.01.25-22.13.33:797][508]LogBlueprintUserMessages: Early PlayInEditor Detection: Level '/Game/MAPS/Local_Truck.Local_Truck:PersistentLevel' has LevelScriptBlueprint '/Game/MAPS/Local_Truck.Local_Truck:PersistentLevel.Local_Truck' with GeneratedClass '/Game/MAPS/Local_Truck.Local_Truck_C' with ClassGeneratedBy '/Game/MAPS/Local_Truck.Local_Truck:PersistentLevel.Local_Truck'
[2019.01.25-22.13.33:797][508]LogPlayLevel: PlayLevel: No blueprints needed recompiling
[2019.01.25-22.13.35:543][508]LogSlate: Window 'Message' being destroyed
[2019.01.25-22.13.35:621][508]LogModuleManager: Warning: ModuleManager: Unable to load module 'OnlineSubsystemSteam'  - 0 instances of that module name found.
[2019.01.25-22.13.35:635][508]PIE: New page: PIE session: Local_Truck (Jan 25, 2019, 6:13:35 AM)
[2019.01.25-22.13.35:652][508]LogPlayLevel: Creating play world package: /Game/MAPS/UEDPIE_0_Local_Truck
[2019.01.25-22.13.35:662][508]LogPlayLevel: PIE: StaticDuplicateObject took: (0.009650s)
[2019.01.25-22.13.35:663][508]LogAIModule: Creating AISystem for world Local_Truck
[2019.01.25-22.13.35:663][508]LogPlayLevel: PIE: World Init took: (0.000972s)
[2019.01.25-22.13.35:663][508]LogPlayLevel: PIE: Created PIE world by copying editor world from /Game/MAPS/Local_Truck.Local_Truck to /Game/MAPS/UEDPIE_0_Local_Truck.Local_Truck (0.010879s)
[2019.01.25-22.13.35:814][508]LogInit: XAudio2 using 'Speakers (Realtek High Definition Audio)' : 2 channels at 48 kHz using 32 bits per sample (channel mask 0x3)
[2019.01.25-22.13.35:845][508]LogInit: FAudioDevice initialized.
[2019.01.25-22.13.35:845][508]LogSlate: FSceneViewport::OnFocusLost() reason 2
[2019.01.25-22.13.35:887][508]LogLoad: Game class is 'BasketBallGameMode_Local_C'
[2019.01.25-22.13.35:889][508]LogWorld: Bringing World /Game/MAPS/UEDPIE_0_Local_Truck.Local_Truck up for play (max tick rate 0) at 2019.01.25-14.13.35
[2019.01.25-22.13.35:891][508]LogWorld: Bringing up level for play took: 0.003846
[2019.01.25-22.13.35:916][508]LogContentBrowser: Native class hierarchy updated for 'MovieSceneCapture' in 0.0005 seconds. Added 10 classes and 0 folders.
[2019.01.25-22.13.35:917][508]LogBlueprintUserMessages: [BasketBallGameMode_Local_C_0] GAMEMODE > POST LOGIN: BP_Basketball_PlayerController_Localhas joined!
[2019.01.25-22.13.35:917][508]LogGameMode: Display: Match State Changed from EnteringMap to WaitingToStart
[2019.01.25-22.13.35:918][508]LogGameState: Match State Changed from EnteringMap to WaitingToStart
[2019.01.25-22.13.35:918][508]LogGameMode: Display: Match State Changed from WaitingToStart to InProgress
[2019.01.25-22.13.35:921][508]LogBlueprintUserMessages: [BasketBallGameMode_Local_C_0] GAMEMODE > ON HOST LEVEL CALLED, STARTING GAMEMODE
[2019.01.25-22.13.35:921][508]LogBlueprintUserMessages: [BasketBallGameMode_Local_C_0] GAMEMODE > HOOPS POPULATED
[2019.01.25-22.13.35:922][508]LogBlueprintUserMessages: [BasketBallGameMode_Local_C_0] GAMEMODE > HOOPS SET
[2019.01.25-22.13.35:922][508]LogBlueprintUserMessages: [BasketBallGameMode_Local_C_0] GAMEMODE > PLAYER START POINTS ACQUIRED
[2019.01.25-22.13.35:922][508]LogBlueprintUserMessages: [BasketBallGameMode_Local_C_0] GAMEMODE > LOCAL GAME DETECTED, SPAWNING PLAYERS
[2019.01.25-22.13.35:922][508]LogBlueprintUserMessages: [BasketBallGameMode_Local_C_0] GAMEMODE > CREATING PLAYER: for ID 0
[2019.01.25-22.13.35:933][508]LogBlueprintUserMessages: [BP_BasketballPlayer_Local_C_0] PLAYER > BEGIN PLAY: for BP_BasketballPlayer_Local
[2019.01.25-22.13.35:933][508]LogBlueprintUserMessages: [BP_GameState_Local_C_0] GAMESTATE > REFRESH PLAYER ARRAY RESULTS: , BP_BasketballPlayer_Local
[2019.01.25-22.13.35:934][508]LogBlueprintUserMessages: [BP_BasketballPlayer_Local_C_0] PLAYER > NO LOCAL CAMERA, SPAWNING
[2019.01.25-22.13.35:934][508]LogBlueprintUserMessages: [BP_BasketballPlayer_Local_C_0] PLAYER > MP CAMERA: BP_Camera_LOCAL SPAWNED ON: BP_BasketballPlayer_Local
[2019.01.25-22.13.35:934][508]LogBlueprintUserMessages: [BP_Camera_LOCAL_C_0] CAMERA: BP_Camera_LOCAL_C_0running Class Setup
[2019.01.25-22.13.35:935][508]LogBlueprintUserMessages: [BP_GameState_Local_C_0] GAMESTATE > LOCAL CAMERAS UPDATED
[2019.01.25-22.13.35:935][508]LogBlueprintUserMessages: [BP_BasketballPlayer_Local_C_0] PLAYER > CHANGING TEAM MATERIAL
[2019.01.25-22.13.35:935][508]LogBlueprintUserMessages: [BP_BasketballPlayer_Local_C_0] PLAYER > INITIAL SPECIAL SHOT: Granny Shot AKA Granny
[2019.01.25-22.13.35:936][508]LogBlueprintUserMessages: [BasketBallGameMode_Local_C_0] GAMEMODE > POSSESSING PLAYER:ID 0
[2019.01.25-22.13.35:938][508]LogBlueprintUserMessages: [BP_BasketballPlayer_Local_C_0] PLAYER > CHANGING TEAM MATERIAL
[2019.01.25-22.13.35:938][508]LogBlueprintUserMessages: [BP_BasketballPlayer_Local_C_0] PLAYER > CHANGING TEAM MATERIAL
[2019.01.25-22.13.35:938][508]LogSlate: New Slate User Created.  User Index 1, Is Virtual User: 0
[2019.01.25-22.13.35:938][508]LogSlate: Slate User Registered.  User Index 1, Is Virtual User: 0
[2019.01.25-22.13.35:940][508]LogBlueprintUserMessages: [BasketBallGameMode_Local_C_0] GAMEMODE > POST LOGIN: BP_Basketball_PlayerController_Local1has joined!
[2019.01.25-22.13.35:940][508]LogBlueprintUserMessages: [BasketBallGameMode_Local_C_0] GAMEMODE > CREATING PLAYER: for ID 1
[2019.01.25-22.13.35:942][508]LogBlueprintUserMessages: [BP_BasketballPlayer_Local_C_1] PLAYER > BEGIN PLAY: for BP_BasketballPlayer_Local1
[2019.01.25-22.13.35:942][508]LogBlueprintUserMessages: [BP_GameState_Local_C_0] GAMESTATE > REFRESH PLAYER ARRAY RESULTS: , BP_BasketballPlayer_Local, BP_BasketballPlayer_Local1
[2019.01.25-22.13.35:942][508]LogBlueprintUserMessages: [BP_BasketballPlayer_Local_C_1] PLAYER > CHANGING TEAM MATERIAL
[2019.01.25-22.13.35:942][508]LogBlueprintUserMessages: [BP_BasketballPlayer_Local_C_1] PLAYER > INITIAL SPECIAL SHOT: Granny Shot AKA Granny
[2019.01.25-22.13.35:942][508]LogBlueprintUserMessages: [BasketBallGameMode_Local_C_0] GAMEMODE > POSSESSING PLAYER:ID 1
[2019.01.25-22.13.35:942][508]LogBlueprintUserMessages: [BP_BasketballPlayer_Local_C_1] PLAYER > CHANGING TEAM MATERIAL
[2019.01.25-22.13.35:942][508]LogBlueprintUserMessages: [BasketBallGameMode_Local_C_0] GAMEMODE > SPAWNING BALL
[2019.01.25-22.13.35:950][508]LogBlueprintUserMessages: [BasketBallGameMode_Local_C_0] GAMEMODE > PHASE UPDATE COMPLETE
[2019.01.25-22.13.35:950][508]LogGameState: Match State Changed from WaitingToStart to InProgress
[2019.01.25-22.13.35:950][508]PIE: Play in editor start time for /Game/MAPS/UEDPIE_0_Local_Truck 3.065
[2019.01.25-22.13.35:951][508]LogBlueprintUserMessages: Late PlayInEditor Detection: Level '/Game/MAPS/Local_Truck.Local_Truck:PersistentLevel' has LevelScriptBlueprint '/Game/MAPS/Local_Truck.Local_Truck:PersistentLevel.Local_Truck' with GeneratedClass '/Game/MAPS/Local_Truck.Local_Truck_C' with ClassGeneratedBy '/Game/MAPS/Local_Truck.Local_Truck:PersistentLevel.Local_Truck'
[2019.01.25-22.13.45:394][610]LogBlueprintUserMessages: Early EndPlayMap Detection: Level '/Game/MAPS/Local_Truck.Local_Truck:PersistentLevel' has LevelScriptBlueprint '/Game/MAPS/Local_Truck.Local_Truck:PersistentLevel.Local_Truck' with GeneratedClass '/Game/MAPS/Local_Truck.Local_Truck_C' with ClassGeneratedBy '/Game/MAPS/Local_Truck.Local_Truck:PersistentLevel.Local_Truck'
[2019.01.25-22.13.45:395][610]LogSlate: Updating window title bar state: overlay mode, drag disabled, window buttons hidden, title bar hidden
[2019.01.25-22.13.45:433][610]LogPlayLevel: Display: Shutting down PIE online subsystems
[2019.01.25-22.13.45:433][610]LogBlueprintUserMessages: Late EndPlayMap Detection: Level '/Game/MAPS/Local_Truck.Local_Truck:PersistentLevel' has LevelScriptBlueprint '/Game/MAPS/Local_Truck.Local_Truck:PersistentLevel.Local_Truck' with GeneratedClass '/Game/MAPS/Local_Truck.Local_Truck_C' with ClassGeneratedBy '/Game/MAPS/Local_Truck.Local_Truck:PersistentLevel.Local_Truck'
[2019.01.25-22.13.45:457][610]LogSlate: Updating window title bar state: overlay mode, drag disabled, window buttons hidden, title bar hidden
[2019.01.25-22.13.45:497][613]LogPlayLevel: Display: Destroying online subsystem :Context_14
[2019.01.25-22.13.46:260][699]LogSlate: FSceneViewport::OnFocusLost() reason 0
[2019.01.25-22.13.47:233][782]LogSavePackage: Moving '../../../../../GameDev/StrongStyle/STR_StrongStyle_v2/Saved/model_BJArmstrong_v21_exportForGA9EFD6524FE90A24A3055D881BCE8470.tmp' to '../../../../../GameDev/StrongStyle/STR_StrongStyle_v2/Content/ASSETS/Meshes/model_BJArmstrong_v21_exportForGabe_badMaterials.uasset'
[2019.01.25-22.13.48:152][885]LogSlate: FSceneViewport::OnFocusLost() reason 0
[2019.01.25-22.13.55:545][895]LogSlate: Window 'Save Content' being destroyed
[2019.01.25-22.13.55:595][895]LogSlate: FSceneViewport::OnFocusLost() reason 2
[2019.01.25-22.13.55:728][895]Cmd: OBJ SAVEPACKAGE PACKAGE="/Game/MAPS/Local_Truck" FILE="../../../../../GameDev/StrongStyle/STR_StrongStyle_v2/Content/MAPS/Local_Truck.umap" SILENT=true AUTOSAVING=false KEEPDIRTY=false
[2019.01.25-22.13.56:006][895]LogSavePackage: Moving '../../../../../GameDev/StrongStyle/STR_StrongStyle_v2/Saved/Local_TruckBA3F803C4E17BA7EA0E245858D3A24C4.tmp' to '../../../../../GameDev/StrongStyle/STR_StrongStyle_v2/Content/MAPS/Local_Truck.umap'
[2019.01.25-22.13.56:059][895]LogFileHelpers: Saving map 'Local_Truck' took 0.455
[2019.01.25-22.13.56:118][895]LogSlate: Window 'STR_StrongStyle_v2 - Unreal Editor' being destroyed
[2019.01.25-22.13.56:119][895]LogWindowsTextInputMethodSystem: Display: IME system now deactivated.
[2019.01.25-22.13.56:527][896]Cmd: QUIT_EDITOR
[2019.01.25-22.13.57:099][896]LogExit: Preparing to exit.
[2019.01.25-22.13.58:144][896]LogExit: Editor shut down
[2019.01.25-22.13.58:145][896]LogExit: Transaction tracking system shut down
[2019.01.25-22.13.59:225][896]LogExit: Object subsystem successfully closed.
[2019.01.25-22.13.59:308][896]LogShaderCompilers: Display: Shaders left to compile 0
[2019.01.25-22.13.59:326][896]LogD3D11RHI: Shutdown
[2019.01.25-22.13.59:326][896]LogD3D11RHI: CleanupD3DDevice
[2019.01.25-22.13.59:343][896]LogD3D11RHI: ~FD3D11DynamicRHI
[2019.01.25-22.13.59:522][896]LogModuleManager: Shutting down and abandoning module MovieSceneCapture (615)
[2019.01.25-22.13.59:522][896]LogModuleManager: Shutting down and abandoning module Voice (613)
[2019.01.25-22.13.59:525][896]LogModuleManager: Shutting down and abandoning module MeshBuilder (611)
[2019.01.25-22.13.59:525][896]LogModuleManager: Shutting down and abandoning module ClothingSystemEditorInterface (609)
[2019.01.25-22.13.59:525][896]LogModuleManager: Shutting down and abandoning module PinnedCommandList (607)
[2019.01.25-22.13.59:525][896]LogModuleManager: Shutting down and abandoning module SkeletonEditor (605)
[2019.01.25-22.13.59:525][896]LogModuleManager: Shutting down and abandoning module HierarchicalLODOutliner (603)
[2019.01.25-22.13.59:525][896]LogModuleManager: Shutting down and abandoning module AddContentDialog (601)
[2019.01.25-22.13.59:531][896]LogModuleManager: Shutting down and abandoning module WidgetCarousel (600)
[2019.01.25-22.13.59:531][896]LogModuleManager: Shutting down and abandoning module EditorWidgets (597)
[2019.01.25-22.13.59:531][896]LogModuleManager: Shutting down and abandoning module CollectionManager (595)
[2019.01.25-22.13.59:535][896]LogModuleManager: Shutting down and abandoning module SceneOutliner (593)
[2019.01.25-22.13.59:535][896]LogModuleManager: Shutting down and abandoning module ExternalImagePicker (591)
[2019.01.25-22.13.59:535][896]LogModuleManager: Shutting down and abandoning module StatsViewer (589)
[2019.01.25-22.13.59:536][896]LogModuleManager: Shutting down and abandoning module FoliageEdit (587)
[2019.01.25-22.13.59:536][896]LogModuleManager: Shutting down and abandoning module LandscapeEditor (585)
[2019.01.25-22.13.59:542][896]LogModuleManager: Shutting down and abandoning module MeshPaintMode (583)
[2019.01.25-22.13.59:544][896]LogModuleManager: Shutting down and abandoning module SceneDepthPickerMode (581)
[2019.01.25-22.13.59:544][896]LogModuleManager: Shutting down and abandoning module ActorPickerMode (579)
[2019.01.25-22.13.59:544][896]LogModuleManager: Shutting down and abandoning module GeometryMode (577)
[2019.01.25-22.13.59:544][896]LogModuleManager: Shutting down and abandoning module TextureAlignMode (575)
[2019.01.25-22.13.59:544][896]LogModuleManager: Shutting down and abandoning module BspMode (573)
[2019.01.25-22.13.59:544][896]LogModuleManager: Shutting down and abandoning module PIEPreviewDeviceProfileSelector (571)
[2019.01.25-22.13.59:546][896]LogModuleManager: Shutting down and abandoning module SequenceRecorderSections (569)
[2019.01.25-22.13.59:548][896]LogModuleManager: Shutting down and abandoning module AutomationWorker (567)
[2019.01.25-22.13.59:548][896]LogModuleManager: Shutting down and abandoning module AudioCaptureEditor (565)
[2019.01.25-22.13.59:548][896]LogModuleManager: Shutting down and abandoning module SequenceRecorder (564)
[2019.01.25-22.13.59:548][896]LogModuleManager: Shutting down and abandoning module MatineeToLevelSequence (561)
[2019.01.25-22.13.59:552][896]LogModuleManager: Shutting down and abandoning module LevelSequenceEditor (559)
[2019.01.25-22.13.59:560][896]LogModuleManager: Shutting down and abandoning module PlacementMode (558)
[2019.01.25-22.13.59:560][896]LogModuleManager: Shutting down and abandoning module MaterialEditor (557)
[2019.01.25-22.13.59:561][896]LogModuleManager: Shutting down and abandoning module WmfMediaFactory (553)
[2019.01.25-22.13.59:561][896]LogModuleManager: Shutting down and abandoning module WmfMediaEditor (551)
[2019.01.25-22.13.59:561][896]LogModuleManager: Shutting down and abandoning module MediaPlayerEditor (549)
[2019.01.25-22.13.59:567][896]LogModuleManager: Shutting down and abandoning module OpenExrWrapper (547)
[2019.01.25-22.13.59:567][896]LogModuleManager: Shutting down and abandoning module ImgMediaFactory (545)
[2019.01.25-22.13.59:567][896]LogModuleManager: Shutting down and abandoning module ImgMediaEditor (543)
[2019.01.25-22.13.59:567][896]LogModuleManager: Shutting down and abandoning module AvfMediaFactory (541)
[2019.01.25-22.13.59:567][896]LogModuleManager: Shutting down and abandoning module AvfMediaEditor (539)
[2019.01.25-22.13.59:567][896]LogModuleManager: Shutting down and abandoning module AndroidMediaFactory (537)
[2019.01.25-22.13.59:567][896]LogModuleManager: Shutting down and abandoning module AndroidMediaEditor (535)
[2019.01.25-22.13.59:567][896]LogModuleManager: Shutting down and abandoning module MagicLeapCameraPreviewFactory (533)
[2019.01.25-22.13.59:567][896]LogModuleManager: Shutting down and abandoning module MagicLeapMediaFactory (531)
[2019.01.25-22.13.59:567][896]LogModuleManager: Shutting down and abandoning module MagicLeapMediaEditor (529)
[2019.01.25-22.13.59:567][896]LogModuleManager: Shutting down and abandoning module CharacterAI (527)
[2019.01.25-22.13.59:567][896]LogModuleManager: Shutting down and abandoning module SmartSnapping (525)
[2019.01.25-22.13.59:567][896]LogModuleManager: Shutting down and abandoning module SessionServices (523)
[2019.01.25-22.13.59:567][896]LogModuleManager: Shutting down and abandoning module ViewportSnapping (521)
[2019.01.25-22.13.59:567][896]LogModuleManager: Shutting down and abandoning module ViewportInteraction (519)
[2019.01.25-22.13.59:567][896]LogModuleManager: Shutting down and abandoning module ClothPainter (517)
[2019.01.25-22.13.59:570][896]LogModuleManager: Shutting down and abandoning module SkeletalMeshEditor (516)
[2019.01.25-22.13.59:570][896]LogModuleManager: Shutting down and abandoning module LogVisualizer (513)
[2019.01.25-22.13.59:578][896]LogModuleManager: Shutting down and abandoning module IntroTutorials (511)
[2019.01.25-22.13.59:585][896]LogModuleManager: Shutting down and abandoning module GameProjectGeneration (510)
[2019.01.25-22.13.59:589][896]LogModuleManager: Shutting down and abandoning module LuminPlatformEditor (507)
[2019.01.25-22.13.59:589][896]LogModuleManager: Shutting down and abandoning module IOSPlatformEditor (505)
[2019.01.25-22.13.59:589][896]LogModuleManager: Shutting down and abandoning module HTML5PlatformEditor (503)
[2019.01.25-22.13.59:589][896]LogModuleManager: Shutting down and abandoning module AndroidPlatformEditor (501)
[2019.01.25-22.13.59:589][896]LogModuleManager: Shutting down and abandoning module AndroidDeviceDetection (500)
[2019.01.25-22.14.01:533][896]LogModuleManager: Shutting down and abandoning module WindowsPlatformEditor (497)
[2019.01.25-22.14.01:533][896]LogModuleManager: Shutting down and abandoning module LuminRuntimeSettings (495)
[2019.01.25-22.14.01:533][896]LogModuleManager: Shutting down and abandoning module IOSRuntimeSettings (493)
[2019.01.25-22.14.01:533][896]LogModuleManager: Shutting down and abandoning module AndroidRuntimeSettings (491)
[2019.01.25-22.14.01:533][896]LogModuleManager: Shutting down and abandoning module InputBindingEditor (489)
[2019.01.25-22.14.01:538][896]LogModuleManager: Shutting down and abandoning module MergeActors (487)
[2019.01.25-22.14.01:543][896]LogModuleManager: Shutting down and abandoning module LocalizationDashboard (485)
[2019.01.25-22.14.01:548][896]LogModuleManager: Shutting down and abandoning module LocalizationService (484)
[2019.01.25-22.14.01:550][896]LogModuleManager: Shutting down and abandoning module HardwareTargeting (481)
[2019.01.25-22.14.01:550][896]LogModuleManager: Shutting down and abandoning module DeviceProfileEditor (479)
[2019.01.25-22.14.01:550][896]LogModuleManager: Shutting down and abandoning module UndoHistory (477)
[2019.01.25-22.14.01:552][896]LogModuleManager: Shutting down and abandoning module XmlParser (475)
[2019.01.25-22.14.01:552][896]LogModuleManager: Shutting down and abandoning module Blutility (473)
[2019.01.25-22.14.01:553][896]LogModuleManager: Shutting down and abandoning module ProjectSettingsViewer (471)
[2019.01.25-22.14.01:553][896]LogModuleManager: Shutting down and abandoning module ProjectTargetPlatformEditor (470)
[2019.01.25-22.14.01:553][896]LogModuleManager: Shutting down and abandoning module EditorSettingsViewer (467)
[2019.01.25-22.14.01:553][896]LogModuleManager: Shutting down and abandoning module SettingsEditor (465)
[2019.01.25-22.14.01:553][896]LogModuleManager: Shutting down and abandoning module ProjectLauncher (463)
[2019.01.25-22.14.01:559][896]LogModuleManager: Shutting down and abandoning module SessionFrontend (461)
[2019.01.25-22.14.01:559][896]LogModuleManager: Shutting down and abandoning module ProfilerClient (459)
[2019.01.25-22.14.01:561][896]LogModuleManager: Shutting down and abandoning module DeviceManager (457)
[2019.01.25-22.14.01:562][896]LogModuleManager: Shutting down and abandoning module TargetDeviceServices (456)
[2019.01.25-22.14.01:631][896]LogModuleManager: Shutting down and abandoning module AutomationController (453)
[2019.01.25-22.14.01:632][896]LogModuleManager: Shutting down and abandoning module AutomationWindow (451)
[2019.01.25-22.14.01:632][896]LogModuleManager: Shutting down and abandoning module Layers (449)
[2019.01.25-22.14.01:643][896]LogModuleManager: Shutting down and abandoning module ComponentVisualizers (447)
[2019.01.25-22.14.01:643][896]LogModuleManager: Shutting down and abandoning module DetailCustomizations (445)
[2019.01.25-22.14.01:643][896]LogModuleManager: Shutting down and abandoning module PackagesDialog (443)
[2019.01.25-22.14.01:643][896]LogModuleManager: Shutting down and abandoning module Persona (441)
[2019.01.25-22.14.01:643][896]LogModuleManager: Shutting down and abandoning module AdvancedPreviewScene (440)
[2019.01.25-22.14.01:643][896]LogModuleManager: Shutting down and abandoning module AnimGraph (438)
[2019.01.25-22.14.01:645][896]LogModuleManager: Shutting down and abandoning module Kismet (435)
[2019.01.25-22.14.01:654][896]LogModuleManager: Shutting down and abandoning module GraphEditor (433)
[2019.01.25-22.14.01:660][896]LogModuleManager: Shutting down and abandoning module ClassViewer (431)
[2019.01.25-22.14.01:660][896]LogModuleManager: Shutting down and abandoning module Toolbox (429)
[2019.01.25-22.14.01:660][896]LogModuleManager: Shutting down and abandoning module ModuleUI (427)
[2019.01.25-22.14.01:662][896]LogModuleManager: Shutting down and abandoning module MovieSceneTools (425)
[2019.01.25-22.14.01:664][896]LogModuleManager: Shutting down and abandoning module OutputLog (423)
[2019.01.25-22.14.01:664][896]LogModuleManager: Shutting down and abandoning module GammaUI (421)
[2019.01.25-22.14.01:666][896]LogModuleManager: Shutting down and abandoning module Documentation (419)
[2019.01.25-22.14.01:666][896]LogModuleManager: Shutting down and abandoning module MovieSceneTracks (417)
[2019.01.25-22.14.01:666][896]LogModuleManager: Shutting down and abandoning module MovieScene (415)
[2019.01.25-22.14.01:666][896]LogModuleManager: Shutting down and abandoning module StreamingPauseRendering (413)
[2019.01.25-22.14.01:667][896]LogModuleManager: Shutting down and abandoning module LauncherPlatform (411)
[2019.01.25-22.14.01:667][896]LogModuleManager: Shutting down and abandoning module AnalyticsET (409)
[2019.01.25-22.14.01:667][896]LogModuleManager: Shutting down and abandoning module PortalServices (407)
[2019.01.25-22.14.01:667][896]LogModuleManager: Shutting down and abandoning module PortalRpc (405)
[2019.01.25-22.14.01:667][896]LogModuleManager: Shutting down and abandoning module MessagingRpc (403)
[2019.01.25-22.14.01:667][896]LogModuleManager: Shutting down and abandoning module AIModule (401)
[2019.01.25-22.14.01:667][896]LogModuleManager: Shutting down and abandoning module GameplayDebugger (400)
[2019.01.25-22.14.01:667][896]LogModuleManager: Shutting down and abandoning module AITestSuite (398)
[2019.01.25-22.14.01:669][896]LogModuleManager: Shutting down and abandoning module NavigationSystem (396)
[2019.01.25-22.14.01:669][896]LogModuleManager: Shutting down and abandoning module DesktopPlatform (393)
[2019.01.25-22.14.01:669][896]LogModuleManager: Shutting down and abandoning module ProfilerService (391)
[2019.01.25-22.14.01:736][896]LogModuleManager: Shutting down and abandoning module TaskGraph (389)
[2019.01.25-22.14.01:741][896]LogModuleManager: Shutting down and abandoning module ProceduralMeshComponentEditor (387)
[2019.01.25-22.14.01:742][896]LogModuleManager: Shutting down and abandoning module ProceduralMeshComponent (385)
[2019.01.25-22.14.01:743][896]LogModuleManager: Shutting down and abandoning module MobilePatchingUtils (383)
[2019.01.25-22.14.01:744][896]LogModuleManager: Shutting down and abandoning module EditableMesh (381)
[2019.01.25-22.14.01:744][896]LogModuleManager: Shutting down and abandoning module CustomMeshComponent (379)
[2019.01.25-22.14.01:744][896]LogModuleManager: Shutting down and abandoning module CableComponent (377)
[2019.01.25-22.14.01:744][896]LogModuleManager: Shutting down and abandoning module AudioCapture (375)
[2019.01.25-22.14.01:744][896]LogModuleManager: Shutting down and abandoning module ArchVisCharacter (373)
[2019.01.25-22.14.01:744][896]LogModuleManager: Shutting down and abandoning module AndroidPermission (371)
[2019.01.25-22.14.01:744][896]LogModuleManager: Shutting down and abandoning module NUTUnrealEngine4 (369)
[2019.01.25-22.14.01:744][896]LogModuleManager: Shutting down and abandoning module NetcodeUnitTest (367)
[2019.01.25-22.14.01:752][896]LogModuleManager: Shutting down and abandoning module MediaCompositingEditor (365)
[2019.01.25-22.14.01:752][896]LogModuleManager: Shutting down and abandoning module MediaCompositing (363)
[2019.01.25-22.14.01:752][896]LogModuleManager: Shutting down and abandoning module LinearTimecode (361)
[2019.01.25-22.14.01:752][896]LogModuleManager: Shutting down and abandoning module ImgMedia (359)
[2019.01.25-22.14.01:759][896]LogModuleManager: Shutting down and abandoning module HTML5Networking (357)
[2019.01.25-22.14.01:759][896]LogModuleManager: Shutting down and abandoning module GeometryCacheTracks (355)
[2019.01.25-22.14.01:759][896]LogModuleManager: Shutting down and abandoning module GeometryCacheSequencer (353)
[2019.01.25-22.14.01:759][896]LogModuleManager: Shutting down and abandoning module BackChannel (351)
[2019.01.25-22.14.01:761][896]LogModuleManager: Shutting down and abandoning module AppleVision (349)
[2019.01.25-22.14.01:761][896]LogModuleManager: Shutting down and abandoning module AppleImageUtils (347)
[2019.01.25-22.14.01:761][896]LogModuleManager: Shutting down and abandoning module AlembicImporter (345)
[2019.01.25-22.14.01:761][896]LogModuleManager: Shutting down and abandoning module AlembicLibrary (344)
[2019.01.25-22.14.01:761][896]LogModuleManager: Shutting down and abandoning module GeometryCache (343)
[2019.01.25-22.14.01:761][896]LogModuleManager: Shutting down and abandoning module GeometryCacheEd (342)
[2019.01.25-22.14.01:761][896]LogModuleManager: Shutting down and abandoning module DatasmithContentEditor (337)
[2019.01.25-22.14.01:763][896]LogModuleManager: Shutting down and abandoning module DatasmithContent (335)
[2019.01.25-22.14.01:763][896]LogModuleManager: Shutting down and abandoning module SpeedTreeImporter (333)
[2019.01.25-22.14.01:763][896]LogModuleManager: Shutting down and abandoning module PluginBrowser (331)
[2019.01.25-22.14.01:774][896]LogModuleManager: Shutting down and abandoning module MobileLauncherProfileWizard (329)
[2019.01.25-22.14.01:775][896]LogModuleManager: Shutting down and abandoning module PolygonModeling (327)
[2019.01.25-22.14.01:775][896]LogModuleManager: Shutting down and abandoning module MeshEditor (325)
[2019.01.25-22.14.01:775][896]LogModuleManager: Shutting down and abandoning module CryptoKeysOpenSSL (323)
[2019.01.25-22.14.01:776][896]LogModuleManager: Shutting down and abandoning module CryptoKeys (321)
[2019.01.25-22.14.01:776][896]LogModuleManager: Shutting down and abandoning module VisualStudioSourceCodeAccess (319)
[2019.01.25-22.14.01:776][896]LogModuleManager: Shutting down and abandoning module VisualStudioCodeSourceCodeAccess (317)
[2019.01.25-22.14.01:776][896]LogModuleManager: Shutting down and abandoning module UObjectPlugin (315)
[2019.01.25-22.14.01:776][896]LogModuleManager: Shutting down and abandoning module SubversionSourceControl (313)
[2019.01.25-22.14.01:779][896]LogModuleManager: Shutting down and abandoning module PerforceSourceControl (311)
[2019.01.25-22.14.01:784][896]LogModuleManager: Shutting down and abandoning module GitSourceControl (309)
[2019.01.25-22.14.01:793][896]LogModuleManager: Shutting down and abandoning module SourceControl (308)
[2019.01.25-22.14.01:795][896]LogModuleManager: Shutting down and abandoning module CLionSourceCodeAccess (305)
[2019.01.25-22.14.01:795][896]LogModuleManager: Shutting down and abandoning module LightPropagationVolumeEditor (303)
[2019.01.25-22.14.01:795][896]LogModuleManager: Shutting down and abandoning module PaperTiledImporter (301)
[2019.01.25-22.14.01:795][896]LogModuleManager: Shutting down and abandoning module PaperSpriteSheetImporter (299)
[2019.01.25-22.14.01:795][896]LogModuleManager: Shutting down and abandoning module Paper2DEditor (297)
[2019.01.25-22.14.01:803][896]LogModuleManager: Shutting down and abandoning module MeshPaint (296)
[2019.01.25-22.14.01:803][896]LogModuleManager: Shutting down and abandoning module RuntimePhysXCooking (293)
[2019.01.25-22.14.01:803][896]LogModuleManager: Shutting down and abandoning module PhysXVehiclesEditor (291)
[2019.01.25-22.14.01:803][896]LogModuleManager: Shutting down and abandoning module PhysXVehicles (289)
[2019.01.25-22.14.01:803][896]LogModuleManager: Shutting down and abandoning module LocationServicesBPLibrary (287)
[2019.01.25-22.14.01:803][896]LogModuleManager: Shutting down and abandoning module ImmediatePhysicsEditor (285)
[2019.01.25-22.14.01:803][896]LogModuleManager: Shutting down and abandoning module ImmediatePhysics (283)
[2019.01.25-22.14.01:805][896]LogModuleManager: Shutting down and abandoning module ActorSequence (281)
[2019.01.25-22.14.01:805][896]LogModuleManager: Shutting down and abandoning module UdpMessaging (279)
[2019.01.25-22.14.01:906][896]LogModuleManager: Shutting down and abandoning module TcpMessaging (277)
[2019.01.25-22.14.02:010][896]LogModuleManager: Shutting down and abandoning module MagicLeapAudio (275)
[2019.01.25-22.14.02:010][896]LogModuleManager: Shutting down and abandoning module GameplayTagsEditor (273)
[2019.01.25-22.14.02:010][896]LogModuleManager: Shutting down and abandoning module FacialAnimationEditor (271)
[2019.01.25-22.14.02:012][896]LogModuleManager: Shutting down and abandoning module FacialAnimation (269)
[2019.01.25-22.14.02:012][896]LogModuleManager: Shutting down and abandoning module DataValidation (267)
[2019.01.25-22.14.02:012][896]LogModuleManager: Shutting down and abandoning module AssetManagerEditor (265)
[2019.01.25-22.14.02:018][896]LogModuleManager: Shutting down and abandoning module LevelEditor (264)
[2019.01.25-22.14.02:022][896]LogModuleManager: Shutting down and abandoning module PixelInspectorModule (263)
[2019.01.25-22.14.02:024][896]LogModuleManager: Shutting down and abandoning module CommonMenuExtensions (261)
[2019.01.25-22.14.02:024][896]LogModuleManager: Shutting down and abandoning module MainFrame (259)
[2019.01.25-22.14.02:026][896]LogModuleManager: Shutting down and abandoning module HotReload (258)
[2019.01.25-22.14.02:028][896]LogModuleManager: Shutting down and abandoning module ContentBrowser (254)
[2019.01.25-22.14.02:029][896]LogModuleManager: Shutting down and abandoning module TreeMap (252)
[2019.01.25-22.14.02:030][896]LogModuleManager: Shutting down and abandoning module LightPropagationVolumeRuntime (249)
[2019.01.25-22.14.02:030][896]LogModuleManager: Shutting down and abandoning module AISupportModule (247)
[2019.01.25-22.14.02:030][896]LogModuleManager: Shutting down and abandoning module Paper2D (245)
[2019.01.25-22.14.02:030][896]LogModuleManager: Shutting down and abandoning module WindowsMoviePlayer (243)
[2019.01.25-22.14.02:033][896]LogModuleManager: Shutting down and abandoning module WmfMedia (241)
[2019.01.25-22.14.02:038][896]LogModuleManager: Shutting down and abandoning module Media (240)
[2019.01.25-22.14.02:044][896]LogModuleManager: Shutting down and abandoning module PacketHandler (237)
[2019.01.25-22.14.02:044][896]LogModuleManager: Shutting down and abandoning module ClothingSystemEditor (235)
[2019.01.25-22.14.02:044][896]LogModuleManager: Shutting down and abandoning module ClothingSystemRuntime (233)
[2019.01.25-22.14.02:048][896]LogModuleManager: Shutting down and abandoning module MediaAssets (231)
[2019.01.25-22.14.02:048][896]LogModuleManager: Shutting down and abandoning module Overlay (229)
[2019.01.25-22.14.02:048][896]LogModuleManager: Shutting down and abandoning module OverlayEditor (228)
[2019.01.25-22.14.02:048][896]LogModuleManager: Shutting down and abandoning module VREditor (225)
[2019.01.25-22.14.02:050][896]LogModuleManager: Shutting down and abandoning module StringTableEditor (223)
[2019.01.25-22.14.02:051][896]LogModuleManager: Shutting down and abandoning module GameplayTasksEditor (221)
[2019.01.25-22.14.02:051][896]LogModuleManager: Shutting down and abandoning module BehaviorTreeEditor (219)
[2019.01.25-22.14.02:062][896]LogModuleManager: Shutting down and abandoning module FunctionalTesting (217)
[2019.01.25-22.14.02:062][896]LogModuleManager: Shutting down and abandoning module CollisionAnalyzer (215)
[2019.01.25-22.14.02:066][896]LogModuleManager: Shutting down and abandoning module WorkspaceMenuStructure (214)
[2019.01.25-22.14.02:066][896]LogModuleManager: Shutting down and abandoning module UMG (211)
[2019.01.25-22.14.02:066][896]LogModuleManager: Shutting down and abandoning module UMGEditor (210)
[2019.01.25-22.14.02:072][896]LogModuleManager: Shutting down and abandoning module Sequencer (209)
[2019.01.25-22.14.02:081][896]LogModuleManager: Shutting down and abandoning module MessageLog (206)
[2019.01.25-22.14.02:081][896]LogModuleManager: Shutting down and abandoning module SlateReflector (201)
[2019.01.25-22.14.02:086][896]LogModuleManager: Shutting down and abandoning module Slate (199)
[2019.01.25-22.14.02:086][896]LogModuleManager: Shutting down and abandoning module EditorStyle (197)
[2019.01.25-22.14.02:095][896]LogModuleManager: Shutting down and abandoning module MRMesh (195)
[2019.01.25-22.14.02:095][896]LogModuleManager: Shutting down and abandoning module SourceCodeAccess (193)
[2019.01.25-22.14.02:095][896]LogModuleManager: Shutting down and abandoning module HeadMountedDisplay (191)
[2019.01.25-22.14.02:095][896]LogModuleManager: Shutting down and abandoning module XAudio2 (189)
[2019.01.25-22.14.02:095][896]LogModuleManager: Shutting down and abandoning module Networking (187)
[2019.01.25-22.14.02:096][896]LogModuleManager: Shutting down and abandoning module Core (185)
[2019.01.25-22.14.02:096][896]LogModuleManager: Shutting down and abandoning module LevelSequence (183)
[2019.01.25-22.14.02:096][896]LogModuleManager: Shutting down and abandoning module KismetCompiler (181)
[2019.01.25-22.14.02:096][896]LogModuleManager: Shutting down and abandoning module MeshUtilities (179)
[2019.01.25-22.14.02:097][896]LogModuleManager: Shutting down and abandoning module MeshMergeUtilities (178)
[2019.01.25-22.14.02:098][896]LogModuleManager: Shutting down and abandoning module MeshReductionInterface (177)
[2019.01.25-22.14.02:098][896]LogModuleManager: Shutting down and abandoning module SimplygonSwarm (176)
[2019.01.25-22.14.02:099][896]LogModuleManager: Shutting down and abandoning module ProxyLODMeshReduction (174)
[2019.01.25-22.14.02:101][896]LogModuleManager: Shutting down and abandoning module SimplygonMeshReduction (172)
[2019.01.25-22.14.02:101][896]LogModuleManager: Shutting down and abandoning module QuadricMeshReduction (170)
[2019.01.25-22.14.02:104][896]LogModuleManager: Shutting down and abandoning module MaterialBaking (166)
[2019.01.25-22.14.02:105][896]LogModuleManager: Shutting down and abandoning module DirectoryWatcher (162)
[2019.01.25-22.14.02:108][896]LogModuleManager: Shutting down and abandoning module DerivedDataCache (159)
[2019.01.25-22.14.02:195][896]LogDerivedDataCache: Shutdown
[2019.01.25-22.14.02:195][896]LogModuleManager: Shutting down and abandoning module XGEController (157)
[2019.01.25-22.14.02:196][896]LogModuleManager: Shutting down and abandoning module TargetPlatform (155)
[2019.01.25-22.14.02:196][896]LogModuleManager: Shutting down and abandoning module VulkanShaderFormat (154)
[2019.01.25-22.14.02:198][896]LogModuleManager: Shutting down and abandoning module ShaderFormatVectorVM (152)
[2019.01.25-22.14.02:199][896]LogModuleManager: Shutting down and abandoning module ShaderFormatOpenGL (150)
[2019.01.25-22.14.02:201][896]LogModuleManager: Shutting down and abandoning module ShaderFormatD3D (148)
[2019.01.25-22.14.02:201][896]LogModuleManager: Shutting down and abandoning module MetalShaderFormat (146)
[2019.01.25-22.14.02:205][896]LogModuleManager: Shutting down and abandoning module TextureFormatUncompressed (144)
[2019.01.25-22.14.02:205][896]LogModuleManager: Shutting down and abandoning module TextureFormatPVR (142)
[2019.01.25-22.14.02:205][896]LogModuleManager: Shutting down and abandoning module TextureFormatDXT (140)
[2019.01.25-22.14.02:209][896]LogModuleManager: Shutting down and abandoning module TextureFormatIntelISPCTexComp (138)
[2019.01.25-22.14.02:211][896]LogModuleManager: Shutting down and abandoning module TextureFormatASTC (136)
[2019.01.25-22.14.02:211][896]LogModuleManager: Shutting down and abandoning module ImageWrapper (135)
[2019.01.25-22.14.02:211][896]LogModuleManager: Shutting down and abandoning module TextureFormatAndroid (132)
[2019.01.25-22.14.02:211][896]LogModuleManager: Shutting down and abandoning module AudioFormatOpus (130)
[2019.01.25-22.14.02:211][896]LogModuleManager: Shutting down and abandoning module AudioFormatOgg (128)
[2019.01.25-22.14.02:211][896]LogModuleManager: Shutting down and abandoning module AudioFormatADPCM (126)
[2019.01.25-22.14.02:211][896]LogModuleManager: Shutting down and abandoning module LuminTargetPlatform (124)
[2019.01.25-22.14.02:211][896]LogModuleManager: Shutting down and abandoning module LinuxTargetPlatform (122)
[2019.01.25-22.14.02:211][896]LogModuleManager: Shutting down and abandoning module LinuxServerTargetPlatform (120)
[2019.01.25-22.14.02:211][896]LogModuleManager: Shutting down and abandoning module LinuxNoEditorTargetPlatform (118)
[2019.01.25-22.14.02:212][896]LogModuleManager: Shutting down and abandoning module LinuxClientTargetPlatform (116)
[2019.01.25-22.14.02:212][896]LogModuleManager: Shutting down and abandoning module TVOSTargetPlatform (114)
[2019.01.25-22.14.02:225][896]LogModuleManager: Shutting down and abandoning module Messaging (112)
[2019.01.25-22.14.02:225][896]LogModuleManager: Shutting down and abandoning module IOSTargetPlatform (110)
[2019.01.25-22.14.02:232][896]LogModuleManager: Shutting down and abandoning module HTML5TargetPlatform (108)
[2019.01.25-22.14.02:232][896]LogModuleManager: Shutting down and abandoning module AndroidTargetPlatform (106)
[2019.01.25-22.14.02:306][896]LogModuleManager: Shutting down and abandoning module WindowsTargetPlatform (104)
[2019.01.25-22.14.02:307][896]LogModuleManager: Shutting down and abandoning module WindowsServerTargetPlatform (102)
[2019.01.25-22.14.02:307][896]LogModuleManager: Shutting down and abandoning module WindowsNoEditorTargetPlatform (100)
[2019.01.25-22.14.02:307][896]LogModuleManager: Shutting down and abandoning module WindowsClientTargetPlatform (98)
[2019.01.25-22.14.02:307][896]LogModuleManager: Shutting down and abandoning module MacTargetPlatform (96)
[2019.01.25-22.14.02:307][896]LogModuleManager: Shutting down and abandoning module MacServerTargetPlatform (94)
[2019.01.25-22.14.02:307][896]LogModuleManager: Shutting down and abandoning module MacNoEditorTargetPlatform (92)
[2019.01.25-22.14.02:307][896]LogModuleManager: Shutting down and abandoning module MacClientTargetPlatform (90)
[2019.01.25-22.14.02:307][896]LogModuleManager: Shutting down and abandoning module AllDesktopTargetPlatform (88)
[2019.01.25-22.14.02:307][896]LogModuleManager: Shutting down and abandoning module InputCore (85)
[2019.01.25-22.14.02:307][896]LogModuleManager: Shutting down and abandoning module Settings (83)
[2019.01.25-22.14.02:307][896]LogModuleManager: Shutting down and abandoning module PhysXCooking (81)
[2019.01.25-22.14.02:307][896]LogModuleManager: Shutting down and abandoning module ExampleDeviceProfileSelector (79)
[2019.01.25-22.14.02:307][896]LogModuleManager: Shutting down and abandoning module LauncherChunkInstaller (77)
[2019.01.25-22.14.02:307][896]LogModuleManager: Shutting down and abandoning module OnlineBlueprintSupport (75)
[2019.01.25-22.14.02:307][896]LogModuleManager: Shutting down and abandoning module OnlineSubsystem (71)
[2019.01.25-22.14.02:308][896]LogModuleManager: Shutting down and abandoning module XMPP (65)
[2019.01.25-22.14.02:315][896]LogModuleManager: Shutting down and abandoning module WebSockets (64)
[2019.01.25-22.14.02:367][896]LogModuleManager: Shutting down and abandoning module HTTP (61)
[2019.01.25-22.14.02:369][896]LogHttp: Display: Http module shutting down, but needs to wait on 1 outstanding Http requests:
[2019.01.25-22.14.02:369][896]LogHttp: Display: 	verb=[POST] url=[https://datarouter.ol.epicgames.com/datarouter/api/v1/public/data?SessionID=%7B3A7BBD9B-4D7C-6F49-59B7-6EBEB719CE9A%7D&AppID=UEEditor.Rocket.Release&AppVersion=4.20.3-4369336%2B%2B%2BUE4%2BRelease-4.20&UserID=c06cffe2427963cc256537a200600ecc%7Cbbe8701702744966854a6a3e84aa1e68%7C054e31ef-f3fa-4184-ab48-735426d25462&AppEnvironment=datacollector-binary&UploadType=eteventstream] status=Processing
[2019.01.25-22.14.02:412][896]LogModuleManager: Shutting down and abandoning module SSL (60)
[2019.01.25-22.14.02:416][896]LogModuleManager: Shutting down and abandoning module MagicLeapEmulator (56)
[2019.01.25-22.14.02:417][896]LogModuleManager: Shutting down and abandoning module MagicLeapPrivileges (54)
[2019.01.25-22.14.02:417][896]LogModuleManager: Shutting down and abandoning module MagicLeapIdentity (52)
[2019.01.25-22.14.02:419][896]LogModuleManager: Shutting down and abandoning module MagicLeapHelperVulkan (50)
[2019.01.25-22.14.02:419][896]LogModuleManager: Shutting down and abandoning module MagicLeapHelperOpenGL (48)
[2019.01.25-22.14.02:419][896]LogModuleManager: Shutting down and abandoning module MagicLeapSecureStorage (46)
[2019.01.25-22.14.02:419][896]LogModuleManager: Shutting down and abandoning module MagicLeapGestures (44)
[2019.01.25-22.14.02:419][896]LogModuleManager: Shutting down and abandoning module MagicLeapEyeTracker (42)
[2019.01.25-22.14.02:419][896]LogModuleManager: Shutting down and abandoning module MagicLeapController (40)
[2019.01.25-22.14.02:420][896]LogSlate: Slate User Destroyed.  User Index 0, Is Virtual User: 0
[2019.01.25-22.14.02:420][896]LogSlate: Slate User Destroyed.  User Index 1, Is Virtual User: 0
[2019.01.25-22.14.02:420][896]LogModuleManager: Shutting down and abandoning module MagicLeap (38)
[2019.01.25-22.14.02:420][896]LogModuleManager: Shutting down and abandoning module AnimationModifiers (36)
[2019.01.25-22.14.02:426][896]LogModuleManager: Shutting down and abandoning module PropertyEditor (35)
[2019.01.25-22.14.02:426][896]LogModuleManager: Shutting down and abandoning module AudioEditor (32)
[2019.01.25-22.14.02:434][896]LogModuleManager: Shutting down and abandoning module TextureCompressor (30)
[2019.01.25-22.14.02:436][896]LogModuleManager: Shutting down and abandoning module ShaderCore (28)
[2019.01.25-22.14.02:436][896]LogModuleManager: Shutting down and abandoning module Landscape (26)
[2019.01.25-22.14.02:436][896]LogModuleManager: Shutting down and abandoning module SlateRHIRenderer (24)
[2019.01.25-22.14.02:446][896]LogModuleManager: Shutting down and abandoning module OpenGLDrv (22)
[2019.01.25-22.14.02:448][896]LogModuleManager: Shutting down and abandoning module D3D11RHI (20)
[2019.01.25-22.14.02:448][896]LogModuleManager: Shutting down and abandoning module AnimGraphRuntime (18)
[2019.01.25-22.14.02:448][896]LogModuleManager: Shutting down and abandoning module Renderer (16)
[2019.01.25-22.14.02:448][896]LogModuleManager: Shutting down and abandoning module Engine (14)
[2019.01.25-22.14.02:448][896]LogModuleManager: Shutting down and abandoning module CoreUObject (12)
[2019.01.25-22.14.02:448][896]LogModuleManager: Shutting down and abandoning module NetworkFile (10)
[2019.01.25-22.14.02:448][896]LogModuleManager: Shutting down and abandoning module CookedIterativeFile (8)
[2019.01.25-22.14.02:448][896]LogModuleManager: Shutting down and abandoning module StreamingFile (6)
[2019.01.25-22.14.02:448][896]LogModuleManager: Shutting down and abandoning module SandboxFile (4)
[2019.01.25-22.14.02:448][896]LogModuleManager: Shutting down and abandoning module PakFile (2)
[2019.01.25-22.14.02:455][896]LogExit: Exiting.
[2019.01.25-22.14.02:513][896]Log file closed, 01/25/19 14:14:02
