Log file open, 10/25/18 19:09:11
LogWindows: Failed to load 'aqProf.dll' (GetLastError=126)
LogWindows: File 'aqProf.dll' does not exist
LogWindows: Failed to load 'VtuneApi.dll' (GetLastError=126)
LogWindows: File 'VtuneApi.dll' does not exist
LogWindows: Failed to load 'VtuneApi32e.dll' (GetLastError=126)
LogWindows: File 'VtuneApi32e.dll' does not exist
LogInit: Display: Running engine for game: STR_StrongStyle_v2
LogPlatformFile: Not using cached read wrapper
LogTaskGraph: Started task graph with 5 named threads and 14 total threads with 3 sets of task threads.
LogStats: Stats thread started at 0.385756
LogD3D11RHI: Loaded GFSDK_Aftermath_Lib.x64.dll
LogICUInternationalization: Display: ICU TimeZone Detection - Raw Offset: -8:00, Platform Override: ''
LogPluginManager: Mounting plugin Paper2D
LogPluginManager: Mounting plugin AdvancedSessions
LogPluginManager: Mounting plugin AdvancedSteamSessions
LogPluginManager: Mounting plugin AISupport
LogPluginManager: Mounting plugin LightPropagationVolume
LogPluginManager: Mounting plugin CLionSourceCodeAccess
LogPluginManager: Mounting plugin CodeLiteSourceCodeAccess
LogPluginManager: Mounting plugin GitSourceControl
LogPluginManager: Mounting plugin KDevelopSourceCodeAccess
LogPluginManager: Mounting plugin NullSourceCodeAccess
LogPluginManager: Mounting plugin PerforceSourceControl
LogPluginManager: Mounting plugin SubversionSourceControl
LogPluginManager: Mounting plugin UObjectPlugin
LogPluginManager: Mounting plugin VisualStudioCodeSourceCodeAccess
LogPluginManager: Mounting plugin VisualStudioSourceCodeAccess
LogPluginManager: Mounting plugin XCodeSourceCodeAccess
LogPluginManager: Mounting plugin AssetManagerEditor
LogPluginManager: Mounting plugin CryptoKeys
LogPluginManager: Mounting plugin DataValidation
LogPluginManager: Mounting plugin FacialAnimation
LogPluginManager: Mounting plugin GameplayTagsEditor
LogPluginManager: Mounting plugin MacGraphicsSwitching
LogPluginManager: Mounting plugin MeshEditor
LogPluginManager: Mounting plugin MobileLauncherProfileWizard
LogPluginManager: Mounting plugin PluginBrowser
LogPluginManager: Mounting plugin SpeedTreeImporter
LogPluginManager: Mounting plugin DatasmithContent
LogPluginManager: Mounting plugin AlembicImporter
LogPluginManager: Mounting plugin AppleImageUtils
LogPluginManager: Mounting plugin AppleVision
LogPluginManager: Mounting plugin BackChannel
LogPluginManager: Mounting plugin CharacterAI
LogPluginManager: Mounting plugin GeometryCache
LogPluginManager: Mounting plugin HTML5Networking
LogPluginManager: Mounting plugin ProxyLODPlugin
LogPluginManager: Mounting plugin MagicLeap
LogPluginManager: Mounting plugin MagicLeapEmulator
LogPluginManager: Mounting plugin MagicLeapMedia
LogPluginManager: Mounting plugin AndroidMedia
LogPluginManager: Mounting plugin AvfMedia
LogPluginManager: Mounting plugin ImgMedia
LogPluginManager: Mounting plugin LinearTimecode
LogPluginManager: Mounting plugin MediaCompositing
LogPluginManager: Mounting plugin MediaPlayerEditor
LogPluginManager: Mounting plugin WmfMedia
LogPluginManager: Mounting plugin TcpMessaging
LogPluginManager: Mounting plugin UdpMessaging
LogPluginManager: Mounting plugin ActorSequence
LogPluginManager: Mounting plugin LevelSequenceEditor
LogPluginManager: Mounting plugin MatineeToLevelSequence
LogPluginManager: Mounting plugin NetcodeUnitTest
LogPluginManager: Mounting plugin NUTUnrealEngine4
LogPluginManager: Mounting plugin OnlineSubsystemGooglePlay
LogPluginManager: Mounting plugin OnlineSubsystemIOS
LogPluginManager: Mounting plugin OnlineSubsystem
LogPluginManager: Mounting plugin OnlineSubsystemNull
LogPluginManager: Mounting plugin OnlineSubsystemSteam
LogPluginManager: Mounting plugin OnlineSubsystemUtils
LogPluginManager: Mounting plugin LauncherChunkInstaller
LogPluginManager: Mounting plugin AndroidDeviceProfileSelector
LogPluginManager: Mounting plugin AndroidMoviePlayer
LogPluginManager: Mounting plugin AndroidPermission
LogPluginManager: Mounting plugin AppleMoviePlayer
LogPluginManager: Mounting plugin ArchVisCharacter
LogPluginManager: Mounting plugin AudioCapture
LogPluginManager: Mounting plugin CableComponent
LogPluginManager: Mounting plugin CustomMeshComponent
LogPluginManager: Mounting plugin EditableMesh
LogPluginManager: Mounting plugin ExampleDeviceProfileSelector
LogPluginManager: Mounting plugin GoogleCloudMessaging
LogPluginManager: Mounting plugin ImmediatePhysics
LogPluginManager: Mounting plugin IOSDeviceProfileSelector
LogPluginManager: Mounting plugin LinuxDeviceProfileSelector
LogPluginManager: Mounting plugin LocationServicesBPLibrary
LogPluginManager: Mounting plugin MobilePatchingUtils
LogPluginManager: Mounting plugin OculusVR
LogPluginManager: Plugin shader directory ../../../Engine/Plugins/Runtime/Oculus/OculusVR/Shaders found
LogPluginManager: Mapping shader source directory ../../../Engine/Plugins/Runtime/Oculus/OculusVR/Shaders to virtual directory /Plugin/OculusVR
LogPluginManager: Mounting plugin PhysXVehicles
LogPluginManager: Mounting plugin ProceduralMeshComponent
LogPluginManager: Mounting plugin RuntimePhysXCooking
LogPluginManager: Mounting plugin SteamVR
LogPluginManager: Mounting plugin WindowsMoviePlayer
LogStreaming: Display: Took  0.132s to configure plugins.
LogInit: Using libcurl 7.55.1-DEV
LogInit:  - built for x86_64-pc-win32
LogInit:  - supports SSL with OpenSSL/1.0.2h
LogInit:  - supports HTTP deflate (compression) using libz 1.2.8
LogInit:  - other features:
LogInit:      CURL_VERSION_SSL
LogInit:      CURL_VERSION_LIBZ
LogInit:      CURL_VERSION_IPV6
LogInit:      CURL_VERSION_ASYNCHDNS
LogInit:      CURL_VERSION_LARGEFILE
LogInit:      CURL_VERSION_IDN
LogInit:  CurlRequestOptions (configurable via config and command line):
LogInit:  - bVerifyPeer = false  - Libcurl will NOT verify peer certificate
LogInit:  - bUseHttpProxy = false  - Libcurl will NOT use HTTP proxy
LogInit:  - bDontReuseConnections = false  - Libcurl will reuse connections
LogInit:  - CertBundlePath = nullptr  - Libcurl will use whatever was configured at build time.
LogInit:  - MaxHostConnections = 16  - Libcurl will limit the number of connections to a host
LogInit:  - LocalHostAddr = Default
LogInit:  - BufferSize = 65536
LogOnline: Display: STEAM: Loading Steam SDK 1.39
LogOnline: Warning: STEAM: Steam API disabled!
LogOnline: Display: STEAM: OnlineSubsystemSteam::Shutdown()
LogInit: WinSock: version 1.1 (2.2), MaxSocks=32767, MaxUdp=65467
LogHMD: Failed initializing OVRPlugin 1.25.0
LogInit: Build: ++UE4+Release-4.20-CL-4369336
LogInit: Engine Version: 4.20.3-4369336+++UE4+Release-4.20
LogInit: Compatible Engine Version: 4.20.0-4212847+++UE4+Release-4.20
LogInit: Net CL: 4212847
LogInit: OS: Windows 10 (), CPU: Intel(R) Core(TM) i5-4690K CPU @ 3.50GHz, GPU: NVIDIA GeForce GTX 1070
LogInit: Compiled (64-bit): Sep 17 2018 12:26:19
LogInit: Compiled with Visual C++: 19.13.26129.00
LogInit: Build Configuration: Development
LogInit: Branch Name: ++UE4+Release-4.20
LogInit: Command Line: 
LogInit: Base Directory: A:/Epic Games/UE_4.20/Engine/Binaries/Win64/
LogInit: Installed Engine Build: 1
LogDevObjectVersion: Number of dev versions registered: 20
LogDevObjectVersion:   Dev-Blueprints (B0D832E4-1F89-4F0D-ACCF-7EB736FD4AA2): 10
LogDevObjectVersion:   Dev-Build (E1C64328-A22C-4D53-A36C-8E866417BD8C): 0
LogDevObjectVersion:   Dev-Core (375EC13C-06E4-48FB-B500-84F0262A717E): 2
LogDevObjectVersion:   Dev-Editor (E4B068ED-F494-42E9-A231-DA0B2E46BB41): 24
LogDevObjectVersion:   Dev-Framework (CFFC743F-43B0-4480-9391-14DF171D2073): 34
LogDevObjectVersion:   Dev-Mobile (B02B49B5-BB20-44E9-A304-32B752E40360): 2
LogDevObjectVersion:   Dev-Networking (A4E4105C-59A1-49B5-A7C5-40C4547EDFEE): 0
LogDevObjectVersion:   Dev-Online (39C831C9-5AE6-47DC-9A44-9C173E1C8E7C): 0
LogDevObjectVersion:   Dev-Physics (78F01B33-EBEA-4F98-B9B4-84EACCB95AA2): 0
LogDevObjectVersion:   Dev-Platform (6631380F-2D4D-43E0-8009-CF276956A95A): 0
LogDevObjectVersion:   Dev-Rendering (12F88B9F-8875-4AFC-A67C-D90C383ABD29): 26
LogDevObjectVersion:   Dev-Sequencer (7B5AE74C-D270-4C10-A958-57980B212A5A): 9
LogDevObjectVersion:   Dev-VR (D7296918-1DD6-4BDD-9DE2-64A83CC13884): 2
LogDevObjectVersion:   Dev-LoadTimes (C2A15278-BFE7-4AFE-6C17-90FF531DF755): 1
LogDevObjectVersion:   Private-Geometry (6EACA3D4-40EC-4CC1-B786-8BED09428FC5): 3
LogDevObjectVersion:   Dev-AnimPhys (29E575DD-E0A3-4627-9D10-D276232CDCEA): 17
LogDevObjectVersion:   Dev-ReflectionCapture (6B266CEC-1EC7-4B8F-A30B-E4D90942FC07): 1
LogDevObjectVersion:   Dev-Automation (0DF73D61-A23F-47EA-B727-89E90C41499A): 1
LogDevObjectVersion:   FortniteMain (601D1886-AC64-4F84-AA16-D3DE0DEAC7D6): 12
LogDevObjectVersion:   Dev-Enterprise (9DFFBCD6-494F-0158-E221-12823C92A888): 1
LogStreaming: Display: Took  0.001s to delete old logs.
LogInit: Presizing for max 8388607 objects, including 0 objects not considered by GC, pre-allocating 0 bytes for permanent pool.
LogInit: Object subsystem initialized
[2018.10.26-02.09.12:267][  0]LogInit: Selected Device Profile: [Windows]
[2018.10.26-02.09.12:267][  0]LogInit: Applying CVar settings loaded from the selected device profile: [Windows]
[2018.10.26-02.09.12:276][  0]LogHAL: Display: Platform has ~ 16 GB [17114378240 / 17179869184 / 16], which maps to Larger [LargestMinGB=32, LargerMinGB=12, DefaultMinGB=8, SmallerMinGB=6, SmallestMinGB=0)
[2018.10.26-02.09.12:277][  0]LogInit: Setting Device Profile CVar: [[r.Vulkan.UseRealUBs:1]]
[2018.10.26-02.09.12:277][  0]LogInit: Going up to parent DeviceProfile []
[2018.10.26-02.09.12:278][  0]LogInit: Computer: MERTINS
[2018.10.26-02.09.12:278][  0]LogInit: User: DanLazar
[2018.10.26-02.09.12:278][  0]LogInit: CPU Page size=4096, Cores=4
[2018.10.26-02.09.12:278][  0]LogInit: High frequency timer resolution =3.415988 MHz
[2018.10.26-02.09.12:278][  0]LogMemory: Memory total: Physical=15.9GB (16GB approx)
[2018.10.26-02.09.12:278][  0]LogMemory: Platform Memory Stats for Windows
[2018.10.26-02.09.12:278][  0]LogMemory: Process Physical Memory: 105.00 MB used, 105.00 MB peak
[2018.10.26-02.09.12:278][  0]LogMemory: Process Virtual Memory: 105.82 MB used, 105.82 MB peak
[2018.10.26-02.09.12:278][  0]LogMemory: Physical Memory: 6212.43 MB used,  10109.11 MB free, 16321.54 MB total
[2018.10.26-02.09.12:278][  0]LogMemory: Virtual Memory: 4641.69 MB used,  10109.11 MB free, 134217728.00 MB total
[2018.10.26-02.09.12:341][  0]LogInit: Using OS detected language (en-US).
[2018.10.26-02.09.12:341][  0]LogInit: Using OS detected locale (en-US).
[2018.10.26-02.09.12:344][  0]LogTextLocalizationManager: No specific localization for 'en-US' exists, so the 'en' localization will be used.
[2018.10.26-02.09.12:737][  0]LogStreaming: Display: Took  0.395s to InitEngineTextLocalization.
[2018.10.26-02.09.12:737][  0]LogInit: Setting process to per monitor DPI aware
[2018.10.26-02.09.12:774][  0]LogSlate: New Slate User Created.  User Index 0, Is Virtual User: 0
[2018.10.26-02.09.12:775][  0]LogSlate: Slate User Registered.  User Index 0, Is Virtual User: 0
[2018.10.26-02.09.18:612][  0]LogHMD: Failed to initialize OpenVR with code 208
[2018.10.26-02.09.18:612][  0]LogD3D11RHI: D3D11 adapters:
[2018.10.26-02.09.18:727][  0]LogD3D11RHI:    0. 'NVIDIA GeForce GTX 1070' (Feature Level 11_0)
[2018.10.26-02.09.18:727][  0]LogD3D11RHI:       8088/0/8160 MB DedicatedVideo/DedicatedSystem/SharedSystem, Outputs:1, VendorId:0x10de
[2018.10.26-02.09.18:740][  0]LogD3D11RHI:    1. 'Microsoft Basic Render Driver' (Feature Level 11_0)
[2018.10.26-02.09.18:740][  0]LogD3D11RHI:       0/0/8160 MB DedicatedVideo/DedicatedSystem/SharedSystem, Outputs:0, VendorId:0x1414
[2018.10.26-02.09.18:740][  0]LogD3D11RHI: Chosen D3D11 Adapter: 0
[2018.10.26-02.09.18:748][  0]LogD3D11RHI: Creating new Direct3DDevice
[2018.10.26-02.09.18:748][  0]LogD3D11RHI:     GPU DeviceId: 0x1b81 (for the marketing name, search the web for "GPU Device Id")
[2018.10.26-02.09.18:750][  0]LogWindows: EnumDisplayDevices:
[2018.10.26-02.09.18:750][  0]LogWindows:    0. 'NVIDIA GeForce GTX 1070' (P:1 D:1)
[2018.10.26-02.09.18:750][  0]LogWindows:    1. 'NVIDIA GeForce GTX 1070' (P:0 D:0)
[2018.10.26-02.09.18:750][  0]LogWindows:    2. 'NVIDIA GeForce GTX 1070' (P:0 D:0)
[2018.10.26-02.09.18:750][  0]LogWindows:    3. 'NVIDIA GeForce GTX 1070' (P:0 D:0)
[2018.10.26-02.09.18:751][  0]LogWindows: DebugString: FoundDriverCount:4 
[2018.10.26-02.09.18:751][  0]LogD3D11RHI:     Adapter Name: NVIDIA GeForce GTX 1070
[2018.10.26-02.09.18:751][  0]LogD3D11RHI:   Driver Version: 416.34 (internal:25.21.14.1634, unified:416.34)
[2018.10.26-02.09.18:751][  0]LogD3D11RHI:      Driver Date: 10-10-2018
[2018.10.26-02.09.18:751][  0]LogRHI: Texture pool is 5661 MB (70% of 8088 MB)
[2018.10.26-02.09.18:792][  0]LogD3D11RHI: Async texture creation enabled
[2018.10.26-02.09.18:819][  0]LogD3D11RHI: GPU Timing Frequency: 1000.000000 (Debug: 2 2)
[2018.10.26-02.09.18:865][  0]LogShaderCompilers: Guid format shader working directory is -4 characters bigger than the processId version (../../../../../GameDev/StrongStyle/STR_StrongStyle_v2/Intermediate/Shaders/WorkingDirectory/29052/).
[2018.10.26-02.09.18:866][  0]LogShaderCompilers: Cleaned the shader compiler working directory 'C:/Users/Dan Lazar/AppData/Local/Temp/UnrealShaderWorkingDir/8DFF17BF4CEC347BE94A9FBFD00672FF/'.
[2018.10.26-02.09.19:229][  0]LogTemp: Display: Loaded TP AllDesktopTargetPlatform
[2018.10.26-02.09.19:241][  0]LogTemp: Display: Loaded TP MacClientTargetPlatform
[2018.10.26-02.09.19:254][  0]LogTemp: Display: Loaded TP MacNoEditorTargetPlatform
[2018.10.26-02.09.19:267][  0]LogTemp: Display: Loaded TP MacServerTargetPlatform
[2018.10.26-02.09.19:281][  0]LogTemp: Display: Loaded TP MacTargetPlatform
[2018.10.26-02.09.19:294][  0]LogTemp: Display: Loaded TP WindowsClientTargetPlatform
[2018.10.26-02.09.19:309][  0]LogTemp: Display: Loaded TP WindowsNoEditorTargetPlatform
[2018.10.26-02.09.19:324][  0]LogTemp: Display: Loaded TP WindowsServerTargetPlatform
[2018.10.26-02.09.19:331][  0]LogTemp: Display: Loaded TP WindowsTargetPlatform
[2018.10.26-02.09.19:417][  0]LogTemp: Display: Loaded TP AndroidTargetPlatform
[2018.10.26-02.09.19:417][  0]LogTemp: Display: Loaded TP AndroidTargetPlatform
[2018.10.26-02.09.19:417][  0]LogTemp: Display: Loaded TP AndroidTargetPlatform
[2018.10.26-02.09.19:417][  0]LogTemp: Display: Loaded TP AndroidTargetPlatform
[2018.10.26-02.09.19:417][  0]LogTemp: Display: Loaded TP AndroidTargetPlatform
[2018.10.26-02.09.19:417][  0]LogTemp: Display: Loaded TP AndroidTargetPlatform
[2018.10.26-02.09.19:417][  0]LogTemp: Display: Loaded TP AndroidTargetPlatform
[2018.10.26-02.09.19:417][  0]LogTemp: Display: Loaded TP AndroidTargetPlatform
[2018.10.26-02.09.19:417][  0]LogTemp: Display: Loaded TP AndroidTargetPlatform
[2018.10.26-02.09.19:417][  0]LogTemp: Display: Loaded TP AndroidTargetPlatform
[2018.10.26-02.09.19:417][  0]LogTemp: Display: Loaded TP AndroidTargetPlatform
[2018.10.26-02.09.19:417][  0]LogTemp: Display: Loaded TP AndroidTargetPlatform
[2018.10.26-02.09.19:417][  0]LogTemp: Display: Loaded TP AndroidTargetPlatform
[2018.10.26-02.09.19:417][  0]LogTemp: Display: Loaded TP AndroidTargetPlatform
[2018.10.26-02.09.19:417][  0]LogTemp: Display: Loaded TP AndroidTargetPlatform
[2018.10.26-02.09.19:417][  0]LogTemp: Display: Loaded TP AndroidTargetPlatform
[2018.10.26-02.09.19:417][  0]LogTemp: Display: Loaded TP AndroidTargetPlatform
[2018.10.26-02.09.19:417][  0]LogTemp: Display: Loaded TP AndroidTargetPlatform
[2018.10.26-02.09.19:419][  0]LogTemp: Display: Loaded TP HTML5TargetPlatform
[2018.10.26-02.09.19:483][  0]LogTemp: Display: Loaded TP IOSTargetPlatform
[2018.10.26-02.09.19:483][  0]LogTemp: Display: Loaded TP IOSTargetPlatform
[2018.10.26-02.09.19:509][  0]LogTemp: Display: Loaded TP TVOSTargetPlatform
[2018.10.26-02.09.19:509][  0]LogTemp: Display: Loaded TP TVOSTargetPlatform
[2018.10.26-02.09.19:523][  0]LogTemp: Display: Loaded TP LinuxClientTargetPlatform
[2018.10.26-02.09.19:537][  0]LogTemp: Display: Loaded TP LinuxNoEditorTargetPlatform
[2018.10.26-02.09.19:550][  0]LogTemp: Display: Loaded TP LinuxServerTargetPlatform
[2018.10.26-02.09.19:564][  0]LogTemp: Display: Loaded TP LinuxTargetPlatform
[2018.10.26-02.09.19:573][  0]LogTemp: Display: Loaded TP LuminTargetPlatform
[2018.10.26-02.09.19:573][  0]LogTargetPlatformManager: Display: Building Assets For Windows
[2018.10.26-02.09.19:651][  0]LogXGEController: Cleaning working directory: C:/Users/Dan Lazar/AppData/Local/Temp/UnrealXGEWorkingDir/
[2018.10.26-02.09.19:651][  0]LogXGEController: Cannot use XGE Controller as Incredibuild is not installed on this machine.
[2018.10.26-02.09.19:651][  0]LogShaderCompilers: Cannot use XGE Shader Compiler as Incredibuild is not installed on this machine.
[2018.10.26-02.09.19:651][  0]LogShaderCompilers: Display: Using Local Shader Compiler.
[2018.10.26-02.09.20:431][  0]LogDerivedDataCache: Display: Max Cache Size: 512 MB
[2018.10.26-02.09.20:803][  0]LogDerivedDataCache: Loaded boot cache 0.37s 71MB C:/Users/Dan Lazar/AppData/Local/UnrealEngine/4.20/DerivedDataCache/Boot.ddc.
[2018.10.26-02.09.20:804][  0]LogDerivedDataCache: Display: Loaded Boot cache: C:/Users/Dan Lazar/AppData/Local/UnrealEngine/4.20/DerivedDataCache/Boot.ddc
[2018.10.26-02.09.20:804][  0]LogDerivedDataCache: FDerivedDataBackendGraph:  Pak pak cache file ../../../../../GameDev/StrongStyle/STR_StrongStyle_v2/DerivedDataCache/DDC.ddp not found, will not use a pak cache.
[2018.10.26-02.09.20:804][  0]LogDerivedDataCache: Unable to find inner node Pak for hierarchical cache Hierarchy.
[2018.10.26-02.09.20:804][  0]LogDerivedDataCache: FDerivedDataBackendGraph:  CompressedPak pak cache file ../../../../../GameDev/StrongStyle/STR_StrongStyle_v2/DerivedDataCache/Compressed.ddp not found, will not use a pak cache.
[2018.10.26-02.09.20:804][  0]LogDerivedDataCache: Unable to find inner node CompressedPak for hierarchical cache Hierarchy.
[2018.10.26-02.09.20:822][  0]LogDerivedDataCache: Display: Pak cache opened for reading ../../../Engine/DerivedDataCache/Compressed.ddp.
[2018.10.26-02.09.20:835][  0]LogDerivedDataCache: Using Local data cache path C:/Users/Dan Lazar/AppData/Local/UnrealEngine/Common/DerivedDataCache: Writable
[2018.10.26-02.09.20:835][  0]LogDerivedDataCache: Shared data cache path not found in *engine.ini, will not use an Shared cache.
[2018.10.26-02.09.20:835][  0]LogDerivedDataCache: Unable to find inner node Shared for hierarchical cache Hierarchy.
[2018.10.26-02.09.20:855][  0]LogMaterial: Verifying Global Shaders for PCD3D_SM5
[2018.10.26-02.09.20:858][  0]LogSlate: Using FreeType 2.6.0
[2018.10.26-02.09.20:859][  0]LogSlate: SlateFontServices - WITH_FREETYPE: 1, WITH_HARFBUZZ: 1
[2018.10.26-02.09.20:943][  0]LogAssetRegistry: FAssetRegistry took 0.0263 seconds to start up
[2018.10.26-02.09.21:279][  0]LogInit: Selected Device Profile: [Windows]
[2018.10.26-02.09.21:431][  0]LogSimplygon: Simplygon DLL not present - disabling.
[2018.10.26-02.09.21:444][  0]LogMeshReduction: Using SimplygonSwarm for distributed automatic mesh merging
[2018.10.26-02.09.21:444][  0]LogMeshReduction: Using ProxyLODMeshReduction for automatic mesh merging
[2018.10.26-02.09.21:445][  0]LogMeshReduction: Using QuadricMeshReduction for automatic static mesh reduction
[2018.10.26-02.09.21:445][  0]LogMeshReduction: No automatic skeletal mesh reduction module available
[2018.10.26-02.09.21:470][  0]LogNetVersion: STR_StrongStyle_v2 1.0.0, NetCL: 4212847, EngineNetVer: 5, GameNetVer: 0 (Checksum: 3618140765)
[2018.10.26-02.09.22:044][  0]LogPackageLocalizationCache: Processed 11 localized package path(s) for 2 prioritized culture(s) in 0.101678 seconds
[2018.10.26-02.09.22:052][  0]LogUObjectArray: 38434 objects as part of root set at end of initial load.
[2018.10.26-02.09.22:052][  0]LogUObjectAllocator: 6701144 out of 0 bytes used by permanent object pool.
[2018.10.26-02.09.22:052][  0]LogUObjectArray: CloseDisregardForGC: 0/0 objects in disregard for GC pool
[2018.10.26-02.09.23:616][  0]LogTcpMessaging: Initializing TcpMessaging bridge
[2018.10.26-02.09.23:630][  0]LogUdpMessaging: Initializing bridge on interface 0.0.0.0:0 to multicast group 230.0.0.1:6666.
[2018.10.26-02.09.23:838][  0]SourceControl: Source control is disabled
[2018.10.26-02.09.23:838][  0]SourceControl: Source control is disabled
[2018.10.26-02.09.23:845][  0]SourceControl: Source control is disabled
[2018.10.26-02.09.23:848][  0]SourceControl: Source control is disabled
[2018.10.26-02.09.24:074][  0]LogAndroidPermission: UAndroidPermissionCallbackProxy::GetInstance
[2018.10.26-02.09.24:226][  0]LogOcInput: OculusInput pre-init called
[2018.10.26-02.09.24:309][  0]LogEngine: Initializing Engine...
[2018.10.26-02.09.24:350][  0]LogHMD: Failed to initialize OpenVR with code 208
[2018.10.26-02.09.24:353][  0]LogStats: UGameplayTagsManager::ConstructGameplayTagTree: ImportINI prefixes -  0.000 s
[2018.10.26-02.09.24:353][  0]LogStats: UGameplayTagsManager::ConstructGameplayTagTree: Construct from data asset -  0.000 s
[2018.10.26-02.09.24:354][  0]LogStats: UGameplayTagsManager::ConstructGameplayTagTree: ImportINI -  0.001 s
[2018.10.26-02.09.24:354][  0]LogStats: UGameplayTagsManager::ConstructGameplayTagTree: GameplayTagTreeChangedEvent.Broadcast -  0.000 s
[2018.10.26-02.09.24:569][  0]LogInit: Initializing FReadOnlyCVARCache
[2018.10.26-02.09.24:589][  0]LogAIModule: Creating AISystem for world Untitled
[2018.10.26-02.09.24:638][  0]LogInit: XAudio2 using 'Speakers (Realtek High Definition Audio)' : 2 channels at 48 kHz using 32 bits per sample (channel mask 0x3)
[2018.10.26-02.09.24:705][  0]LogInit: FAudioDevice initialized.
[2018.10.26-02.09.24:705][  0]LogNetVersion: Set ProjectVersion to 1.0.0.0. Version Checksum will be recalculated on next use.
[2018.10.26-02.09.24:789][  0]LogDerivedDataCache: Saved boot cache 0.08s 71MB C:/Users/Dan Lazar/AppData/Local/UnrealEngine/4.20/DerivedDataCache/Boot.ddc.
[2018.10.26-02.09.24:797][  0]LogInit: Texture streaming: Enabled
[2018.10.26-02.09.24:816][  0]LogEngineSessionManager: EngineSessionManager initialized
[2018.10.26-02.09.24:817][  0]LogEngineSessionManager: EngineSessionManager sent abnormal shutdown report. Type=Crashed, SessionId={9F0DF515-405C-9049-79B3-BE9F8602B136}
[2018.10.26-02.09.24:833][  0]LogInit: Transaction tracking system initialized
[2018.10.26-02.09.24:861][  0]BlueprintLog: New page: Editor Load
[2018.10.26-02.09.24:981][  0]LocalizationService: Localization service is disabled
[2018.10.26-02.09.25:281][  0]LogCook: Display: Max memory allowance for cook 16384mb min free memory 0mb
[2018.10.26-02.09.25:281][  0]LogCook: Display: Mobile HDR setting 1
[2018.10.26-02.09.25:282][  0]LogGameplayTags: Display: UGameplayTagsManager::DoneAddingNativeTags. DelegateIsBound: 0
[2018.10.26-02.09.25:282][  0]LogStats: UGameplayTagsManager::ConstructGameplayTagTree: ImportINI prefixes -  0.000 s
[2018.10.26-02.09.25:282][  0]LogStats: UGameplayTagsManager::ConstructGameplayTagTree: Construct from data asset -  0.000 s
[2018.10.26-02.09.25:282][  0]LogStats: UGameplayTagsManager::ConstructGameplayTagTree: ImportINI -  0.000 s
[2018.10.26-02.09.25:282][  0]LogStats: UGameplayTagsManager::ConstructGameplayTagTree: GameplayTagTreeChangedEvent.Broadcast -  0.000 s
[2018.10.26-02.09.25:479][  0]LogFileCache: Scanning file cache for directory 'A:/GameDev/StrongStyle/STR_StrongStyle_v2/Content/' took 0.01s
[2018.10.26-02.09.25:479][  0]SourceControl: Source control is disabled
[2018.10.26-02.09.25:479][  0]Cmd: MAP LOAD FILE="../../../../../GameDev/StrongStyle/STR_StrongStyle_v2/Content/MAP_Local_Multiplayer.umap" TEMPLATE=0 SHOWPROGRESS=1 FEATURELEVEL=3
[2018.10.26-02.09.25:480][  0]LogEditorServer: Warning: Can't find file '../../../../../GameDev/StrongStyle/STR_StrongStyle_v2/Content/MAP_Local_Multiplayer.umap'
[2018.10.26-02.09.25:480][  0]Cmd: MAP CHECKDEP NOCLEARLOG
[2018.10.26-02.09.25:533][  0]MapCheck: Map check complete: 0 Error(s), 0 Warning(s), took 52.128ms to complete.
[2018.10.26-02.09.25:533][  0]LogFileHelpers: Loading map 'MAP_Local_Multiplayer' took 0.053
[2018.10.26-02.09.25:642][  0]LogSlate: Updating window title bar state: overlay mode, drag disabled, window buttons hidden, title bar hidden
[2018.10.26-02.09.25:654][  0]LogCollectionManager: Loaded 0 collections in 0.001279 seconds
[2018.10.26-02.09.25:700][  0]LogFileCache: Scanning file cache for directory 'A:/GameDev/StrongStyle/STR_StrongStyle_v2/Saved/Collections/' took 0.01s
[2018.10.26-02.09.25:700][  0]LogFileCache: Scanning file cache for directory 'A:/GameDev/StrongStyle/STR_StrongStyle_v2/Content/Developers/DanLazar/Collections/' took 0.01s
[2018.10.26-02.09.25:700][  0]LogFileCache: Scanning file cache for directory 'A:/GameDev/StrongStyle/STR_StrongStyle_v2/Content/Collections/' took 0.01s
[2018.10.26-02.09.25:700][  0]LogCollectionManager: Rebuilt the GUID cache for 0 collections in 0.000001 seconds
[2018.10.26-02.09.25:711][  0]LogContentBrowser: Native class hierarchy populated in 0.0103 seconds. Added 2599 classes and 615 folders.
[2018.10.26-02.09.25:721][  0]LogContentBrowser: Native class hierarchy updated for 'WidgetCarousel' in 0.0003 seconds. Added 0 classes and 0 folders.
[2018.10.26-02.09.25:833][  0]LogContentBrowser: Native class hierarchy updated for 'AddContentDialog' in 0.0002 seconds. Added 0 classes and 0 folders.
[2018.10.26-02.09.26:866][  0]LogSlate: Only BGRA pngs, bmps or icos are supported in by External Image Picker
[2018.10.26-02.09.26:922][  0]LogDirectoryWatcher: Warning: Failed to begin reading directory changes for ../../../../../GameDev/StrongStyle/STR_StrongStyle_v2/Plugins/. Error: The system cannot find the file specified. (0x00000002)
[2018.10.26-02.09.26:968][  0]LogContentBrowser: Native class hierarchy updated for 'HierarchicalLODOutliner' in 0.0003 seconds. Added 0 classes and 0 folders.
[2018.10.26-02.09.26:969][  0]LogLoad: (Engine Initialization) Total time: 17.74 seconds
[2018.10.26-02.09.26:969][  0]LogLoad: (Engine Initialization) Total Blueprint compile time: 0.00 seconds
[2018.10.26-02.09.26:979][  0]LogWindowsTextInputMethodSystem: Display: IME system now deactivated.
[2018.10.26-02.09.27:006][  0]LogContentStreaming: Texture pool size now 1000 MB
[2018.10.26-02.09.27:007][  0]LogSlate: Took 0.000230 seconds to synchronously load lazily loaded font '../../../Engine/Content/Slate/Fonts/Roboto-Regular.ttf' (155K)
[2018.10.26-02.09.27:012][  0]LogSlate: Took 0.000223 seconds to synchronously load lazily loaded font '../../../Engine/Content/Slate/Fonts/Roboto-Bold.ttf' (160K)
[2018.10.26-02.09.27:015][  0]LogSlate: Took 0.001487 seconds to synchronously load lazily loaded font '../../../Engine/Content/Editor/Slate/Fonts/FontAwesome.ttf' (139K)
[2018.10.26-02.09.27:055][  0]LogRenderer: Reallocating scene render targets to support 64x64 Format 10 NumSamples 1 (Frame:1).
[2018.10.26-02.09.27:055][  0]LogTemp: Executing iPhonePackager certificates Engine -bundlename com.YourCompany.STRStrongStylev2
[2018.10.26-02.09.27:055][  0]LogTemp: CWD: A:\Epic Games\UE_4.20\Engine\Binaries\DotNET\IOS
[2018.10.26-02.09.27:055][  0]LogTemp: Initial Dir: A:\Epic Games\UE_4.20
[2018.10.26-02.09.27:055][  0]LogTemp: Env CWD: A:\Epic Games\UE_4.20\Engine\Binaries\DotNET\IOS
[2018.10.26-02.09.27:055][  0]LogTemp: BranchPath = MERTINS/A/Epic Games/UE_4.20/Engine/Binaries --- GameBranchPath = MERTINS/A/Epic Games/UE_4.20/Engine/Binaries
[2018.10.26-02.09.27:114][  0]LogTemp: IPP ERROR: Could not find provision directory 'C:\Users\Dan Lazar\AppData\Local/Apple Computer/MobileDevice/Provisioning Profiles/'.
[2018.10.26-02.09.27:114][  0]LogRenderer: Reallocating scene render targets to support 1004x476 Format 10 NumSamples 1 (Frame:1).
[2018.10.26-02.09.27:114][  0]LogSlate: Took 0.002053 seconds to synchronously load lazily loaded font '../../../Engine/Content/Slate/Fonts/Roboto-Light.ttf' (167K)
[2018.10.26-02.09.27:171][  1]LogAssetRegistry: Asset discovery search completed in 6.2494 seconds
[2018.10.26-02.09.27:173][  1]LogCollectionManager: Rebuilt the object cache for 0 collections in 0.000000 seconds (found 0 objects)
[2018.10.26-02.09.27:174][  1]LogCollectionManager: Fixed up redirectors for 0 collections in 0.000143 seconds (updated 0 objects)
[2018.10.26-02.09.28:007][ 94]LogSlate: Took 0.000251 seconds to synchronously load lazily loaded font '../../../Engine/Content/Slate/Fonts/Roboto-Light.ttf' (167K)
[2018.10.26-02.09.35:399][974]LogSlate: FSceneViewport::OnFocusLost() reason 0
[2018.10.26-02.09.35:465][982]LogSlate: Window 'Plugins' being destroyed
[2018.10.26-02.09.35:468][982]LogSlate: Window 'Plugins' being destroyed
[2018.10.26-02.09.35:468][982]LogDirectoryWatcher: A directory notification for '../../../Engine/Plugins/' was aborted.
[2018.10.26-02.09.36:456][100]LogSlate: FSceneViewport::OnFocusLost() reason 0
[2018.10.26-02.09.42:408][795]LogAssetEditorManager: Opening Asset editor for Blueprint /Game/BLUEPRINT/BP_GameInstance.BP_GameInstance
[2018.10.26-02.09.42:877][795]LogContentBrowser: Native class hierarchy updated for 'BlueprintGraph' in 0.0006 seconds. Added 116 classes and 0 folders.
[2018.10.26-02.09.44:214][795]LogAssetEditorManager: Opening Asset editor for Blueprint /Game/BasketBallGameMode.BasketBallGameMode
[2018.10.26-02.09.44:604][795]LogAssetEditorManager: Opening Asset editor for Blueprint /Game/BLUEPRINT/BP_Basketball_PlayerController.BP_Basketball_PlayerController
[2018.10.26-02.09.44:921][795]LogAssetEditorManager: Opening Asset editor for Blueprint /Game/BLUEPRINT/PLAYERS/BP_BasketballPlayer1_MASTER.BP_BasketballPlayer1_MASTER
[2018.10.26-02.09.45:311][795]LogLinker: Warning: Can't resolve asset name
[2018.10.26-02.09.45:389][795]LogAssetEditorManager: Opening Asset editor for Blueprint /Game/BP_Camera.BP_Camera
[2018.10.26-02.09.45:757][795]LogSlate: Took 0.001211 seconds to synchronously load lazily loaded font '../../../Engine/Content/Slate/Fonts/Roboto-BoldCondensed.ttf' (158K)
[2018.10.26-02.09.45:842][796]LogSlate: Took 0.000319 seconds to synchronously load lazily loaded font '../../../Engine/Content/Slate/Fonts/Roboto-Italic.ttf' (157K)
[2018.10.26-02.09.53:786][560]LogSlate: Window 'BP_Basketball_PlayerController' being destroyed
[2018.10.26-02.09.53:789][560]LogSlate: Window 'BP_Basketball_PlayerController' being destroyed
[2018.10.26-02.10.04:552][805]Cmd: OBJ SAVEPACKAGE PACKAGE="/Game/BasketBallGameMode" FILE="../../../../../GameDev/StrongStyle/STR_StrongStyle_v2/Content/BasketBallGameMode.uasset" SILENT=true
[2018.10.26-02.10.04:635][805]LogSavePackage: Moving '../../../../../GameDev/StrongStyle/STR_StrongStyle_v2/Saved/BasketBallGameMode122854DE453526243882A79CAC726A18.tmp' to '../../../../../GameDev/StrongStyle/STR_StrongStyle_v2/Content/BasketBallGameMode.uasset'
[2018.10.26-02.10.04:889][834]BlueprintLog: New page: Compile BasketBallGameMode
[2018.10.26-02.10.10:775][460]LogAIModule: Creating AISystem for world Online
[2018.10.26-02.10.10:784][460]LogAssetEditorManager: Opening Asset editor for World /Game/MAPS/Online.Online
[2018.10.26-02.10.10:820][460]Cmd: MAP LOAD FILE="../../../../../GameDev/StrongStyle/STR_StrongStyle_v2/Content/MAPS/Online.umap" TEMPLATE=0 SHOWPROGRESS=1 FEATURELEVEL=3
[2018.10.26-02.10.10:820][460]LightingResults: New page: Lighting Build
[2018.10.26-02.10.10:824][460]LogContentBrowser: Native class hierarchy updated for 'StatsViewer' in 0.0003 seconds. Added 5 classes and 0 folders.
[2018.10.26-02.10.10:826][460]LoadErrors: New page: Loading map: Online.umap
[2018.10.26-02.10.10:826][460]MapCheck: New page: Map Check
[2018.10.26-02.10.10:826][460]LightingResults: New page: Lighting Build
[2018.10.26-02.10.10:862][460]LogEditorServer: Finished looking for orphan Actors (0.000 secs)
[2018.10.26-02.10.10:928][460]Cmd: MAP CHECKDEP NOCLEARLOG
[2018.10.26-02.10.11:001][460]MapCheck: Map check complete: 0 Error(s), 0 Warning(s), took 74.064ms to complete.
[2018.10.26-02.10.11:002][460]LogFileHelpers: Loading map 'Online' took 0.183
[2018.10.26-02.10.15:463][986]LogTemp: Repeating last play command: Selected Viewport
[2018.10.26-02.10.15:493][986]LogBlueprintUserMessages: Early PlayInEditor Detection: Level '/Game/MAPS/Online.Online:PersistentLevel' has LevelScriptBlueprint '/Game/MAPS/Online.Online:PersistentLevel.Online' with GeneratedClass '/Game/MAPS/Online.Online_C' with ClassGeneratedBy '/Game/MAPS/Online.Online:PersistentLevel.Online'
[2018.10.26-02.10.15:493][986]LogPlayLevel: PlayLevel: No blueprints needed recompiling
[2018.10.26-02.10.15:494][986]LogOnline: Warning: STEAM: Steam API disabled!
[2018.10.26-02.10.15:494][986]LogOnline: Display: STEAM: OnlineSubsystemSteam::Shutdown()
[2018.10.26-02.10.15:507][986]PIE: New page: PIE session: Online (Oct 25, 2018, 12:10:15 PM)
[2018.10.26-02.10.15:507][986]LogPlayLevel: Creating play world package: /Game/MAPS/UEDPIE_1_Online
[2018.10.26-02.10.15:513][986]LogPlayLevel: PIE: StaticDuplicateObject took: (0.005736s)
[2018.10.26-02.10.15:514][986]LogAIModule: Creating AISystem for world Online
[2018.10.26-02.10.15:514][986]LogPlayLevel: PIE: World Init took: (0.000658s)
[2018.10.26-02.10.15:514][986]LogPlayLevel: PIE: Created PIE world by copying editor world from /Game/MAPS/Online.Online to /Game/MAPS/UEDPIE_1_Online.Online (0.006535s)
[2018.10.26-02.10.15:555][986]LogLoad: Game class is 'BasketBallGameMode_C'
[2018.10.26-02.10.15:557][986]LogWorld: Bringing World /Game/MAPS/UEDPIE_1_Online.Online up for play (max tick rate 0) at 2018.10.25-19.10.15
[2018.10.26-02.10.15:557][986]LogWorld: Bringing up level for play took: 0.001210
[2018.10.26-02.10.15:557][986]LogTemp: Display: ParseSettings for GameNetDriver
[2018.10.26-02.10.15:557][986]LogTemp: Display: ParseSettings for IpNetDriver_0
[2018.10.26-02.10.15:557][986]LogTemp: Display: ParseSettings for GameNetDriver
[2018.10.26-02.10.15:557][986]LogNet: ReplicationDriverClass is null! Not using ReplicationDriver.
[2018.10.26-02.10.15:557][986]LogInit: WinSock: Socket queue 131072 / 131072
[2018.10.26-02.10.15:559][986]LogInit: WinSock: I am Mertins (192.168.0.3:0)
[2018.10.26-02.10.15:559][986]PacketHandlerLog: Loaded PacketHandler component: Engine.EngineHandlerComponentFactory (StatelessConnectHandlerComponent)
[2018.10.26-02.10.15:560][986]LogNet: GameNetDriver IpNetDriver_0 IpNetDriver listening on port 17777
[2018.10.26-02.10.15:560][986]LogBlueprintUserMessages: [BasketBallGameMode_C_0] Server: Begin Play?
[2018.10.26-02.10.15:576][986]LogBlueprintUserMessages: [BasketBallGameMode_C_0] Server: Completed Player Spawn Loop
[2018.10.26-02.10.15:577][986]Command not recognized: r.SetRes 1280x720w
[2018.10.26-02.10.15:577][986]PIE: Play in editor start time for /Game/MAPS/UEDPIE_1_Online 0.983
[2018.10.26-02.10.15:577][986]PIE: New page: PIE session: Online (Oct 25, 2018, 12:10:15 PM)
[2018.10.26-02.10.15:622][986]LogInit: XAudio2 using 'Speakers (Realtek High Definition Audio)' : 2 channels at 48 kHz using 32 bits per sample (channel mask 0x3)
[2018.10.26-02.10.15:648][986]LogInit: FAudioDevice initialized.
[2018.10.26-02.10.15:681][986]LogNet: Browse: 127.0.0.1:17777//Game/MAP_Local_Multiplayer
[2018.10.26-02.10.15:681][986]LogTemp: Display: ParseSettings for GameNetDriver
[2018.10.26-02.10.15:681][986]LogTemp: Display: ParseSettings for IpNetDriver_1
[2018.10.26-02.10.15:681][986]LogTemp: Display: ParseSettings for PendingNetDriver
[2018.10.26-02.10.15:681][986]LogInit: WinSock: Socket queue 32768 / 32768
[2018.10.26-02.10.15:682][986]PacketHandlerLog: Loaded PacketHandler component: Engine.EngineHandlerComponentFactory (StatelessConnectHandlerComponent)
[2018.10.26-02.10.15:682][986]LogNet: Game client on port 17777, rate 10000
[2018.10.26-02.10.15:682][986]PIE: Play in editor start time for /Game/MAP_Local_Multiplayer 1.088
[2018.10.26-02.10.15:684][986]LogBlueprintUserMessages: Late PlayInEditor Detection: Level '/Game/MAPS/Online.Online:PersistentLevel' has LevelScriptBlueprint '/Game/MAPS/Online.Online:PersistentLevel.Online' with GeneratedClass '/Game/MAPS/Online.Online_C' with ClassGeneratedBy '/Game/MAPS/Online.Online:PersistentLevel.Online'
[2018.10.26-02.10.15:685][986]LogNet: NotifyAcceptingConnection accepted from: 127.0.0.1:58589
[2018.10.26-02.10.15:685][986]LogHandshake: SendConnectChallenge. Timestamp: 0.008333, Cookie: 044215009223121188207067099030152109125221228178124015106173
[2018.10.26-02.10.15:689][986]LogHandshake: SendChallengeResponse. Timestamp: 0.008333, Cookie: 044215009223121188207067099030152109125221228178124015106173
[2018.10.26-02.10.15:719][987]LogNet: NotifyAcceptingConnection accepted from: 127.0.0.1:58589
[2018.10.26-02.10.15:719][987]LogHandshake: SendChallengeAck. InCookie: 044215009223121188207067099030152109125221228178124015106173
[2018.10.26-02.10.15:719][987]LogNet: Server accepting post-challenge connection from: 127.0.0.1:58589
[2018.10.26-02.10.15:719][987]PacketHandlerLog: Loaded PacketHandler component: Engine.EngineHandlerComponentFactory (StatelessConnectHandlerComponent)
[2018.10.26-02.10.15:720][987]LogNet: NotifyAcceptedConnection: Name: Online, TimeStamp: 10/25/18 19:10:15, [UNetConnection] RemoteAddr: 127.0.0.1:58589, Name: IpConnection_1, Driver: GameNetDriver IpNetDriver_0, IsServer: YES, PC: NULL, Owner: NULL, UniqueId: INVALID
[2018.10.26-02.10.15:720][987]LogNet: AddClientConnection: Added client connection: [UNetConnection] RemoteAddr: 127.0.0.1:58589, Name: IpConnection_1, Driver: GameNetDriver IpNetDriver_0, IsServer: YES, PC: NULL, Owner: NULL, UniqueId: INVALID
[2018.10.26-02.10.15:721][987]LogNetVersion: STR_StrongStyle_v2 1.0.0.0, NetCL: 4212847, EngineNetVer: 5, GameNetVer: 0 (Checksum: 3622812418)
[2018.10.26-02.10.15:721][987]LogNet: UPendingNetGame::SendInitialJoin: Sending hello. [UNetConnection] RemoteAddr: 127.0.0.1:17777, Name: IpConnection_0, Driver: PendingNetDriver IpNetDriver_1, IsServer: NO, PC: NULL, Owner: NULL, UniqueId: INVALID
[2018.10.26-02.10.15:731][988]LogNet: NotifyAcceptingChannel Control 0 server World /Game/MAPS/UEDPIE_1_Online.Online: Accepted
[2018.10.26-02.10.15:731][988]LogNet: Remote platform little endian=1
[2018.10.26-02.10.15:731][988]LogNet: This platform little endian=1
[2018.10.26-02.10.15:750][989]LogNet: Login request: /Game/MAP_Local_Multiplayer?Name=Mertins-0BCC428C4CF67F896FBA2F95A665D99A userId: Mertins-0BCC428C4CF67F896FBA2F95A665D99A
[2018.10.26-02.10.15:751][989]LogNet: Welcomed by server (Level: /Game/MAPS/UEDPIE_1_Online, Game: /Game/BasketBallGameMode.BasketBallGameMode_C)
[2018.10.26-02.10.15:752][989]LogLoad: LoadMap: 127.0.0.1:17777//Game/MAPS/UEDPIE_1_Online?game=/Game/BasketBallGameMode.BasketBallGameMode_C
[2018.10.26-02.10.15:790][989]LogAIModule: Creating AISystem for world Online
[2018.10.26-02.10.15:790][989]LogTemp: Display: ParseSettings for GameNetDriver
[2018.10.26-02.10.15:792][989]LogWorld: Bringing World /Game/MAPS/UEDPIE_2_Online.Online up for play (max tick rate 0) at 2018.10.25-19.10.15
[2018.10.26-02.10.15:793][989]LogWorld: Bringing up level for play took: 0.001374
[2018.10.26-02.10.15:793][989]LogLoad: Took 0.041427 seconds to LoadMap(/Game/MAPS/UEDPIE_1_Online)
[2018.10.26-02.10.15:817][990]LogNet: Client netspeed is 10000
[2018.10.26-02.10.15:817][990]LogNet: Join request: /Game/MAP_Local_Multiplayer?Name=Mertins-0BCC428C4CF67F896FBA2F95A665D99A?SplitscreenCount=1
[2018.10.26-02.10.15:817][990]LogOnline: Warning: OSS: No game present to join for session (GameSession)
[2018.10.26-02.10.15:819][990]LogNet: Join succeeded: Mertins-0BCC428C4CF6
[2018.10.26-02.10.15:831][991]Cmd: r.SetRes 1280x720w
[2018.10.26-02.10.15:831][991]r.SetRes = "1280x720w"
[2018.10.26-02.10.15:849][993]LogOnline: Warning: OSS: No game present to join for session (GameSession)
[2018.10.26-02.10.58:312][938]LogNet: Warning: NotifyActorRenamed on client, StartupActor: REINST_BP_CameraVersion2_C_0
[2018.10.26-02.10.58:940][938]LogWindows: Error: === Critical error: ===
[2018.10.26-02.10.58:940][938]LogWindows: Error: 
[2018.10.26-02.10.58:940][938]LogWindows: Error: Fatal error!
[2018.10.26-02.10.58:940][938]LogWindows: Error: 
[2018.10.26-02.10.58:940][938]LogWindows: Error: Unhandled Exception: EXCEPTION_STACK_OVERFLOW
[2018.10.26-02.10.58:940][938]LogWindows: Error: 
[2018.10.26-02.10.58:940][938]LogWindows: Error: [Callstack] 0x00007ffdf6d5fdce UE4Editor-CoreUObject.dll!UnknownFunction []
[2018.10.26-02.10.58:940][938]LogWindows: Error: [Callstack] 0x00007ffdee578033 UE4Editor-Engine.dll!UnknownFunction []
[2018.10.26-02.10.58:940][938]LogWindows: Error: [Callstack] 0x00007ffe25ea4f69 UE4Editor-GameplayDebugger.dll!UnknownFunction []
[2018.10.26-02.10.58:940][938]LogWindows: Error: [Callstack] 0x00007ffe25e9ad1a UE4Editor-GameplayDebugger.dll!UnknownFunction []
[2018.10.26-02.10.58:940][938]LogWindows: Error: [Callstack] 0x00007ffe25ea01f8 UE4Editor-GameplayDebugger.dll!UnknownFunction []
[2018.10.26-02.10.58:940][938]LogWindows: Error: [Callstack] 0x00007ffdf6b36467 UE4Editor-CoreUObject.dll!UnknownFunction []
[2018.10.26-02.10.58:940][938]LogWindows: Error: [Callstack] 0x00007ffdf6d61133 UE4Editor-CoreUObject.dll!UnknownFunction []
[2018.10.26-02.10.58:940][938]LogWindows: Error: [Callstack] 0x00007ffdee578033 UE4Editor-Engine.dll!UnknownFunction []
[2018.10.26-02.10.58:940][938]LogWindows: Error: [Callstack] 0x00007ffe25ea4f69 UE4Editor-GameplayDebugger.dll!UnknownFunction []
[2018.10.26-02.10.58:940][938]LogWindows: Error: [Callstack] 0x00007ffe25e9ad1a UE4Editor-GameplayDebugger.dll!UnknownFunction []
[2018.10.26-02.10.58:940][938]LogWindows: Error: [Callstack] 0x00007ffe25ea01f8 UE4Editor-GameplayDebugger.dll!UnknownFunction []
[2018.10.26-02.10.58:940][938]LogWindows: Error: [Callstack] 0x00007ffdf6b36467 UE4Editor-CoreUObject.dll!UnknownFunction []
[2018.10.26-02.10.58:940][938]LogWindows: Error: [Callstack] 0x00007ffdf6d61133 UE4Editor-CoreUObject.dll!UnknownFunction []
[2018.10.26-02.10.58:940][938]LogWindows: Error: [Callstack] 0x00007ffdee578033 UE4Editor-Engine.dll!UnknownFunction []
[2018.10.26-02.10.58:940][938]LogWindows: Error: [Callstack] 0x00007ffe25ea4f69 UE4Editor-GameplayDebugger.dll!UnknownFunction []
[2018.10.26-02.10.58:940][938]LogWindows: Error: [Callstack] 0x00007ffe25e9ad1a UE4Editor-GameplayDebugger.dll!UnknownFunction []
[2018.10.26-02.10.58:940][938]LogWindows: Error: [Callstack] 0x00007ffe25ea01f8 UE4Editor-GameplayDebugger.dll!UnknownFunction []
[2018.10.26-02.10.58:940][938]LogWindows: Error: [Callstack] 0x00007ffdf6b36467 UE4Editor-CoreUObject.dll!UnknownFunction []
[2018.10.26-02.10.58:940][938]LogWindows: Error: [Callstack] 0x00007ffdf6d61133 UE4Editor-CoreUObject.dll!UnknownFunction []
[2018.10.26-02.10.58:940][938]LogWindows: Error: [Callstack] 0x00007ffdee578033 UE4Editor-Engine.dll!UnknownFunction []
[2018.10.26-02.10.58:940][938]LogWindows: Error: [Callstack] 0x00007ffe25ea4f69 UE4Editor-GameplayDebugger.dll!UnknownFunction []
[2018.10.26-02.10.58:940][938]LogWindows: Error: [Callstack] 0x00007ffe25e9ad1a UE4Editor-GameplayDebugger.dll!UnknownFunction []
[2018.10.26-02.10.58:940][938]LogWindows: Error: [Callstack] 0x00007ffe25ea01f8 UE4Editor-GameplayDebugger.dll!UnknownFunction []
[2018.10.26-02.10.58:940][938]LogWindows: Error: [Callstack] 0x00007ffdf6b36467 UE4Editor-CoreUObject.dll!UnknownFunction []
[2018.10.26-02.10.58:940][938]LogWindows: Error: [Callstack] 0x00007ffdf6d61133 UE4Editor-CoreUObject.dll!UnknownFunction []
[2018.10.26-02.10.58:940][938]LogWindows: Error: [Callstack] 0x00007ffdee578033 UE4Editor-Engine.dll!UnknownFunction []
[2018.10.26-02.10.58:940][938]LogWindows: Error: [Callstack] 0x00007ffe25ea4f69 UE4Editor-GameplayDebugger.dll!UnknownFunction []
[2018.10.26-02.10.58:940][938]LogWindows: Error: [Callstack] 0x00007ffe25e9ad1a UE4Editor-GameplayDebugger.dll!UnknownFunction []
[2018.10.26-02.10.58:940][938]LogWindows: Error: [Callstack] 0x00007ffe25ea01f8 UE4Editor-GameplayDebugger.dll!UnknownFunction []
[2018.10.26-02.10.58:940][938]LogWindows: Error: [Callstack] 0x00007ffdf6b36467 UE4Editor-CoreUObject.dll!UnknownFunction []
[2018.10.26-02.10.58:940][938]LogWindows: Error: [Callstack] 0x00007ffdf6d61133 UE4Editor-CoreUObject.dll!UnknownFunction []
[2018.10.26-02.10.58:940][938]LogWindows: Error: [Callstack] 0x00007ffdee578033 UE4Editor-Engine.dll!UnknownFunction []
[2018.10.26-02.10.58:940][938]LogWindows: Error: [Callstack] 0x00007ffe25ea4f69 UE4Editor-GameplayDebugger.dll!UnknownFunction []
[2018.10.26-02.10.58:940][938]LogWindows: Error: [Callstack] 0x00007ffe25e9ad1a UE4Editor-GameplayDebugger.dll!UnknownFunction []
[2018.10.26-02.10.58:940][938]LogWindows: Error: [Callstack] 0x00007ffe25ea01f8 UE4Editor-GameplayDebugger.dll!UnknownFunction []
[2018.10.26-02.10.58:940][938]LogWindows: Error: [Callstack] 0x00007ffdf6b36467 UE4Editor-CoreUObject.dll!UnknownFunction []
[2018.10.26-02.10.58:940][938]LogWindows: Error: [Callstack] 0x00007ffdf6d61133 UE4Editor-CoreUObject.dll!UnknownFunction []
[2018.10.26-02.10.58:940][938]LogWindows: Error: [Callstack] 0x00007ffdee578033 UE4Editor-Engine.dll!UnknownFunction []
[2018.10.26-02.10.58:940][938]LogWindows: Error: [Callstack] 0x00007ffe25ea4f69 UE4Editor-GameplayDebugger.dll!UnknownFunction []
[2018.10.26-02.10.58:940][938]LogWindows: Error: [Callstack] 0x00007ffe25e9ad1a UE4Editor-GameplayDebugger.dll!UnknownFunction []
[2018.10.26-02.10.58:940][938]LogWindows: Error: [Callstack] 0x00007ffe25ea01f8 UE4Editor-GameplayDebugger.dll!UnknownFunction []
[2018.10.26-02.10.58:940][938]LogWindows: Error: [Callstack] 0x00007ffdf6b36467 UE4Editor-CoreUObject.dll!UnknownFunction []
[2018.10.26-02.10.58:940][938]LogWindows: Error: [Callstack] 0x00007ffdf6d61133 UE4Editor-CoreUObject.dll!UnknownFunction []
[2018.10.26-02.10.58:940][938]LogWindows: Error: [Callstack] 0x00007ffdee578033 UE4Editor-Engine.dll!UnknownFunction []
[2018.10.26-02.10.58:940][938]LogWindows: Error: [Callstack] 0x00007ffe25ea4f69 UE4Editor-GameplayDebugger.dll!UnknownFunction []
[2018.10.26-02.10.58:940][938]LogWindows: Error: [Callstack] 0x00007ffe25e9ad1a UE4Editor-GameplayDebugger.dll!UnknownFunction []
[2018.10.26-02.10.58:940][938]LogWindows: Error: [Callstack] 0x00007ffe25ea01f8 UE4Editor-GameplayDebugger.dll!UnknownFunction []
[2018.10.26-02.10.58:940][938]LogWindows: Error: [Callstack] 0x00007ffdf6b36467 UE4Editor-CoreUObject.dll!UnknownFunction []
[2018.10.26-02.10.58:940][938]LogWindows: Error: [Callstack] 0x00007ffdf6d61133 UE4Editor-CoreUObject.dll!UnknownFunction []
[2018.10.26-02.10.58:940][938]LogWindows: Error: [Callstack] 0x00007ffdee578033 UE4Editor-Engine.dll!UnknownFunction []
[2018.10.26-02.10.58:940][938]LogWindows: Error: [Callstack] 0x00007ffe25ea4f69 UE4Editor-GameplayDebugger.dll!UnknownFunction []
[2018.10.26-02.10.58:940][938]LogWindows: Error: [Callstack] 0x00007ffe25e9ad1a UE4Editor-GameplayDebugger.dll!UnknownFunction []
[2018.10.26-02.10.58:940][938]LogWindows: Error: [Callstack] 0x00007ffe25ea01f8 UE4Editor-GameplayDebugger.dll!UnknownFunction []
[2018.10.26-02.10.58:940][938]LogWindows: Error: [Callstack] 0x00007ffdf6b36467 UE4Editor-CoreUObject.dll!UnknownFunction []
[2018.10.26-02.10.58:940][938]LogWindows: Error: [Callstack] 0x00007ffdf6d61133 UE4Editor-CoreUObject.dll!UnknownFunction []
[2018.10.26-02.10.58:940][938]LogWindows: Error: [Callstack] 0x00007ffdee578033 UE4Editor-Engine.dll!UnknownFunction []
[2018.10.26-02.10.58:940][938]LogWindows: Error: [Callstack] 0x00007ffe25ea4f69 UE4Editor-GameplayDebugger.dll!UnknownFunction []
[2018.10.26-02.10.58:940][938]LogWindows: Error: [Callstack] 0x00007ffe25e9ad1a UE4Editor-GameplayDebugger.dll!UnknownFunction []
[2018.10.26-02.10.58:940][938]LogWindows: Error: [Callstack] 0x00007ffe25ea01f8 UE4Editor-GameplayDebugger.dll!UnknownFunction []
[2018.10.26-02.10.58:940][938]LogWindows: Error: [Callstack] 0x00007ffdf6b36467 UE4Editor-CoreUObject.dll!UnknownFunction []
[2018.10.26-02.10.58:940][938]LogWindows: Error: [Callstack] 0x00007ffdf6d61133 UE4Editor-CoreUObject.dll!UnknownFunction []
[2018.10.26-02.10.58:940][938]LogWindows: Error: [Callstack] 0x00007ffdee578033 UE4Editor-Engine.dll!UnknownFunction []
[2018.10.26-02.10.58:941][938]LogWindows: Error: [Callstack] 0x00007ffe25ea4f69 UE4Editor-GameplayDebugger.dll!UnknownFunction []
[2018.10.26-02.10.58:941][938]LogWindows: Error: [Callstack] 0x00007ffe25e9ad1a UE4Editor-GameplayDebugger.dll!UnknownFunction []
[2018.10.26-02.10.58:941][938]LogWindows: Error: [Callstack] 0x00007ffe25ea01f8 UE4Editor-GameplayDebugger.dll!UnknownFunction []
[2018.10.26-02.10.58:941][938]LogWindows: Error: [Callstack] 0x00007ffdf6b36467 UE4Editor-CoreUObject.dll!UnknownFunction []
[2018.10.26-02.10.58:941][938]LogWindows: Error: [Callstack] 0x00007ffdf6d61133 UE4Editor-CoreUObject.dll!UnknownFunction []
[2018.10.26-02.10.58:941][938]LogWindows: Error: [Callstack] 0x00007ffdee578033 UE4Editor-Engine.dll!UnknownFunction []
[2018.10.26-02.10.58:941][938]LogWindows: Error: [Callstack] 0x00007ffe25ea4f69 UE4Editor-GameplayDebugger.dll!UnknownFunction []
[2018.10.26-02.10.58:941][938]LogWindows: Error: [Callstack] 0x00007ffe25e9ad1a UE4Editor-GameplayDebugger.dll!UnknownFunction []
[2018.10.26-02.10.58:941][938]LogWindows: Error: [Callstack] 0x00007ffe25ea01f8 UE4Editor-GameplayDebugger.dll!UnknownFunction []
[2018.10.26-02.10.58:941][938]LogWindows: Error: [Callstack] 0x00007ffdf6b36467 UE4Editor-CoreUObject.dll!UnknownFunction []
[2018.10.26-02.10.58:941][938]LogWindows: Error: [Callstack] 0x00007ffdf6d61133 UE4Editor-CoreUObject.dll!UnknownFunction []
[2018.10.26-02.10.58:941][938]LogWindows: Error: [Callstack] 0x00007ffdee578033 UE4Editor-Engine.dll!UnknownFunction []
[2018.10.26-02.10.58:941][938]LogWindows: Error: [Callstack] 0x00007ffe25ea4f69 UE4Editor-GameplayDebugger.dll!UnknownFunction []
[2018.10.26-02.10.58:941][938]LogWindows: Error: [Callstack] 0x00007ffe25e9ad1a UE4Editor-GameplayDebugger.dll!UnknownFunction []
[2018.10.26-02.10.58:941][938]LogWindows: Error: [Callstack] 0x00007ffe25ea01f8 UE4Editor-GameplayDebugger.dll!UnknownFunction []
[2018.10.26-02.10.58:941][938]LogWindows: Error: [Callstack] 0x00007ffdf6b36467 UE4Editor-CoreUObject.dll!UnknownFunction []
[2018.10.26-02.10.58:941][938]LogWindows: Error: [Callstack] 0x00007ffdf6d61133 UE4Editor-CoreUObject.dll!UnknownFunction []
[2018.10.26-02.10.58:941][938]LogWindows: Error: [Callstack] 0x00007ffdee578033 UE4Editor-Engine.dll!UnknownFunction []
[2018.10.26-02.10.58:941][938]LogWindows: Error: [Callstack] 0x00007ffe25ea4f69 UE4Editor-GameplayDebugger.dll!UnknownFunction []
[2018.10.26-02.10.58:941][938]LogWindows: Error: [Callstack] 0x00007ffe25e9ad1a UE4Editor-GameplayDebugger.dll!UnknownFunction []
[2018.10.26-02.10.58:941][938]LogWindows: Error: [Callstack] 0x00007ffe25ea01f8 UE4Editor-GameplayDebugger.dll!UnknownFunction []
[2018.10.26-02.10.58:941][938]LogWindows: Error: [Callstack] 0x00007ffdf6b36467 UE4Editor-CoreUObject.dll!UnknownFunction []
[2018.10.26-02.10.58:941][938]LogWindows: Error: [Callstack] 0x00007ffdf6d61133 UE4Editor-CoreUObject.dll!UnknownFunction []
[2018.10.26-02.10.58:941][938]LogWindows: Error: [Callstack] 0x00007ffdee578033 UE4Editor-Engine.dll!UnknownFunction []
[2018.10.26-02.10.58:941][938]LogWindows: Error: [Callstack] 0x00007ffe25ea4f69 UE4Editor-GameplayDebugger.dll!UnknownFunction []
[2018.10.26-02.10.58:941][938]LogWindows: Error: [Callstack] 0x00007ffe25e9ad1a UE4Editor-GameplayDebugger.dll!UnknownFunction []
[2018.10.26-02.10.58:941][938]LogWindows: Error: [Callstack] 0x00007ffe25ea01f8 UE4Editor-GameplayDebugger.dll!UnknownFunction []
[2018.10.26-02.10.58:941][938]LogWindows: Error: [Callstack] 0x00007ffdf6b36467 UE4Editor-CoreUObject.dll!UnknownFunction []
[2018.10.26-02.10.58:941][938]LogWindows: Error: [Callstack] 0x00007ffdf6d61133 UE4Editor-CoreUObject.dll!UnknownFunction []
[2018.10.26-02.10.58:941][938]LogWindows: Error: [Callstack] 0x00007ffdee578033 UE4Editor-Engine.dll!UnknownFunction []
[2018.10.26-02.10.58:941][938]LogWindows: Error: [Callstack] 0x00007ffe25ea4f69 UE4Editor-GameplayDebugger.dll!UnknownFunction []
[2018.10.26-02.10.58:941][938]LogWindows: Error: [Callstack] 0x00007ffe25e9ad1a UE4Editor-GameplayDebugger.dll!UnknownFunction []
[2018.10.26-02.10.58:941][938]LogWindows: Error: [Callstack] 0x00007ffe25ea01f8 UE4Editor-GameplayDebugger.dll!UnknownFunction []
[2018.10.26-02.10.58:941][938]LogWindows: Error: [Callstack] 0x00007ffdf6b36467 UE4Editor-CoreUObject.dll!UnknownFunction []
[2018.10.26-02.10.58:941][938]LogWindows: Error: [Callstack] 0x00007ffdf6d61133 UE4Editor-CoreUObject.dll!UnknownFunction []
[2018.10.26-02.10.58:941][938]LogWindows: Error: [Callstack] 0x00007ffdee578033 UE4Editor-Engine.dll!UnknownFunction []
[2018.10.26-02.10.58:941][938]LogWindows: Error: [Callstack] 0x00007ffe25ea4f69 UE4Editor-GameplayDebugger.dll!UnknownFunction []
[2018.10.26-02.10.58:941][938]LogWindows: Error: [Callstack] 0x00007ffe25e9ad1a UE4Editor-GameplayDebugger.dll!UnknownFunction []
[2018.10.26-02.10.58:941][938]LogWindows: Error: 
[2018.10.26-02.10.58:951][938]LogExit: Executing StaticShutdownAfterError
[2018.10.26-02.10.58:955][938]LogWindows: FPlatformMisc::RequestExit(1)
[2018.10.26-02.10.58:966][938]Log file closed, 10/25/18 19:10:58
